Let's use 1 GPUs!
Using device cuda:0 as main device
{'train': {'batch_size': 128, 'seed': 2022, 'epochs': 300, 'shuffle': True, 'resume_train': False, 'eval': True, 'num_workers': 0, 'gpus': [0], 'anneal_power': 2.0, 'save': True, 'save_path': '/home/lhlai_pkuhpc/lhlai_test/lustre1/wangyz/deep-learning-proteins/RunTest/Run2/train/pdb_default', 'resume_checkpoint': None, 'resume_epoch': None, 'log_interval': 400, 'optimizer': {'type': 'Adam', 'lr': 0.001, 'weight_decay': 0.0, 'dropout': 0.0}, 'scheduler': {'type': 'plateau', 'factor': 0.6, 'patience': 10, 'min_lr': '1e-4'}, 'device': device(type='cuda', index=0)}, 'test': {'init_checkpoint': '/home/lhlai_pkuhpc/lhlai_test/lustre1/wangyz/deep-learning-proteins/RunTest/Run2/train/pdb_default', 'output_path': '/home/lhlai_pkuhpc/lhlai_test/lustre1/wangyz/deep-learning-proteins/RunTest/Run2/test', 'epoch': 283, 'gen': {'dg_step_size': 3.0, 'dg_num_steps': 1000, 'steps_d': 100, 'step_lr_d': 2e-06, 'steps_pos': 100, 'step_lr_pos': 2.4e-06, 'clip': 1000, 'min_sigma': 0.0, 'verbose': 1}}, 'data': {'base_path': '/home/lhlai_pkuhpc/lhlai_test/lustre1/wangyz/deep-learning-proteins/Dataset/PDB', 'dataset': 'pdb', 'train_set': 'pdb_dataset_train.pkl', 'val_set': 'pdb_dataset_val.pkl', 'test_set': 'pdb_dataset_test.pkl'}, 'model': {'name': 'pdb_default', 'hidden_dim': 256, 'num_convs': 4, 'sigma_begin': 10, 'sigma_end': 0.01, 'num_noise_level': 50, 'order': 3, 'mlp_act': 'relu', 'gnn_act': 'relu', 'cutoff': 10.0, 'short_cut': True, 'concat_hidden': False, 'noise_type': 'symmetry', 'edge_encoder': 'mlp'}}
set seed for random, numpy and torch
loading data from /home/lhlai_pkuhpc/lhlai_test/lustre1/wangyz/deep-learning-proteins/Dataset/PDB
train size : 12673  ||  val size: 704  ||  test size: 0 
loading data done!
start training...
Epoch: 0 | Step: 1 | loss: 13972656931013981684891648.00000 | Lr: 0.00100
Epoch: 0 | Step: 2 | loss: 3355620120793146273562624.00000 | Lr: 0.00100
Epoch: 0 | Step: 3 | loss: 1822935207710464606732288.00000 | Lr: 0.00100
Epoch: 0 | Step: 4 | loss: 1128122439743914803189514240.00000 | Lr: 0.00100
Epoch: 0 | Step: 5 | loss: 16171573388204418220949504.00000 | Lr: 0.00100
Epoch: 0 | Step: 6 | loss: 99696286119962699202822144.00000 | Lr: 0.00100
Epoch: 0 | Step: 7 | loss: 20333564679602914675654656.00000 | Lr: 0.00100
Epoch: 0 | Step: 8 | loss: 237171698081925710217216.00000 | Lr: 0.00100
Epoch: 0 | Step: 9 | loss: 46056940547836451988963328.00000 | Lr: 0.00100
Epoch: 0 | Step: 10 | loss: 9297968364045848021041152.00000 | Lr: 0.00100
Epoch: 0 | Train Loss: 1208081602392493615864610816.00000 | Time: 32.42831
Evaluate val Loss: 44377700120179025106698240.00000 | Time: 0.78367
Epoch: 1 | Train Loss: 1198944018517832670042390528.00000 | Time: 30.02539
Evaluate val Loss: 43928176049552016346710016.00000 | Time: 0.77635
Epoch: 2 | Train Loss: 1119341816631634340930912256.00000 | Time: 29.82338
Evaluate val Loss: 43343478117453337307643904.00000 | Time: 0.77541
Epoch: 3 | Train Loss: 1140470370273611683538665472.00000 | Time: 30.02506
Evaluate val Loss: 44026390970561680208035840.00000 | Time: 0.78021
Epoch: 4 | Train Loss: 1071667890248094750538203136.00000 | Time: 29.79881
Evaluate val Loss: 40501942813260622583562240.00000 | Time: 0.77433
Epoch: 5 | Train Loss: 993008318566643529125199872.00000 | Time: 29.87701
Evaluate val Loss: 40445529751550660238639104.00000 | Time: 0.77651
Epoch: 6 | Train Loss: 1007470113390094425085968384.00000 | Time: 29.65088
Evaluate val Loss: 41247529007781744237084672.00000 | Time: 0.76754
Epoch: 7 | Train Loss: 994734032779650413652606976.00000 | Time: 29.62048
Evaluate val Loss: 41843012940891988414169088.00000 | Time: 0.77051
Epoch: 8 | Train Loss: 994721978089449631944540160.00000 | Time: 29.63413
Evaluate val Loss: 41397415804976860755918848.00000 | Time: 0.76536
Epoch: 9 | Train Loss: 994592274595859130522533888.00000 | Time: 29.57815
Evaluate val Loss: 41081479980474305223852032.00000 | Time: 0.76647
Epoch: 10 | Train Loss: 994410635224168903598931968.00000 | Time: 29.59331
Evaluate val Loss: 41017728297166740289224704.00000 | Time: 0.76547
Epoch: 11 | Train Loss: 963078355580972256425148416.00000 | Time: 29.55159
Evaluate val Loss: 40677434051518018149679104.00000 | Time: 0.76713
Epoch: 12 | Train Loss: 816249710339323131129233408.00000 | Time: 29.57473
Evaluate val Loss: 38423627650011591675478016.00000 | Time: 0.76510
Epoch: 13 | Train Loss: 817027537059653353002237952.00000 | Time: 29.60099
Evaluate val Loss: 38421964800933179288453120.00000 | Time: 0.76554
Epoch: 14 | Train Loss: 827467887964556379998388224.00000 | Time: 29.81606
Evaluate val Loss: 39638849381809293308723200.00000 | Time: 0.76754
Epoch: 15 | Train Loss: 835737576268668884542816256.00000 | Time: 29.57313
Evaluate val Loss: 37053299352973864794587136.00000 | Time: 0.76576
Epoch: 16 | Train Loss: 824980633702490694861455360.00000 | Time: 29.59506
Evaluate val Loss: 37046173745633838757838848.00000 | Time: 0.76383
Epoch: 17 | Train Loss: 819138572382849338492059648.00000 | Time: 29.86769
Evaluate val Loss: 37048335665608562128715776.00000 | Time: 0.76285
Epoch: 18 | Train Loss: 825023768410364913653907456.00000 | Time: 29.55123
Evaluate val Loss: 37085377100006141535977472.00000 | Time: 0.76746
Epoch: 19 | Train Loss: 843431161898623572333559808.00000 | Time: 29.61702
Evaluate val Loss: 37077600308188794744471552.00000 | Time: 0.77032
Epoch: 20 | Train Loss: 839438837214885289050243072.00000 | Time: 29.62646
Evaluate val Loss: 37065381850246153056026624.00000 | Time: 0.76281
Epoch: 21 | Train Loss: 839881817207754684838707200.00000 | Time: 29.56693
Evaluate val Loss: 37097644304911145587703808.00000 | Time: 0.76622
Epoch: 22 | Train Loss: 839539785918373638342443008.00000 | Time: 29.60557
Evaluate val Loss: 36456274288071138728738816.00000 | Time: 0.76931
Epoch: 23 | Train Loss: 837603020080119574679257088.00000 | Time: 29.62128
Evaluate val Loss: 36569183241695410016747520.00000 | Time: 0.76806
Epoch: 24 | Train Loss: 842302722021781813852110848.00000 | Time: 29.58249
Evaluate val Loss: 36505161474515794785206272.00000 | Time: 0.76555
Epoch: 25 | Train Loss: 823171574998505208481316864.00000 | Time: 29.63610
Evaluate val Loss: 36385449491380808682831872.00000 | Time: 0.76674
Epoch: 26 | Train Loss: 809089682396584669568040960.00000 | Time: 29.65308
Evaluate val Loss: 37045146204342857905471488.00000 | Time: 0.76470
Epoch: 27 | Train Loss: 957269253750294046505435136.00000 | Time: 29.57141
Evaluate val Loss: 37108847002979431624998912.00000 | Time: 0.77044
Epoch: 28 | Train Loss: 952485983730941976050139136.00000 | Time: 29.54585
Evaluate val Loss: 37048069412798591984992256.00000 | Time: 0.76835
Epoch: 29 | Train Loss: 957828727383008144122707968.00000 | Time: 29.77779
Evaluate val Loss: 37054528247201784198594560.00000 | Time: 0.76171
Epoch: 30 | Train Loss: 943864462968263081510043648.00000 | Time: 29.53385
Evaluate val Loss: 37040558801733621299281920.00000 | Time: 0.76548
Epoch: 31 | Train Loss: 943977511560036566236659712.00000 | Time: 29.55440
Evaluate val Loss: 37029675126653342044913664.00000 | Time: 0.76765
Epoch: 32 | Train Loss: 950131069704548769553448960.00000 | Time: 29.58632
Evaluate val Loss: 37067167245272831672451072.00000 | Time: 0.76793
Epoch: 33 | Train Loss: 957644578959003976688730112.00000 | Time: 29.58174
Evaluate val Loss: 37044536645135694492073984.00000 | Time: 0.76068
Epoch: 34 | Train Loss: 957085906591657428122599424.00000 | Time: 29.54431
Evaluate val Loss: 37039205920405559202283520.00000 | Time: 0.76434
Epoch: 35 | Train Loss: 956284932884769904646946816.00000 | Time: 29.60404
Evaluate val Loss: 37064379192844316164751360.00000 | Time: 0.76756
Epoch: 36 | Train Loss: 957223592655840119334371328.00000 | Time: 29.55816
Evaluate val Loss: 37107028833757066189340672.00000 | Time: 0.76087
Epoch: 37 | Train Loss: 958734418385003152832200704.00000 | Time: 29.57571
Evaluate val Loss: 37161081624955119623733248.00000 | Time: 0.77042
Epoch: 38 | Train Loss: 964144523274414435021619200.00000 | Time: 29.60818
Evaluate val Loss: 36999572238081666213478400.00000 | Time: 0.76829
Epoch: 39 | Train Loss: 959618354188069372189212672.00000 | Time: 29.61285
Evaluate val Loss: 37272024174876493315309568.00000 | Time: 0.76657
Epoch: 40 | Train Loss: 943776747211829194365337600.00000 | Time: 29.58789
Evaluate val Loss: 37304161429471844947197952.00000 | Time: 0.76485
Epoch: 41 | Train Loss: 946390718954400773599920128.00000 | Time: 29.79246
Evaluate val Loss: 37170720108781626464403456.00000 | Time: 0.76808
Epoch: 42 | Train Loss: 953166027647220659079086080.00000 | Time: 29.60379
Evaluate val Loss: 37647540364644544457736192.00000 | Time: 0.76580
Epoch: 43 | Train Loss: 956306572307111519014879232.00000 | Time: 29.57396
Evaluate val Loss: 37203753027261273397526528.00000 | Time: 0.76914
Epoch: 44 | Train Loss: 952178480485299842222915584.00000 | Time: 29.60335
Evaluate val Loss: 36599535833849628144435200.00000 | Time: 0.76824
Epoch: 45 | Train Loss: 939048694804177998183399424.00000 | Time: 29.56858
Evaluate val Loss: 36662671833054532146823168.00000 | Time: 0.76347
Epoch: 46 | Train Loss: 936159146491525611971936256.00000 | Time: 29.54078
Evaluate val Loss: 36623780235862834463899648.00000 | Time: 0.76839
Epoch: 47 | Train Loss: 939502778665364536049008640.00000 | Time: 29.58717
Evaluate val Loss: 36756077089806145118273536.00000 | Time: 0.76758
Epoch: 48 | Train Loss: 940220495852762977108230144.00000 | Time: 29.58782
Evaluate val Loss: 36613209819163034663256064.00000 | Time: 0.76194
Epoch: 49 | Train Loss: 940149428330749377267105792.00000 | Time: 29.55153
Evaluate val Loss: 36605299780844715599986688.00000 | Time: 0.76503
Epoch: 50 | Train Loss: 944280626180677400679940096.00000 | Time: 29.59984
Evaluate val Loss: 37316149146988776752414720.00000 | Time: 0.77248
Epoch: 51 | Train Loss: 940716244156661640655273984.00000 | Time: 29.58243
Evaluate val Loss: 36560440349695600144416768.00000 | Time: 0.76544
Epoch: 52 | Train Loss: 936270490501152435593019392.00000 | Time: 29.56525
Evaluate val Loss: 36602868653698666530340864.00000 | Time: 0.76201
Epoch: 53 | Train Loss: 956516722954601045872869376.00000 | Time: 29.71104
Evaluate val Loss: 36650872534136409085181952.00000 | Time: 0.76426
Epoch: 54 | Train Loss: 938372437348483183182610432.00000 | Time: 29.62814
Evaluate val Loss: 36619012268932539248279552.00000 | Time: 0.76876
Epoch: 55 | Train Loss: 941640893600255746141847552.00000 | Time: 29.64503
Evaluate val Loss: 36847359926154167941332992.00000 | Time: 0.76229
Epoch: 56 | Train Loss: 938479288549845253228593152.00000 | Time: 33.20252
Evaluate val Loss: 36645480872700918584311808.00000 | Time: 0.76829
Epoch: 57 | Train Loss: 931697169537209676913967104.00000 | Time: 29.66202
Evaluate val Loss: 36653737568094553680904192.00000 | Time: 0.76507
Epoch: 58 | Train Loss: 938260981600432070892453888.00000 | Time: 29.62456
Evaluate val Loss: 36618614066658285220528128.00000 | Time: 0.77156
Epoch: 59 | Train Loss: 942243066257558906997833728.00000 | Time: 29.63063
Evaluate val Loss: 36619926127359324831350784.00000 | Time: 0.76505
Epoch: 60 | Train Loss: 938445036577988354324299776.00000 | Time: 29.67225
Evaluate val Loss: 36655172450964630939893760.00000 | Time: 0.76935
Epoch: 61 | Train Loss: 938608898116496066630123520.00000 | Time: 29.64472
Evaluate val Loss: 36604898299949932846514176.00000 | Time: 0.76653
Epoch: 62 | Train Loss: 938371273992709573447778304.00000 | Time: 29.63073
Evaluate val Loss: 36624138554258788498538496.00000 | Time: 0.76746
Epoch: 63 | Train Loss: 938846104643089157112987648.00000 | Time: 29.62502
Evaluate val Loss: 37205169031041712719396864.00000 | Time: 0.76619
Epoch: 64 | Train Loss: 939977318516732746218340352.00000 | Time: 29.60791
Evaluate val Loss: 36618493214063487472369664.00000 | Time: 0.76310
Epoch: 65 | Train Loss: 941975075853186432650706944.00000 | Time: 29.57478
Evaluate val Loss: 36612051121041308639035392.00000 | Time: 0.91987
Epoch: 66 | Train Loss: 946974387785344012794200064.00000 | Time: 29.59947
Evaluate val Loss: 36840838245519374216593408.00000 | Time: 0.76589
Epoch: 67 | Train Loss: 930689266488697480829468672.00000 | Time: 29.62471
Evaluate val Loss: 36634272494092303988686848.00000 | Time: 0.77549
Epoch: 68 | Train Loss: 1016749832568577926780420096.00000 | Time: 29.60552
Evaluate val Loss: 36623491044718763678105600.00000 | Time: 0.76773
Epoch: 69 | Train Loss: 935599868524084938267426816.00000 | Time: 29.62980
Evaluate val Loss: 36619483237367171145269248.00000 | Time: 0.76670
Epoch: 70 | Train Loss: 938434586629083926414491648.00000 | Time: 29.64895
Evaluate val Loss: 36663402388971685679202304.00000 | Time: 0.76410
Epoch: 71 | Train Loss: 938561970509946736852598784.00000 | Time: 29.59425
Evaluate val Loss: 37257922779944046531969024.00000 | Time: 0.76938
Epoch: 72 | Train Loss: 935208698869450079731712000.00000 | Time: 29.61893
Evaluate val Loss: 36861367418031982866595840.00000 | Time: 0.76554
Epoch: 73 | Train Loss: 944934684530257009536139264.00000 | Time: 29.65100
Evaluate val Loss: 36596408330105196101238784.00000 | Time: 0.76003
Epoch: 74 | Train Loss: 943616328687665623683039232.00000 | Time: 29.59601
Evaluate val Loss: 36616071322299075695476736.00000 | Time: 0.76359
Epoch: 75 | Train Loss: 941253629649504401679712256.00000 | Time: 29.64882
Evaluate val Loss: 37977103216928390360596480.00000 | Time: 0.76817
Epoch: 76 | Train Loss: 944947761859955923485720576.00000 | Time: 29.84959
Evaluate val Loss: 36606033855574376552857600.00000 | Time: 0.76612
Epoch: 77 | Train Loss: 936337832702099958553116672.00000 | Time: 29.62770
Evaluate val Loss: 36633422682857017685573632.00000 | Time: 0.76972
Epoch: 78 | Train Loss: 940054730890491909868879872.00000 | Time: 29.80435
Evaluate val Loss: 36642076103344229032394752.00000 | Time: 0.76621
Epoch: 79 | Train Loss: 932815113871809526611574784.00000 | Time: 29.60664
Evaluate val Loss: 36873270335770332468609024.00000 | Time: 0.76167
Epoch: 80 | Train Loss: 1031055244861214327620763648.00000 | Time: 29.57662
Evaluate val Loss: 36606730844662308848795648.00000 | Time: 0.76508
Epoch: 81 | Train Loss: 938252971821583250512412672.00000 | Time: 29.64086
Evaluate val Loss: 36611921225218454835953664.00000 | Time: 0.76627
Epoch: 82 | Train Loss: 941448074830603464321531904.00000 | Time: 29.57830
Evaluate val Loss: 36631782952256686740471808.00000 | Time: 0.76163
Epoch: 83 | Train Loss: 939814448275367411434127360.00000 | Time: 29.57649
Evaluate val Loss: 36583545449089477080252416.00000 | Time: 0.76967
Epoch: 84 | Train Loss: 939899845215110542816968704.00000 | Time: 29.60567
Evaluate val Loss: 36624625627565687872421888.00000 | Time: 0.76582
Epoch: 85 | Train Loss: 938456159264846265947521024.00000 | Time: 29.64094
Evaluate val Loss: 36649016186398803985694720.00000 | Time: 0.76715
Epoch: 86 | Train Loss: 940807938482053182289608704.00000 | Time: 29.58741
Evaluate val Loss: 36619410699389171532824576.00000 | Time: 0.76692
Epoch: 87 | Train Loss: 934062272827684422496026624.00000 | Time: 29.65418
Evaluate val Loss: 36731788756679772243755008.00000 | Time: 0.77081
Epoch: 88 | Train Loss: 938381652599639855146729472.00000 | Time: 29.64226
Evaluate val Loss: 36602498637953281770389504.00000 | Time: 0.76333
Epoch: 89 | Train Loss: 939703720628061921003700224.00000 | Time: 29.60886
Evaluate val Loss: 37311036468538200232558592.00000 | Time: 0.76609
Epoch: 90 | Train Loss: 938231787015307644003942400.00000 | Time: 29.95084
Evaluate val Loss: 36707601676482618800996352.00000 | Time: 0.76346
Epoch: 91 | Train Loss: 938418474390473922247131136.00000 | Time: 29.60579
Evaluate val Loss: 36636642828648181628141568.00000 | Time: 0.76578
Epoch: 92 | Train Loss: 939688887793461617726849024.00000 | Time: 29.57683
Evaluate val Loss: 36613423578015748176478208.00000 | Time: 0.76666
Epoch: 93 | Train Loss: 942142765750258617729155072.00000 | Time: 29.63171
Evaluate val Loss: 36645621661230068257521664.00000 | Time: 0.76707
Epoch: 94 | Train Loss: 938488452949700197052579840.00000 | Time: 29.63361
Evaluate val Loss: 36622151073709634808184832.00000 | Time: 0.76895
Epoch: 95 | Train Loss: 938512079401879755653382144.00000 | Time: 29.59435
Evaluate val Loss: 36608846960026420678492160.00000 | Time: 0.76546
Epoch: 96 | Train Loss: 938923640373124373057372160.00000 | Time: 29.59514
Evaluate val Loss: 36749564188188223582765056.00000 | Time: 0.76827
Epoch: 97 | Train Loss: 938563920654975116383354880.00000 | Time: 29.62790
Evaluate val Loss: 36608125951740477171564544.00000 | Time: 0.76679
Epoch: 98 | Train Loss: 938570848471634567480999936.00000 | Time: 29.58377
Evaluate val Loss: 36587833932779447780376576.00000 | Time: 0.76322
Epoch: 99 | Train Loss: 938685413951470523232813056.00000 | Time: 29.57680
Evaluate val Loss: 36823841336266504794013696.00000 | Time: 0.76732
Epoch: 100 | Train Loss: 939617994364228950359539712.00000 | Time: 29.62012
Evaluate val Loss: 36953133484615224472371200.00000 | Time: 0.76630
Epoch: 101 | Train Loss: 940078031894662620255354880.00000 | Time: 29.58591
Evaluate val Loss: 36600063955965928261287936.00000 | Time: 0.76228
Epoch: 102 | Train Loss: 938727794721412461252050944.00000 | Time: 29.78470
Evaluate val Loss: 38104199746367577793757184.00000 | Time: 0.77180
Epoch: 103 | Train Loss: 939935636280213143205969920.00000 | Time: 29.64656
Evaluate val Loss: 36625123413434902316580864.00000 | Time: 0.76452
Epoch: 104 | Train Loss: 940305570644220440796463104.00000 | Time: 29.58292
Evaluate val Loss: 36938307958901093970214912.00000 | Time: 0.76523
Epoch: 105 | Train Loss: 938275380837065303814832128.00000 | Time: 29.58831
Evaluate val Loss: 36605978515342155424202752.00000 | Time: 0.76735
Epoch: 106 | Train Loss: 938265949254744479425888256.00000 | Time: 29.61772
Evaluate val Loss: 36654909104477623189241856.00000 | Time: 0.76790
Epoch: 107 | Train Loss: 938571907303771794632081408.00000 | Time: 29.60336
Evaluate val Loss: 36611441753987726463467520.00000 | Time: 0.76434
Epoch: 108 | Train Loss: 939448895493690645037449216.00000 | Time: 29.58641
Evaluate val Loss: 36585371616704780725911552.00000 | Time: 0.76688
Epoch: 109 | Train Loss: 933586629555895874841739264.00000 | Time: 29.64613
Evaluate val Loss: 36603662356087398163546112.00000 | Time: 0.76828
Epoch: 110 | Train Loss: 938771588460541432364531712.00000 | Time: 30.45909
Evaluate val Loss: 36680653721579502587346944.00000 | Time: 0.76546
Epoch: 111 | Train Loss: 939494988020496498065145856.00000 | Time: 29.59056
Evaluate val Loss: 36637009481705843186466816.00000 | Time: 0.76728
Epoch: 112 | Train Loss: 937304616161158282153558016.00000 | Time: 29.65642
Evaluate val Loss: 36836791190798231888986112.00000 | Time: 0.76606
Epoch: 113 | Train Loss: 938405463589398409895739392.00000 | Time: 29.61764
Evaluate val Loss: 37222594803075095013097472.00000 | Time: 0.76442
Epoch: 114 | Train Loss: 941515309734114773778300928.00000 | Time: 29.77464
Evaluate val Loss: 36800780876552138649501696.00000 | Time: 0.76350
Epoch: 115 | Train Loss: 939643538546614743259414528.00000 | Time: 29.63275
Evaluate val Loss: 36744698679294797593706496.00000 | Time: 0.76969
Epoch: 116 | Train Loss: 939670665177070815659687936.00000 | Time: 29.64782
Evaluate val Loss: 36657386900925407960236032.00000 | Time: 0.76213
Epoch: 117 | Train Loss: 1035900548503667108655136768.00000 | Time: 29.62443
Evaluate val Loss: 36572799932436165114724352.00000 | Time: 0.76372
Epoch: 118 | Train Loss: 938485094540220822647209984.00000 | Time: 29.64506
Evaluate val Loss: 36614047512712926451466240.00000 | Time: 0.77099
Epoch: 119 | Train Loss: 941653357207066652153217024.00000 | Time: 29.68396
Evaluate val Loss: 36607337185296941431390208.00000 | Time: 0.76564
Epoch: 120 | Train Loss: 940961623309360480319963136.00000 | Time: 29.88477
Evaluate val Loss: 36607443638382532031938560.00000 | Time: 0.77386
Epoch: 121 | Train Loss: 946204201224848234755653632.00000 | Time: 29.79701
Evaluate val Loss: 36626404657504890275233792.00000 | Time: 0.77270
Epoch: 122 | Train Loss: 939717461521748699367079936.00000 | Time: 29.76326
Evaluate val Loss: 36596049098979720449490944.00000 | Time: 0.77089
Epoch: 123 | Train Loss: 938513909548170058699636736.00000 | Time: 31.67806
Evaluate val Loss: 36723257966208013012303872.00000 | Time: 0.77652
Epoch: 124 | Train Loss: 940727170559559868948152320.00000 | Time: 29.77064
Evaluate val Loss: 36619147208786975706316800.00000 | Time: 0.76880
Epoch: 125 | Train Loss: 938486667202546218037149696.00000 | Time: 29.72392
Evaluate val Loss: 36610337447339898636861440.00000 | Time: 0.77200
Epoch: 126 | Train Loss: 938512202212339406782595072.00000 | Time: 33.20315
Evaluate val Loss: 36607510579887393266991104.00000 | Time: 0.77124
Epoch: 127 | Train Loss: 942299800059358455737090048.00000 | Time: 29.89438
Evaluate val Loss: 37121395100395595957796864.00000 | Time: 0.77233
Epoch: 128 | Train Loss: 938615852450676541199745024.00000 | Time: 30.34247
Evaluate val Loss: 36624992773016911553232896.00000 | Time: 0.76255
Epoch: 129 | Train Loss: 930534585411705760536068096.00000 | Time: 29.63501
Evaluate val Loss: 36594311910483457501822976.00000 | Time: 0.77108
Epoch: 130 | Train Loss: 938401866323060852013400064.00000 | Time: 29.66933
Evaluate val Loss: 36614458973584479162990592.00000 | Time: 0.76575
Epoch: 131 | Train Loss: 938432484836067267085074432.00000 | Time: 29.65761
Evaluate val Loss: 36630668893814467212607488.00000 | Time: 0.76728
Epoch: 132 | Train Loss: 940069839252551731611959296.00000 | Time: 29.66773
Evaluate val Loss: 36609320930860805587468288.00000 | Time: 0.77291
Epoch: 133 | Train Loss: 940570913211860545427210240.00000 | Time: 29.71876
Evaluate val Loss: 36579095388254476764708864.00000 | Time: 0.76904
Epoch: 134 | Train Loss: 938543999758388191050072064.00000 | Time: 29.68818
Evaluate val Loss: 36609172191977110866231296.00000 | Time: 0.76712
Epoch: 135 | Train Loss: 947952405412357309223403520.00000 | Time: 29.64286
Evaluate val Loss: 37234547476582127804350464.00000 | Time: 0.76915
Epoch: 136 | Train Loss: 938667001792085502558470144.00000 | Time: 29.67019
Evaluate val Loss: 36700560316479623539982336.00000 | Time: 0.76165
Epoch: 137 | Train Loss: 938397324761649116312764416.00000 | Time: 29.64821
Evaluate val Loss: 36601418542657050687569920.00000 | Time: 0.76559
Epoch: 138 | Train Loss: 938480363228985598599495680.00000 | Time: 30.22944
Evaluate val Loss: 36947870998426647395303424.00000 | Time: 0.76814
Epoch: 139 | Train Loss: 938644217053996617274753024.00000 | Time: 29.66114
Evaluate val Loss: 36606596301124639599362048.00000 | Time: 0.76874
Epoch: 140 | Train Loss: 939760069175900185556942848.00000 | Time: 29.65223
Evaluate val Loss: 36871340573354003158532096.00000 | Time: 0.77253
Epoch: 141 | Train Loss: 938475745894017551181021184.00000 | Time: 29.63628
Evaluate val Loss: 36609365966857079292428288.00000 | Time: 0.76210
Epoch: 142 | Train Loss: 938483176568998753321615360.00000 | Time: 29.63859
Evaluate val Loss: 36621968707948720955588608.00000 | Time: 0.76160
Epoch: 143 | Train Loss: 939642175153831824565731328.00000 | Time: 29.64227
Evaluate val Loss: 36672049504419418707329024.00000 | Time: 0.76920
Epoch: 144 | Train Loss: 938991360063960875840569344.00000 | Time: 29.66259
Evaluate val Loss: 36608899922358038555525120.00000 | Time: 0.76904
Epoch: 145 | Train Loss: 944566609233390459447934976.00000 | Time: 29.71338
Evaluate val Loss: 36676015794587244955697152.00000 | Time: 0.76674
Epoch: 146 | Train Loss: 945777424019353684165001216.00000 | Time: 29.63123
Evaluate val Loss: 37040117280835754333831168.00000 | Time: 0.76781
Epoch: 147 | Train Loss: 939967430396616054969204736.00000 | Time: 29.74805
Evaluate val Loss: 36578447854695255363289088.00000 | Time: 0.76960
Epoch: 148 | Train Loss: 941348326180357176133943296.00000 | Time: 29.67312
Evaluate val Loss: 36650439588092232633155584.00000 | Time: 0.76915
Epoch: 149 | Train Loss: 941742390146705856193888256.00000 | Time: 29.62455
Evaluate val Loss: 36638741506074536279277568.00000 | Time: 0.76268
Epoch: 150 | Train Loss: 938813636335556484277469184.00000 | Time: 29.77421
Evaluate val Loss: 36672590813075432059961344.00000 | Time: 0.76858
Epoch: 151 | Train Loss: 938576960471324108127207424.00000 | Time: 29.65939
Evaluate val Loss: 36888113251383822692384768.00000 | Time: 0.76738
Epoch: 152 | Train Loss: 941538815171057068820922368.00000 | Time: 29.66132
Evaluate val Loss: 37501626018541548725075968.00000 | Time: 0.76474
Epoch: 153 | Train Loss: 940056647455074119164362752.00000 | Time: 29.61612
Evaluate val Loss: 36612116489288697182683136.00000 | Time: 0.76878
Epoch: 154 | Train Loss: 939649188139334864308535296.00000 | Time: 29.65327
Evaluate val Loss: 36923264374897808555114496.00000 | Time: 0.77013
Epoch: 155 | Train Loss: 940828251957346233107873792.00000 | Time: 30.48122
Evaluate val Loss: 36854918887864738076688384.00000 | Time: 0.76957
Epoch: 156 | Train Loss: 938431212087928252631351296.00000 | Time: 29.68142
Evaluate val Loss: 36604786802832759591010304.00000 | Time: 0.77218
Epoch: 157 | Train Loss: 940914511392691698245042176.00000 | Time: 30.57369
Evaluate val Loss: 36601550648246118790463488.00000 | Time: 0.77803
Epoch: 158 | Train Loss: 938383163073132798029070336.00000 | Time: 29.76510
Evaluate val Loss: 36628666785573719527915520.00000 | Time: 0.77234
Epoch: 159 | Train Loss: 938353993086577589178335232.00000 | Time: 29.74906
Evaluate val Loss: 36603841971650133841936384.00000 | Time: 0.77080
Epoch: 160 | Train Loss: 938328579553603929595969536.00000 | Time: 29.70072
Evaluate val Loss: 36604249829641988952031232.00000 | Time: 0.77246
Epoch: 161 | Train Loss: 938227947086377528103796736.00000 | Time: 29.62874
Evaluate val Loss: 36672053383519896317460480.00000 | Time: 0.76947
Epoch: 162 | Train Loss: 940102953015170460094038016.00000 | Time: 29.68655
Evaluate val Loss: 36634538566758289037590528.00000 | Time: 0.95491
Epoch: 163 | Train Loss: 938487578133631368928690176.00000 | Time: 29.68426
Evaluate val Loss: 36713459670647526190481408.00000 | Time: 0.76644
Epoch: 164 | Train Loss: 938419349380847091771768832.00000 | Time: 29.62882
Evaluate val Loss: 36627165393544345261441024.00000 | Time: 0.76804
Epoch: 165 | Train Loss: 938546294065023301028151296.00000 | Time: 29.67799
Evaluate val Loss: 36739356641522402644197376.00000 | Time: 0.76508
Epoch: 166 | Train Loss: 950569802696503156851867648.00000 | Time: 29.63258
Evaluate val Loss: 36603460859035267241082880.00000 | Time: 0.76901
Epoch: 167 | Train Loss: 939628070754714799570944000.00000 | Time: 29.68123
Evaluate val Loss: 37510713850244018158436352.00000 | Time: 0.77104
Epoch: 168 | Train Loss: 939819975180604271191130112.00000 | Time: 29.62090
Evaluate val Loss: 36607374679265037734903808.00000 | Time: 0.75996
Epoch: 169 | Train Loss: 938444907513146611786055680.00000 | Time: 29.62135
Evaluate val Loss: 36703605998826021221040128.00000 | Time: 0.77066
Epoch: 170 | Train Loss: 932749318156219074113175552.00000 | Time: 29.61559
Evaluate val Loss: 37320620188593238247997440.00000 | Time: 0.76437
Epoch: 171 | Train Loss: 938355404834614572870533120.00000 | Time: 29.60632
Evaluate val Loss: 36588250089404213395193856.00000 | Time: 0.76265
Epoch: 172 | Train Loss: 939712856191943632794681344.00000 | Time: 29.61797
Evaluate val Loss: 36625642924668714901045248.00000 | Time: 0.77207
Epoch: 173 | Train Loss: 940618351483560089524109312.00000 | Time: 29.64652
Evaluate val Loss: 37636955692550721290371072.00000 | Time: 0.76514
Epoch: 174 | Train Loss: 939142736066437164279267328.00000 | Time: 29.64681
Evaluate val Loss: 36622946853758988808355840.00000 | Time: 0.76083
Epoch: 175 | Train Loss: 938880141785055355035713536.00000 | Time: 29.73203
Evaluate val Loss: 36602372164866149063852032.00000 | Time: 0.76107
Epoch: 176 | Train Loss: 940093605494233639333920768.00000 | Time: 29.61174
Evaluate val Loss: 37012948397349317833129984.00000 | Time: 0.76686
Epoch: 177 | Train Loss: 938475857825023225600409600.00000 | Time: 29.63938
Evaluate val Loss: 36600062442756453464801280.00000 | Time: 0.76569
Epoch: 178 | Train Loss: 945556348514782108327084032.00000 | Time: 29.59074
Evaluate val Loss: 36624073414193778211684352.00000 | Time: 0.76052
Epoch: 179 | Train Loss: 938889325795704721555587072.00000 | Time: 29.63677
Evaluate val Loss: 36650960540477925976178688.00000 | Time: 0.76930
Epoch: 180 | Train Loss: 939508859506691284962115584.00000 | Time: 29.63928
Evaluate val Loss: 37802359744343531543592960.00000 | Time: 0.76374
Epoch: 181 | Train Loss: 938968082579869593405227008.00000 | Time: 29.63095
Evaluate val Loss: 36661085761342562877046784.00000 | Time: 0.76292
Epoch: 182 | Train Loss: 939295536323333626798276608.00000 | Time: 29.61031
Evaluate val Loss: 36718557481214530021228544.00000 | Time: 0.76791
Epoch: 183 | Train Loss: 938488116873982241618788352.00000 | Time: 29.63288
Evaluate val Loss: 36624028390207104944701440.00000 | Time: 0.76499
Epoch: 184 | Train Loss: 939310417474247828703281152.00000 | Time: 29.60306
Evaluate val Loss: 36795213923009550450950144.00000 | Time: 0.76497
Epoch: 185 | Train Loss: 938622101864152419880927232.00000 | Time: 29.61399
Evaluate val Loss: 36621647271031318197043200.00000 | Time: 0.76510
Epoch: 186 | Train Loss: 938314876290488619415633920.00000 | Time: 29.63730
Evaluate val Loss: 36614627948642498104000512.00000 | Time: 0.77099
Epoch: 187 | Train Loss: 938379439269079131787100160.00000 | Time: 29.75040
Evaluate val Loss: 36655842418454799012855808.00000 | Time: 0.76707
Epoch: 188 | Train Loss: 941758601389335289471696896.00000 | Time: 29.57775
Evaluate val Loss: 36817157862313899340070912.00000 | Time: 0.76951
Epoch: 189 | Train Loss: 938550951478046150684049408.00000 | Time: 29.62090
Evaluate val Loss: 36600356413720931629793280.00000 | Time: 0.76328
Epoch: 190 | Train Loss: 938739833126164882318688256.00000 | Time: 29.58885
Evaluate val Loss: 36622369672430745005588480.00000 | Time: 0.75872
Epoch: 191 | Train Loss: 940120084635967977513025536.00000 | Time: 29.58007
Evaluate val Loss: 36612939495099001376604160.00000 | Time: 0.76628
Epoch: 192 | Train Loss: 938498412100748815741485056.00000 | Time: 29.59453
Evaluate val Loss: 36953091607143492293230592.00000 | Time: 0.76692
Epoch: 193 | Train Loss: 938740485102283428246585344.00000 | Time: 29.60278
Evaluate val Loss: 36602645131041960877883392.00000 | Time: 0.76506
Epoch: 194 | Train Loss: 938774364147901077127168000.00000 | Time: 29.61157
Evaluate val Loss: 36686151920167778164670464.00000 | Time: 0.76695
Epoch: 195 | Train Loss: 938501987530184425448931328.00000 | Time: 29.78455
Evaluate val Loss: 36639764531756289323171840.00000 | Time: 0.76837
Epoch: 196 | Train Loss: 939461270681480974854782976.00000 | Time: 29.61542
Evaluate val Loss: 36597477424608740257038336.00000 | Time: 0.76392
Epoch: 197 | Train Loss: 939086438860645927569326080.00000 | Time: 29.58641
Evaluate val Loss: 36606321929825744045735936.00000 | Time: 0.77066
Epoch: 198 | Train Loss: 938374690471520492113100800.00000 | Time: 29.60911
Evaluate val Loss: 36606007794744535698898944.00000 | Time: 0.76932
Epoch: 199 | Train Loss: 938800453333911722098950144.00000 | Time: 29.76522
Evaluate val Loss: 36609801398888250052968448.00000 | Time: 0.76679
Epoch: 200 | Train Loss: 938769077152788844436783104.00000 | Time: 29.60898
Evaluate val Loss: 36602690287134226077712384.00000 | Time: 0.76075
Epoch: 201 | Train Loss: 938927256926073046767239168.00000 | Time: 29.60332
Evaluate val Loss: 36618348138107488247480320.00000 | Time: 0.76252
Epoch: 202 | Train Loss: 1461059627869696358287933440.00000 | Time: 29.60447
Evaluate val Loss: 36601439487397719143612416.00000 | Time: 0.76576
Epoch: 203 | Train Loss: 965838162010095275229577216.00000 | Time: 29.59668
Evaluate val Loss: 36594592742946619887976448.00000 | Time: 1.21515
Epoch: 204 | Train Loss: 940792991590097132151898112.00000 | Time: 30.24913
Evaluate val Loss: 36605215221258112091553792.00000 | Time: 0.78342
Epoch: 205 | Train Loss: 939603160527646586908442624.00000 | Time: 29.81301
Evaluate val Loss: 36607938037544826693484544.00000 | Time: 0.77629
Epoch: 206 | Train Loss: 938700944599692789151694848.00000 | Time: 29.71974
Evaluate val Loss: 36674513405761154596208640.00000 | Time: 0.77312
Epoch: 207 | Train Loss: 938402814584082404751704064.00000 | Time: 29.69899
Evaluate val Loss: 36601141505227171435642880.00000 | Time: 0.77332
Epoch: 208 | Train Loss: 938914520228713464848187392.00000 | Time: 29.68990
Evaluate val Loss: 36714539237521402426818560.00000 | Time: 0.76661
Epoch: 209 | Train Loss: 940439883132567127804870656.00000 | Time: 29.64819
Evaluate val Loss: 36756031993761877813362688.00000 | Time: 0.77269
Epoch: 210 | Train Loss: 938851975583664831983517696.00000 | Time: 33.27191
Evaluate val Loss: 36619844209884504145264640.00000 | Time: 0.76936
Epoch: 211 | Train Loss: 940997915331799870949294080.00000 | Time: 29.84448
Evaluate val Loss: 36602623153475779309862912.00000 | Time: 0.76801
Epoch: 212 | Train Loss: 938530135773452192907788288.00000 | Time: 29.74144
Evaluate val Loss: 36732599933035053779517440.00000 | Time: 0.77432
Epoch: 213 | Train Loss: 938258914100364220611690496.00000 | Time: 29.71071
Evaluate val Loss: 36599536194137598334074880.00000 | Time: 0.76363
Epoch: 214 | Train Loss: 937541742523968413950279680.00000 | Time: 29.69492
Evaluate val Loss: 36742868020089467015528448.00000 | Time: 0.77634
Epoch: 215 | Train Loss: 931175705110642121332752384.00000 | Time: 29.67924
Evaluate val Loss: 36619600835360641043660800.00000 | Time: 0.76566
Epoch: 216 | Train Loss: 939145236388259619219177472.00000 | Time: 29.65926
Evaluate val Loss: 36615234565497906400329728.00000 | Time: 0.76793
Epoch: 217 | Train Loss: 925026525304002159075917824.00000 | Time: 29.64160
Evaluate val Loss: 36612764407155089649696768.00000 | Time: 0.76432
Epoch: 218 | Train Loss: 939394945135664122302562304.00000 | Time: 29.61800
Evaluate val Loss: 37635988019110789813108736.00000 | Time: 0.76983
Epoch: 219 | Train Loss: 943382515414269455629287424.00000 | Time: 29.61206
Evaluate val Loss: 36623892981978307240132608.00000 | Time: 0.76750
Epoch: 220 | Train Loss: 938725883175042003056459776.00000 | Time: 29.53065
Evaluate val Loss: 36849347803020093135257600.00000 | Time: 0.76529
Epoch: 221 | Train Loss: 940197131825234611900776448.00000 | Time: 29.59185
Evaluate val Loss: 36627102090947982941749248.00000 | Time: 0.76550
Epoch: 222 | Train Loss: 938227510122453933722959872.00000 | Time: 29.59761
Evaluate val Loss: 36654719869226079152504832.00000 | Time: 0.76326
Epoch: 223 | Train Loss: 945698027222863160165793792.00000 | Time: 29.63610
Evaluate val Loss: 36596979050269177366446080.00000 | Time: 0.76291
Epoch: 224 | Train Loss: 938645350186817227484823552.00000 | Time: 29.56193
Evaluate val Loss: 36635863477730263980572672.00000 | Time: 0.76397
Epoch: 225 | Train Loss: 938474909636787830792388608.00000 | Time: 29.55957
Evaluate val Loss: 36590263090351256950013952.00000 | Time: 0.75857
Epoch: 226 | Train Loss: 940123666649909509383782400.00000 | Time: 29.47907
Evaluate val Loss: 36791008317562323805929472.00000 | Time: 0.76589
Epoch: 227 | Train Loss: 930425559683777158853951488.00000 | Time: 29.52003
Evaluate val Loss: 37212634822283187518963712.00000 | Time: 0.76078
Epoch: 228 | Train Loss: 940402541010378653152837632.00000 | Time: 29.52946
Evaluate val Loss: 36906475700082108306292736.00000 | Time: 0.76345
Epoch: 229 | Train Loss: 939619749831616377336627200.00000 | Time: 29.51098
Evaluate val Loss: 36594007407100649361375232.00000 | Time: 0.75679
Epoch: 230 | Train Loss: 931171310448066755496509440.00000 | Time: 29.48968
Evaluate val Loss: 36620488368746406202048512.00000 | Time: 0.76290
Epoch: 231 | Train Loss: 938424611253102555248459776.00000 | Time: 29.54586
Evaluate val Loss: 36594390921635320089804800.00000 | Time: 0.76221
Epoch: 232 | Train Loss: 938466957936820362915348480.00000 | Time: 29.54298
Evaluate val Loss: 36668537165084430966980608.00000 | Time: 0.75838
Epoch: 233 | Train Loss: 938417664810329376410304512.00000 | Time: 29.51065
Evaluate val Loss: 36641305747615969982808064.00000 | Time: 0.76120
Epoch: 234 | Train Loss: 938386188544164691955417088.00000 | Time: 29.54548
Evaluate val Loss: 36588807731114872481513472.00000 | Time: 0.76059
Epoch: 235 | Train Loss: 939962511200241102352285696.00000 | Time: 29.62523
Evaluate val Loss: 36724989594259934601543680.00000 | Time: 0.75777
Epoch: 236 | Train Loss: 938565202314611481179586560.00000 | Time: 29.48248
Evaluate val Loss: 36828377602003175347322880.00000 | Time: 0.76199
Epoch: 237 | Train Loss: 943864584787450328036409344.00000 | Time: 29.53391
Evaluate val Loss: 36671603035566759705837568.00000 | Time: 0.75757
Epoch: 238 | Train Loss: 938357761668839743728648192.00000 | Time: 29.63632
Evaluate val Loss: 36610954644652030070620160.00000 | Time: 0.76126
Epoch: 239 | Train Loss: 937982596263356365256261632.00000 | Time: 29.49190
Evaluate val Loss: 36619530723321642139779072.00000 | Time: 0.76435
Epoch: 240 | Train Loss: 935971437909659267775856640.00000 | Time: 29.54604
Evaluate val Loss: 36600600905137502319280128.00000 | Time: 0.76135
Epoch: 241 | Train Loss: 940126508086423748924669952.00000 | Time: 29.57269
Evaluate val Loss: 36598495670470090216701952.00000 | Time: 0.75535
Epoch: 242 | Train Loss: 938357585614061537910063104.00000 | Time: 29.45549
Evaluate val Loss: 36689072210290953708109824.00000 | Time: 0.76140
Epoch: 243 | Train Loss: 936704665634013697617690624.00000 | Time: 29.51467
Evaluate val Loss: 36608470843404739275653120.00000 | Time: 0.75964
Epoch: 244 | Train Loss: 938244108204020212000882688.00000 | Time: 29.48117
Evaluate val Loss: 36630808517412511840993280.00000 | Time: 0.75724
Epoch: 245 | Train Loss: 946080715086033524854095872.00000 | Time: 29.41746
Evaluate val Loss: 36574671304182127122186240.00000 | Time: 0.76031
Epoch: 246 | Train Loss: 940233489779521250356363264.00000 | Time: 29.49186
Evaluate val Loss: 36598033853349901136560128.00000 | Time: 0.76061
Epoch: 247 | Train Loss: 940000718645546595546824704.00000 | Time: 29.71032
Evaluate val Loss: 36617241213367078474481664.00000 | Time: 0.75667
Epoch: 248 | Train Loss: 933435678984473495503634432.00000 | Time: 29.38865
Evaluate val Loss: 36606617726249269739913216.00000 | Time: 0.75160
Epoch: 249 | Train Loss: 938564720895856900774559744.00000 | Time: 29.34233
Evaluate val Loss: 36611635757050073146458112.00000 | Time: 0.75590
Epoch: 250 | Train Loss: 938337875208944630833872896.00000 | Time: 29.41656
Evaluate val Loss: 36799281273953014893248512.00000 | Time: 0.75508
Epoch: 251 | Train Loss: 945111332122841322006511616.00000 | Time: 29.36099
Evaluate val Loss: 36639247686653451847073792.00000 | Time: 0.74711
Epoch: 252 | Train Loss: 945937431840668577605615616.00000 | Time: 29.48207
Evaluate val Loss: 36704177475594739884490752.00000 | Time: 0.75294
Epoch: 253 | Train Loss: 939739785240170776647172096.00000 | Time: 29.49231
Evaluate val Loss: 37978714700951854142980096.00000 | Time: 0.75948
Epoch: 254 | Train Loss: 939956246845728488096268288.00000 | Time: 29.49446
Evaluate val Loss: 36728717181637914070614016.00000 | Time: 0.75475
Epoch: 255 | Train Loss: 946442963228334969864585216.00000 | Time: 29.42988
Evaluate val Loss: 36881489837435847851376640.00000 | Time: 0.75545
Epoch: 256 | Train Loss: 938445187409267643348156416.00000 | Time: 29.69156
Evaluate val Loss: 36600675640872120088526848.00000 | Time: 0.75950
Epoch: 257 | Train Loss: 945490940026407150843592704.00000 | Time: 31.41718
Evaluate val Loss: 36625423545323666429444096.00000 | Time: 0.78098
Epoch: 258 | Train Loss: 937576803815246102370713600.00000 | Time: 29.45542
Evaluate val Loss: 36666552650906228974682112.00000 | Time: 0.75960
Epoch: 259 | Train Loss: 938277803053947057587879936.00000 | Time: 29.59415
Evaluate val Loss: 36596992597096856496898048.00000 | Time: 1.86180
Epoch: 260 | Train Loss: 938596926929193489777295360.00000 | Time: 29.50143
Evaluate val Loss: 36622927494285393481695232.00000 | Time: 0.76064
Epoch: 261 | Train Loss: 938570814333020219893612544.00000 | Time: 29.44982
Evaluate val Loss: 36603729393669050017513472.00000 | Time: 0.75716
Epoch: 262 | Train Loss: 944491045607017863639465984.00000 | Time: 29.50139
Evaluate val Loss: 36600943310814770114854912.00000 | Time: 0.75289
Epoch: 263 | Train Loss: 939720005639112428328321024.00000 | Time: 29.66514
Evaluate val Loss: 36845929775066100604600320.00000 | Time: 0.76113
Epoch: 264 | Train Loss: 939241522060373945353240576.00000 | Time: 29.43971
Evaluate val Loss: 36652237593197863592001536.00000 | Time: 0.75183
Epoch: 265 | Train Loss: 940013426210041028994400256.00000 | Time: 29.40151
Evaluate val Loss: 36600628383100027350810624.00000 | Time: 0.75661
Epoch: 266 | Train Loss: 938657687303942266450608128.00000 | Time: 29.46181
Evaluate val Loss: 36615958023742047196807168.00000 | Time: 0.75596
Epoch: 267 | Train Loss: 939911719181266363527200768.00000 | Time: 29.40346
Evaluate val Loss: 36626555401991617620475904.00000 | Time: 0.75765
Epoch: 268 | Train Loss: 938876246074680992012959744.00000 | Time: 32.65451
Evaluate val Loss: 36607890215321582090321920.00000 | Time: 0.75675
Epoch: 269 | Train Loss: 940461624680433848518967296.00000 | Time: 29.41562
Evaluate val Loss: 37006386856855420696264704.00000 | Time: 0.75701
Epoch: 270 | Train Loss: 940686598229833326098644992.00000 | Time: 29.38693
Evaluate val Loss: 36601851380614836082704384.00000 | Time: 0.75238
Epoch: 271 | Train Loss: 938913697501599671481532416.00000 | Time: 29.32855
Evaluate val Loss: 36667971392875241737814016.00000 | Time: 0.75406
Epoch: 272 | Train Loss: 938972613172178534386368512.00000 | Time: 29.92238
Evaluate val Loss: 36686268749546914521808896.00000 | Time: 0.74894
Epoch: 273 | Train Loss: 950373960384801218802745344.00000 | Time: 29.49702
Evaluate val Loss: 36607629727119134980833280.00000 | Time: 0.75168
Epoch: 274 | Train Loss: 938424861518352651040849920.00000 | Time: 29.26983
Evaluate val Loss: 36603594009459453188898816.00000 | Time: 0.74949
Epoch: 275 | Train Loss: 941430463171414547891224576.00000 | Time: 38.51861
Evaluate val Loss: 36720590742355098671775744.00000 | Time: 0.75904
Epoch: 276 | Train Loss: 938697295719054968176508928.00000 | Time: 29.33116
Evaluate val Loss: 36621904672766822113607680.00000 | Time: 0.75314
Epoch: 277 | Train Loss: 938041457620384358974095360.00000 | Time: 29.33585
Evaluate val Loss: 36916479648015979374444544.00000 | Time: 0.75499
Epoch: 278 | Train Loss: 945322925501420916944404480.00000 | Time: 29.33041
Evaluate val Loss: 36664963348612128436125696.00000 | Time: 0.75460
Epoch: 279 | Train Loss: 939352784345110860206702592.00000 | Time: 29.30102
Evaluate val Loss: 36753240218357668914397184.00000 | Time: 0.75061
Epoch: 280 | Train Loss: 945026205558851639921606656.00000 | Time: 29.33723
Evaluate val Loss: 36602212485237761015545856.00000 | Time: 0.75456
Epoch: 281 | Train Loss: 943777312194699625964240896.00000 | Time: 29.28094
Evaluate val Loss: 37727309826607586717204480.00000 | Time: 0.75390
Epoch: 282 | Train Loss: 940025279803699254192504832.00000 | Time: 29.30726
Evaluate val Loss: 36608798225073654458220544.00000 | Time: 0.75220
Epoch: 283 | Train Loss: 938768061305079452644933632.00000 | Time: 29.25013
Evaluate val Loss: 36617779867901708566790144.00000 | Time: 0.75393
Epoch: 284 | Train Loss: 938475793207418927919923200.00000 | Time: 29.45946
Evaluate val Loss: 36641578978002961367564288.00000 | Time: 0.75243
Epoch: 285 | Train Loss: 945564555058148936509292544.00000 | Time: 29.28672
Evaluate val Loss: 36605956249545597704470528.00000 | Time: 0.74849
Epoch: 286 | Train Loss: 938476314307715692845072384.00000 | Time: 29.28645
Evaluate val Loss: 36619220335235323765194752.00000 | Time: 0.74958
Epoch: 287 | Train Loss: 935614744971474626328657920.00000 | Time: 29.26435
Evaluate val Loss: 36586998088707804397305856.00000 | Time: 0.74884
Epoch: 288 | Train Loss: 938367419712267321681641472.00000 | Time: 29.25232
Evaluate val Loss: 36696828657847580927983616.00000 | Time: 0.74998
Epoch: 289 | Train Loss: 940113624360140178412535808.00000 | Time: 29.28008
Evaluate val Loss: 36716304120152976814768128.00000 | Time: 0.75220
Epoch: 290 | Train Loss: 945939007107134211946971136.00000 | Time: 29.26989
Evaluate val Loss: 36611545949268705307262976.00000 | Time: 0.74841
Epoch: 291 | Train Loss: 938739620326346480165060608.00000 | Time: 29.25030
Evaluate val Loss: 36635850255161758020796416.00000 | Time: 0.74713
Epoch: 292 | Train Loss: 939158728582619112801304576.00000 | Time: 29.22775
Evaluate val Loss: 36633990100381269349105664.00000 | Time: 0.74706
Epoch: 293 | Train Loss: 933576920250674073001000960.00000 | Time: 29.56068
Evaluate val Loss: 36742960782232194704736256.00000 | Time: 0.74602
Epoch: 294 | Train Loss: 937587668829834958258307072.00000 | Time: 29.32004
Evaluate val Loss: 36783373491214832170434560.00000 | Time: 0.75078
Epoch: 295 | Train Loss: 940109682284619275450712064.00000 | Time: 29.26718
Evaluate val Loss: 36840856668244251345158144.00000 | Time: 0.74798
Epoch: 296 | Train Loss: 941955178320757466211549184.00000 | Time: 29.38300
Evaluate val Loss: 36612836704941106272403456.00000 | Time: 0.74736
Epoch: 297 | Train Loss: 939999058488522253721927680.00000 | Time: 29.19158
Evaluate val Loss: 36633165269111913331032064.00000 | Time: 0.74620
Epoch: 298 | Train Loss: 938481813882065466020593664.00000 | Time: 29.21893
Evaluate val Loss: 36891207128251035604221952.00000 | Time: 0.74635
Epoch: 299 | Train Loss: 938237010608559467180064768.00000 | Time: 29.18485
Evaluate val Loss: 36705802062090718131781632.00000 | Time: 0.74731
optimization finished.
Total time elapsed: 9144.02115s
