load dataset...
load full dataset done! dataset size: 9225
save training set at D:\ProteinBackboneDesign\Dataset\Dataset_no_hb done! size: 8302
save validation set at D:\ProteinBackboneDesign\Dataset\Dataset_no_hb done! size: 461
save test set at D:\ProteinBackboneDesign\Dataset\Dataset_no_hb done! size: 462
test set:
4I0X_B
5VNY_A
6E28_C
1VJG_A
6PDK_A
3HF5_A
6P20_D
4GEK_A
3F1I_C
4X1Z_A
3VGL_A
6VRD_A
3CCY_A
7EXI_A
5CQG_A
6LUJ_A
3QF2_A
7EKD_A
6I3G_A
1BUO_A
1VK8_A
1M4L_A
4XFW_A
5MDT_A
2CZL_A
6GG7_A
1ODM_A
3MYX_A
2WAA_A
2AJR_A
4OCV_A
2II1_A
5HHE_A
4C47_A
3E56_A
3Q64_A
2YZT_A
5B0R_A
3IT3_A
7PO9_A
6XIP_B
3SY6_A
4HOI_A
5A71_A
5EU0_A
4JMU_A
5A99_A
2H88_D
5LJ8_A
3VA9_A
4Q7O_A
1G5B_A
6QYY_A
6N36_A
4MAM_A
2QIB_A
6YRD_A
2YHF_A
6Q00_A
2FNO_A
5GI7_A
7C6C_A
4EOJ_B
6HK5_A
5I5N_A
4UUC_A
7MS0_A
6ASK_A
7EXB_B
1O9Y_A
4PF4_A
1GAK_A
4EGU_A
6GRR_B
5E4B_A
2OV0_A
1ITH_A
2V89_A
4RZ3_A
5OJ7_A
7BV7_C
3FK9_A
4TM7_A
3ZM6_A
6RU1_A
3NJA_A
3THI_A
4B1M_A
2D0O_A
4AGH_A
6BEA_A
3FPW_A
4N5X_A
6TB5_A
4RD8_A
1CYW_A
5UNI_A
4RUQ_A
2ZDP_A
3WEC_A
2X32_A
1OCY_A
7BJS_C
1Q4U_A
3PXV_A
1N97_A
3RYK_A
3K67_A
5EEQ_A
5O9X_A
6KBB_E
5NIO_A
3RUI_A
5Z1A_A
4MZA_A
2X3M_A
3R2Q_A
2WWX_B
4MKO_A
1PBY_C
1DUS_A
3G1W_A
1T6U_A
3MGD_A
2OJH_A
3DME_A
5HLJ_A
3KGY_A
2P4O_A
3N2T_A
4NTK_A
4B6G_A
3EHM_A
2B82_A
6LK7_A
4LD1_A
4JRR_A
1NKG_A
1ZX3_A
5LKQ_A
4OA3_A
3X34_A
4ZNM_A
5W8E_A
7RH8_A
7CN7_C
2FB6_A
6J0D_A
2XZE_A
5NJ9_A
3ONH_A
3QAP_A
3G6S_A
1ZUO_A
1UF5_A
3Q20_A
3MK1_A
4UUL_A
6Y2C_A
2IMJ_A
2OOC_A
1IZ6_A
3MKQ_B
4OQ2_A
6HGM_B
4GXW_A
7CJ9_A
5O1L_A
4HD1_A
3IUW_A
4O7K_A
3GZB_A
4FZL_A
3C8W_A
3GET_A
3B64_A
5A9D_A
5DL5_A
7KZ0_A
4CW4_A
4UB9_A
4YK2_A
1Z4E_A
3VR0_A
6JP4_A
2YK4_A
4L3R_A
4PFY_A
4N06_A
7T88_A
6GJE_A
5URO_A
6HK9_A
3RHT_A
2GSO_A
4ZVC_A
6E5F_A
6EXX_A
6Z2G_A
5M31_A
3O0F_A
4W9Z_A
6F43_A
4X7G_A
5Z6B_A
2FDN_A
4RN3_A
6IQX_A
3NUA_A
4JEM_A
5H3X_A
5OQ3_A
5IZW_A
1YAR_H
4Q51_A
4P8B_A
3GJY_A
3PAS_A
1XKP_C
2FE1_A
3SFV_B
5TTA_A
5U3A_A
3I0Z_A
1Q5Z_A
3KIZ_A
1RI5_A
5VKY_A
5LSF_C
2F4M_A
5FAA_A
3PET_A
2F5T_X
4WMA_A
3G2B_A
3HEI_B
7KQA_A
4ZO2_A
4XGO_A
3CA8_A
3JU7_A
3BRO_A
2IP6_A
4QAS_A
3ZZH_A
1QV9_A
6NE2_A
4QFT_A
5AZB_A
2A8E_A
4V3L_C
3W19_C
6EYX_A
1BYF_A
3S44_A
7R84_A
4N01_A
7DIE_A
6BZ9_A
2V6K_A
3GT5_A
3D79_A
6A7V_A
3OAJ_A
6N63_A
4LG3_A
6MFU_A
2QIP_A
4UHV_A
4PC0_C
1SJ1_A
4W64_A
4F2L_A
3GZR_A
4AUK_A
1LSH_B
4QTO_A
7CNW_B
4F27_A
4TM5_A
3EXZ_A
5N1P_A
6S9U_A
3OUL_A
7LVS_F
5KCI_A
5DK5_A
2ANX_A
4UZZ_A
6SQ2_D
2B1Y_A
4QRE_A
1VH5_A
5A35_A
2IPI_A
2CAL_A
5ZIQ_A
5UDI_A
3HM4_A
3AK8_A
4UN1_A
4WFT_A
3G5O_B
4IGI_A
1NKI_A
3LUB_A
2GF6_A
2PE4_A
6LPN_A
3VYX_A
3ZNU_A
1IHJ_A
5M7Y_A
2VD8_A
1VMO_A
6USC_A
1L6P_A
3G80_A
2Z4U_A
6FKG_A
3ZVL_A
5X1E_B
4Q4W_1
3L6U_A
4ID2_A
3LWJ_A
5M5Z_A
3IEE_A
5X9L_A
4BEM_J
7CFE_A
5NJ9_B
6H17_A
3WXY_A
2QVG_A
2IDO_B
3C9U_A
4WFV_A
6KXR_A
5AX0_A
3K1Y_A
1OQ1_A
3CU3_A
6FME_A
1JHJ_A
4RPM_A
6OK1_B
6ST4_A
2F1F_A
4F55_A
2FZP_A
3K6Y_A
7TMG_A
3WQC_A
1NOX_A
7DHP_A
4KNK_A
4OVX_A
2APJ_A
6TJ4_A
4O1E_A
4DPL_A
6J93_A
7JT8_I
4CIJ_A
3MDQ_A
1IQZ_A
1KSI_A
3K94_A
1O98_A
4ZMH_A
6RFG_A
6HB1_A
5TSE_A
2DXA_A
3ABI_A
4ONM_A
5J7O_A
3NBC_A
2P08_A
2Q9K_A
7LT1_A
7LJO_A
5LGD_A
5D22_A
3HUP_A
3F08_A
3E58_A
4DKW_A
1UFO_A
2OU5_A
6H9L_A
2WAG_A
1J5U_A
6RW7_A
7MC5_A
2F02_A
5F29_A
5EK5_A
4K82_A
3IVV_A
3UP3_A
5A8U_A
4PQQ_A
6AO7_A
6MV2_A
5CTM_A
1NC7_A
3TG0_A
5ISV_A
4B6W_A
3VV1_A
4KOA_A
3ZBO_A
3BUX_B
5FMU_A
6NQC_A
3I4G_A
2WFI_A
4HDE_A
2H1C_A
6PW7_A
6GY5_A
3FHK_A
2X49_A
4J8S_A
6R5T_A
1NFP_A
2Q0O_C
4EMO_A
2WTG_A
6T3O_A
5UJU_A
6IX8_A
5LX6_A
4TVE_A
3N10_A
2IA7_A
6GEH_A
6VH6_A
5B7Y_A
6C1X_A
2AXW_A
5ZON_A
1W2F_A
2R8R_A
4HQZ_A
7AEX_A
4ABM_A
2HEW_F
2X5X_A
5E10_A
7AVK_A
2QCK_A
6EQS_A
2FNU_A
1KQF_C
6XJ6_A
6D9N_A
4NFU_A
3BFO_A
5SWC_A
