load dataset...
load full dataset done! dataset size: 7240
save training set at D:\ProteinBackboneDesign\Dataset\PDBDataset_fix_hbond+2 done! size: 6878
save validation set at D:\ProteinBackboneDesign\Dataset\PDBDataset_fix_hbond+2 done! size: 289
save test set at D:\ProteinBackboneDesign\Dataset\PDBDataset_fix_hbond+2 done! size: 73
test set:
4Q2L_A
1Y93_A
3ZSJ_A
5OVO_A
6X1Z_A
5H5F_A
5ZCT_A
1INP_A
7A30_A
2VE3_A
6GCZ_A
1JCD_A
7A2V_A
1V6P_A
4DKC_A
3U62_A
1UKF_A
4K3Z_A
4I0X_A
3P2T_A
7CL8_A
7BIU_A
4KYQ_A
4MZA_A
3BH7_B
5BXA_A
6GRH_C
1UCD_A
1W53_A
3T8J_A
6KXD_B
5YNX_A
2CWP_A
6OAE_A
7DNN_A
4YZE_A
2XVM_A
4B6G_A
3ILS_A
5LXV_A
1DUE_A
1XSZ_A
3P7I_A
6SRE_A
3GA4_A
5NCW_A
5NQV_A
5NWP_A
6ZPE_A
7EBL_A
4GIM_A
6LCH_A
1ELU_A
7NX0_A
6E60_A
7FBH_A
2P3H_A
1SZ7_A
3NVW_C
3DWO_X
6I3B_A
5Y30_A
3FAC_A
7EJW_C
5NYK_A
4PDC_E
4N0V_A
2COV_D
4X9Z_A
2X5R_A
3AGC_A
6UBD_A
2DP9_A
