load dataset...
load full dataset done! dataset size: 14082
save training set at D:\ProteinBackboneDesign\Dataset\PDBDataset_new done! size: 13377
save validation set at D:\ProteinBackboneDesign\Dataset\PDBDataset_new done! size: 564
save test set at D:\ProteinBackboneDesign\Dataset\PDBDataset_new done! size: 141
test set:
2HSZ_A
7EAM_A
5KX4_A
4MZA_A
7EXB_A
6N0A_A
7DIF_A
4WBJ_A
3IEC_E
1SEF_A
3GP6_A
3GRL_A
1MVF_D
5DZO_A
6YUB_C
3TNY_A
2YK4_A
6Z3J_C
6PNY_A
1CMC_A
4TRH_A
6LLN_A
1EJ8_A
6C90_B
2DSK_A
6H0C_A
6MIB_A
7BWU_A
1RFY_A
5JQC_A
2F8L_A
3SL2_A
6DU4_A
6P0C_A
2RAU_A
2VSY_A
3K7D_A
4WWF_A
3F95_A
5DGO_A
6MM2_A
6JKK_A
6TV2_A
3BQK_A
3RK6_A
2BBH_A
3G40_A
3V75_A
2XZE_A
4OJD_H
3OFK_A
6J2Z_A
4O4F_A
7DQG_A
2DC4_A
3B6H_A
4JO0_A
4A8J_B
4EU9_A
4YCS_A
4A37_A
7PUH_A
7VB3_A
3UC9_A
3F1T_A
2E1V_A
5CYV_A
2WE5_A
2CYJ_A
6ZVZ_A
3FAV_B
4RS7_A
3EDV_A
5EO4_A
5INB_B
3K2Y_A
7CT3_A
5FGP_A
3GZR_A
1J8B_A
3RSN_A
3NA5_A
6RB7_A
1P32_A
6N0B_A
4BGB_A
5VGL_A
6PZL_A
5VOG_A
2JFN_A
4HSQ_A
6O9U_A
6WUP_A
2A6Q_A
3SU6_A
1L4D_B
1R6X_A
3CPX_A
5NOP_A
4IRV_A
5I3S_A
2E5Y_A
6D0A_A
5MAW_E
2QIP_A
3MB5_A
4M2M_A
4Z4A_A
5E2C_A
5CNW_A
2E7J_A
7NTH_A
5TUI_A
4M51_A
2ZE7_A
3ZN4_A
4EJQ_A
1T61_A
2IG8_A
3GA3_A
6TZK_A
6LG2_A
1OKG_A
4KLI_A
4WP9_A
5MU3_A
5B68_A
6JMK_A
4Q7Q_A
3I94_A
4LUA_A
7D8O_A
6RRA_A
4PLZ_A
2YMV_A
6KFN_A
1KQ1_A
7LKN_C
3IKB_A
4HAC_A
4E6Z_A
