process dataset...
[[31, 36], [26, 31], [29, 36]]
3
[[4, 37], [6, 35], [5, 57], [3, 38], [3, 59], [7, 55], [9, 53], [8, 32], [39, 44]]
9
[]
0
[]
0
[[25, 39], [8, 37], [20, 38], [15, 30], [27, 37], [11, 39], [16, 36], [14, 38]]
8
[[8, 15], [7, 15]]
2
[[14, 38], [21, 45], [23, 43], [24, 29], [18, 35], [20, 33], [30, 51], [1, 58], [11, 36], [5, 55], [24, 31], [20, 44], [22, 31]]
13
[]
0
[[17, 22]]
1
[]
0
[]
0
[]
0
[]
0
[]
0
[]
0
[[21, 33], [27, 59], [33, 48], [38, 45], [24, 32], [8, 57], [46, 53], [47, 52], [44, 55], [22, 34], [35, 47]]
11
[[7, 14], [36, 43], [22, 27]]
3
[]
0
[[22, 32]]
1
[]
0
[[26, 33], [23, 41], [19, 43], [13, 51], [23, 40], [9, 55], [9, 54], [26, 37], [5, 58], [20, 44], [1, 9], [15, 47], [12, 51], [26, 36], [16, 51], [1, 58], [16, 48], [9, 58], [8, 58], [26, 40], [27, 37], [16, 47], [9, 51], [19, 44]]
24
[]
0
[[19, 32], [5, 34], [14, 20], [25, 31], [4, 34], [5, 21], [20, 30]]
7
[]
0
[[15, 24], [16, 30], [28, 34], [11, 23], [18, 29], [15, 38], [19, 34], [7, 37], [19, 36], [22, 29], [29, 35], [30, 35], [11, 38], [17, 36], [16, 23], [15, 23], [16, 24], [12, 38], [9, 38], [17, 38], [10, 17], [10, 38], [3, 21], [29, 34], [16, 39], [17, 37], [3, 10], [24, 29], [18, 34], [16, 38], [3, 17], [17, 23], [4, 36], [15, 25], [18, 35], [16, 29], [18, 36]]
37
[]
0
[[24, 31]]
1
[[13, 27], [5, 12], [11, 33], [16, 24]]
4
[]
0
[]
0
[]
0
[]
0
[[20, 40]]
1
[]
0
[]
0
[[15, 29], [37, 46], [17, 27], [19, 24], [28, 33], [21, 43], [21, 42], [2, 7]]
8
[[17, 23]]
1
[]
0
[]
0
[[34, 39]]
1
[[17, 26]]
1
[]
0
[[19, 38], [3, 8], [12, 26], [16, 38], [25, 52], [15, 51], [38, 43], [36, 45]]
8
[]
0
[]
0
[]
0
[[29, 34], [36, 43], [30, 36]]
3
[]
0
[]
0
[]
0
[[32, 52], [2, 55], [23, 32], [1, 37], [3, 55], [7, 51], [14, 43], [23, 43], [23, 30], [2, 54], [22, 33], [4, 30], [24, 31], [2, 39], [1, 34], [9, 49], [3, 53], [7, 49], [14, 23], [9, 48], [44, 52], [32, 37], [4, 52], [4, 51], [3, 52], [22, 36], [20, 36], [2, 44], [3, 32], [2, 52], [12, 30], [2, 32], [1, 55], [2, 37], [22, 32], [1, 39], [8, 30], [14, 46], [23, 31], [39, 54], [24, 30], [8, 51], [43, 52], [15, 30], [18, 23], [4, 32], [15, 23], [8, 49], [5, 51], [2, 53]]
50
[]
0
[]
0
[[22, 27]]
1
[[2, 39], [30, 35], [5, 16], [4, 37], [3, 19], [26, 31], [8, 15], [6, 35], [38, 43], [1, 21]]
10
[]
0
[[16, 28]]
1
[]
0
[[26, 47], [23, 54]]
2
[]
0
[]
0
[[28, 35], [4, 27], [4, 26], [6, 29], [2, 27], [28, 36], [26, 38], [4, 29]]
8
[]
0
[[10, 22], [43, 51], [5, 42], [16, 31], [39, 55], [38, 54], [41, 53]]
7
[]
0
[]
0
[]
0
[]
0
[]
0
[]
0
[[24, 51]]
1
[[43, 48], [8, 23], [28, 42], [3, 29], [8, 56], [7, 25], [10, 23], [13, 20], [6, 58], [5, 27], [7, 24], [17, 51], [30, 40]]
13
[]
0
[[13, 18], [4, 37], [27, 32], [19, 46], [14, 44]]
5
[[4, 22], [2, 24], [29, 53], [28, 36], [8, 18], [17, 42], [37, 44], [10, 17], [22, 40], [25, 38], [3, 52], [27, 36], [14, 45], [33, 48], [35, 46], [4, 21], [8, 15], [5, 50], [16, 45], [38, 43]]
20
[[14, 23], [12, 23]]
2
[[33, 40], [32, 40]]
2
[]
0
[[22, 41], [18, 45], [21, 26], [7, 17], [28, 33], [9, 15]]
6
[[26, 40], [28, 38]]
2
[]
0
[]
0
[]
0
[[25, 31], [34, 39]]
2
[]
0
[]
0
[[1, 1], [4, 14], [14, 14], [7, 12]]
4
[]
0
[]
0
[[8, 33], [3, 52], [2, 39], [10, 30], [5, 34], [5, 50], [4, 37], [5, 52], [6, 35], [29, 36], [26, 38]]
11
[]
0
[[46, 51], [7, 14]]
2
[]
0
[]
0
[[3, 39], [5, 43], [16, 44], [1, 39], [1, 37], [3, 41], [7, 45], [6, 45], [28, 33], [5, 41]]
10
[[35, 40], [7, 14], [4, 52], [8, 54], [6, 52], [44, 53], [5, 16], [46, 51], [42, 55]]
9
[]
0
[[4, 36], [6, 36]]
2
[]
0
[[2, 7]]
1
[]
0
[[36, 55], [33, 55]]
2
[[25, 34], [7, 29], [33, 44], [35, 42], [4, 26], [6, 15], [1, 22], [23, 36], [22, 36], [27, 32], [16, 36], [4, 24]]
12
[]
0
[]
0
[[25, 33], [34, 41]]
2
[]
0
[]
0
[]
0
[[7, 47], [8, 47], [5, 45], [5, 43]]
4
[]
0
[[20, 33]]
1
[]
0
[[21, 41], [35, 42], [6, 32], [6, 28], [33, 44], [11, 37], [22, 34], [6, 30], [25, 33], [14, 40], [10, 35], [25, 34], [36, 41], [28, 43], [13, 42], [15, 37], [18, 39], [6, 33]]
18
[]
0
[[14, 39], [3, 45], [8, 28], [17, 35], [7, 41], [3, 47], [20, 41], [21, 33], [31, 44], [4, 34], [24, 30], [23, 28], [32, 44], [5, 43], [14, 35], [24, 43]]
16
[]
0
[]
0
[]
0
[]
0
[[27, 32], [13, 34], [16, 26], [4, 32], [3, 33], [1, 35], [16, 21], [3, 40], [12, 30]]
9
[]
0
[]
0
[]
0
[[18, 27], [5, 28], [39, 45], [6, 14]]
4
[]
0
[]
0
[[8, 37], [12, 38], [8, 34], [18, 27], [18, 23], [15, 31], [14, 30], [2, 46], [4, 37], [15, 27], [12, 34], [11, 37], [8, 38], [8, 41], [11, 34], [19, 27], [2, 41], [15, 30], [4, 41], [15, 34]]
20
[[35, 41], [26, 31]]
2
[[4, 13], [36, 43], [26, 32], [23, 35], [22, 35], [25, 33], [34, 45]]
7
[]
0
[]
0
[[10, 31], [16, 24], [15, 48], [12, 28], [17, 23], [14, 26], [24, 45]]
7
[[7, 14], [31, 38], [29, 40], [5, 16]]
4
[]
0
[]
0
[[16, 21], [16, 25], [16, 22], [12, 29], [39, 47], [12, 22], [31, 36], [17, 22], [31, 39], [28, 51], [39, 44], [12, 26], [12, 25], [13, 22], [10, 29]]
15
[]
0
[[21, 37], [26, 35], [38, 45], [6, 13], [26, 33], [4, 15], [24, 35], [34, 49]]
8
[]
0
[[38, 43]]
1
[]
0
[]
0
[]
0
[[5, 43], [40, 47], [40, 48], [16, 48]]
4
[[11, 25], [34, 53], [27, 33], [4, 52], [8, 29], [26, 49], [15, 21], [22, 47], [8, 47], [4, 51], [16, 37]]
11
[[8, 35], [16, 25], [3, 36]]
3
[[13, 34], [13, 35], [19, 39], [13, 39], [15, 32], [12, 20], [11, 37], [10, 21], [5, 24], [6, 25]]
10
[]
0
[]
0
[[24, 43], [23, 32]]
2
[]
0
[]
0
[]
0
[]
0
[]
0
[]
0
[]
0
[[34, 43], [13, 52], [12, 54], [11, 55], [11, 57], [9, 57], [9, 33], [12, 29], [40, 54], [41, 54], [34, 40], [14, 28], [32, 40], [14, 49], [16, 25], [34, 39], [12, 53], [10, 34], [12, 40], [44, 49], [17, 48], [31, 57], [14, 50], [17, 50], [13, 55], [11, 29], [14, 51], [13, 53], [33, 43], [10, 31], [16, 49], [7, 35], [14, 29], [15, 50], [15, 52], [12, 32], [10, 56], [10, 32], [44, 51], [17, 49], [13, 28], [15, 49], [37, 54], [12, 44], [16, 28], [7, 33], [18, 48], [10, 55], [11, 54], [10, 54], [12, 51], [9, 32], [7, 34], [15, 27], [14, 52], [11, 31], [41, 51], [32, 43], [10, 36]]
59
[[20, 52], [16, 45], [17, 31], [16, 30], [19, 52], [16, 44], [15, 49], [33, 44], [9, 38], [26, 51], [19, 48], [30, 48], [19, 27], [22, 27], [17, 27], [22, 48], [15, 45], [22, 30], [9, 39], [21, 57], [5, 10], [12, 45], [19, 49], [13, 31], [9, 41], [16, 31], [13, 34], [16, 27], [5, 13], [5, 38], [22, 52], [34, 44], [34, 41], [26, 55], [21, 52], [16, 34], [16, 48], [30, 51], [12, 41], [22, 51], [30, 44], [21, 56], [22, 55], [21, 55]]
44
[[1, 42], [31, 48], [32, 50]]
3
[]
0
[]
0
[]
0
[]
0
[[6, 27], [4, 29]]
2
[]
0
[]
0
[]
0
[]
0
[]
0
[]
0
[]
0
[]
0
[[44, 51], [41, 53], [26, 42], [28, 40], [25, 42], [30, 38], [43, 51]]
7
[[35, 47], [29, 46], [22, 29], [37, 45], [19, 28], [7, 17], [24, 36], [21, 29], [34, 48]]
9
[[41, 49], [41, 48], [35, 55], [39, 51], [34, 55], [41, 51], [37, 53]]
7
[]
0
[]
0
[]
0
[]
0
[]
0
[]
0
[]
0
[[11, 54], [17, 22]]
2
[]
0
[]
0
[]
0
[]
0
[[16, 40], [41, 48], [40, 47], [21, 55]]
4
[]
0
[]
0
[[20, 27]]
1
[]
0
[]
0
[]
0
[[30, 35], [20, 46], [44, 53]]
3
[]
0
[]
0
[]
0
[[39, 52], [12, 48], [40, 51], [8, 52], [24, 50], [16, 41], [14, 46], [37, 53], [10, 50], [6, 54], [42, 49]]
11
[]
0
[[7, 13], [7, 32], [25, 31], [21, 39], [11, 21], [26, 31], [4, 18], [7, 22], [10, 36], [21, 35], [13, 43], [17, 39], [4, 22], [7, 18], [11, 36], [11, 43], [22, 32], [7, 21], [8, 15], [21, 32], [4, 15], [8, 18], [7, 36], [25, 32], [3, 22], [8, 13], [3, 32], [24, 35], [4, 19], [11, 17], [24, 31]]
31
[]
0
[]
0
[]
0
[]
0
[]
0
[]
0
[[3, 49], [17, 22], [31, 46], [20, 48], [5, 11], [5, 45], [7, 42], [7, 43]]
8
[]
0
[]
0
[]
0
[[14, 36], [24, 37], [19, 36], [8, 13], [16, 23], [8, 35], [27, 35], [26, 35], [16, 34], [15, 29]]
10
[[38, 43], [44, 49], [43, 49]]
3
[[19, 53], [26, 41], [54, 59], [11, 48], [16, 53], [16, 49], [20, 58], [15, 43], [22, 38], [22, 34], [23, 50], [23, 29], [38, 50], [20, 56], [18, 41], [23, 34], [18, 43], [43, 49], [38, 43], [23, 53], [29, 34], [19, 38], [35, 46], [53, 59], [23, 38], [20, 53], [15, 49], [53, 58], [39, 46], [11, 52], [16, 52], [11, 16], [35, 47], [22, 37], [38, 46], [19, 49], [50, 59], [22, 41], [11, 49], [22, 29]]
40
[[7, 43], [18, 23], [14, 28], [10, 48], [12, 17], [1, 14], [4, 9], [14, 26], [3, 30], [3, 48], [38, 48], [3, 51], [1, 50], [32, 45], [14, 29], [3, 14], [3, 49], [3, 12], [4, 11], [23, 36], [16, 25], [3, 50], [11, 51], [10, 36], [12, 36], [4, 51], [6, 49], [37, 43], [38, 43], [23, 33], [10, 39], [34, 45], [4, 10], [8, 41], [29, 45], [5, 48], [15, 25], [12, 27], [3, 11], [4, 49], [17, 24], [5, 10], [30, 45], [18, 36], [29, 48], [23, 32], [12, 29], [2, 12], [17, 25], [36, 45], [12, 48], [4, 48], [12, 32], [14, 27], [3, 29], [7, 47], [2, 13], [21, 39], [12, 18], [33, 45], [10, 40], [12, 23], [36, 48], [2, 11], [6, 47], [37, 42], [2, 15], [37, 44], [2, 51]]
69
[]
0
[]
0
[]
0
[]
0
[[38, 43], [38, 48]]
2
[]
0
[[50, 58], [39, 49], [39, 45], [53, 58]]
4
[[1, 60], [10, 58], [7, 60], [19, 24], [2, 7]]
5
[]
0
[[7, 13]]
1
[]
0
[]
0
[]
0
[[25, 33]]
1
[[40, 45]]
1
[[19, 36], [26, 31]]
2
[]
0
[]
0
[[32, 48], [34, 47], [35, 46], [17, 25], [37, 44], [17, 24], [15, 27], [33, 48], [47, 55]]
9
[[6, 15], [7, 14], [5, 16]]
3
[]
0
[]
0
[]
0
[[28, 35], [24, 39], [6, 34], [18, 36], [8, 29], [11, 29], [14, 34]]
7
[[14, 22], [15, 20], [32, 41], [19, 50], [9, 55], [7, 57], [30, 43], [8, 26], [6, 31], [4, 31], [8, 27], [40, 51], [6, 29], [42, 49]]
14
[]
0
[]
0
[]
0
[]
0
[]
0
[]
0
[]
0
[]
0
[]
0
[[19, 25], [10, 36], [3, 19], [15, 28]]
4
[[23, 32], [4, 28], [1, 49], [3, 25], [11, 44], [35, 44], [37, 42], [45, 52], [24, 31], [2, 28], [11, 40], [3, 28], [17, 38], [1, 29], [19, 36], [31, 49], [33, 46], [11, 16], [23, 34], [1, 30]]
20
[]
0
[]
0
[]
0
[[5, 17], [7, 15]]
2
[]
0
[]
0
[]
0
[]
0
[[38, 43], [30, 35]]
2
[[20, 37], [18, 25], [32, 54], [26, 33]]
4
[[38, 51], [20, 52], [40, 49], [18, 54], [33, 50], [24, 50], [26, 39], [22, 37], [28, 46], [26, 48]]
10
[[24, 38], [13, 41], [12, 19], [37, 52], [22, 40], [27, 36], [40, 49], [10, 21], [11, 58], [7, 23], [21, 60]]
11
[]
0
[]
0
[]
0
[]
0
[]
0
[[7, 20], [4, 22], [9, 18], [6, 20], [19, 30], [10, 17]]
6
[]
0
[[38, 46]]
1
[]
0
[]
0
[[1, 49], [33, 44], [14, 41], [35, 42], [3, 47], [24, 45], [14, 34], [20, 43], [3, 49], [31, 46], [5, 45], [7, 43], [7, 27]]
13
[]
0
[]
0
[]
0
[]
0
[[11, 28]]
1
[]
0
[]
0
[]
0
[]
0
[]
0
[]
0
[]
0
[]
0
[]
0
[[33, 43], [33, 38], [38, 43], [32, 43]]
4
[]
0
[]
0
[]
0
[]
0
[]
0
[]
0
[]
0
[]
0
[]
0
[]
0
[]
0
[]
0
[]
0
[]
0
[]
0
[[12, 34], [7, 44], [5, 36], [39, 49], [39, 51], [22, 27], [16, 33], [36, 49]]
8
[[18, 45], [42, 47], [39, 47], [13, 18], [20, 46], [11, 49], [15, 42], [19, 49], [37, 49], [6, 35], [26, 48], [18, 42], [18, 49], [23, 34], [22, 48], [21, 36], [20, 48], [31, 36], [15, 45], [38, 48], [36, 49], [18, 46], [13, 49], [40, 47], [23, 30], [39, 49], [21, 34], [37, 48], [11, 37], [31, 38], [22, 34], [18, 39], [21, 49], [38, 47], [31, 48], [21, 48]]
36
[[5, 26], [7, 39], [4, 15], [6, 14], [7, 14], [5, 16], [3, 42], [14, 26], [7, 30], [5, 23], [4, 41], [16, 22], [27, 41], [7, 38], [8, 13], [6, 15], [6, 39], [3, 17], [7, 26], [6, 40], [9, 34], [5, 40], [4, 42], [16, 26], [8, 15], [3, 18], [5, 15], [8, 37], [4, 16], [4, 17], [27, 39], [5, 41], [9, 37], [6, 26], [8, 38], [6, 27]]
36
[]
0
[]
0
[[39, 44], [17, 22], [10, 17], [39, 48], [39, 45], [30, 36], [16, 21], [26, 36], [11, 47], [29, 36], [39, 47], [38, 44], [40, 48], [36, 48]]
14
[]
0
[]
0
[[2, 29], [2, 36], [9, 26], [12, 22], [9, 22], [2, 32], [12, 17], [2, 33], [6, 26], [13, 26], [13, 22], [17, 22], [6, 29], [6, 33], [9, 29], [6, 30]]
16
[]
0
[]
0
[[35, 47]]
1
[]
0
[]
0
[]
0
[]
0
[]
0
[]
0
[]
0
[]
0
[]
0
[]
0
[]
0
[]
0
[[6, 39], [6, 34], [5, 38], [5, 14], [26, 52], [2, 43], [4, 41], [15, 22], [11, 34], [32, 52], [13, 41], [13, 24], [7, 12], [33, 53], [6, 38], [44, 49], [30, 53], [11, 27], [42, 51]]
19
[]
0
[]
0
[]
0
[]
0
[]
0
[]
0
[]
0
[]
0
[]
0
[]
0
[]
0
[]
0
[[11, 16]]
1
[]
0
[]
0
[]
0
[]
0
[[30, 36]]
1
[[47, 53], [26, 31], [36, 41], [47, 52], [22, 27]]
5
[[24, 34], [19, 42], [25, 30], [4, 31], [4, 42], [7, 31]]
6
[]
0
[]
0
[]
0
[]
0
[[21, 26], [4, 41], [9, 34], [9, 30], [16, 23], [4, 9], [14, 30], [10, 34], [10, 31], [6, 34], [6, 38]]
11
[[13, 32], [18, 23], [11, 35], [16, 26], [27, 38], [6, 20], [10, 26]]
7
[[5, 27], [26, 42], [11, 23], [24, 44], [3, 29], [14, 21], [20, 48], [22, 46], [8, 25], [13, 48], [18, 51], [28, 38]]
12
[]
0
Process Dataset | find 359 pdb files as training data
Process Dataset | find 3 warning cases:
3NIR_A.pdb
4QQ6_A.pdb
5EQ0_A.pdb
Process Dataset | find 9 bad cases:
1GL2_C.pdb
1OKS_A.pdb
1OL5_B.pdb
1PPJ_I.pdb
1RH6_A.pdb
1URQ_A.pdb
2C7N_A.pdb
2RH2_A.pdb
4CLQ_B.pdb
save processed dataset done!
