process dataset...
Process Dataset | find 7244 pdb files as training data
Process Dataset | find 52 warning cases:
1I1W_A.pdb
1R9L_A.pdb
1RKT_A.pdb
1S3L_A.pdb
1S9R_A.pdb
1XG0_C.pdb
1XX7_A.pdb
1Y81_A.pdb
1YB3_A.pdb
1Z2U_A.pdb
1ZD0_A.pdb
1ZGH_A.pdb
2B25_A.pdb
2D1G_A.pdb
2GZQ_A.pdb
2HP0_A.pdb
2IF6_A.pdb
2IJA_A.pdb
2NXF_A.pdb
2PQ8_A.pdb
2PXX_A.pdb
2QT1_A.pdb
2X2U_A.pdb
2ZFN_A.pdb
3BPJ_A.pdb
3C5H_A.pdb
3FEG_A.pdb
3FZY_A.pdb
3IEZ_A.pdb
3IUG_A.pdb
3JQH_A.pdb
3KH0_A.pdb
3KUQ_A.pdb
3L46_A.pdb
3LGD_A.pdb
3LLU_A.pdb
3NIR_A.pdb
3PFY_A.pdb
3PP2_A.pdb
3QWE_A.pdb
3QWL_A.pdb
3R90_A.pdb
3S4Y_A.pdb
3S8I_A.pdb
3S8S_A.pdb
3S93_A.pdb
3U12_A.pdb
3U1U_A.pdb
3V0R_A.pdb
4CK4_A.pdb
4FLB_A.pdb
4FP4_A.pdb
Process Dataset | find 255 bad cases:
1A5T_A.pdb
1AE9_A.pdb
1AOL_A.pdb
1BS0_A.pdb
1CB8_A.pdb
1CY5_A.pdb
1EPA_A.pdb
1F0C_A.pdb
1GL2_C.pdb
1GML_A.pdb
1GOI_A.pdb
1GP6_A.pdb
1GU4_A.pdb
1GVN_A.pdb
1GVN_B.pdb
1H12_A.pdb
1H54_A.pdb
1H5W_A.pdb
1H80_A.pdb
1HKU_A.pdb
1HXN_A.pdb
1I24_A.pdb
1J77_A.pdb
1JNI_A.pdb
1K8K_D.pdb
1K8K_E.pdb
1K8K_F.pdb
1K8K_G.pdb
1K8W_A.pdb
1KMV_A.pdb
1MDC_A.pdb
1MJ5_A.pdb
1N40_A.pdb
1N7O_A.pdb
1NNF_A.pdb
1NUY_A.pdb
1O7A_A.pdb
1O88_A.pdb
1O8X_A.pdb
1OD3_A.pdb
1OFU_X.pdb
1OHU_A.pdb
1OJX_A.pdb
1OKS_A.pdb
1OL5_B.pdb
1PPJ_A.pdb
1PPJ_B.pdb
1PPJ_G.pdb
1PPJ_I.pdb
1QHL_A.pdb
1RH6_A.pdb
1S21_A.pdb
1SEN_A.pdb
1SUM_B.pdb
1TAF_A.pdb
1TMX_A.pdb
1U2K_A.pdb
1UNQ_A.pdb
1UPK_A.pdb
1URQ_A.pdb
1URS_A.pdb
1US0_A.pdb
1US5_A.pdb
1UW4_B.pdb
1VCH_A.pdb
1VJF_A.pdb
1VL4_A.pdb
1VMH_A.pdb
1VPK_A.pdb
1W5Q_A.pdb
1W5T_A.pdb
1W6S_A.pdb
1W6S_B.pdb
1W79_A.pdb
1WC3_A.pdb
1WCV_1.pdb
1X6Z_A.pdb
1X9D_A.pdb
1Z0S_A.pdb
2AKZ_A.pdb
2AP3_A.pdb
2BF6_A.pdb
2BJI_A.pdb
2BJN_A.pdb
2BKA_A.pdb
2BKR_A.pdb
2BL7_A.pdb
2BO4_A.pdb
2BS2_C.pdb
2BZ1_A.pdb
2BZV_A.pdb
2C40_A.pdb
2C5A_A.pdb
2C5Q_A.pdb
2C61_A.pdb
2C7N_A.pdb
2CA6_A.pdb
2CIB_A.pdb
2CIO_B.pdb
2CO3_A.pdb
2DLB_A.pdb
2ENG_A.pdb
2F1N_A.pdb
2F46_A.pdb
2FEA_A.pdb
2FEF_A.pdb
2G5R_A.pdb
2GA1_A.pdb
2GU9_A.pdb
2GXQ_A.pdb
2HBW_A.pdb
2HC1_A.pdb
2HEU_A.pdb
2HQX_A.pdb
2HTD_A.pdb
2IU1_A.pdb
2J1D_G.pdb
2J1V_A.pdb
2J3T_C.pdb
2J3W_B.pdb
2J4O_A.pdb
2J5B_A.pdb
2J5G_A.pdb
2J66_A.pdb
2J7N_A.pdb
2JAE_A.pdb
2JBM_A.pdb
2JBW_A.pdb
2JH1_A.pdb
2O0A_A.pdb
2O9U_X.pdb
2OPL_A.pdb
2P2S_A.pdb
2P4F_A.pdb
2PW0_A.pdb
2Q58_A.pdb
2Q8K_A.pdb
2Q9R_A.pdb
2QA1_A.pdb
2QXF_A.pdb
2RH2_A.pdb
2UUZ_A.pdb
2UV4_A.pdb
2V0H_A.pdb
2V2F_F.pdb
2V94_A.pdb
2V9L_A.pdb
2VCH_A.pdb
2VHA_A.pdb
2VKW_A.pdb
2VPZ_C.pdb
2VQP_A.pdb
2VW8_A.pdb
2VWA_A.pdb
2VY8_A.pdb
2W0I_A.pdb
2W1K_A.pdb
2W3X_A.pdb
2W50_A.pdb
2W8T_A.pdb
2W91_A.pdb
2WCR_A.pdb
2WKB_A.pdb
2WNW_A.pdb
2WP7_A.pdb
2X5N_A.pdb
2X9C_A.pdb
2XG5_A.pdb
2XG5_B.pdb
2XM5_A.pdb
2XN6_A.pdb
2XTS_B.pdb
2Y43_A.pdb
2Y8G_A.pdb
2YG2_A.pdb
2YHW_A.pdb
2YKZ_A.pdb
2YQY_A.pdb
2YYS_A.pdb
2ZUY_A.pdb
3B8I_A.pdb
3BOS_A.pdb
3DCZ_A.pdb
3DEF_A.pdb
3DML_A.pdb
3DS4_A.pdb
3EBT_A.pdb
3EOJ_A.pdb
3F8K_A.pdb
3FDE_A.pdb
3FFR_A.pdb
3FHD_A.pdb
3FOT_A.pdb
3GMX_A.pdb
3GUU_A.pdb
3I2N_A.pdb
3IDB_B.pdb
3IKW_A.pdb
3IM6_A.pdb
3ITE_A.pdb
3JUD_A.pdb
3KDE_C.pdb
3KF8_A.pdb
3KF8_B.pdb
3KM5_A.pdb
3L6T_A.pdb
3LB2_A.pdb
3M73_A.pdb
3NNB_A.pdb
3NO0_A.pdb
3OEP_A.pdb
3ONK_A.pdb
3OV5_A.pdb
3OYV_A.pdb
3P4H_A.pdb
3PLW_A.pdb
3Q1X_A.pdb
3Q46_A.pdb
3QFW_A.pdb
3QVL_A.pdb
3QZB_A.pdb
3RGC_A.pdb
3RPE_A.pdb
3SQZ_A.pdb
3SRE_A.pdb
3T92_A.pdb
3UD1_A.pdb
3V0D_A.pdb
3V6I_A.pdb
3VQJ_A.pdb
3WIW_A.pdb
3WKY_A.pdb
3X0I_A.pdb
3ZEU_A.pdb
3ZOJ_A.pdb
3ZTH_A.pdb
3ZXK_A.pdb
4ADI_A.pdb
4AE5_A.pdb
4AF8_A.pdb
4AK2_A.pdb
4ATE_A.pdb
4AVR_A.pdb
4B21_A.pdb
4B60_A.pdb
4BB9_A.pdb
4BG7_A.pdb
4BJ0_A.pdb
4BQN_A.pdb
4BQQ_A.pdb
4CLQ_B.pdb
4DKK_A.pdb
4DMI_A.pdb
4FGC_A.pdb
4G1I_A.pdb
save processed dataset done!
