load dataset...
load full dataset done! dataset size: 6995
save training set at D:\ProteinBackboneDesign\Dataset\Dataset_CB done! size: 6295
save validation set at D:\ProteinBackboneDesign\Dataset\Dataset_CB done! size: 350
save test set at D:\ProteinBackboneDesign\Dataset\Dataset_CB done! size: 350
test set:
7JTO_L
4OFK_A
3OA5_A
1LPB_A
2GDQ_A
2Q3T_A
7DMA_B
7JJA_A
2OIT_A
6S4M_A
2QF4_A
4QIC_B
5VTL_A
7NER_A
5B08_A
6JL9_A
1EZG_A
2Q0X_A
6HT0_A
4ETN_A
2Y6X_A
2OSX_A
3II2_A
3WV7_A
6L59_B
1RI5_A
6I5B_A
4CVD_A
5LKQ_A
6CGO_A
3NO7_A
4PC0_C
6JC0_A
3TLQ_A
3E54_A
7BMY_A
5L9Z_B
1TOA_A
3DLI_A
6S95_A
1V2Z_A
5F2T_A
6E1Z_A
1RWZ_A
1DQP_A
2ZTB_A
4XPX_A
5KO5_A
3MAL_A
6GU1_A
4WAI_A
6JK2_A
5W1A_B
5TG0_A
1QHD_A
4ZLD_A
5GK1_A
6X7H_A
4HOI_A
4GA2_A
3TXN_A
1B35_B
7B0P_A
6IAQ_A
2CAL_A
5ZZA_P
5J4F_A
3GE3_B
2WI8_A
1CCZ_A
3T7A_A
2NNU_A
2YMY_A
4R1J_A
2Z0X_A
2W43_A
1GXM_A
6UN8_A
3EXV_A
5MUN_A
7KQ7_B
1ZQ9_A
1ZKL_A
1X9I_A
3IIS_M
1JYO_E
4UOS_A
3EIF_A
4YTO_A
5NT7_A
2X3M_A
1VYB_A
3S2J_A
3VMK_A
2H88_D
5ZW4_A
3SWY_A
6H3S_A
1Y9L_A
5YAL_A
6ANW_A
5AJJ_A
3PCV_A
3M6Z_A
1S1D_A
3GWJ_A
1GPR_A
2CWP_A
2WAA_A
3WG3_A
2XOL_A
4CAH_B
1EJE_A
6IDP_A
2WL8_A
1N62_C
4O1E_A
6E1F_A
1SGM_A
1GNL_A
2E85_A
4ZBO_A
2HUE_C
5YRV_C
1OK0_A
6A02_A
2EHZ_A
4C3S_A
1BDO_A
1Q5D_A
1NF2_A
3G21_A
3MBK_A
7K9C_A
2CCQ_A
2QIH_A
3K67_A
5KLE_A
3GJ7_B
5TNV_A
7LDA_A
2WN3_A
4XLG_B
5W7W_A
5FG0_A
2J7J_A
2WE5_A
3JUM_A
4W7L_A
6LJH_A
4Q3O_A
2PQC_A
4L9P_B
2Y7B_A
3OND_A
5OE8_A
2CC6_A
5NL6_A
4AIV_A
7PUH_A
7E44_A
4HQU_A
4LVN_P
6HQC_A
7BQI_A
4FPR_A
4LE3_A
1BEA_A
6F45_D
6TFR_A
4AGH_A
4F7U_E
1NPY_A
2J8K_A
6QTA_B
6USS_A
2FIP_A
5Z3E_A
2UVP_A
1XMK_A
6UKF_X
4RKQ_A
1SDI_A
2Q3W_A
1XTE_A
6J67_A
6H0C_A
6MQ7_A
3HCN_A
4Y1B_A
5MRI_A
6AC5_A
7AT0_A
7JZS_A
5TD6_A
1MY7_A
6RGN_A
2YHG_A
4QND_A
1W1H_A
1M1H_A
4MES_A
3I83_A
3V5C_A
2DT4_A
4YVO_A
2YV9_A
4X2P_A
3ONH_A
1RM6_B
1EDT_A
2Y7P_A
7KII_A
2XWV_A
6MF9_A
3AYV_A
6GVD_A
2WNY_A
6IUH_A
2C3G_A
4JF8_A
3VEP_C
4YNX_A
7MJB_A
1UWK_A
6IBE_A
1Z3E_B
3EYE_A
3P0K_A
7E4G_A
3TNY_A
7DA0_B
5II0_A
3GZX_B
6SER_A
4NRH_B
5O0J_A
3I2K_A
1QWG_A
5UGR_A
6H3X_A
6W9S_A
7CNW_A
3K3C_A
6ILS_A
2FUJ_A
5B66_B
6O4O_A
2BK9_A
4WBJ_A
4A4A_A
3QL9_A
3OLJ_A
3CX5_I
2FYZ_A
3ICU_A
1E6U_A
1Z5H_A
7EXI_A
2E5F_A
1YTV_M
4B8E_A
1WPA_A
5XLS_A
1KEA_A
3ZVK_E
7DTL_A
4JIV_D
5UMS_A
2H5N_A
3FRQ_A
1U0S_A
6IH0_A
6GPA_A
3L7H_A
1SA3_A
5IVK_A
6GGR_A
6GF6_A
4JAQ_A
6FJN_A
1VJ0_A
5XSW_A
6CPD_A
2G84_A
3I6X_A
4XCB_A
3POJ_A
6I3Q_A
5J6Q_A
2UUY_B
6Q5A_A
3FLD_A
6COJ_B
6VH6_A
2EJN_A
6I86_A
5I9J_A
4HY4_A
1JFB_A
3T2C_A
3IDF_A
5TZJ_A
1RK8_C
3CI3_A
4QRN_A
2PT7_A
5OQ3_A
3KUV_A
2E11_A
1SQW_A
1QZM_A
7LJO_A
6HEM_A
5UBP_A
2QTS_A
6ZGQ_A
6P4N_A
4RKS_A
4WUI_A
4ACJ_A
5V7O_A
6ZBK_B
2GPE_A
4HJ1_A
6ZVZ_A
3N40_P
7CLU_A
4XZD_A
1XLQ_A
6SCF_A
6ES9_A
2ZFD_A
2W1J_A
1M9Z_A
2VSW_A
3VYX_A
5TNW_A
5Z6D_A
6KXD_B
3KLJ_A
3GR5_A
3QWU_A
5Z2H_A
5C1F_A
4O6U_A
6XRW_B
6KEW_A
7FE4_A
4M7R_A
