process dataset...
Process Dataset | find 14078 pdb files as training data
Process Dataset | find 107 warning cases:
1I1W_A.pdb
1R9L_A.pdb
1RKT_A.pdb
1S3L_A.pdb
1S9R_A.pdb
1XG0_C.pdb
1XX7_A.pdb
1Y81_A.pdb
1YB3_A.pdb
1Z2U_A.pdb
1ZD0_A.pdb
1ZGH_A.pdb
2B25_A.pdb
2D1G_A.pdb
2GZQ_A.pdb
2HP0_A.pdb
2IF6_A.pdb
2IJA_A.pdb
2NXF_A.pdb
2PQ8_A.pdb
2PXX_A.pdb
2QT1_A.pdb
2X2U_A.pdb
2ZFN_A.pdb
3BPJ_A.pdb
3C5H_A.pdb
3FEG_A.pdb
3FZY_A.pdb
3IEZ_A.pdb
3IUG_A.pdb
3JQH_A.pdb
3KH0_A.pdb
3KUQ_A.pdb
3L46_A.pdb
3LGD_A.pdb
3LLU_A.pdb
3NIR_A.pdb
3PFY_A.pdb
3PP2_A.pdb
3QWE_A.pdb
3QWL_A.pdb
3R90_A.pdb
3S4Y_A.pdb
3S8I_A.pdb
3S8S_A.pdb
3S93_A.pdb
3U12_A.pdb
3U1U_A.pdb
3V0R_A.pdb
4CK4_A.pdb
4FLB_A.pdb
4FP4_A.pdb
4HE6_A.pdb
4I79_A.pdb
4IAJ_A.pdb
4JHC_A.pdb
4K7Z_A.pdb
4LD6_A.pdb
4LG8_A.pdb
4PWY_A.pdb
4Q1Z_A.pdb
4QN1_A.pdb
4QPN_A.pdb
4QQ6_A.pdb
4QT6_A.pdb
4RCJ_A.pdb
4RG1_A.pdb
4RXJ_A.pdb
4RXX_A.pdb
4YVD_A.pdb
5AIZ_A.pdb
5B8D_A.pdb
5C5C_A.pdb
5C6S_A.pdb
5C8G_A.pdb
5C8H_A.pdb
5CQ2_A.pdb
5EQ0_A.pdb
5FAI_A.pdb
5JJX_A.pdb
5KKP_A.pdb
5KO9_A.pdb
5T1I_A.pdb
5TEE_A.pdb
5UBA_A.pdb
5VBD_A.pdb
5WCJ_A.pdb
6CD9_A.pdb
6I9A_A.pdb
6MDW_A.pdb
6MIW_A.pdb
6MLC_A.pdb
6OAW_A.pdb
6OQM_A.pdb
6TTN_A.pdb
6VO5_A.pdb
6VYC_A.pdb
6WAJ_A.pdb
6YTB_B.pdb
7COH_C.pdb
7KLJ_A.pdb
7KQQ_A.pdb
7KYX_A.pdb
7M3X_A.pdb
7MWI_A.pdb
7MWM_A.pdb
7RUO_A.pdb
Process Dataset | find 421 bad cases:
1A5T_A.pdb
1AE9_A.pdb
1AOL_A.pdb
1BS0_A.pdb
1CB8_A.pdb
1CY5_A.pdb
1EPA_A.pdb
1F0C_A.pdb
1GL2_C.pdb
1GML_A.pdb
1GOI_A.pdb
1GP6_A.pdb
1GU4_A.pdb
1GVN_A.pdb
1GVN_B.pdb
1H12_A.pdb
1H54_A.pdb
1H5W_A.pdb
1H80_A.pdb
1HKU_A.pdb
1HXN_A.pdb
1I24_A.pdb
1J77_A.pdb
1JNI_A.pdb
1K8K_D.pdb
1K8K_E.pdb
1K8K_F.pdb
1K8K_G.pdb
1K8W_A.pdb
1KMV_A.pdb
1MDC_A.pdb
1MJ5_A.pdb
1N40_A.pdb
1N7O_A.pdb
1NNF_A.pdb
1NUY_A.pdb
1O7A_A.pdb
1O88_A.pdb
1O8X_A.pdb
1OD3_A.pdb
1OFU_X.pdb
1OHU_A.pdb
1OJX_A.pdb
1OKS_A.pdb
1OL5_B.pdb
1PPJ_A.pdb
1PPJ_B.pdb
1PPJ_G.pdb
1PPJ_I.pdb
1QHL_A.pdb
1RH6_A.pdb
1S21_A.pdb
1SEN_A.pdb
1SUM_B.pdb
1TAF_A.pdb
1TMX_A.pdb
1U2K_A.pdb
1UNQ_A.pdb
1UPK_A.pdb
1URQ_A.pdb
1URS_A.pdb
1US0_A.pdb
1US5_A.pdb
1UW4_B.pdb
1VCH_A.pdb
1VJF_A.pdb
1VL4_A.pdb
1VMH_A.pdb
1VPK_A.pdb
1VZY_A.pdb
1W5Q_A.pdb
1W5T_A.pdb
1W6S_A.pdb
1W6S_B.pdb
1W79_A.pdb
1WC3_A.pdb
1WCV_1.pdb
1X6Z_A.pdb
1X9D_A.pdb
1Z0S_A.pdb
2AKZ_A.pdb
2AP3_A.pdb
2BF6_A.pdb
2BJI_A.pdb
2BJN_A.pdb
2BKA_A.pdb
2BKR_A.pdb
2BL7_A.pdb
2BO4_A.pdb
2BS2_C.pdb
2BZ1_A.pdb
2BZV_A.pdb
2C40_A.pdb
2C5A_A.pdb
2C5Q_A.pdb
2C61_A.pdb
2C7N_A.pdb
2CA6_A.pdb
2CIB_A.pdb
2CIO_B.pdb
2CO3_A.pdb
2ENG_A.pdb
2F1N_A.pdb
2F46_A.pdb
2FEA_A.pdb
2FEF_A.pdb
2G5R_A.pdb
2GA1_A.pdb
2GU9_A.pdb
2GXQ_A.pdb
2HBW_A.pdb
2HC1_A.pdb
2HEU_A.pdb
2HQX_A.pdb
2HTD_A.pdb
2IU1_A.pdb
2J1D_G.pdb
2J1V_A.pdb
2J3T_C.pdb
2J3W_B.pdb
2J4O_A.pdb
2J5B_A.pdb
2J5G_A.pdb
2J66_A.pdb
2J7N_A.pdb
2JAE_A.pdb
2JBM_A.pdb
2JBW_A.pdb
2JH1_A.pdb
2O0A_A.pdb
2O9U_X.pdb
2OPL_A.pdb
2P2S_A.pdb
2P4F_A.pdb
2PW0_A.pdb
2Q58_A.pdb
2Q8K_A.pdb
2Q9R_A.pdb
2QA1_A.pdb
2QXF_A.pdb
2RH2_A.pdb
2UUZ_A.pdb
2UV4_A.pdb
2V0H_A.pdb
2V2F_F.pdb
2V94_A.pdb
2V9L_A.pdb
2VCH_A.pdb
2VHA_A.pdb
2VKW_A.pdb
2VPZ_C.pdb
2VQP_A.pdb
2VW8_A.pdb
2VWA_A.pdb
2VY8_A.pdb
2W0I_A.pdb
2W1K_A.pdb
2W3X_A.pdb
2W50_A.pdb
2W8T_A.pdb
2W91_A.pdb
2WCR_A.pdb
2WKB_A.pdb
2WNW_A.pdb
2WP7_A.pdb
2X5N_A.pdb
2X9C_A.pdb
2XG5_A.pdb
2XG5_B.pdb
2XM5_A.pdb
2XN6_A.pdb
2XTS_B.pdb
2Y43_A.pdb
2Y8G_A.pdb
2YG2_A.pdb
2YHW_A.pdb
2YKZ_A.pdb
2YQY_A.pdb
2YYS_A.pdb
2ZUY_A.pdb
3B8I_A.pdb
3BOS_A.pdb
3DCZ_A.pdb
3DEF_A.pdb
3DML_A.pdb
3DS4_A.pdb
3EBT_A.pdb
3EOJ_A.pdb
3F8K_A.pdb
3FDE_A.pdb
3FFR_A.pdb
3FHD_A.pdb
3FOT_A.pdb
3GMX_A.pdb
3GUU_A.pdb
3I2N_A.pdb
3IDB_B.pdb
3IKW_A.pdb
3IM6_A.pdb
3ITE_A.pdb
3JUD_A.pdb
3KDE_C.pdb
3KF8_A.pdb
3KF8_B.pdb
3KM5_A.pdb
3L6T_A.pdb
3LB2_A.pdb
3LLK_A.pdb
3M73_A.pdb
3NNB_A.pdb
3NO0_A.pdb
3OEP_A.pdb
3ONK_A.pdb
3OV5_A.pdb
3OYV_A.pdb
3P4H_A.pdb
3PLW_A.pdb
3Q1X_A.pdb
3Q46_A.pdb
3QFW_A.pdb
3QVL_A.pdb
3QZB_A.pdb
3RGC_A.pdb
3RPE_A.pdb
3SQZ_A.pdb
3SRE_A.pdb
3T92_A.pdb
3UD1_A.pdb
3V0D_A.pdb
3V6I_A.pdb
3VQJ_A.pdb
3WIW_A.pdb
3WKY_A.pdb
3X0I_A.pdb
3ZEU_A.pdb
3ZOJ_A.pdb
3ZTH_A.pdb
3ZXK_A.pdb
4ADI_A.pdb
4AE5_A.pdb
4AF8_A.pdb
4AK2_A.pdb
4ATE_A.pdb
4AVR_A.pdb
4B21_A.pdb
4B60_A.pdb
4BB9_A.pdb
4BG7_A.pdb
4BJ0_A.pdb
4BQN_A.pdb
4BQQ_A.pdb
4CLQ_B.pdb
4DKK_A.pdb
4DMI_A.pdb
4FGC_A.pdb
4G1I_A.pdb
4G78_A.pdb
4GBF_A.pdb
4GHB_A.pdb
4GR6_A.pdb
4HI8_A.pdb
4HL4_A.pdb
4HVY_A.pdb
4I0W_A.pdb
4I71_A.pdb
4IRP_A.pdb
4J32_B.pdb
4K1P_A.pdb
4K35_A.pdb
4KRD_B.pdb
4L6U_A.pdb
4LKS_A.pdb
4LVP_A.pdb
4M37_A.pdb
4M83_A.pdb
4M9V_C.pdb
4MZC_A.pdb
4NHX_A.pdb
4NN5_C.pdb
4O87_A.pdb
4P04_A.pdb
4P0D_A.pdb
4PIO_A.pdb
4PJ2_A.pdb
4PSS_A.pdb
4QEK_A.pdb
4QOS_A.pdb
4RAY_A.pdb
4RD4_A.pdb
4REK_A.pdb
4TQR_A.pdb
4TXR_A.pdb
4UPI_A.pdb
4UQW_A.pdb
4UYB_A.pdb
4WJM_A.pdb
4WY4_D.pdb
4XAB_A.pdb
4XPZ_A.pdb
4Y9I_A.pdb
4Y9W_A.pdb
4YSL_A.pdb
4ZQX_A.pdb
4ZXG_A.pdb
5A1N_A.pdb
5A1N_B.pdb
5A6S_B.pdb
5AH1_A.pdb
5ANP_A.pdb
5AQM_B.pdb
5BPZ_A.pdb
5BVA_A.pdb
5BXG_A.pdb
5C40_A.pdb
5D3K_A.pdb
5DLO_A.pdb
5DU3_A.pdb
5DVI_A.pdb
5DZE_A.pdb
5E1N_A.pdb
5E1V_A.pdb
5EJR_A.pdb
5EJY_A.pdb
5EWO_A.pdb
5FEB_A.pdb
5FS8_A.pdb
5G3X_A.pdb
5GGB_A.pdb
5GS7_A.pdb
5HOE_A.pdb
5IDV_A.pdb
5IGI_A.pdb
5ILB_A.pdb
5IR4_A.pdb
5J1S_B.pdb
5JIW_A.pdb
5LTL_A.pdb
5LVO_A.pdb
5MQ8_A.pdb
5NJL_A.pdb
5NPT_A.pdb
5NRM_A.pdb
5NUS_A.pdb
5O6H_A.pdb
5ON8_A.pdb
5Q22_A.pdb
5T3B_A.pdb
5U35_A.pdb
5U7W_A.pdb
5V2Q_A.pdb
5W0G_A.pdb
5W8Q_A.pdb
5WKR_A.pdb
5X42_B.pdb
5Y9X_A.pdb
5YCK_A.pdb
5ZB0_A.pdb
5ZM0_A.pdb
6B9M_D.pdb
6BSQ_A.pdb
6C30_A.pdb
6DCM_A.pdb
6DLH_A.pdb
6DQH_A.pdb
6DYF_A.pdb
6EFW_A.pdb
6EIO_A.pdb
6FAN_A.pdb
6FHN_A.pdb
6FIE_B.pdb
6FM7_A.pdb
6FMB_A.pdb
6FP5_A.pdb
6FVI_A.pdb
6G1H_A.pdb
6GAJ_A.pdb
6GD3_A.pdb
6GZW_A.pdb
6HAV_A.pdb
6HZN_A.pdb
6I50_A.pdb
6I9K_A.pdb
6J33_A.pdb
6JH7_A.pdb
6JHU_A.pdb
6JYX_A.pdb
6L4V_A.pdb
6LK1_A.pdb
6N59_A.pdb
6NJ0_A.pdb
6NJY_A.pdb
6O5I_A.pdb
6PT4_A.pdb
6Q4R_A.pdb
6QDI_A.pdb
6R33_A.pdb
6RI6_A.pdb
6RS4_A.pdb
6S1H_A.pdb
6T0K_A.pdb
6THO_A.pdb
6TSZ_U.pdb
6V04_A.pdb
6VSV_A.pdb
6VTJ_A.pdb
6W3D_A.pdb
6XPJ_A.pdb
6Y9J_A.pdb
6YB7_A.pdb
7BRD_A.pdb
7CKA_A.pdb
7DRJ_A.pdb
7ESS_A.pdb
7JP2_A.pdb
7K3T_A.pdb
7KTN_A.pdb
7LBV_A.pdb
7MJW_A.pdb
7O4P_A.pdb
7OEC_A.pdb
7RLM_A.pdb
save processed dataset done!
