process dataset...
Process Dataset | find 6427 pdb files as training data
Process Dataset | find 53 warning cases:
4HE6_A.pdb
4I79_A.pdb
4IAJ_A.pdb
4JHC_A.pdb
4K7Z_A.pdb
4LD6_A.pdb
4LG8_A.pdb
4PWY_A.pdb
4Q1Z_A.pdb
4QN1_A.pdb
4QPN_A.pdb
4QQ6_A.pdb
4QT6_A.pdb
4RCJ_A.pdb
4RG1_A.pdb
4RXJ_A.pdb
4RXX_A.pdb
4YVD_A.pdb
5AIZ_A.pdb
5B8D_A.pdb
5C5C_A.pdb
5C6S_A.pdb
5C8G_A.pdb
5C8H_A.pdb
5CQ2_A.pdb
5EQ0_A.pdb
5FAI_A.pdb
5JJX_A.pdb
5KKP_A.pdb
5KO9_A.pdb
5T1I_A.pdb
5TEE_A.pdb
5UBA_A.pdb
5VBD_A.pdb
5WCJ_A.pdb
6CD9_A.pdb
6I9A_A.pdb
6MDW_A.pdb
6MIW_A.pdb
6MLC_A.pdb
6TTN_A.pdb
6VO5_A.pdb
6VYC_A.pdb
6WAJ_A.pdb
6YTB_B.pdb
7COH_C.pdb
7KLJ_A.pdb
7KQQ_A.pdb
7KYX_A.pdb
7M3X_A.pdb
7MWI_A.pdb
7MWM_A.pdb
7RUO_A.pdb
Process Dataset | find 154 bad cases:
4G78_A.pdb
4GBF_A.pdb
4GHB_A.pdb
4GR6_A.pdb
4HI8_A.pdb
4HL4_A.pdb
4HVY_A.pdb
4I0W_A.pdb
4I71_A.pdb
4IRP_A.pdb
4J32_B.pdb
4K1P_A.pdb
4K35_A.pdb
4KRD_B.pdb
4L6U_A.pdb
4LKS_A.pdb
4LVP_A.pdb
4M37_A.pdb
4M83_A.pdb
4M9V_C.pdb
4MZC_A.pdb
4NHX_A.pdb
4NN5_C.pdb
4O87_A.pdb
4P04_A.pdb
4P0D_A.pdb
4PIO_A.pdb
4PJ2_A.pdb
4PSS_A.pdb
4QEK_A.pdb
4QOS_A.pdb
4RAY_A.pdb
4RD4_A.pdb
4REK_A.pdb
4TQR_A.pdb
4TXR_A.pdb
4UPI_A.pdb
4UQW_A.pdb
4UYB_A.pdb
4WJM_A.pdb
4WY4_D.pdb
4XAB_A.pdb
4XPZ_A.pdb
4Y9I_A.pdb
4Y9W_A.pdb
4YSL_A.pdb
4ZQX_A.pdb
4ZXG_A.pdb
5A1N_A.pdb
5A1N_B.pdb
5A6S_B.pdb
5AH1_A.pdb
5ANP_A.pdb
5AQM_B.pdb
5BPZ_A.pdb
5BVA_A.pdb
5C40_A.pdb
5D3K_A.pdb
5DLO_A.pdb
5DU3_A.pdb
5DVI_A.pdb
5DZE_A.pdb
5E1N_A.pdb
5E1V_A.pdb
5EJR_A.pdb
5EJY_A.pdb
5EWO_A.pdb
5FEB_A.pdb
5FS8_A.pdb
5G3X_A.pdb
5GGB_A.pdb
5GS7_A.pdb
5HOE_A.pdb
5IDV_A.pdb
5IGI_A.pdb
5ILB_A.pdb
5IR4_A.pdb
5J1S_B.pdb
5JIW_A.pdb
5LTL_A.pdb
5LVO_A.pdb
5MQ8_A.pdb
5NJL_A.pdb
5NPT_A.pdb
5NRM_A.pdb
5NUS_A.pdb
5O6H_A.pdb
5ON8_A.pdb
5Q22_A.pdb
5T3B_A.pdb
5U35_A.pdb
5U7W_A.pdb
5V2Q_A.pdb
5W0G_A.pdb
5W8Q_A.pdb
5WKR_A.pdb
5X42_B.pdb
5Y9X_A.pdb
5YCK_A.pdb
5ZB0_A.pdb
5ZM0_A.pdb
6B9M_D.pdb
6BSQ_A.pdb
6C30_A.pdb
6DCM_A.pdb
6DLH_A.pdb
6DQH_A.pdb
6DYF_A.pdb
6EFW_A.pdb
6EIO_A.pdb
6FAN_A.pdb
6FHN_A.pdb
6FIE_B.pdb
6FM7_A.pdb
6FMB_A.pdb
6FP5_A.pdb
6FVI_A.pdb
6G1H_A.pdb
6GAJ_A.pdb
6GD3_A.pdb
6GZW_A.pdb
6HAV_A.pdb
6HZN_A.pdb
6I9K_A.pdb
6J33_A.pdb
6JH7_A.pdb
6JHU_A.pdb
6JYX_A.pdb
6L4V_A.pdb
6LK1_A.pdb
6N59_A.pdb
6NJ0_A.pdb
6NJY_A.pdb
6THO_A.pdb
6TSZ_U.pdb
6V04_A.pdb
6VSV_A.pdb
6VTJ_A.pdb
6W3D_A.pdb
6XPJ_A.pdb
6Y9J_A.pdb
6YB7_A.pdb
7BRD_A.pdb
7CKA_A.pdb
7DRJ_A.pdb
7ESS_A.pdb
7JP2_A.pdb
7K3T_A.pdb
7KTN_A.pdb
7LBV_A.pdb
7MJW_A.pdb
7O4P_A.pdb
7OEC_A.pdb
7RLM_A.pdb
save processed dataset done!
