load dataset...
load full dataset done! dataset size: 14081
save training set at D:\ProteinBackboneDesign\Dataset\PDBDataset_hbond+3 done! size: 13376
save validation set at D:\ProteinBackboneDesign\Dataset\PDBDataset_hbond+3 done! size: 564
save test set at D:\ProteinBackboneDesign\Dataset\PDBDataset_hbond+3 done! size: 141
test set:
2XTP_A
6E1X_A
3QFE_A
3VLA_A
1K8K_C
3A9S_A
6OYC_A
6M9Z_A
4F27_A
6KHS_A
2Q4K_A
7B0X_D
3DJL_A
5O9E_A
3GWC_A
3V4K_A
4GBM_A
1WY5_A
4REL_A
2XF7_A
2REU_A
5JBN_A
3MW6_A
6IL9_A
2ZCA_A
4MDY_A
6E85_A
3NKG_A
6F1E_A
4TV5_A
3M6Z_A
1F5Q_B
4O8M_A
5C5S_A
6IY9_A
3ZPJ_A
3KFW_X
1KWF_A
5IKJ_A
6GPA_A
6Z1V_A
4A6Q_A
2R15_A
4MUQ_A
3KB5_A
2X5Q_A
3KGK_A
4JHY_A
3X1L_H
4C6A_A
3C8M_A
3T7D_A
3U97_A
3AFO_A
6NNW_A
6P5T_A
2PLR_A
7FE4_A
1DBW_A
1Y93_A
4IBN_A
6SX5_A
3RL5_A
3CEB_A
6TZK_A
4XFJ_A
3DXI_A
6CVZ_A
1RTQ_A
4FCH_A
4KK7_A
3DQY_A
5NT7_B
6GNY_A
3LED_A
3N29_A
6F9Q_A
1ZYM_A
5DZ2_A
3GEM_A
3ECH_A
3F7W_A
3P2T_A
3GIR_A
4TVI_A
2CIW_A
4YIZ_B
3GUV_A
4JB3_A
5XSW_A
4F54_A
3M4W_E
6QJA_A
5BWD_A
4GYM_A
3Q64_A
2IML_A
7N7H_A
4KMD_A
7BR2_A
4AQR_D
5EL9_A
3E8P_A
4FYE_A
1EXW_A
4U4H_A
3NJ2_A
2OHC_A
6FDK_A
6NVX_B
5H9F_J
3LHE_A
5DJH_A
6B05_A
6BLK_A
2AR5_A
6N9H_A
1QST_A
6KJK_A
2WAS_A
3IMO_A
3AIA_A
1ZH8_A
6S8K_B
4QXZ_A
3T2C_A
1VPM_A
4X7G_A
7B5W_A
4XEZ_A
4IUM_A
4HTG_A
5XTF_A
4IJN_A
5TGQ_A
2J2J_A
5IMA_A
3BRV_A
1Z5Z_A
5CWL_A
6XKG_A
