load dataset...
load full dataset done! dataset size: 14079
save training set at D:\ProteinBackboneDesign\Dataset\PDBDataset_hbond+1 done! size: 13375
save validation set at D:\ProteinBackboneDesign\Dataset\PDBDataset_hbond+1 done! size: 563
save test set at D:\ProteinBackboneDesign\Dataset\PDBDataset_hbond+1 done! size: 141
test set:
1ATG_A
3ZIU_A
6U7B_B
4HW6_A
7CQH_A
1I31_A
5T51_A
3K11_A
6EWJ_A
2O8G_I
3GMS_A
1ITH_A
5XWI_A
6ATG_B
6HAT_A
4A02_A
3DQY_A
3F1P_B
6LD1_A
7BV7_A
4HR3_A
2OH3_A
2I7H_A
3WXF_A
3EVZ_A
2GVI_A
7COH_I
6GOC_A
2WAO_A
1PSW_A
2HS1_A
1R7J_A
2DXU_A
6ZDT_B
1YQT_A
2QNU_A
1Q2L_A
2IBD_A
7KUG_B
2HSB_A
2QCX_A
5TUC_A
7ORB_A
4KNK_A
2W3Z_A
3N91_A
4XFK_A
5HT7_A
2W3Y_A
5O6T_A
5AOT_A
3SJH_B
4JGI_A
3G27_A
5OO7_A
4NV0_A
6RRA_A
3WA1_A
6ET0_B
2QEU_A
6L7R_A
6RJI_A
1TD6_A
3HJ4_A
7OS0_A
6PLJ_A
1TUA_A
3IGF_A
1BQU_A
7NTH_A
6RVQ_A
3BCZ_A
4BEU_A
3BB0_A
4AU1_A
3QUA_A
1KQF_C
3WQB_B
6LNA_A
4YP6_A
3N0R_A
6HD8_B
2HJS_A
3LIY_A
2FQ3_A
3SG0_A
3NPH_B
5GL5_A
2R01_A
2RHM_A
3JYO_A
6V9M_B
6ZB8_A
5UWZ_A
4C47_A
3SNO_A
6E4L_A
5FOC_A
4QYB_A
1CMC_A
5EOF_A
2Y6U_A
2R6Z_A
6QTS_A
7JWF_A
1T6U_A
2IKS_A
6KTH_A
6JY1_A
1I7W_B
3GWO_A
7SSE_A
3ORU_A
3KEW_A
3IQ2_A
2X3L_A
4TSD_A
2H8E_A
5JBR_A
4FDA_A
2PKD_A
4BOU_A
2XDW_A
3P2T_A
1MOQ_A
1O22_A
1SHU_X
5ZCT_A
3WVQ_A
3F7X_A
4ATG_A
6X07_A
7CT6_A
2FH5_B
7D9C_A
1YW4_A
5ZW7_A
2IVF_C
3M3P_A
6X6F_A
5NUV_A
