core.init: Checking for fconfig files in pwd and ./rosetta/flags 
core.init: Rosetta version: rosetta.source.release-314 r314 2022.11+release.512e589 512e58946eaed9de20d65cdeea465e7690dc9e9a https://www.rosettacommons.org 2022-03-14T17:54:23.772418
core.init: command: /home/lhlai_pkuhpc/lhlai_test/lustre1/wangyz/deep-learning-proteins/rosetta/main/source/bin/fixbb.default.linuxgccrelease -in:file:s initial_opt.pdb -nstruct 10
basic.random.init_random_generator: 'RNG device' seed mode, using '/dev/urandom', seed=-1409097844 seed_offset=0 real_seed=-1409097844
basic.random.init_random_generator: RandomGenerator:init: Normal mode, seed=-1409097844 RG_type=mt19937
core.init: Resolved executable path: /lustre1/lhlai_pkuhpc/lhlai_test/wangyz/deep-learning-proteins/rosetta/main/source/build/src/release/linux/3.10/64/x86/gcc/4.8/default/fixbb.default.linuxgccrelease
core.init: Looking for database based on location of executable: /lustre1/lhlai_pkuhpc/lhlai_test/wangyz/deep-learning-proteins/rosetta/main/database/
core.scoring.ScoreFunctionFactory: SCOREFUNCTION: ref2015
core.scoring.etable: Starting energy table calculation
core.scoring.etable: smooth_etable: changing atr/rep split to bottom of energy well
core.scoring.etable: smooth_etable: spline smoothing lj etables (maxdis = 6)
core.scoring.etable: smooth_etable: spline smoothing solvation etables (max_dis = 6)
core.scoring.etable: Finished calculating energy tables.
basic.io.database: Database file opened: scoring/score_functions/hbonds/ref2015_params/HBPoly1D.csv
basic.io.database: Database file opened: scoring/score_functions/hbonds/ref2015_params/HBFadeIntervals.csv
basic.io.database: Database file opened: scoring/score_functions/hbonds/ref2015_params/HBEval.csv
basic.io.database: Database file opened: scoring/score_functions/hbonds/ref2015_params/DonStrength.csv
basic.io.database: Database file opened: scoring/score_functions/hbonds/ref2015_params/AccStrength.csv
core.chemical.GlobalResidueTypeSet: Finished initializing fa_standard residue type set.  Created 983 residue types
core.chemical.GlobalResidueTypeSet: Total time to initialize 2.88 seconds.
basic.io.database: Database file opened: scoring/score_functions/rama/fd/all.ramaProb
basic.io.database: Database file opened: scoring/score_functions/rama/fd/prepro.ramaProb
basic.io.database: Database file opened: scoring/score_functions/omega/omega_ppdep.all.txt
basic.io.database: Database file opened: scoring/score_functions/omega/omega_ppdep.gly.txt
basic.io.database: Database file opened: scoring/score_functions/omega/omega_ppdep.pro.txt
basic.io.database: Database file opened: scoring/score_functions/omega/omega_ppdep.valile.txt
basic.io.database: Database file opened: scoring/score_functions/P_AA_pp/P_AA
basic.io.database: Database file opened: scoring/score_functions/P_AA_pp/P_AA_n
core.scoring.P_AA: shapovalov_lib::shap_p_aa_pp_smooth_level of 1( aka low_smooth ) got activated.
basic.io.database: Database file opened: scoring/score_functions/P_AA_pp/shapovalov/10deg/kappa131/a20.prop
protocols.jd2.PDBJobInputter: Instantiate PDBJobInputter
protocols.jd2.PDBJobInputter: PDBJobInputter::fill_jobs
protocols.jd2.PDBJobInputter: pushed initial_opt.pdb nstruct indices 1 - 10
protocols.evaluation.ChiWellRmsdEvaluatorCreator: Evaluation Creator active ... 
protocols.jd2.PDBJobInputter: PDBJobInputter::pose_from_job
protocols.jd2.PDBJobInputter: filling pose from PDB initial_opt.pdb
core.import_pose.import_pose: File 'initial_opt.pdb' automatically determined to be of type PDB
core.conformation.Conformation: [ WARNING ] missing heavyatom:  OXT on residue GLY:CtermProteinFull 96
core.pack.task: Packer task: initialize from command line() 
basic.io.database: Database file opened: scoring/score_functions/elec_cp_reps.dat
core.scoring.elec.util: Read 40 countpair representative atoms
core.pack.dunbrack.RotamerLibrary: shapovalov_lib_fixes_enable option is true.
core.pack.dunbrack.RotamerLibrary: shapovalov_lib::shap_dun10_smooth_level of 1( aka lowest_smooth ) got activated.
core.pack.dunbrack.RotamerLibrary: Binary rotamer library selected: /lustre1/lhlai_pkuhpc/lhlai_test/wangyz/deep-learning-proteins/rosetta/main/database/rotamer/shapovalov/StpDwn_0-0-0/Dunbrack10.lib.bin
core.pack.dunbrack.RotamerLibrary: Using Dunbrack library binary file '/lustre1/lhlai_pkuhpc/lhlai_test/wangyz/deep-learning-proteins/rosetta/main/database/rotamer/shapovalov/StpDwn_0-0-0/Dunbrack10.lib.bin'.
core.pack.dunbrack.RotamerLibrary: Dunbrack 2010 library took 0.3 seconds to load from binary
core.pack.pack_rotamers: built 17112 rotamers at 96 positions.
core.pack.interaction_graph.interaction_graph_factory: Instantiating PDInteractionGraph
protocols.jd2.JobDistributor: initial_opt_0001 reported success in 72 seconds
protocols.jd2.PDBJobInputter: PDBJobInputter::pose_from_job
protocols.jd2.PDBJobInputter: filling pose from saved copy initial_opt.pdb
core.pack.task: Packer task: initialize from command line() 
core.pack.pack_rotamers: built 17112 rotamers at 96 positions.
core.pack.interaction_graph.interaction_graph_factory: Instantiating PDInteractionGraph
protocols.jd2.JobDistributor: initial_opt_0002 reported success in 70 seconds
protocols.jd2.PDBJobInputter: PDBJobInputter::pose_from_job
protocols.jd2.PDBJobInputter: filling pose from PDB initial_opt.pdb
core.import_pose.import_pose: File 'initial_opt.pdb' automatically determined to be of type PDB
core.conformation.Conformation: [ WARNING ] missing heavyatom:  OXT on residue GLY:CtermProteinFull 96
core.pack.task: Packer task: initialize from command line() 
core.pack.pack_rotamers: built 17112 rotamers at 96 positions.
core.pack.interaction_graph.interaction_graph_factory: Instantiating PDInteractionGraph
protocols.jd2.JobDistributor: initial_opt_0003 reported success in 70 seconds
protocols.jd2.PDBJobInputter: PDBJobInputter::pose_from_job
protocols.jd2.PDBJobInputter: filling pose from PDB initial_opt.pdb
core.import_pose.import_pose: File 'initial_opt.pdb' automatically determined to be of type PDB
core.conformation.Conformation: [ WARNING ] missing heavyatom:  OXT on residue GLY:CtermProteinFull 96
core.pack.task: Packer task: initialize from command line() 
core.pack.pack_rotamers: built 17112 rotamers at 96 positions.
core.pack.interaction_graph.interaction_graph_factory: Instantiating PDInteractionGraph
protocols.jd2.JobDistributor: initial_opt_0004 reported success in 71 seconds
protocols.jd2.PDBJobInputter: PDBJobInputter::pose_from_job
protocols.jd2.PDBJobInputter: filling pose from PDB initial_opt.pdb
core.import_pose.import_pose: File 'initial_opt.pdb' automatically determined to be of type PDB
core.conformation.Conformation: [ WARNING ] missing heavyatom:  OXT on residue GLY:CtermProteinFull 96
core.pack.task: Packer task: initialize from command line() 
core.pack.pack_rotamers: built 17112 rotamers at 96 positions.
core.pack.interaction_graph.interaction_graph_factory: Instantiating PDInteractionGraph
protocols.jd2.JobDistributor: initial_opt_0005 reported success in 70 seconds
protocols.jd2.PDBJobInputter: PDBJobInputter::pose_from_job
protocols.jd2.PDBJobInputter: filling pose from PDB initial_opt.pdb
core.import_pose.import_pose: File 'initial_opt.pdb' automatically determined to be of type PDB
core.conformation.Conformation: [ WARNING ] missing heavyatom:  OXT on residue GLY:CtermProteinFull 96
core.pack.task: Packer task: initialize from command line() 
core.pack.pack_rotamers: built 17112 rotamers at 96 positions.
core.pack.interaction_graph.interaction_graph_factory: Instantiating PDInteractionGraph
protocols.jd2.JobDistributor: initial_opt_0006 reported success in 70 seconds
protocols.jd2.PDBJobInputter: PDBJobInputter::pose_from_job
protocols.jd2.PDBJobInputter: filling pose from PDB initial_opt.pdb
core.import_pose.import_pose: File 'initial_opt.pdb' automatically determined to be of type PDB
core.conformation.Conformation: [ WARNING ] missing heavyatom:  OXT on residue GLY:CtermProteinFull 96
core.pack.task: Packer task: initialize from command line() 
core.pack.pack_rotamers: built 17112 rotamers at 96 positions.
core.pack.interaction_graph.interaction_graph_factory: Instantiating PDInteractionGraph
protocols.jd2.JobDistributor: initial_opt_0007 reported success in 70 seconds
protocols.jd2.PDBJobInputter: PDBJobInputter::pose_from_job
protocols.jd2.PDBJobInputter: filling pose from PDB initial_opt.pdb
core.import_pose.import_pose: File 'initial_opt.pdb' automatically determined to be of type PDB
core.conformation.Conformation: [ WARNING ] missing heavyatom:  OXT on residue GLY:CtermProteinFull 96
core.pack.task: Packer task: initialize from command line() 
core.pack.pack_rotamers: built 17112 rotamers at 96 positions.
core.pack.interaction_graph.interaction_graph_factory: Instantiating PDInteractionGraph
protocols.jd2.JobDistributor: initial_opt_0008 reported success in 71 seconds
protocols.jd2.PDBJobInputter: PDBJobInputter::pose_from_job
protocols.jd2.PDBJobInputter: filling pose from PDB initial_opt.pdb
core.import_pose.import_pose: File 'initial_opt.pdb' automatically determined to be of type PDB
core.conformation.Conformation: [ WARNING ] missing heavyatom:  OXT on residue GLY:CtermProteinFull 96
core.pack.task: Packer task: initialize from command line() 
core.pack.pack_rotamers: built 17112 rotamers at 96 positions.
core.pack.interaction_graph.interaction_graph_factory: Instantiating PDInteractionGraph
protocols.jd2.JobDistributor: initial_opt_0009 reported success in 70 seconds
protocols.jd2.PDBJobInputter: PDBJobInputter::pose_from_job
protocols.jd2.PDBJobInputter: filling pose from PDB initial_opt.pdb
core.import_pose.import_pose: File 'initial_opt.pdb' automatically determined to be of type PDB
core.conformation.Conformation: [ WARNING ] missing heavyatom:  OXT on residue GLY:CtermProteinFull 96
core.pack.task: Packer task: initialize from command line() 
core.pack.pack_rotamers: built 17112 rotamers at 96 positions.
core.pack.interaction_graph.interaction_graph_factory: Instantiating PDInteractionGraph
protocols.jd2.JobDistributor: initial_opt_0010 reported success in 70 seconds
protocols.jd2.JobDistributor: no more batches to process... 
protocols.jd2.JobDistributor: 10 jobs considered, 10 jobs attempted in 704 seconds
