load dataset...
load full dataset done! dataset size: 14082
save training set at D:\文件\北大\github\ProteinBackboneDesign\ProteinBackbone\main done! size: 13377
save validation set at D:\文件\北大\github\ProteinBackboneDesign\ProteinBackbone\main done! size: 564
save test set at D:\文件\北大\github\ProteinBackboneDesign\ProteinBackbone\main done! size: 141
test set:
5GJI_A
4P7O_A
5AN6_A
2YZQ_A
2W7V_A
3MZ2_A
6Q10_A
1T6L_A
2I74_A
6EQS_A
5EUR_A
5Y9Z_A
5OQ3_A
6GJE_A
3CQX_C
3O9Z_A
6I5S_A
4WN5_A
3K1U_A
1YDG_A
2NZC_A
6LUT_A
1EG3_A
1Q87_A
2F7V_A
2Q7A_A
3OHS_X
3JUI_A
3KUV_A
3JS8_A
6SR6_B
4MY0_A
3L8W_A
2HY5_B
6EL8_A
1TU3_F
5IIP_A
4IC9_A
4B4C_A
1WU3_I
2RD7_A
3BEX_A
3GB0_A
5W0H_A
1ZJC_A
3LLO_A
7CTM_A
6Z0P_A
2NS6_A
6TM6_A
5LDD_B
4QDI_A
2F20_A
4KMD_A
7A2P_A
1UGI_A
7BYW_A
3W77_A
6L7R_B
1KFW_A
6JCH_A
2RCZ_A
3C4R_A
5W8J_A
2OOJ_A
5VFZ_A
3G98_A
2QKD_A
3IDU_A
2WJE_A
3DO6_A
6Z2F_A
4LW8_A
4BH5_A
3L0A_A
5AJJ_A
4B0M_A
6T5A_A
1TWD_A
2PLR_A
4LE3_A
4RCT_A
4BHR_A
6FG8_A
6H21_A
3FLO_B
4GWG_A
1T2W_A
6KNH_A
6XJ6_A
3QFT_A
6Z96_A
6H1Q_A
7T71_A
5VYQ_A
3LID_A
4FB2_A
5HT7_A
2BBE_A
1YRB_A
6L77_A
4Y7U_A
3EOI_A
1T1J_A
7PSY_A
2BT9_A
3KD4_A
6MF9_A
7OL3_A
7C45_A
5HWN_A
1HW7_A
1YTL_A
4YTD_A
6NSI_A
2VVF_A
5FUI_A
3O5C_A
7L00_A
6QJ6_A
6OKH_A
2C3V_A
3CA8_A
6TZK_A
5E6X_A
2HSB_A
6KZ9_A
6VBH_A
1JIX_A
4EHC_A
3H3B_A
5EVF_A
1N3L_A
2PJU_A
3ED5_A
3FLA_A
4KBX_A
6M2I_B
1NF2_A
4LQK_A
3ALU_A
