load dataset...
load full dataset done! dataset size: 9224
save training set at D:\ProteinBackboneDesign\Dataset\Dataset_no_ss done! size: 8301
save validation set at D:\ProteinBackboneDesign\Dataset\Dataset_no_ss done! size: 461
save test set at D:\ProteinBackboneDesign\Dataset\Dataset_no_ss done! size: 462
test set:
4JMU_A
3KWS_A
6NZS_A
7DKL_A
4XT0_A
6SRB_A
7CHR_A
1COL_A
4CU5_A
2GUH_A
6BVC_A
6DG6_A
4HA6_A
7DE9_A
4FPP_A
4KG0_A
1ZCC_A
1EUW_A
6SU5_A
5VVI_A
7OM3_A
5CWG_A
5X2E_A
2X32_A
7EXB_B
2Y7B_A
1N4Q_B
4RLE_A
4JF3_A
4GZC_A
6W0V_A
3L1W_A
1P90_A
3VA4_A
1JI7_A
3L8A_A
6GRH_D
1TG0_A
5UAY_A
3OLJ_A
7C7D_A
4Q6V_A
5J7D_A
5APG_A
7COH_E
1JYO_E
2R0X_A
1I1R_B
3D0W_A
5E3E_B
2IWR_A
4QPT_A
3FPC_A
4BOP_A
4J7N_A
7A1R_A
3MFB_A
6DNZ_B
2YH5_A
2VNG_A
1UFI_A
3D0J_A
3DGT_A
3PL2_A
3QKG_A
4DWR_A
3SM4_A
3SJ5_A
5W1A_B
1GWM_A
7CNW_B
6ZWA_A
3FXH_A
4RGD_A
2OPI_A
1WKA_A
6BL5_A
2GDM_A
2Q78_A
3P3O_A
6FXD_A
3HHT_B
5O30_A
4KQI_A
4N06_A
3IVV_A
6X6F_A
5WUC_A
5GPY_B
2FZV_A
6Y1Y_A
5JO8_A
3QXC_A
4LQB_A
3HTN_A
4I3G_A
2O1Q_A
2RDC_A
6NQC_A
1W66_A
2XCB_A
4KTW_A
4NOO_A
1C30_B
2FJI_1
5J1S_A
1INP_A
5F29_A
6C9X_A
7DBU_A
3C7A_A
6ANW_A
2IPI_A
4EW7_A
3BBL_A
1WWI_A
1P9Y_A
2GN4_A
3LF5_A
3IU6_A
1QDB_A
2IAB_A
3M9L_A
2YWI_A
4IQN_A
2FCL_A
2POK_A
3AKS_A
2I2O_A
4E0T_A
3HHD_A
5LS7_D
3KOR_A
4XOT_A
3HJ4_A
3RF0_A
5LPI_A
2HIN_A
6BTY_A
7NHE_A
2W8X_A
3R2C_A
6VZD_A
1NWW_A
6X1G_A
3N91_A
3BZW_A
3CSW_A
1I60_A
2FL4_A
3G85_A
2O5U_A
7JJA_A
5YAX_C
2FZP_A
1R6D_A
3ORU_A
4FP5_D
3G0K_A
5MDT_A
5NSA_A
3HDJ_A
3TCV_A
6B9X_E
3ARX_A
3PF7_A
4WHS_A
3LY0_A
2FCJ_A
4O32_A
4H7L_A
1V72_A
6JMK_A
4A6Q_A
5B21_A
6HAT_A
5TT6_A
4GCN_A
3FKE_A
3BCY_A
3HY0_A
4LQX_A
4UEY_A
4ES8_A
7CNP_A
2GWF_A
2OAF_A
4J7B_C
5BY8_B
3DF8_A
5C0P_A
2XKI_A
6C74_A
2BDR_A
2ZC3_C
5KAX_A
7O9O_A
3UV1_A
5GXE_A
1O94_A
5GZ3_A
3W3W_B
4H7U_A
2CVI_A
5HJ9_A
2ETB_A
2YJL_A
4XXH_A
4WKS_C
6J98_A
2V1Q_A
3F5R_A
5EMI_A
2ET1_A
5OMB_C
3DXE_A
6ZAY_C
4MB7_A
1RG8_A
1TUH_A
1O7I_A
1JTD_B
3VXC_A
1TUK_A
4K82_A
2BBD_A
5IMU_A
6P2D_A
5LE5_F
4F1J_A
6U2D_A
5Z6D_A
3LP5_A
4AXO_A
7ESJ_A
1S98_A
1T61_A
6CUM_A
2NNU_A
3OR5_A
5VMD_A
2UW1_A
5MRI_A
1JKG_A
5N3U_B
4MZV_A
2YXB_A
5XEY_A
3SOJ_A
4C2V_C
3F08_A
4ZMK_A
6NOP_A
5ELB_A
4CIJ_A
6LCJ_A
4BOL_A
7S5A_A
4PZ1_A
5J1N_A
5Y69_A
1RLW_A
5GVA_A
6AEP_A
3EXZ_A
1JB3_A
3RYK_A
1IGQ_A
5J7O_A
3IB7_A
5N40_A
6M31_A
1RI5_A
4E5X_G
2ZZJ_A
4E9X_A
5TZP_A
3PE5_A
5D9X_A
6HBB_A
3TFJ_A
7L71_A
1DUS_A
5E9P_A
5CES_A
5H0J_A
3UMO_A
5EX8_A
3HNX_A
3TL4_X
1CHM_A
2XDW_A
4PEU_A
3NO7_A
6IIP_A
1W2W_A
4ERN_A
3G3S_A
1OSY_A
2PJZ_A
3CT6_A
4HNO_A
5TOQ_A
4LQE_A
3FHV_A
5O2X_A
2BAY_A
3WA2_X
3DHX_A
4TZ1_A
3QK8_A
5C8Z_A
4DOV_A
4C2L_A
4YAR_A
7BWU_A
3IX7_A
4QUS_A
6VYD_A
5YHZ_A
4CD5_A
1QST_A
6HTJ_A
5YA6_A
4OI4_A
6P0C_A
5FVJ_A
6LN3_A
3LAE_A
3W77_A
3BES_R
3A07_A
4KC5_A
3SY6_A
5ESW_A
5T86_A
2HZG_A
1J7X_A
5XBN_A
3BBJ_A
2PE4_A
2UWA_A
2RE3_A
6ERC_A
5KLA_A
4TJV_A
1I4U_A
6M6U_B
6VLI_A
3D2U_A
5JBX_A
4ECF_A
6COJ_A
7EXI_A
7E72_E
1AHS_A
6YGU_B
3ID1_A
6CZH_A
2HJS_A
6CWM_A
1V8H_A
4G9E_A
3MCZ_A
4XP8_A
4ZFL_A
1NXM_A
5Z0D_A
1JOF_A
6EXZ_A
3VLD_A
6AZ5_A
5G38_A
1EBF_A
4RU3_A
6W54_A
1NVP_D
3V7B_A
6N4L_A
5EHA_A
5BK9_A
4P09_A
1F86_A
5XA5_B
3BED_A
4WPY_A
3IP3_A
6GHO_B
3KZT_A
5ZW7_A
2VB1_A
3CC8_A
5XMZ_A
6BS9_A
6IL9_A
3ROT_A
7D8O_A
5ZYN_B
5JEL_A
3RX9_A
3MCB_B
3GQH_A
3RET_A
4UZZ_A
1HXI_A
4ESQ_A
3HSH_A
3CIM_A
6X1Z_A
5BXR_A
4XSL_A
7KPJ_E
1WZA_A
1UB9_A
4ZVA_A
4E5V_A
3LKE_A
5XKX_A
1SVS_A
1SED_A
5O3N_A
5KE1_A
6ABI_A
3G5O_B
3QUF_A
5O15_A
3BZ6_A
5XZT_A
7KC8_A
6F9Q_A
6IF6_A
3SZA_A
3KBB_A
3QZR_A
5JJE_B
1DS1_A
4DT5_A
3JV1_A
3H7I_A
5M45_B
3KD6_A
2ETS_A
7EJW_C
1EJF_A
2WOL_A
2CAL_A
2Z7B_A
7K9C_A
7LVS_F
1KQ3_A
5IWH_A
5T6J_B
1IRQ_A
4UDQ_A
3OUL_A
2HAL_A
4OHJ_A
2CC3_A
2OIK_A
3GYG_A
4RU1_A
1L8R_A
