filter structures with 100 - 200 residues...
save filtered dataset at D:\ProteinBackboneDesign\Dataset\Dataset_100_200 done! size: 4902
filtered pdb files:
1A1X_A
1A3A_A
1A73_A
1AB8_A
1ACF_A
1AE9_A
1AHS_A
1ALU_A
1AM7_A
1AOC_A
1AOH_A
1APY_B
1AQZ_A
1ATZ_A
1AYO_A
1AZS_A
1B0B_A
1BD8_A
1BEA_A
1BGF_A
1BKR_A
1BM9_A
1BOU_A
1BTN_A
1BUO_A
1BVY_F
1BYF_A
1BYR_A
1C7K_A
1CCW_A
1CCZ_A
1CFZ_A
1CHD_A
1CJW_A
1CMC_A
1CNT_1
1COL_A
1CPR_A
1CR5_A
1CV8_A
1CXQ_A
1CYW_A
1D02_A
1D0Q_A
1D2O_A
1D2S_A
1D2Z_A
1D2Z_B
1D4O_A
1D4T_A
1D9C_A
1DBW_A
1DCF_A
1DFX_A
1DG6_A
1DK8_A
1DM9_A
1DMG_A
1DOW_A
1DQG_A
1DUS_A
1DVO_A
1DWK_A
1DYN_A
1DYO_A
1DZ3_A
1E29_A
1E5K_A
1E7L_A
1EAJ_A
1EAQ_A
1EB6_A
1ECS_A
1EER_A
1EJ8_A
1EJE_A
1EJF_A
1ELK_A
1EM9_A
1EPA_A
1EUW_A
1EVS_A
1EW4_A
1EXT_A
1F1E_A
1F1M_A
1F32_A
1F39_A
1F3U_A
1F3U_B
1F3V_A
1F46_A
1F7D_A
1F86_A
1FAO_A
1FC3_A
1FEU_A
1FJR_A
1FM0_E
1FPO_A
1FPZ_A
1FXK_B
1FXK_C
1FZR_A
1G12_A
1G3K_A
1G3P_A
1G5C_A
1G5T_A
1G6G_A
1G8K_B
1GAK_A
1GHE_A
1GK8_I
1GMI_A
1GML_A
1GMU_A
1GMX_A
1GNY_A
1GO3_E
1GO3_F
1GP0_A
1GPR_A
1GS9_A
1GT1_A
1GU2_A
1GU3_A
1GU9_A
1GUI_A
1GWM_A
1GXJ_A
1GZS_B
1H1O_A
1H4X_A
1H6F_A
1H6H_A
1H8U_A
1H97_A
1HE1_A
1HF2_A
1HH8_A
1HLB_A
1HQZ_1
1HTW_A
1HUL_A
1HXI_A
1HXR_A
1HY5_A
1HZT_A
1I0R_A
1I1Q_B
1I1R_B
1I4D_A
1I4J_A
1I4U_A
1I58_A
1I8A_A
1IAP_A
1IAR_B
1IBY_A
1ID0_A
1IDP_A
1IFC_A
1IFR_A
1IGN_A
1IIB_A
1IKT_A
1ILK_A
1IO0_A
1IOO_A
1IQ4_A
1IQV_A
1IT2_A
1ITH_A
1ITV_A
1IUJ_A
1IZ6_A
1IZM_A
1J0P_A
1J24_A
1J2R_A
1J3A_A
1J3M_A
1J3W_A
1J5U_A
1J77_A
1J83_A
1J98_A
1JB3_A
1JBE_A
1JE5_A
1JF3_A
1JF8_A
1JFU_A
1JH6_A
1JHJ_A
1JHS_A
1JID_A
1JIW_I
1JKE_A
1JKG_A
1JMV_A
1JOG_A
1JOS_A
1JQL_B
1JUV_A
1JYA_A
1JYH_A
1JYO_A
1JYO_E
1K4N_A
1K66_A
1K6K_A
1K7J_A
1K8K_E
1K8K_F
1K8K_G
1KAF_A
1KGD_A
1KK8_B
1KL9_A
1KLX_A
1KMT_A
1KMV_A
1KNM_A
1KOE_A
1KPT_A
1KQ6_A
1KR4_A
1KT6_A
1KXG_A
1KXO_A
1KZF_A
1L3K_A
1L4D_B
1L6P_A
1L8R_A
1LBA_A
1LF7_A
1LKI_A
1LKK_A
1LMI_A
1LO7_A
1LQ9_A
1LQV_A
1LR0_A
1LSH_B
1LSL_A
1LU4_A
1LWB_A
1LXJ_A
1LY2_A
1M1H_A
1M2D_A
1M4J_A
1M4U_A
1M55_A
1M9Z_A
1MAI_A
1MB3_A
1MBA_A
1MBM_A
1MC2_A
1MDC_A
1MF7_A
1MHQ_A
1MIJ_A
1MK4_A
1MQV_A
1MSC_A
1MVL_A
1MW5_A
1MWW_A
1MY7_A
1N08_A
1N12_A
1N13_B
1N1C_A
1N62_A
1N71_A
1N81_A
1N8V_A
1N9P_A
1NC7_A
1NEP_A
1NFV_A
1NG6_A
1NIG_A
1NJH_A
1NJK_A
1NKI_A
1NLQ_A
1NOX_A
1NQZ_A
1NRJ_A
1NRJ_B
1NTV_A
1NU0_A
1NWW_A
1NWZ_A
1NXM_A
1NYC_A
1NYK_A
1NZ0_A
1NZN_A
1O22_A
1O4T_A
1O4W_A
1O7I_A
1O8X_A
1OA8_A
1OCY_A
1OD3_A
1OFU_X
1OH4_A
1OHU_A
1OI0_A
1OJ5_A
1ON2_A
1OO0_A
1OOH_A
1OQV_A
1OR4_A
1ORS_C
1ORU_A
1OSY_A
1OTG_A
1OU8_A
1OUW_A
1OW1_A
1OW4_A
1OZ9_A
1P32_A
1P57_A
1P5V_B
1P6O_A
1P90_A
1P9Y_A
1PAQ_A
1PBW_A
1PDK_B
1PDO_A
1PJU_A
1PKH_A
1PKO_A
1PMH_X
1POC_A
1PP0_A
1PP7_U
1PSR_A
1PT6_A
1PUC_A
1PVM_A
1PZ4_A
1PZ7_A
1Q0P_A
1Q1F_A
1Q40_B
1Q42_A
1Q4U_A
1Q5Z_A
1Q67_A
1Q7L_A
1Q87_A
1Q9U_A
1QCS_A
1QDD_A
1QF8_A
1QFT_A
1QHH_C
1QHQ_A
1QHX_A
1QJP_A
1QKR_A
1QNA_A
1QO0_D
1QQP_1
1QQR_A
1QSM_A
1QST_A
1QV1_A
1QYN_A
1QZG_A
1R0D_A
1R0U_A
1R26_A
1R4V_A
1R62_A
1R75_A
1R9W_A
1RG8_A
1RJ8_A
1RKI_A
1RLI_A
1RLW_A
1ROC_A
1ROW_A
1RTT_A
1RUT_X
1RW1_A
1RXQ_A
1RY9_A
1RYL_A
1S21_A
1S2X_A
1S3C_A
1S3L_A
1S4C_A
1S5U_A
1S7Z_A
1S99_A
1S9U_A
1SAU_A
1SBQ_A
1SBX_A
1SCF_A
1SD4_A
1SDO_A
1SED_A
1SEI_A
1SEN_A
1SFP_A
1SFX_A
1SGM_A
1SGW_A
1SH8_A
1SHU_X
1SJW_A
1SJY_A
1SKZ_A
1SLU_A
1SMO_A
1SQU_A
1SQW_A
1SR4_A
1SR4_C
1SRA_A
1STM_A
1SVP_A
1SZ7_A
1SZ9_A
1SZH_A
1T1J_A
1T2W_A
1T3G_A
1T3Y_A
1T6A_A
1T6T_1
1T6U_A
1T82_A
1T92_A
1T9I_A
1TC1_A
1TFE_A
1TH8_A
1TQG_A
1TT8_A
1TU1_A
1TU9_A
1TUA_A
1TUH_A
1TUL_A
1TUV_A
1TUW_A
1TVG_A
1TWU_A
1TX4_A
1TZ0_A
1U14_A
1U53_A
1U5D_A
1U7I_A
1U7K_A
1U7P_A
1U8S_A
1UB9_A
1UCD_A
1UFY_A
1UKF_A
1UKK_A
1UNN_C
1UNQ_A
1USC_A
1USU_B
1UT7_A
1UTY_A
1UUN_A
1UUY_A
1UXO_A
1UZ3_A
1UZK_A
1V2X_A
1V2Z_A
1V30_A
1V4P_A
1V8D_A
1V8H_A
1V96_A
1V9Y_A
1VCA_A
1VCH_A
1VGJ_A
1VH5_A
1VHU_A
1VI3_A
1VI6_A
1VIM_A
1VJF_A
1VJG_A
1VJL_A
1VJN_A
1VJX_A
1VKE_A
1VKF_A
1VKK_A
1VL7_A
1VMB_A
1VMH_A
1VMO_A
1VPM_A
1VQO_E
1VQO_H
1VQO_L
1VQO_M
1VQO_N
1VQO_O
1VQO_P
1VQO_R
1VQO_W
1VQS_A
1VQT_A
1VR4_A
1VR7_A
1VR8_A
1VSR_A
1VYK_A
1W0N_A
1W1H_A
1W2W_B
1W4S_A
1W8I_A
1WBA_A
1WC3_A
1WDJ_A
1WEH_A
1WHI_A
1WJX_A
1WKA_A
1WKC_A
1WKQ_A
1WL8_A
1WLF_A
1WLJ_A
1WLU_A
1WMX_A
1WMZ_A
1WN2_A
1WNA_A
1WNY_A
1WOL_A
1WOU_A
1WPA_A
1WPB_A
1WPU_A
1WS6_A
1WU3_I
1WV3_A
1WVH_A
1WVQ_A
1WWC_A
1WWI_A
1WWP_A
1WWZ_A
1WY6_A
1X0G_A
1X0T_A
1X3K_A
1X6M_A
1X6O_A
1X6Z_A
1X8Q_A
1X91_A
1X9U_A
1X9Z_A
1XAU_A
1XBI_A
1XE0_A
1XE7_A
1XFS_A
1XG0_C
1XHN_A
1XJ3_A
1XJU_A
1XKI_A
1XKP_B
1XKP_C
1XLQ_A
1XM7_A
1XRK_A
1XS0_A
1XSV_A
1XT5_A
1XTE_A
1XUV_A
1XW3_A
1XWV_A
1XX7_A
1Y0H_A
1Y0K_A
1Y14_A
1Y14_B
1Y43_B
1Y5H_A
1Y60_A
1Y71_A
1Y7R_A
1Y81_A
1Y88_A
1Y93_A
1Y9I_A
1Y9L_A
1YAD_A
1YB0_A
1YB3_A
1YE8_A
1YG2_A
1YGT_A
1YHF_A
1YJ7_A
1YK3_A
1YLF_A
1YLL_A
1YLM_A
1YM3_A
1YOA_A
1YOC_A
1YOX_A
1YOZ_A
1YPY_A
1YRK_A
1YSQ_A
1YTL_A
1YZ7_A
1YZF_A
1YZV_A
1Z0J_A
1Z1S_A
1Z2U_A
1Z4E_A
1Z67_A
1Z6M_A
1Z6N_A
1Z9L_A
1ZAV_A
1ZBX_B
1ZC4_B
1ZCE_A
1ZD0_A
1ZE3_H
1ZH5_A
1ZHS_A
1ZHV_A
1ZK5_A
1ZK8_A
1ZLD_A
1ZNP_A
1ZO2_A
1ZPS_A
1ZSO_A
1ZUO_A
1ZVP_A
1ZX8_A
1ZXQ_A
1ZYN_A
2A0B_A
2A15_A
2A1V_A
2A4V_A
2A5L_A
2A67_A
2A90_A
2A9I_A
2A9U_A
2AE6_A
2AG4_A
2AJ6_A
2AMH_A
2ANX_A
2AP3_A
2AQ6_A
2AQP_A
2AR5_A
2ARC_A
2ASF_A
2ASK_A
2AU5_A
2AUW_A
2AXW_A
2AZW_A
2B06_A
2B0A_A
2B0C_A
2B0V_A
2B2A_A
2B4A_A
2B5G_A
2B67_A
2B8M_A
2B98_A
2BB3_A
2BBE_A
2BBR_A
2BCM_A
2BDR_A
2BFW_A
2BHG_A
2BJN_A
2BK9_A
2BKM_A
2BMO_B
2BNG_A
2BNL_A
2BOU_A
2BRF_A
2BSJ_A
2BUE_A
2BVU_A
2BYO_A
2BZ1_A
2BZV_A
2C0N_A
2C1D_B
2C2I_A
2C2Q_A
2C2U_A
2C8S_A
2C92_A
2CAL_A
2CAR_A
2CAY_A
2CC3_A
2CDP_A
2CE2_X
2CF7_A
2CFA_A
2CHC_A
2CIU_A
2CJ4_A
2CJT_A
2CKK_A
2CO3_A
2CUA_A
2CVE_A
2CW9_A
2CWP_A
2CWQ_A
2CX1_A
2CX7_A
2CXH_A
2CXY_A
2CY5_A
2CYJ_A
2CZV_C
2D00_A
2D0O_B
2D1P_B
2D28_C
2D4G_A
2D4P_A
2D4R_A
2D5M_A
2D7V_A
2DBB_A
2DC4_A
2DDZ_A
2DKO_A
2DKO_B
2DM9_A
2DOK_A
2DP9_A
2DQL_A
2DST_A
2DT4_A
2DTC_A
2DTJ_A
2DVK_A
2DWK_A
2DXA_A
2DXQ_A
2E2E_A
2E56_A
2E5Y_A
2E6M_A
2E7V_A
2E85_A
2E8B_A
2E8E_A
2E9X_A
2E9X_B
2E9X_C
2EB1_A
2EBE_A
2EBJ_A
2ECU_A
2EGJ_A
2EHB_D
2EHP_A
2EHW_A
2EJ8_A
2EJN_A
2EJQ_A
2EKD_A
2END_A
2ERV_A
2ETD_A
2ETS_A
2EV1_A
2EW0_A
2EWC_A
2F01_A
2F06_A
2F0C_A
2F1F_A
2F22_A
2F23_A
2F3L_A
2F41_A
2F46_A
2F4I_A
2F4P_A
2F4W_A
2F5G_A
2F5J_A
2F62_A
2F6M_B
2F9H_A
2FA1_A
2FA5_A
2FB6_A
2FBN_A
2FCJ_A
2FCK_A
2FCL_A
2FCO_A
2FD4_A
2FDB_M
2FE1_A
2FE3_A
2FEX_A
2FFS_A
2FG1_A
2FG9_A
2FH5_A
2FH5_B
2FHN_X
2FHP_A
2FHQ_A
2FHZ_A
2FI1_A
2FI9_A
2FIP_A
2FIW_A
2FJ8_A
2FK5_A
2FKK_A
2FL4_A
2FLH_A
2FP1_A
2FPH_X
2FPN_A
2FPR_A
2FR5_A
2FRE_A
2FRG_P
2FSR_A
2FUJ_A
2FUL_A
2FUP_A
2FUR_A
2FWH_A
2FWV_A
2FXA_A
2FZP_A
2G3R_A
2G3V_A
2G3W_A
2G40_A
2G5R_A
2G7G_A
2G7L_A
2G7S_A
2G84_A
2G9W_A
2GA1_A
2GAG_C
2GAN_A
2GAX_A
2GD9_A
2GDM_A
2GE7_A
2GEN_A
2GEY_A
2GF6_A
2GFN_A
2GIA_A
2GIA_B
2GKG_A
2GKP_A
2GLZ_A
2GM3_A
2GMY_A
2GRR_B
2GS5_A
2GSC_A
2GU3_A
2GU9_A
2GUD_A
2GUH_A
2GUI_A
2GUK_A
2GVI_A
2GWF_A
2GWM_A
2GYQ_A
2GZ4_A
2GZQ_A
2H1C_A
2H1T_A
2H30_A
2H3L_A
2H5C_A
2H5N_A
2H88_C
2H88_D
2H8E_A
2HA8_A
2HBO_A
2HCM_A
2HD0_A
2HD9_A
2HDI_B
2HDO_A
2HEW_F
2HHG_A
2HHZ_A
2HIY_A
2HKV_A
2HLJ_A
2HMH_A
2HNG_A
2HPS_A
2HQ4_A
2HQ7_A
2HQ9_A
2HQL_A
2HQT_A
2HRA_A
2HSB_A
2HSN_A
2HTD_A
2HTI_A
2HUH_A
2HUJ_A
2HVW_A
2HW2_A
2HW4_A
2HX5_A
2HXI_A
2HXR_A
2HXS_A
2HY5_A
2HY5_B
2HY5_C
2HYJ_A
2HYT_A
2HZQ_A
2I02_A
2I10_A
2I15_A
2I1S_A
2I24_N
2I39_A
2I51_A
2I52_A
2I5H_A
2I6H_A
2I74_A
2I7H_A
2I8D_A
2I8T_A
2I9C_A
2I9W_A
2IA0_A
2IA1_A
2IA7_A
2IAB_A
2IAF_A
2IAY_A
2IAZ_A
2IB0_A
2IBD_A
2IBL_A
2IC2_A
2ICG_A
2ID3_A
2IDL_A
2IF6_A
2IG6_A
2IG8_A
2IGP_A
2IIH_A
2IJ0_C
2IJQ_A
2IKB_A
2IKK_A
2IL5_A
2IM8_A
2IMJ_A
2IML_A
2IN5_A
2INW_A
2IOJ_A
2IPQ_X
2IQC_A
2IT2_A
2IT9_A
2IU1_A
2IWR_A
2IYG_A
2IYV_A
2J1V_A
2J2J_A
2J3T_C
2J3W_A
2J3W_B
2J49_A
2J6B_A
2J6P_A
2J7A_C
2J8K_A
2J9W_A
2JAQ_A
2JCB_A
2JDA_A
2JDC_A
2JDI_G
2JDJ_A
2JEK_A
2JJ7_A
2JJS_C
2JJW_A
2JJZ_A
2JLI_A
2MCM_A
2MHR_A
2NN5_A
2NNN_A
2NPT_A
2NQ3_A
2NR7_A
2NRH_A
2NRK_A
2NRR_A
2NS6_A
2NS9_A
2NSA_A
2NSC_A
2NSZ_A
2NUJ_A
2NUT_C
2NVN_A
2NWF_A
2NWI_A
2NX2_A
2NX4_A
2NXP_A
2NYI_A
2NYU_A
2NYX_A
2O0Q_A
2O1Q_A
2O3A_A
2O5F_A
2O5H_A
2O5U_A
2O6P_A
2O7A_A
2O7T_A
2O8Q_A
2O90_A
2O99_A
2OA2_A
2OAF_A
2OB5_A
2OB9_A
2OD0_A
2OD6_A
2ODA_A
2OEB_A
2OER_A
2OFC_A
2OFK_A
2OFZ_A
2OGG_A
2OH1_A
2OH3_A
2OHW_A
2OIK_A
2OIW_A
2OIX_A
2OIZ_D
2OKF_A
2OKU_A
2OL5_A
2OMD_A
2OML_A
2ONF_A
2ONU_A
2OOC_A
2OOJ_A
2OP5_A
2OPC_A
2OPE_A
2OPI_A
2OPK_A
2OPL_A
2OQB_A
2OQM_A
2ORW_A
2OS0_A
2OSE_A
2OSO_A
2OU3_A
2OU5_A
2OUC_A
2OUW_A
2OV0_A
2OV9_A
2OX1_A
2OX6_A
2OX7_A
2OXG_B
2OYN_A
2OYO_A
2OZH_A
2OZN_A
2OZV_A
2P08_A
2P0N_A
2P0S_A
2P0T_A
2P12_A
2P14_A
2P1A_A
2P2E_A
2P38_A
2P39_A
2P3P_A
2P4F_A
2P58_C
2P5V_A
2P65_A
2P6Y_A
2P8I_A
2P8T_A
2P97_A
2PA7_A
2PAG_A
2PAQ_A
2PC1_A
2PCN_A
2PD1_A
2PD2_A
2PEX_A
2PEZ_A
2PFI_A
2PH0_A
2PHP_A
2PIE_A
2PIM_A
2PJS_A
2PJU_A
2PKD_A
2PKH_A
2PLN_A
2PMA_A
2PN0_A
2PN2_A
2PND_A
2PNL_A
2PQ7_A
2PR7_A
2PRV_A
2PRX_A
2PT7_G
2PTM_A
2PTT_A
2PV2_A
2PV4_A
2PVB_A
2PWW_A
2PYQ_A
2Q03_A
2Q22_A
2Q37_A
2Q3L_A
2Q3Q_A
2Q3S_A
2Q3T_A
2Q3W_A
2Q3X_A
2Q48_A
2Q4M_A
2Q5C_A
2Q78_A
2Q7A_A
2Q7B_A
2Q82_A
2Q8O_A
2Q97_T
2Q9K_A
2Q9R_A
2QCK_A
2QDL_A
2QE9_A
2QEA_A
2QEU_A
2QEV_A
2QF4_A
2QFE_A
2QGG_A
2QGU_A
2QH9_A
2QHQ_A
2QIH_A
2QIP_A
2QIY_A
2QJW_A
2QJZ_A
2QKO_A
2QL3_A
2QL8_A
2QLC_A
2QLX_A
2QML_A
2QNG_A
2QNI_A
2QNL_A
2QPV_A
2QQ4_A
2QR3_A
2QSD_A
2QSF_X
2QSI_A
2QSX_A
2QT1_A
2QTD_A
2QTQ_A
2QUP_A
2QV0_A
2QVG_A
2QVK_A
2QWU_A
2QWZ_A
2QXY_A
2QYA_A
2QYB_A
2QYF_B
2QZT_A
2R01_A
2R0X_A
2R16_A
2R19_A
2R1I_A
2R25_A
2R2A_A
2R2C_A
2R39_A
2R47_A
2R4I_A
2R5O_A
2R5U_A
2R6U_A
2R6V_A
2R78_A
2RA9_A
2RAA_A
2RAE_A
2RAF_A
2RBB_A
2RBD_A
2RBG_A
2RCI_A
2RD9_A
2RDC_A
2RDG_A
2RDM_A
2RE3_A
2RE7_A
2REE_A
2REK_A
2RET_B
2RFF_A
2RFL_A
2RG8_A
2RGQ_A
2RH0_A
2RH3_A
2RHM_A
2RIQ_A
2RJ2_A
2RK0_A
2RK9_A
2RKH_A
2RL8_A
2RLD_A
2SAK_A
2SCP_A
2SPC_A
2UV4_A
2UVP_A
2UY6_B
2V0X_A
2V14_A
2V1M_A
2V4X_A
2V6V_A
2V79_A
2V7F_A
2V7S_A
2V8F_A
2V8Q_A
2V9V_A
2VB1_A
2VCL_A
2VEZ_A
2VGA_A
2VH3_A
2VI7_A
2VJW_A
2VKJ_A
2VKW_A
2VMH_A
2VNG_A
2VO9_A
2VQ3_A
2VQ8_A
2VS7_A
2VSW_A
2VUH_B
2VUV_A
2VVW_A
2VX8_A
2VXG_A
2VXT_I
2VXZ_A
2VY8_A
2VZB_A
2VZC_A
2VZP_A
2VZY_A
2W07_B
2W0G_A
2W0I_A
2W1J_A
2W1R_A
2W2R_A
2W2X_C
2W31_A
2W3G_A
2W3X_A
2W4E_A
2W4L_A
2W56_A
2W5E_A
2W6K_A
2W72_B
2W7Z_A
2W8M_A
2W9Y_A
2WAS_A
2WAW_A
2WBN_A
2WCR_A
2WCW_A
2WDQ_C
2WDQ_D
2WDS_A
2WFI_A
2WFO_A
2WFW_A
2WH6_A
2WJ9_A
2WKB_A
2WL8_A
2WLV_A
2WNS_A
2WNY_A
2WP7_A
2WQ4_A
2WQF_A
2WSH_A
2WTG_A
2WVF_A
2WVI_A
2WWE_A
2WWX_B
2WY3_A
2WY3_B
2WY4_A
2WZ9_A
2WZL_A
2WZO_A
2X2S_A
2X32_A
2X36_A
2X3G_A
2X3M_A
2X46_A
2X4J_A
2X5N_A
2X5Q_A
2X5R_A
2X5Y_A
2X78_A
2XC8_A
2XCB_A
2XDH_A
2XDP_A
2XEV_A
2XFG_B
2XFV_A
2XG5_B
2XGG_A
2XGR_A
2XGU_A
2XHA_A
2XHF_A
2XI7_A
2XKI_A
2XL4_A
2XLK_A
2XOD_A
2XOL_A
2XOM_A
2XOV_A
2XP1_A
2XPP_A
2XQX_A
2XRH_A
2XSD_C
2XT2_A
2XVM_A
2XVO_A
2XVS_A
2XW6_A
2XW7_A
2XWS_A
2XZ8_A
2XZE_A
2Y0O_A
2Y3M_A
2Y44_A
2Y6X_A
2Y7B_A
2Y8G_A
2YFU_A
2YG2_A
2YGN_A
2YH5_A
2YH6_A
2YHF_A
2YIL_A
2YJK_A
2YJL_A
2YKZ_A
2YLE_A
2YNQ_A
2YOG_A
2YQY_A
2YSK_A
2YVE_A
2YWI_A
2YWL_A
2YX6_A
2YXB_A
2YYO_A
2YZJ_A
2YZY_A
2Z08_A
2Z0B_A
2Z0U_A
2Z0X_A
2Z10_A
2Z3H_A
2Z3Q_A
2Z51_A
2Z5B_A
2Z5B_B
2Z5W_A
2Z69_A
2Z6O_A
2Z98_A
2ZAY_A
2ZB9_A
2ZC3_C
2ZCA_A
2ZCM_A
2ZDP_A
2ZEX_A
2ZF9_A
2ZFD_A
2ZFD_B
2ZK9_X
2ZNR_A
2ZOP_A
2ZOU_A
2ZS0_C
2ZVY_A
3A07_A
3A0Y_A
3A1F_A
3A2Z_A
3A35_A
3A4C_A
3A57_A
3A5P_A
3A6R_A
3A6S_A
3A8G_A
3A98_A
3A98_B
3AAF_A
3ACH_A
3ADY_A
3AGN_A
3AGY_A
3AH7_A
3AIA_A
3AIH_A
3AJ1_A
3AJ4_A
3AJV_A
3AJW_A
3AK8_A
3AKS_A
3ALU_A
3ANO_A
3ANP_A
3AON_A
3AQ2_A
3AQB_A
3AQT_A
3AS5_A
3AYH_A
3AYH_B
3B21_A
3B33_A
3B42_A
3B5M_A
3B64_A
3B77_A
3B79_A
3B7C_A
3B81_A
3B8F_A
3B8L_A
3BA3_A
3BB6_A
3BBD_A
3BCV_A
3BCW_A
3BCY_A
3BDI_A
3BDV_A
3BDW_B
3BED_A
3BEM_A
3BF4_A
3BGE_A
3BGH_A
3BGU_A
3BHQ_A
3BHW_A
3BJA_A
3BJK_A
3BJN_A
3BJO_A
3BKR_A
3BL4_A
3BLN_A
3BLZ_A
3BM7_A
3BMZ_A
3BOD_A
3BPK_A
3BQX_A
3BRC_A
3BRO_A
3BRU_A
3BT3_A
3BT5_A
3BUT_A
3BVF_A
3BW6_A
3BWV_A
3BWZ_A
3BX4_B
3BY8_A
3BYQ_A
3BYW_A
3BZ6_A
3C19_A
3C1Q_A
3C2B_A
3C3P_A
3C4R_A
3C6A_A
3C6F_A
3C7M_A
3C7X_A
3C8G_A
3C8I_A
3C8L_A
3C97_A
3C9P_A
3CAN_A
3CBN_A
3CCG_A
3CCY_A
3CEB_A
3CEU_A
3CEW_A
3CEX_A
3CFY_A
3CG4_A
3CG6_A
3CH4_B
3CHM_A
3CI3_A
3CI6_A
3CIT_A
3CJD_A
3CJE_A
3CK1_A
3CK2_A
3CKK_A
3CM3_A
3CNB_A
3CNE_A
3CNH_A
3CNI_A
3CNU_A
3CNV_A
3CNX_A
3CO5_A
3CP3_A
3CP5_A
3CPK_A
3CQN_A
3CR3_A
3CRN_A
3CRY_A
3CT5_A
3CT6_A
3CT8_A
3CTG_A
3CU3_A
3CWR_A
3CX2_A
3CX5_G
3CXG_A
3CXK_A
3CYP_B
3CZ1_A
3CZX_A
3D00_A
3D01_A
3D06_A
3D0J_A
3D1P_A
3D3B_A
3D3M_A
3D3O_A
3D4E_A
3D5P_A
3D6W_A
3D79_A
3D7A_A
3D7J_A
3D7L_A
3D7N_A
3D89_A
3D8D_A
3D9N_A
3D9R_A
3D9X_A
3DA5_A
3DA7_A
3DAL_A
3DB7_A
3DBO_B
3DCZ_A
3DDC_B
3DEE_A
3DEW_A
3DF8_A
3DFR_A
3DFZ_A
3DI5_A
3DKA_A
3DKZ_A
3DLQ_I
3DM8_A
3DMB_A
3DMC_A
3DMN_A
3DN7_A
3DNS_A
3DNX_A
3DO8_A
3DOU_A
3DQY_A
3DSB_A
3DT5_A
3DTD_A
3DXE_A
3E05_A
3E0Z_A
3E11_A
3E1E_A
3E23_A
3E29_A
3E3U_A
3E3V_A
3E4G_A
3E4V_A
3E54_A
3E57_A
3E6Q_A
3E8L_C
3E8M_A
3E8P_A
3E98_A
3E99_A
3E9N_A
3E9T_A
3E9V_A
3EBE_A
3EBT_A
3EBY_A
3EC6_A
3ECF_A
3ECH_A
3EDO_A
3EEA_A
3EEH_A
3EF8_A
3EFA_A
3EFY_A
3EGN_A
3EHC_A
3EHG_A
3EJF_A
3EJK_A
3EJV_A
3EK3_A
3ELK_A
3EMI_A
3EMU_A
3EMX_A
3EN8_A
3ENP_A
3ENU_A
3EO4_A
3EO6_A
3EOI_A
3EP1_A
3EQZ_A
3ER6_A
3ER7_A
3ERV_A
3ES1_A
3ES4_A
3ESL_A
3ESM_A
3ETI_A
3ETZ_A
3EUL_A
3EVZ_A
3EXV_A
3EXZ_A
3EY5_A
3EYE_A
3EYX_A
3EZI_A
3F08_A
3F0D_A
3F14_A
3F1B_A
3F1P_B
3F1T_A
3F1Z_A
3F2Z_A
3F3B_A
3F40_A
3F43_A
3F4A_A
3F4M_A
3F5B_A
3F5O_A
3F5R_A
3F6C_A
3F6G_A
3F7C_A
3F7E_A
3F7S_A
3F7X_A
3F8K_A
3F8X_A
3F95_A
3F9S_A
3F9U_A
3FAC_A
3FBK_A
3FCN_A
3FD4_A
3FDI_A
3FDQ_A
3FDX_A
3FET_A
3FF2_A
3FF9_A
3FFL_A
3FFV_A
3FFY_A
3FG9_A
3FGE_A
3FGR_A
3FGY_A
3FH1_A
3FH3_A
3FHK_A
3FHV_A
3FJV_A
3FK8_A
3FK9_A
3FKA_A
3FKC_A
3FKE_A
3FL2_A
3FLD_A
3FLJ_A
3FLO_B
3FNC_A
3FOV_A
3FPN_A
3FPW_A
3FQM_A
3FRQ_A
3FSA_A
3FSO_A
3FT1_A
3FV6_A
3FVW_A
3FW2_A
3FXA_A
3FXH_A
3FYN_A
3FZ4_A
3FZ5_A
3FZE_A
3FZG_A
3G0K_A
3G0M_A
3G13_A
3G14_A
3G16_A
3G2E_A
3G3Z_A
3G46_A
3G48_A
3G7R_A
3G8K_A
3G98_A
3GA3_A
3GA4_A
3GAG_A
3GAX_A
3GBW_A
3GBY_A
3GCG_B
3GDW_A
3GE3_E
3GFA_A
3GGN_A
3GGY_A
3GI7_A
3GK6_A
3GLV_A
3GM5_A
3GMG_A
3GMX_A
3GOX_A
3GP6_A
3GPK_A
3GQH_A
3GQQ_A
3GR5_A
3GRC_A
3GRD_A
3GRN_A
3GS2_A
3GUV_A
3GVA_A
3GW4_A
3GWI_A
3GWL_A
3GWN_A
3GWR_A
3GWY_A
3GXH_A
3GXV_A
3GY9_A
3GYD_A
3GYK_A
3GZB_A
3GZR_A
3GZX_B
3H05_A
3H0N_A
3H2B_A
3H35_A
3H3B_A
3H3H_A
3H3I_A
3H4O_A
3H4Q_A
3H5I_A
3H5J_A
3H6Q_A
3H6R_A
3H79_A
3H7H_A
3H8U_A
3H8Z_A
3H95_A
3H9W_A
3HA2_A
3HA4_A
3HA9_A
3HB7_A
3HCZ_A
3HDG_A
3HE0_A
3HEB_A
3HEI_B
3HF5_A
3HFI_A
3HG9_A
3HIE_A
3HIM_A
3HIU_A
3HJ7_A
3HK4_A
3HKL_A
3HL6_A
3HM4_A
3HMC_A
3HMZ_A
3HN5_A
3HNW_A
3HNX_A
3HOI_A
3HPC_X
3HR4_A
3HSA_A
3HTN_A
3HUH_A
3HUP_A
3HV2_A
3HVA_A
3HVW_A
3HWJ_A
3HWU_A
3HX8_A
3HY3_A
3HYN_A
3HZH_B
3HZP_A
3I2V_A
3I38_A
3I3F_A
3I57_A
3I6X_A
3I7M_A
3I7T_A
3I9F_A
3I9S_A
3IA1_A
3IBZ_A
3ICU_A
3IDB_B
3IDF_A
3IDU_A
3IE4_A
3IEY_B
3IFU_A
3IG2_A
3IGR_A
3IH6_A
3II2_A
3IIJ_A
3IIS_M
3IJM_A
3IKB_A
3IL0_A
3ILX_A
3IM6_A
3IMK_A
3IMO_A
3IN6_A
3IP0_A
3IPR_A
3IQ1_A
3IQ2_A
3IQT_A
3IRA_A
3IRB_A
3IT4_A
3ITF_A
3ITQ_A
3ITW_A
3IU5_A
3IU6_A
3IUG_A
3IUO_A
3IV4_A
3IVV_A
3IWT_A
3IX3_A
3IX7_A
3JQW_A
3JRV_A
3JTW_A
3JU3_A
3JUD_A
3JUI_A
3JUM_A
3JV1_A
3JX9_A
3JYB_A
3JYG_A
3K0Y_A
3K0Z_A
3K1H_A
3K1S_A
3K1Y_A
3K29_A
3K2N_A
3K2Y_A
3K32_A
3K3C_A
3K4I_A
3K5J_A
3K63_A
3K67_A
3K69_A
3K6Q_A
3K7C_A
3K7I_B
3K8U_A
3KB2_A
3KB5_A
3KBG_A
3KBQ_A
3KBY_A
3KDF_A
3KDF_B
3KE2_A
3KE7_A
3KEV_A
3KEY_A
3KF6_A
3KF6_B
3KF8_B
3KFF_A
3KG4_A
3KGZ_A
3KH0_A
3KH1_A
3KH7_A
3KHN_A
3KHT_A
3KJJ_A
3KKD_A
3KKF_A
3KKG_A
3KLQ_A
3KLU_A
3KM5_A
3KMI_A
3KNV_A
3KOL_A
3KOP_A
3KOS_A
3KPB_A
3KSN_A
3KTA_A
3KTA_B
3KTO_A
3KUQ_A
3KUU_A
3KUV_A
3KW0_A
3KWE_A
3KWK_A
3KWO_A
3KXR_A
3KY8_A
3KYJ_A
3KYZ_A
3KZT_A
3L00_A
3L1N_A
3L2H_A
3L4A_A
3L4C_A
3L4E_A
3L4N_A
3L4R_A
3L51_A
3L51_B
3L6I_A
3L82_B
3L8D_A
3L9J_C
3LAA_A
3LAX_A
3LB2_A
3LBE_A
3LD2_A
3LF9_A
3LFJ_A
3LFK_A
3LHE_A
3LHN_A
3LIY_A
3LLO_A
3LLU_A
3LMF_A
3LOD_A
3LOI_A
3LOR_A
3LPW_A
3LQ9_A
3LQB_A
3LQC_A
3LQK_A
3LS0_A
3LTE_A
3LUA_A
3LUI_A
3LUQ_A
3LUR_A
3LVY_A
3LW3_A
3LWA_A
3LWJ_A
3LWX_A
3LX3_A
3LXR_F
3LYD_A
3LYG_A
3M4I_A
3M6J_A
3M7A_A
3M7K_A
3M86_A
3M9L_A
3MAH_A
3MAL_A
3MAO_A
3MC3_A
3MCW_A
3ME0_B
3ME7_A
3MEA_A
3MFB_A
3MFN_A
3MFX_A
3MGD_A
3MGK_A
3MKL_A
3MKO_A
3MKQ_B
3MMH_A
3MN2_A
3MNM_A
3MQQ_A
3MR0_A
3MSE_B
3MSW_A
3MTI_A
3MTK_A
3MTQ_A
3MUJ_A
3MVC_A
3MW6_A
3MWZ_A
3MXN_A
3MXN_B
3MXO_A
3MXZ_A
3MY2_A
3N08_A
3N10_A
3N1E_A
3N4J_A
3N6Y_A
3N72_A
3N7C_A
3NA2_A
3NBC_A
3NBI_A
3NBM_A
3NCE_A
3NCT_A
3NCV_A
3NDZ_E
3NE7_A
3NEC_A
3NFD_A
3NFQ_A
3NFW_A
3NGW_A
3NHV_A
3NI8_A
3NJ2_A
3NJA_A
3NJC_A
3NJE_A
3NJN_A
3NKE_A
3NKG_A
3NL9_A
3NNG_A
3NPD_A
3NPH_B
3NQN_A
3NQZ_A
3NR5_A
3NRF_A
3NRH_A
3NRW_A
3NRX_A
3NSW_A
3NTK_A
3NUF_A
3NV0_A
3NV0_B
3NWJ_A
3NY7_A
3NYM_A
3NZ2_A
3NZ3_A
3NZN_A
3O0G_D
3O0L_A
3O0M_A
3O10_A
3O12_A
3O22_A
3O2R_A
3O2U_A
3O5Y_A
3O6Q_A
3O6Z_A
3O7I_A
3O94_A
3OBF_A
3OBQ_A
3OC8_A
3OCM_A
3OG6_A
3OG6_B
3OGN_A
3OHE_A
3OIO_A
3OIQ_A
3OKQ_A
3OKX_A
3OLO_A
3OMD_A
3ON4_A
3ON9_A
3ONH_A
3ONK_A
3ONP_A
3OOV_A
3OP6_A
3OP9_A
3OPC_A
3OQG_A
3OR5_A
3OSE_A
3OST_A
3OSV_A
3OT2_A
3OUG_A
3OWC_A
3OXP_A
3P06_A
3P0Y_A
3P2H_A
3P2T_A
3P48_A
3P4H_A
3P51_A
3P6B_A
3P9A_A
3P9V_A
3PAS_A
3PCV_A
3PDD_A
3PFY_A
3PG0_A
3PIW_A
3PJP_A
3PJV_D
3PKZ_A
3PLW_A
3PM2_A
3PM8_A
3PN3_A
3PNX_A
3POJ_A
3PP2_A
3PP9_A
3PQH_A
3PR6_A
3PRO_C
3PSQ_A
3PT8_A
3PVE_A
3PVH_A
3PVI_A
3PXV_A
3PYC_A
3PYW_A
3Q0H_A
3Q20_A
3Q2B_A
3Q46_A
3Q4O_A
3Q63_A
3Q64_A
3Q6A_A
3Q7R_A
3Q85_A
3QAY_A
3QBM_A
3QC1_A
3QC7_A
3QD7_X
3QDL_A
3QFL_A
3QH6_A
3QHP_A
3QIO_A
3QIR_A
3QJG_A
3QKG_A
3QL9_A
3QLE_A
3QOO_A
3QOR_A
3QP4_A
3QPA_A
3QQA_A
3QQN_A
3QR7_A
3QRA_A
3QRL_A
3QS2_A
3QSZ_A
3QTH_A
3QU3_A
3QUA_A
3QV0_A
3QVE_A
3QVG_B
3QW9_A
3QWM_A
3QZB_A
3QZM_A
3QZR_A
3R2C_A
3R2P_A
3R62_A
3R72_A
3R87_A
3R8J_A
3R90_A
3R9F_A
3RAZ_A
3RF0_A
3RGQ_A
3RJ2_X
3RKC_A
3RLE_A
3RLK_A
3RMH_A
3RMU_A
3RNV_A
3RO3_A
3ROB_A
3ROF_A
3RPE_A
3RPF_A
3RPJ_A
3RQA_A
3RRI_A
3RSN_A
3RT2_A
3RTL_A
3RWN_A
3RX6_A
3RX9_A
3RY4_A
3RYK_A
3S0A_A
3S2W_A
3S35_X
3S3T_A
3S4E_A
3S4L_A
3S6E_A
3S6F_A
3S6S_A
3S8I_A
3S8S_A
3S9D_A
3S9X_A
3SAO_A
3SB1_A
3SC2_B
3SGW_A
3SHG_A
3SHO_A
3SHP_A
3SJ5_A
3SK2_A
3SK7_A
3SL2_A
3SLZ_A
3SNF_A
3SNK_A
3SO6_A
3SOJ_A
3SON_A
3SU6_A
3SUB_A
3SUK_A
3SUM_A
3SXM_A
3SXU_A
3SXU_B
3SYY_A
3T0O_A
3T38_A
3T3L_A
3T4N_A
3T5X_A
3T64_A
3T6O_A
3T6Q_C
3T7Z_A
3T8K_A
3T8R_A
3T92_A
3T9O_A
3T9Y_A
3TDN_A
3TE8_A
3TEK_A
3TEQ_A
3TIO_A
3TJ7_A
3TJ8_A
3TL4_X
3TOW_A
3TS9_A
3TUF_A
3TUF_B
3TUO_A
3TV0_A
3TVQ_A
3U0C_A
3U12_A
3U1U_A
3U21_A
3U2A_A
3U3G_A
3U3Z_A
3U4V_A
3U50_C
3U52_E
3U5S_A
3U5W_A
3U6G_A
3U9J_A
3UAF_A
3UB2_A
3UB6_A
3UC2_A
3UC9_A
3UEB_A
3UEN_A
3UFE_A
3UH8_A
3UI4_A
3UID_A
3ULT_A
3UMH_A
3UO3_A
3UPS_A
3URG_A
3URR_A
3URZ_A
3USH_A
3UT4_A
3UUL_A
3UV1_A
3UX2_A
3V0R_A
3V1O_A
3V30_A
3V42_A
3V46_A
3V4D_A
3V4G_A
3V4K_A
3V67_A
3V69_A
3V6I_A
3V6O_A
3V7B_A
3V7D_A
3V96_A
3V9O_A
3VA4_A
3VA9_A
3VAA_A
3VBC_A
3VBJ_A
3VCX_A
3VFI_A
3VG7_A
3VGP_A
3VIQ_A
3VOQ_A
3VOR_A
3VP5_A
3VRD_A
3VU9_B
3VV1_A
3VVV_A
3VWB_A
3VWC_A
3VYG_B
3VZ9_B
3VZH_A
3W0T_A
3W1O_A
3W42_A
3W56_A
3W6B_A
3WDC_A
3WDN_A
3WEB_A
3WFD_C
3WG3_A
3WGX_A
3WHJ_A
3WIS_A
3WJT_A
3WMV_A
3WOE_A
3WOE_B
3WP0_A
3WSR_A
3WTD_A
3WTT_B
3WUR_A
3WUZ_A
3WVA_A
3WVT_A
3WVZ_A
3WWT_B
3WYD_A
3WZ3_A
3WZ4_A
3WZS_A
3X0I_A
3X0T_A
3X2M_A
3X37_A
3X37_B
3ZBD_A
3ZE3_A
3ZGH_A
3ZHN_A
3ZJA_A
3ZJB_A
3ZJL_A
3ZMD_A
3ZN4_A
3ZQK_A
3ZQS_A
3ZRI_A
3ZRX_A
3ZSJ_A
3ZSU_A
3ZT9_A
3ZUC_A
3ZUI_A
3ZVS_A
3ZXN_A
3ZY7_A
3ZZY_A
4A02_A
4A2V_A
4A3Z_A
4A42_A
4A5Z_A
4A6H_A
4A6Q_A
4A7U_A
4ABX_A
4ACJ_A
4ACK_A
4ACV_A
4AE4_A
4AE5_A
4AE7_A
4AFF_A
4AFM_A
4AGR_A
4AIV_A
4AL0_A
4ALZ_A
4ANN_A
4ATG_A
4AX2_A
4AXO_A
4AY0_A
4AY9_B
4AYI_A
4AZ9_A
4B0H_A
4B0M_A
4B1M_A
4B4C_A
4B4S_A
4B4Y_A
4B5O_A
4B6I_A
4B8E_A
4B8X_A
4B9G_A
4B9W_A
4BBK_A
4BEM_J
4BFC_A
4BFG_A
4BFO_A
4BGC_A
4BH5_A
4BI3_A
4BJ0_A
4BJA_A
4BJI_A
4BJJ_A
4BJT_A
4BK7_A
4BMD_A
4BOE_A
4BOP_A
4BOQ_A
4BOU_A
4BPY_A
4BQ6_D
4BSX_A
4BU0_A
4BVX_B
4BWC_A
4BXI_A
4BYZ_A
4BZ4_A
4C0N_A
4C1W_A
4C47_A
4C6A_A
4C6S_A
4C9R_B
4C9Y_A
4CA1_A
4CAH_B
4CCV_A
4CDJ_A
4CGS_A
4CHD_A
4CHH_A
4CHJ_A
4CHM_A
4CII_A
4CJD_A
4CK4_A
4CKM_A
4CND_A
4CNG_A
4CPC_A
4CQ1_A
4CQI_A
4CRW_B
4CT3_A
4CUA_A
4CV7_A
4CVR_A
4CYB_A
4CZX_B
4D0Q_A
4D53_A
4D5T_A
4DAD_A
4DBB_A
4DGF_A
4DHK_A
4DID_B
4DJB_A
4DKC_A
4DKK_A
4DKW_A
4DLH_A
4DMI_A
4DNY_A
4DOM_A
4DOV_A
4DQ9_A
4DQJ_A
4DQZ_A
4DT4_A
4DT5_A
4DVE_A
4DVK_A
4DYQ_A
4DYW_A
4DZO_A
4E0A_A
4E2G_A
4E2U_A
4E45_E
4E6F_A
4E6Z_A
4E98_A
4EAE_A
4EC6_A
4EGU_A
4EHS_A
4EJO_A
4EJQ_A
4EJR_A
4EKF_A
4EKX_A
4EMO_A
4EO0_A
4EP4_A
4EPZ_A
4EQA_C
4EQP_A
4EQQ_A
4ESQ_A
4ETN_A
4EUN_A
4EVY_A
4EW5_A
4EW7_A
4EXO_A
4EXR_A
4EYC_A
4EYY_Q
4EZG_A
4F07_A
4F0W_A
4F1J_A
4F2F_A
4F54_A
4F55_A
4F7G_B
4F7U_P
4F8Y_A
4FA8_A
4FBS_A
4FC3_E
4FC9_A
4FCJ_A
4FFU_A
4FGC_A
4FGQ_A
4FHR_A
4FIB_A
4FIV_A
4FLB_A
4FLE_A
4FO5_A
4FPR_A
4FPW_A
4FQE_A
4FQG_A
4FR9_A
4FTF_A
4FTX_A
4FVG_A
4FYY_B
4FZX_C
4G08_A
4G0X_A
4G1I_A
4G29_A
4G2E_A
4G2S_A
4G3V_A
4G4S_O
4G4S_P
4G6D_B
4G6I_A
4G6T_A
4G6X_A
4G78_A
4G79_A
4G7V_S
4G7X_B
4G9S_A
4G9S_B
4GA2_A
4GB5_A
4GCN_A
4GDZ_A
4GE1_A
4GEH_A
4GEI_A
4GF3_A
4GGJ_A
4GGT_A
4GIW_A
4GJ4_A
4GN5_A
4GOQ_A
4GOS_A
4GQM_A
4GQZ_A
4GR6_A
4GT8_A
4GUC_A
4GWB_A
4GWR_A
4GYM_A
4GYT_A
4GZC_A
4H08_A
4H2D_A
4H3K_B
4H3U_A
4H5B_A
4H6C_A
4H79_A
4H7L_A
4H7W_A
4H7Y_A
4H86_A
4H87_A
4H89_A
4H8Q_A
4HAM_A
4HAS_A
4HAT_B
4HBZ_A
4HC9_A
4HCE_A
4HCJ_A
4HDE_A
4HFS_A
4HFV_A
4HI6_A
4HI8_A
4HJI_A
4HKH_A
4HLY_A
4HOI_A
4HOJ_A
4HPM_A
4HQZ_A
4HRV_A
4HSP_A
4HT1_T
4HVY_A
4HWM_A
4HYL_A
4HYZ_A
4I1K_A
4I2O_A
4I3M_A
4I4K_A
4I4O_A
4I66_A
4I6X_A
4I9X_A
4IAB_A
4IAU_A
4IC1_A
4IC9_A
4ICI_A
4ID2_A
4IEF_A
4IGI_A
4IHU_A
4IKD_A
4IM6_A
4IN0_A
4INW_A
4IPU_A
4IQH_A
4IQZ_A
4IRV_A
4IT7_A
4IUM_A
4IWB_A
4IWK_A
4IX7_A
4IZE_A
4J1V_A
4J25_A
4J2G_A
4J32_A
4J32_B
4J39_A
4J5R_A
4J8S_A
4JDE_B
4JDU_A
4JDX_A
4JE1_A
4JEM_A
4JF8_A
4JG2_A
4JG4_A
4JG9_A
4JGL_A
4JHC_A
4JHY_A
4JIF_A
4JIU_A
4JLE_A
4JMU_A
4JNH_A
4JOI_A
4JOI_C
4JOX_A
4JP6_A
4JRR_A
4JWJ_A
4JXR_A
4JYS_A
4K00_A
4K02_A
4K0D_A
4K2H_A
4K2J_A
4K7B_A
4K8W_A
4K94_C
4KDW_A
4KE2_A
4KEF_A
4KG0_A
4KHB_A
4KIA_A
4KJM_A
4KOP_A
4KRD_B
4KRR_A
4KT3_A
4KT3_B
4KT6_B
4KTB_A
4KTW_A
4KWY_A
4L1J_A
4L3K_A
4L3R_A
4L3U_A
4L57_A
4L5G_A
4L8A_A
4L8P_A
4L9H_A
4LA2_A
4LBA_A
4LD1_A
4LD6_A
4LDA_A
4LES_A
4LEU_A
4LFL_A
4LG3_A
4LHP_A
4LIZ_A
4LKS_A
4LLD_B
4LLE_A
4LMG_A
4LMI_A
4LO6_A
4LPL_A
4LPQ_A
4LQB_A
4LQC_A
4LQE_A
4LQK_A
4LQZ_A
4LRJ_A
4LRV_A
4LUA_A
4LUK_A
4LUQ_C
4LVI_A
4LVP_A
4LZK_A
4LZL_A
4M0K_A
4M1A_A
4M1B_A
4M3O_A
4M5D_B
4M6T_A
4M7R_A
4M85_A
4M91_A
4M9K_A
4MAI_A
4MAX_A
4MCJ_A
4MDA_A
4ME2_A
4MEJ_A
4MES_A
4MGQ_A
4MI8_A
4MJD_A
4MK6_A
4MLM_A
4MN4_C
4MN7_A
4MNN_A
4MO7_A
4MQ3_A
4MQD_A
4MT8_A
4MTM_A
4MTU_A
4MUV_A
4MVE_A
4MXT_A
4MYV_A
4MZC_A
4MZJ_A
4N04_A
4N0H_F
4N0K_A
4N0P_A
4N2P_A
4N3T_A
4N5B_A
4N5U_A
4N5X_A
4N77_A
4N7C_A
4N82_A
4N8N_A
4N8P_A
4NB5_A
4NBP_A
4NBX_A
4NDI_A
4NEL_A
4NF1_A
4NI6_A
4NK2_A
4NN2_A
4NN5_A
4NN5_B
4NN5_C
4NOA_A
4NOB_A
4NOC_A
4NOH_A
4NOO_A
4NQJ_A
4NQW_A
4NRH_B
4NS5_A
4NT1_A
4NTK_A
4NTQ_B
4NTW_C
4NUX_A
4NV4_A
4NWY_A
4NXY_A
4NYH_A
4NYQ_A
4O06_A
4O0A_A
4O2H_A
4O2T_A
4O3V_A
4O65_A
4O6K_A
4O6U_A
4O7J_A
4O7K_A
4O8W_A
4O9K_A
4OA3_A
4OD7_A
4ODK_A
4OE9_A
4OF6_A
4OFK_A
4OHJ_A
4OIE_A
4OJU_A
4OKE_A
4OLS_A
4ONM_A
4ONR_A
4OOG_A
4OQ9_A
4OSN_A
4OTM_A
4OTN_A
4OUH_A
4OUN_A
4OUS_A
4OXP_A
4OYD_B
4P09_A
4P0T_A
4P1M_A
4P1N_A
4P1Z_A
4P2I_A
4P3F_A
4P3H_A
4P5E_A
4P79_A
4P82_A
4P9G_A
4P9I_A
4PAW_A
4PBD_A
4PDC_E
4PDN_A
4PH2_A
4PH8_A
4PHJ_A
4PIB_A
4PJ2_A
4PJ2_C
4PKL_A
4PL9_A
4PMK_A
4PO5_A
4PP8_C
4PQQ_A
4PQX_A
4PS6_A
4PSS_A
4PT1_A
4PUX_A
4PWS_A
4Q0Y_A
4Q14_A
4Q27_A
4Q29_A
4Q2S_A
4Q53_A
4Q5W_A
4Q6V_A
4Q7E_A
4Q7O_A
4QAM_B
4QAS_A
4QB5_A
4QBL_A
4QBS_A
4QC6_A
4QDN_A
4QE0_A
4QFT_A
4QGP_A
4QKD_A
4QLP_A
4QLP_B
4QM6_A
4QM9_A
4QMA_A
4QMD_A
4QN8_A
4QP5_A
4QPW_A
4QRL_A
4QT6_A
4QTJ_A
4QTP_A
4QUS_A
4QWO_A
4QXA_B
4QXL_A
4QXZ_A
4QYB_A
4QYT_A
4QYW_A
4R03_A
4R0S_A
4R1J_A
4R29_A
4R3L_A
4R4K_A
4R52_A
4R6R_A
4R7R_A
4R81_A
4R8H_A
4RAY_A
4RBR_A
4RCJ_A
4REI_A
4RFU_A
4RH8_A
4RHZ_B
4RI1_A
4RI2_A
4RLC_A
4RLE_A
4RMM_A
4RMO_A
4RN3_A
4RO3_A
4RPT_A
4RRI_A
4RSH_A
4RT1_A
4RT5_A
4RTH_A
4RUV_A
4RVQ_A
4RW0_A
4RWH_A
4RXI_A
4RXJ_A
4RYO_A
4RZ9_A
4S0U_C
4S1A_A
4S1P_A
4S37_A
4TJV_A
4TKC_A
4TKD_A
4TKZ_A
4TMD_A
4TPS_A
4TQ2_A
4TR3_A
4TSD_A
4TSE_A
4TTW_A
4TV4_A
4TX5_A
4TXR_A
4TXW_A
4TYZ_A
4U13_A
4U4H_A
4U5R_A
4U5W_A
4U9B_A
4U9N_A
4U9R_A
4UAP_A
4UC1_A
4UDS_A
4UE0_A
4UE8_A
4UEY_A
4UF7_C
4UIQ_A
4UMG_A
4UN1_A
4UNU_A
4UOS_A
4UQW_A
4UU3_A
4UWW_A
4UYI_A
4UYP_A
4UYR_A
4UZZ_A
4V17_A
4V1J_A
4V1K_A
4V3I_A
4W4K_B
4W5X_A
4W64_A
4W6Y_A
4W78_B
4W79_A
4W8H_A
4W9Z_A
4WBE_A
4WBJ_A
4WCW_A
4WDC_A
4WEE_A
4WFQ_A
4WFV_A
4WH5_A
4WH9_A
4WHE_A
4WHI_A
4WHN_A
4WHS_A
4WJT_A
4WKZ_B
4WN5_A
4WNB_A
4WP9_A
4WQK_A
4WRI_A
4WSF_A
4WT3_A
4WW7_B
4WWF_A
4WXM_A
4WZ0_A
4X08_A
4X2H_A
4X2H_B
4X5P_A
4XAX_A
4XB6_A
4XB6_B
4XBA_A
4XC5_A
4XCP_A
4XDN_B
4XEK_A
4XEZ_A
4XH7_A
4XJY_A
4XLT_A
4XNH_C
4XPL_A
4XPX_A
4XRA_A
4XRF_A
4XTB_A
4XU6_A
4XUO_A
4XUR_A
4XWJ_A
4XWX_A
4XXB_A
4XXI_A
4XZD_A
4XZF_A
4Y0C_A
4Y0M_A
4Y2F_A
4Y6X_A
4Y7S_A
4Y88_A
4Y99_C
4Y9I_A
4YBR_A
4YCS_A
4YE7_A
4YEC_A
4YEP_A
4YF1_A
4YFB_A
4YG6_A
4YGT_A
4YGU_A
4YHV_A
4YI8_A
4YIF_A
4YK2_A
4YLI_A
4YMY_A
4YOM_A
4YP6_A
4YSI_A
4YSX_C
4YTK_A
4YTW_B
4YVO_A
4YWK_A
4YWZ_A
4YZ0_A
4YZ6_A
4YZE_A
4Z04_A
4Z29_A
4Z2O_A
4Z39_A
4Z3G_A
4Z47_A
4Z8W_A
4Z9D_A
4Z9H_A
4ZBG_A
4ZBH_A
4ZBY_A
4ZCR_A
4ZDS_A
4ZF7_A
4ZGF_A
4ZGM_A
4ZHB_A
4ZHW_A
4ZI3_C
4ZIE_A
4ZKY_A
4ZL8_A
4ZLD_A
4ZOS_A
4ZR7_A
4ZSI_A
4ZUA_A
4ZV0_A
4ZVA_A
4ZVC_A
4ZVF_A
4ZWQ_A
4ZY7_A
4ZY8_A
4ZY9_A
4ZZF_A
5A1N_A
5A35_A
5A3D_A
5A52_A
5A89_A
5A9D_A
5A9H_A
5AEA_A
5AGR_A
5AHW_A
5AIG_A
5AIZ_A
5AJ8_A
5AJJ_A
5AKO_C
5AMT_A
5AN6_A
5ANP_A
5AOT_A
5AOZ_A
5APG_A
5AQC_A
5AQM_B
5AUN_A
5AYS_C
5AZX_A
5B08_A
5B0H_A
5B1R_A
5B21_A
5B3D_A
5B3K_A
5B3P_A
5B6C_A
5B7W_A
5B8D_A
5BOP_B
5BOW_A
5BPJ_A
5BPZ_A
5BQ8_A
5BQP_A
5BS1_A
5BTY_A
5BU3_A
5BUP_A
5BUW_A
5BWJ_A
5BX1_A
5BXG_A
5BY5_A
5C2U_A
5C30_A
5C33_A
5C50_A
5C50_B
5C5D_A
5C5Z_A
5C68_A
5C6K_A
5C6S_A
5C79_A
5C8A_A
5C8G_A
5C8H_A
5C8L_A
5C8W_A
5C9F_A
5CDK_A
5CE7_A
5CEC_B
5CEG_B
5CFJ_A
5CIV_A
5CKL_A
5CM2_Z
5COF_A
5CPH_A
5CS2_A
5CTV_A
5CV0_A
5CWG_A
5CWH_A
5CWL_A
5CX7_A
5CYA_A
5CYV_A
5CYW_B
5CZ3_A
5D16_A
5D1I_A
5D1M_B
5D22_A
5D3X_A
5D50_A
5D66_A
5D9R_A
5DBL_A
5DCL_A
5DCQ_D
5DE3_A
5DEC_A
5DFK_A
5DGG_A
5DGJ_A
5DIC_A
5DII_A
5DIK_A
5DIL_A
5DJE_A
5DLE_A
5DLO_A
5DMD_A
5DOC_A
5DOF_A
5DOK_A
5DYQ_A
5DZ8_A
5DZE_A
5DZO_A
5E10_A
5E1L_A
5E1N_A
5E1W_A
5E2C_A
5E3E_B
5E4B_A
5E4G_A
5E65_B
5EBG_A
5ECC_A
5ECD_A
5EDL_A
5EEQ_A
5EHA_A
5EK5_A
5EL3_A
5EL9_A
5ELB_A
5ELH_A
5EMI_A
5EO4_A
5EQW_A
5ESC_A
5ESW_A
5EUR_A
5EVF_A
5EVH_A
5EWY_A
5F3M_A
5F3P_A
5F47_A
5F6L_B
5F6R_A
5F9Q_A
5FA8_A
5FAA_A
5FAF_A
5FCE_A
5FD3_A
5FEB_A
5FFD_A
5FFP_A
5FGP_A
5FHK_A
5FID_A
5FJD_A
5FLH_A
5FML_B
5FMU_A
5FN7_A
5FN8_A
5FOR_A
5FPZ_A
5FR7_A
5FRU_A
5FS4_A
5FU5_A
5FUI_A
5FVJ_A
5FZS_A
5G23_A
5G38_A
5G4Z_A
5G51_A
5GGN_A
5GJI_A
5GNF_A
5GO5_A
5GPO_A
5GPY_B
5GRO_A
5GT1_A
5GTU_A
5GUF_A
5GUQ_A
5GV0_A
5GVY_A
5GW9_A
5GYQ_A
5GYR_A
5H3V_A
5H7E_A
5H9F_B
5H9N_A
5HAL_A
5HB6_A
5HB7_A
5HBP_A
5HD9_A
5HDW_A
5HI8_A
5HJF_A
5HKL_A
5HKQ_A
5HKQ_I
5HLJ_A
5HMA_A
5HNO_A
5HPZ_A
5HRB_A
5HSM_A
5HT6_A
5HTL_A
5HWH_A
5HWV_A
5HXL_A
5I0J_A
5I0Y_A
5I45_A
5I4C_A
5I4Q_B
5I5N_A
5IB0_A
5ICU_A
5IDB_A
5IFS_A
5IG0_A
5IG6_A
5IHF_A
5II6_A
5II8_A
5IIB_B
5IIP_A
5IJH_A
5IJJ_A
5IMA_A
5IQJ_A
5IQN_A
5IRC_A
5ISV_A
5IT6_A
5IU1_A
5IW9_A
5IWB_A
5IXG_A
5IXH_A
5IYZ_E
5IZE_A
5IZW_A
5J08_A
5J09_A
5J1N_A
5J3T_A
5J4A_A
5J4A_B
5J5L_A
5J7D_A
5J7R_A
5JA9_C
5JBL_A
5JBN_A
5JBR_A
5JDK_A
5JI7_A
5JIG_A
5JIX_A
5JJG_A
5JK2_A
5JNV_A
5JPH_A
5JRB_A
5JRC_A
5JUG_A
5K08_A
5K0P_A
5K21_A
5K34_A
5K7F_A
5K8J_B
5K91_A
5KAX_A
5KCI_A
5KEF_A
5KEW_B
5KO4_A
5KTC_A
5KUT_A
5KVB_A
5KZZ_A
5L09_A
5L19_A
5L1A_A
5L20_A
5L73_A
5L74_A
5L8X_B
5LAL_A
5LB7_A
5LBD_A
5LC2_A
5LD9_A
5LDD_A
5LDD_B
5LDQ_A
5LE5_J
5LGD_B
5LJP_A
5LKQ_A
5LND_A
5LP9_A
5LPI_A
5LQ6_A
5LS2_A
5LS7_B
5LS7_D
5LU5_A
5LW5_A
5LWK_A
5LX6_A
5LXF_A
5LXV_A
5LY0_A
5LYP_A
5LZ1_A
5LZK_A
5LZN_A
5M0Y_B
5M1M_A
5M1P_A
5M1X_A
5M26_A
5M2P_A
5M2Y_A
5M31_A
5M5E_C
5MAW_E
5MC7_A
5MDT_A
5MDU_A
5MEB_A
5MEC_A
5MFO_A
5MGR_A
5MHJ_A
5MIY_A
5MJ3_B
5MJR_A
5MKW_A
5ML3_B
5MQ8_A
5MR1_A
5MSM_B
5MTW_A
5MU3_A
5MU3_B
5MUN_A
5MV0_A
5N0L_A
5N22_A
5N2C_A
5N3U_B
5N5P_A
5N7E_B
5N7H_A
5N86_A
5NB4_A
5NBC_A
5NFJ_A
5NIO_A
5NJO_A
5NKQ_A
5NL1_A
5NMO_A
5NOH_A
5NPT_A
5NQO_A
5NQV_A
5NRM_A
5NSA_A
5NT7_B
5NUL_A
5NWP_A
5NYK_A
5O2D_A
5O33_B
5O45_A
5O63_A
5O9J_A
5O9M_A
5OC0_A
5OD4_A
5ODK_A
5OEM_A
5OHO_A
5OHQ_A
5OK8_A
5OL4_B
5OL7_A
5OMT_A
5OND_A
5OOO_A
5OPF_A
5OPZ_A
5OTN_A
5OVU_A
5OWO_A
5QHH_A
5QI0_A
5QOQ_A
5R68_A
5R8Q_A
5SBQ_A
5SUV_A
5SV2_A
5SV5_A
5SWK_C
5SY4_A
5SY8_O
5SZC_A
5T11_A
5T1X_A
5T2P_A
5T3U_A
5T5D_A
5T86_A
5T86_I
5T87_A
5TD6_A
5TF3_A
5TG0_A
5TIF_A
5TK8_A
5TNW_A
5TO5_A
5TQJ_A
5TSE_A
5TUH_A
5TUU_A
5TWA_A
5TZP_A
5U2L_A
5U35_A
5U4U_A
5U55_A
5U75_A
5U78_A
5U9J_A
5U9N_A
5UBE_A
5UC0_A
5UC6_A
5UEB_A
5UFT_A
5UFY_A
5UH7_A
5UM7_A
5UMP_A
5USB_A
5UUI_A
5UUK_A
5UW8_A
5UWA_A
5UWC_I
5V01_A
5V1Y_A
5V3N_A
5V50_A
5V5H_A
5V6F_A
5V6J_A
5V77_A
5V87_A
5VB9_A
5VEB_X
5VGB_A
5VGL_A
5VGT_A
5VHG_A
5VJ2_A
5VKY_A
5VMN_A
5VOG_A
5VTG_A
5VVI_A
5VX1_A
5VXZ_C
5VZ3_A
5VZ4_B
5W10_A
5W1A_B
5W2L_A
5W3R_A
5W7W_A
5W82_A
5W83_A
5W93_A
5WAS_A
5WB4_A
5WD6_A
5WDD_A
5WEC_A
5WF2_A
5WFB_A
5WFY_A
5WK0_A
5WQI_A
5WSF_A
5WSY_A
5WTQ_A
5WUC_A
5WUJ_B
5WWD_A
5WWL_N
5WX8_A
5WXM_A
5WY0_A
5WZF_A
5X14_A
5X1E_B
5X1E_D
5X3D_A
5X3R_A
5X42_C
5X4B_A
5X6V_F
5X6V_G
5X7F_A
5X7L_A
5X9A_A
5X9K_A
5X9Q_A
5XAQ_A
5XBC_A
5XBF_B
5XBI_A
5XBN_A
5XBU_A
5XDZ_B
5XE2_A
5XEF_A
5XGA_A
5XHB_A
5XHX_A
5XI8_A
5XJ5_A
5XKT_A
5XLJ_A
5XLU_B
5XLY_B
5XMZ_A
5XP0_A
5XPV_A
5XSJ_L
5XTA_A
5XUB_A
5XVJ_A
5XYF_A
5XZT_A
5Y30_A
5Y3T_C
5Y59_B
5Y69_A
5Y6G_A
5Y6H_A
5Y8E_A
5Y9G_A
5Y9Q_A
5Y9Z_A
5YA6_A
5YCE_A
5YDD_A
5YDE_A
5YDN_A
5YF4_A
5YGE_A
5YH4_A
5YHH_A
5YHU_A
5YHZ_A
5YI7_A
5YJD_A
5YKU_A
5YKZ_A
5YLB_A
5YNX_A
5YOB_A
5YPS_A
5YQJ_A
5YRH_A
5YRQ_A
5YRV_B
5YRV_C
5YRZ_A
5YS3_A
5YSI_A
5YVK_A
5YVQ_B
5YXK_A
5YXM_A
5YZ2_A
5YZ4_A
5YZP_A
5Z08_C
5Z11_A
5Z1N_A
5Z38_A
5Z42_A
5Z4G_A
5Z51_A
5Z8O_A
5ZB0_A
5ZBY_A
5ZDM_A
5ZF2_A
5ZHO_A
5ZIQ_A
5ZIY_A
5ZKE_A
5ZMO_A
5ZRC_A
5ZRT_A
5ZRY_A
5ZT3_A
5ZVP_A
5ZX9_A
5ZZA_P
6A02_A
6A2W_A
6A4X_A
6A56_A
6A5H_A
6A7T_B
6A7V_A
6AC0_A
6AE1_A
6AEX_U
6AGW_A
6AHP_A
6AM3_A
6AMG_A
6ANZ_A
6AO3_A
6AO7_A
6AO9_A
6AR0_A
6AR7_A
6AX7_A
6AYI_A
6AZ5_A
6AZH_A
6B0G_E
6B12_A
6B12_B
6B8F_A
6B9H_A
6B9X_C
6BBK_A
6BCB_A
6BDE_A
6BDJ_A
6BEV_A
6BJU_A
6BK4_A
6BL5_A
6BLK_A
6BLQ_B
6BS8_A
6BS9_A
6BTY_A
6BVC_A
6BWR_A
6BXD_A
6BZ9_A
6BZG_A
6BZG_B
6C0Y_A
6C1X_A
6C74_A
6C8C_A
6CB7_A
6CBR_A
6CD9_A
6CEQ_A
6CGK_A
6CJ6_A
6CNW_A
6CNZ_A
6CP8_A
6CP8_C
6CPB_A
6CPD_A
6CUJ_A
6CUQ_A
6CWM_A
6CWX_A
6CWX_B
6CZH_A
6D0H_A
6D7Y_B
6D9N_A
6DB1_A
6DEW_A
6DF3_H
6DF4_A
6DFB_A
6DFD_A
6DG6_A
6DGG_A
6DHX_A
6DKQ_A
6DM4_A
6DNM_A
6DNV_A
6DOP_A
6DQP_A
6DRE_B
6DTV_A
6DX1_A
6DYF_A
6E1X_A
6E3A_A
6E5F_A
6E7E_A
6E8A_A
6E8M_A
6EA6_A
6EBU_A
6EDK_A
6EDV_A
6EF7_A
6EHI_A
6EL2_A
6ELU_A
6ELV_A
6ENI_A
6ER1_A
6ER4_A
6ETL_A
6EUW_A
6EWH_A
6EWL_A
6EWM_A
6EY0_A
6EY6_A
6EYX_A
6F03_A
6F1E_A
6F1K_A
6F1S_A
6F2M_A
6F4J_A
6F5C_A
6FAS_A
6FBX_A
6FDG_A
6FF0_A
6FFA_A
6FFV_A
6FG8_A
6FJN_A
6FJV_A
6FKG_A
6FM5_A
6FMC_A
6FPD_A
6FPQ_A
6FQ1_A
6FRE_A
6FSG_A
6FUU_A
6FVI_A
6FXD_A
6FZZ_A
6G4J_B
6G94_A
6G96_A
6GAJ_A
6GBI_A
6GCF_A
6GCV_A
6GDX_A
6GF6_A
6GG1_A
6GGR_A
6GGR_B
6GI4_B
6GKX_A
6GME_A
6GMP_A
6GN5_A
6GNY_A
6GQZ_A
6GUM_B
6GV5_A
6GV8_A
6GW6_B
6GYW_A
6GZ0_A
6GZ8_A
6H17_A
6H1Q_A
6H1W_A
6H24_A
6H59_A
6H6O_A
6H9L_A
6HCD_A
6HCE_A
6HE6_A
6HER_A
6HFG_B
6HFM_A
6HFO_A
6HHE_A
6HHK_A
6HIH_A
6HIP_A
6HIU_A
6HJ5_A
6HJ6_A
6HNM_A
6HQC_A
6HQZ_A
6HRR_A
6HSA_A
6HT0_A
6HTF_A
6HTJ_A
6HX0_A
6HXV_A
6I3H_A
6I4E_G
6I50_A
6I5O_A
6I86_A
6I8Y_A
6I9O_A
6IA7_A
6IBH_A
6IC9_A
6IF6_A
6IGG_A
6IJE_A
6IK4_A
6ILU_A
6IPA_A
6IPB_A
6IQC_A
6IQT_A
6IS8_A
6ITA_A
6IUH_A
6IZ2_A
6IZH_A
6IZW_B
6J44_A
6J4D_A
6J56_A
6J6P_A
6J8L_A
6J93_A
6J9L_A
6J9R_A
6JBX_A
6JC4_A
6JHO_C
6JHW_A
6JJT_A
6JK4_A
6JL9_A
6JLE_A
6JLI_A
6JM5_A
6JMK_A
6JNY_A
6JPT_A
6JSA_A
6JSB_A
6JYI_A
6K17_A
6K2F_A
6K2H_A
6K39_A
6K4F_U
6K8E_A
6KA3_A
6KC5_B
6KGC_A
6KHS_A
6KHU_A
6KI2_A
6KIS_A
6KJK_A
6KJW_A
6KKO_A
6KKS_A
6KMJ_A
6KML_A
6KNY_A
6KO8_A
6KP5_A
6KTH_A
6KTY_A
6KV2_A
6KXT_A
6L1M_A
6L1Y_C
6L2A_A
6L2M_A
6L33_A
6L4P_B
6L7Q_A
6L7R_A
6L7V_A
6LAC_A
6LBU_A
6LBU_B
6LDQ_A
6LFT_A
6LG2_A
6LH8_A
6LHY_A
6LIR_A
6LIY_A
6LJE_A
6LKI_B
6LNL_A
6LR3_A
6M6S_A
6M6U_B
6MBA_A
6MD3_A
6MDW_A
6MF9_A
6MGP_A
6MIC_A
6MPZ_A
6MU0_A
6MX1_A
6MX3_A
6MYD_A
6N0S_A
6N1F_A
6N1L_A
6N63_A
6N6J_A
6NDT_B
6NE2_A
6NEP_A
6NEY_A
6NGG_A
6NJC_A
6NJD_B
6NLQ_A
6NRQ_A
6NSV_A
6NU9_A
6NVP_A
6NWX_A
6NYT_A
6O1B_A
6O2V_A
6O43_A
6O4O_A
6O56_A
6O6O_A
6OD1_B
6OE6_A
6OGH_A
6OJF_A
6OJJ_A
6OK1_B
6OKH_A
6OKM_R
6ON1_A
6ON6_A
6ONB_A
6OQM_A
6OSX_A
6P0F_A
6P1E_A
6P22_D
6P28_A
6P29_A
6P4N_A
6P58_A
6P61_A
6P7L_A
6P8O_A
6P8P_A
6PCK_A
6PGV_A
6PIR_A
6PNP_A
6PNP_B
6PNY_A
6POL_B
6PRH_A
6PUQ_A
6PW7_A
6PWG_A
6PWS_A
6PX0_A
6PX4_B
6PYO_A
6PYR_B
6Q10_A
6Q1M_A
6Q3V_A
6Q6T_A
6Q8J_A
6Q9C_A
6QAZ_A
6QB7_A
6QEQ_A
6QHG_A
6QJA_A
6QO1_A
6QP0_A
6QPJ_A
6QQ4_A
6QSR_A
6QTA_B
6QW0_A
6QYY_A
6R0R_A
6R1D_A
6R2H_A
6R2W_L
6R3M_A
6R4Z_A
6R5W_A
6RFG_A
6RJI_A
6RJX_A
6RNI_A
6RO0_C
6RO0_D
6RP3_A
6RPP_A
6RRV_A
6RSW_C
6RUP_A
6RWT_A
6RYG_A
6RYK_A
6S2M_A
6S33_A
6S3Y_A
6S4C_A
6S5W_A
6S95_A
6S9T_A
6SA5_A
6SA9_A
6SB1_A
6SCB_A
6SCF_A
6SDK_A
6SGF_A
6SJA_B
6SJH_A
6SJQ_A
6SLL_A
6SNK_A
6SSH_A
6SU5_A
6SWI_A
6SYG_A
6T02_A
6T21_A
6T3O_A
6T84_A
6TAB_A
6TB5_A
6TBZ_A
6TCC_A
6TCT_A
6TD7_A
6TG6_A
6TGK_C
6TH0_A
6TL7_A
6TNE_A
6TQP_A
6TQT_A
6TRK_A
6TT2_A
6TUN_A
6TV0_A
6TYJ_A
6TYK_A
6TYY_A
6TZC_B
6TZN_A
6U08_A
6U08_B
6U66_A
6U7B_B
6U7G_C
6U83_A
6U9I_A
6UAE_A
6UBO_A
6UDV_A
6UID_A
6UMU_A
6UOF_A
6UT9_A
6UUF_A
6UWO_A
6UXC_A
6UYD_E
6V4B_A
6V4M_A
6V4V_A
6V98_A
6VH6_A
6VHF_A
6VHI_A
6VIK_B
6VK6_C
6VLI_A
6VME_E
6VRD_A
6VSV_A
6VVF_A
6VVN_A
6VW7_A
6W0V_A
6W1I_A
6W3D_A
6W3W_A
6W4L_A
6W5B_A
6W5Y_A
6W70_A
6W8B_B
6W92_A
6W9G_A
6W9O_A
6W9S_A
6W9T_A
6WES_A
6WFN_A
6WIN_A
6WIS_A
6WK9_A
6WL5_A
6WMD_A
6WN5_A
6WN9_A
6WPG_A
6WU7_A
6X7H_A
6X7J_A
6XAU_A
6XB4_A
6XHZ_A
6XIP_B
6XL7_A
6XOD_B
6XPJ_A
6XRB_A
6XWU_A
6XXV_C
6XYA_B
6XYB_A
6XZ3_A
6XZU_B
6Y1Y_A
6Y4E_A
6Y4L_B
6YA2_A
6YA6_B
6YAV_A
6YDR_A
6YFI_A
6YGA_A
6YIG_A
6YIO_B
6YJ9_A
6YOO_A
6YUB_C
6YUD_A
6YYL_A
6Z0C_A
6Z1N_B
6Z2L_A
6Z5Y_A
6Z6E_A
6Z96_A
6Z9U_B
6ZBK_B
6ZC2_A
6ZCO_A
6ZDT_B
6ZGN_A
6ZGQ_A
6ZH1_A
6ZIE_A
6ZJ8_A
6ZMP_A
6ZMU_A
6ZNV_A
6ZP9_A
6ZPA_A
6ZPE_A
6ZPJ_A
6ZPK_A
6ZPP_A
6ZRW_A
6ZSI_C
6ZT4_A
6ZUS_A
6ZVO_A
6ZWA_A
6ZWT_A
6ZZA_A
6ZZB_A
7A1I_A
7A1R_A
7A5M_A
7AAH_A
7AB3_B
7ACM_A
7ADR_C
7ADT_A
7AE6_A
7AED_A
7AFW_A
7AGV_A
7ALC_A
7ALJ_A
7ALZ_A
7ANI_A
7AOT_A
7ASI_A
7ASV_A
7AWE_H
7AWK_A
7B0X_D
7B29_A
7B2S_A
7B67_A
7BK8_A
7BMY_A
7BQI_A
7BR1_A
7BRD_A
7BWL_A
7BX9_A
7BY3_B
7BYW_A
7BZE_A
7BZK_A
7C1I_A
7C2G_G
7C8N_A
7CBS_A
7CCB_A
7CCE_A
7CF7_A
7CFF_A
7CFU_A
7CFW_A
7CIK_A
7CLA_A
7CLY_A
7CMA_A
7CNB_A
7COH_D
7COH_E
7CRV_A
7CRV_B
7CT3_A
7CU9_A
7D2W_A
7D8O_A
7D8Q_A
7DBU_A
7DC4_A
7DCN_A
7DED_A
7DF2_A
7DG5_A
7DH8_A
7DHF_A
7DHP_A
7DIE_A
7DKZ_D
7DKZ_F
7DKZ_L
7DL8_A
7DM0_A
7DNE_A
7DNN_B
7DQG_A
7DQT_A
7DRJ_A
7DRY_A
7DTR_A
7E2K_A
7E4G_A
7E72_E
7EA2_A
7EBL_A
7EE5_A
7EF0_A
7EKZ_A
7EL3_A
7EPN_A
7EQ4_A
7ESS_A
7ESW_A
7EWI_A
7EXB_B
7EXI_A
7F9K_A
7FDS_A
7JGW_A
7JI4_A
7JJA_A
7JL4_A
7JL6_A
7JTO_J
7JTO_L
7JUM_A
7JX6_A
7JZS_A
7K5L_A
7K7W_A
7KC8_A
7KCG_A
7KCJ_A
7KFO_A
7KII_A
7KJO_A
7KL7_A
7KOM_A
7KPO_A
7KPU_A
7KR0_A
7KRI_A
7KZ0_A
7KZW_A
7L05_E
7L23_A
7L6L_A
7L71_A
7LC5_A
7LGC_A
7LGR_A
7LKN_A
7LKN_C
7LSV_A
7LY5_B
7M3P_A
7M4O_A
7M5F_C
7M95_A
7M97_A
7ME5_A
7MJB_A
7MPD_A
7MPZ_A
7MQQ_A
7MS0_A
7MS7_A
7MTO_A
7MW7_A
7MWI_A
7N34_A
7NA9_D
7NBI_A
7NBV_A
7NDJ_A
7NNA_A
7NS9_A
7NY6_A
7NZ9_A
7NZA_A
7O4C_A
7O4F_A
7O4P_A
7O62_A
7O91_A
7OC9_A
7OEC_A
7OEX_A
7OFV_A
7OKL_A
7OSU_A
7OUB_B
7OXD_A
7PFH_A
7PJD_A
7PLQ_A
7PQ8_A
7PSY_A
7Q02_A
7Q47_A
7R66_A
7RAG_A
7REF_A
7RFD_A
7RLM_A
7RQG_A
7RT1_A
7RTS_A
7S13_C
7S45_A
7S5N_A
7S6T_D
7SR1_A
7T85_A
7TFM_A
7TGQ_A
7THH_A
7THW_A
7TJ1_A
7TM8_A
7TMG_A
7TT9_A
7V8P_A
7VJO_A
7VLM_A
7W83_A
7WKH_A
