load dataset...
load full dataset done! dataset size: 14078
save training set at D:\ProteinBackboneDesign\Dataset\PDBDataset_preserve_seq done! size: 13374
save validation set at D:\ProteinBackboneDesign\Dataset\PDBDataset_preserve_seq done! size: 563
save test set at D:\ProteinBackboneDesign\Dataset\PDBDataset_preserve_seq done! size: 141
test set:
7L4A_A
4CAD_C
2V7S_A
7MJB_A
1ZAV_A
3OHS_X
3D6W_A
5Y5S_1
6EXA_A
3PN3_A
3TUF_B
1N97_A
2W07_B
4KDW_A
4Y2F_A
6W0V_A
5DWD_A
2J7Q_A
6CBR_A
2BK9_A
4HFV_A
4KVG_B
5L74_A
5U4U_A
6ZZA_A
3MFB_A
6NEP_A
2Q4K_A
3AGC_A
4EXK_A
1KJQ_A
5XMZ_A
6M0Q_B
6QLY_A
3C3P_A
7LFA_A
7NZJ_A
4BEM_J
2Z3H_A
4I4O_A
5KEW_B
5UXM_A
4OKO_A
4XB6_A
5O2X_A
4M0K_A
5L16_A
2FEP_A
4PT1_A
5ZWL_G
4OJ8_A
4QHW_A
2FIY_A
5GNF_A
5VN4_A
3IX7_A
5FLH_A
4IX7_A
5CPC_A
7O6L_A
6UAW_A
6KZJ_A
4KP3_C
5Y8E_A
1Y14_A
7JI4_A
5ZFK_A
6M6S_A
3A2Q_A
4CXF_B
6IQX_A
3DSM_A
4N0N_A
1ZH8_A
3LV4_A
6ZSI_C
3ES4_A
6BKA_A
3UH8_A
4DXK_A
3KMI_A
6PCZ_A
1SRA_A
4GPV_A
5G3T_A
6BCD_A
6AVY_A
1ALU_A
2QRL_A
2G1P_A
5C54_A
3Q64_A
4RI2_A
5HUB_A
4XUR_A
6LU2_A
6JTB_A
2RBB_A
7S13_C
3F0H_A
2FCJ_A
2A9G_A
5JRH_A
6NSI_A
7BWL_A
4HAT_B
3FXT_A
1YOZ_A
4P7X_A
7NX0_A
5FNO_A
1IFC_A
4BOE_A
5YQA_A
4G3H_A
6OZE_A
3K1Y_A
1RV9_A
5M5E_B
5B66_C
3GOZ_A
2Q4X_A
3EIF_A
3HM4_A
3RPC_A
3B2Y_A
2OIZ_A
2DYO_B
2DB7_A
5V7O_A
4P5N_A
2V8F_A
4ZDJ_A
6NP3_A
3CNE_A
1QZ7_B
2GCU_A
3KLJ_A
2E1F_A
2NX9_A
3TG2_A
