filter structures with 30 - 60 residues...
save filtered dataset at D:\文件\北大\MDL\ProteinBackboneDesign\Dataset\PDBDataset_30_60 done! size: 371
filtered pdb files:
1BAZ_A
1BXY_A
1DEV_B
1DP5_B
1FD3_A
1G3J_B
1G6X_A
1GL2_C
1H59_B
1HTR_P
1I7W_B
1IGQ_A
1IRQ_A
1J2J_B
1JCD_A
1K61_A
1KQ1_A
1MVF_D
1MZ9_A
1NH2_B
1NH2_C
1NKD_A
1NKZ_A
1OC0_B
1OJH_A
1OKS_A
1OL5_B
1P9G_A
1PPJ_I
1QGK_B
1QQP_4
1RH6_A
1RK8_C
1TC3_C
1TH1_C
1TII_C
1TU3_F
1UFI_A
1UPT_B
1URQ_A
1VF6_C
1VQO_1
1VZM_A
1WQ6_A
1XU1_R
1ZV1_A
2A26_A
2B9S_B
2BAY_A
2BEQ_D
2C1M_B
2C7N_A
2D7D_B
2DB7_A
2DYO_B
2EQ7_C
2F60_K
2FDN_A
2FMA_A
2FYZ_A
2GPE_A
2HBA_A
2HEO_A
2IZX_A
2J0S_T
2NR5_A
2O1K_A
2O8G_I
2ODK_A
2OO9_A
2OVG_A
2P58_A
2P58_B
2P64_A
2PQR_C
2QFA_C
2RH2_A
2RKL_A
2UUY_B
2V1Q_A
2WPV_B
2XF7_A
2XMF_A
2Y69_J
2Y69_M
2YMY_A
2YVR_A
2ZSI_B
2ZXE_G
3A02_A
3AU4_B
3B0F_A
3BBZ_A
3BC1_B
3BEI_A
3BRV_A
3CI9_A
3CJS_A
3CS5_A
3CX5_I
3E1I_A
3E7K_A
3EJ9_B
3FIL_A
3FWB_B
3FYR_A
3G36_A
3GWO_A
3H6P_A
3H6P_C
3HSH_A
3K6G_D
3K6T_A
3KVP_A
3LK2_T
3LT7_A
3M4W_E
3MB2_B
3MCB_B
3MI9_C
3MMY_B
3NGG_A
3NIR_A
3NO7_A
3PSM_A
3QF7_C
3S6P_E
3SJM_A
3SWY_A
3SZS_A
3T0Y_B
3T5X_B
3TSO_C
3U28_B
3UIP_D
3UTM_C
3V1A_A
3VEP_C
3VPB_E
3VZ9_D
3W19_C
3ZOQ_B
3ZVK_E
4A1S_C
4AQR_D
4BJS_A
4C2V_C
4CJ0_B
4CLQ_B
4CVD_A
4EYY_R
4F2L_A
4G3O_A
4GDO_A
4GOF_A
4HE7_A
4HEO_A
4HGU_A
4I1S_B
4J7B_C
4J8C_A
4JMF_A
4JNU_A
4JZP_A
4L0N_A
4L5E_A
4M3L_A
4MYZ_A
4NJC_A
4NPD_A
4OD8_C
4OWT_C
4P1N_C
4PAS_B
4PVZ_C
4Q4W_4
4QIC_B
4QQ6_A
4R10_B
4TXR_C
4U1E_B
4UZY_B
4WP2_A
4X86_B
4X8K_B
4X9C_A
4X9Z_A
4XO1_A
4XRM_A
4YH8_B
4YIZ_B
4YL8_B
4YNH_A
4YNX_A
4Z8E_A
4ZC3_A
4ZCE_A
5AL6_A
5B66_F
5B66_X
5COS_A
5D5Y_A
5D7U_A
5E8J_C
5EMX_A
5EOF_C
5EP6_A
5EQ0_A
5EU0_B
5EXH_C
5F5S_B
5FCN_A
5GYY_G
5H1X_A
5HE9_E
5HOB_A
5I0Q_A
5IBW_C
5INB_B
5JNB_E
5JW9_A
5K2L_A
5K3Q_A
5KDO_G
5KHT_A
5KI9_A
5LUS_A
5N41_A
5NW3_A
5O99_A
5T0F_B
5T46_B
5T6J_A
5TFP_A
5TOH_A
5TVO_B
5V2O_A
5VJI_A
5VJI_C
5WAS_B
5WWO_C
5XJG_B
5XYV_C
5Y5S_1
5Y9W_C
5YIX_B
5YR0_B
5Z1V_A
5ZKT_A
6AKK_A
6AKM_A
6AKM_B
6AVD_A
6B29_A
6B9X_A
6BLH_G
6BSC_A
6BSC_B
6C48_B
6C90_B
6CUM_A
6DNQ_E
6DVU_A
6E6O_A
6F5Z_C
6FM8_A
6FPK_A
6GU1_A
6GWJ_D
6GYG_A
6H8F_A
6HGM_B
6HIK_L
6HLN_B
6HPB_A
6I31_A
6IF4_A
6IN9_C
6IQE_A
6IWD_B
6J4K_A
6J4P_B
6JK2_A
6JLE_E
6K8K_C
6KM7_C
6KZJ_B
6LCQ_A
6LNM_B
6LQE_A
6M7A_C
6MJ7_A
6N7O_A
6O19_A
6O40_A
6O5K_A
6O5W_A
6OD2_A
6OG4_C
6OJ7_A
6OP8_B
6PCE_A
6Q00_B
6Q3P_B
6Q3P_C
6Q43_A
6Q43_B
6Q43_C
6RM9_C
6RO6_A
6S29_B
6SI6_A
6SIG_A
6SQ2_D
6SR6_B
6T6E_A
6TJ6_C
6TME_C
6TY2_A
6V1C_A
6V67_A
6W2G_A
6WBP_A
6XRR_C
6XVM_A
6Y20_C
6Z0M_B
6Z2T_A
6ZRN_C
6ZSY_A
7A2P_A
7A2S_A
7A2U_A
7A2V_A
7A2X_A
7A30_A
7A31_A
7A35_A
7A38_A
7A3B_A
7A3D_A
7A3E_A
7BAF_A
7BBL_E
7BU5_B
7CIZ_C
7CIZ_D
7CNW_B
7COH_K
7COH_L
7CQV_B
7D2G_A
7DE9_A
7DG2_D
7DGX_A
7DKZ_I
7EDP_B
7EK6_A
7EKN_A
7JFL_C
7LTR_B
7LVS_F
7NDY_G
7NER_A
7NES_A
7NET_A
7NX0_A
7O39_A
7PLP_A
7R84_A
7SKL_B
