load dataset...
load full dataset done! dataset size: 14079
save training set at D:\ProteinBackboneDesign\Dataset\PDBDataset_hbond+2 done! size: 13375
save validation set at D:\ProteinBackboneDesign\Dataset\PDBDataset_hbond+2 done! size: 563
save test set at D:\ProteinBackboneDesign\Dataset\PDBDataset_hbond+2 done! size: 141
test set:
7BKF_A
3MLN_A
6RFX_A
4PH2_A
4C5K_A
1P3C_A
2ARC_A
5D5Y_A
4G3H_A
2IVN_A
5BSE_A
1O4T_A
3K6Q_A
7DBL_A
1F3U_A
7A03_A
3B8B_A
4N4U_A
2CUA_A
4WID_A
2X65_A
2RKH_A
2ICH_A
4A7K_A
1WLF_A
1JL0_A
2HYJ_A
2FLH_A
4R1D_B
4CND_A
3KUC_B
4CS4_A
5TDE_B
6JTB_A
7B0P_A
2O5H_A
3DHU_A
4IZ7_B
4PO6_A
3WAE_A
2WN3_A
5FD3_A
3O14_A
4IJA_A
3HLK_A
6B4H_B
2J7J_A
5X9K_A
4QDJ_A
3W20_A
1UZ3_A
6XD4_A
6G44_A
6XZ3_A
3FFD_P
5HD9_A
3MC3_A
6AQS_A
3RIP_A
2ZDS_A
1BYF_A
3LKD_A
3EK3_A
6N0X_A
1FJR_A
6ZTU_A
5M45_B
5E1Q_A
7L71_A
5ITZ_D
4UP3_A
6GN5_A
5CWW_B
3EOI_A
5XDZ_B
1WP5_A
2A9U_A
4KV2_A
5NYP_A
3IGH_X
3CJD_A
6JWF_A
3LM3_A
4FDB_A
2NLR_A
3BZM_A
4G7V_S
3BED_A
1XW3_A
6W70_A
3ISA_A
4XCB_A
6SX0_A
5C0P_A
5LY8_A
6FTF_B
1WTE_A
4P1N_C
5AEA_A
2AMH_A
4RPM_A
1V84_A
5B7Y_A
5B4B_A
1YAR_H
6DNM_A
6RTE_A
6FMX_A
3FPN_B
3KEO_A
4K1C_A
4HOI_A
3F8T_A
1OEW_A
5TVO_B
5J90_A
2IOJ_A
1EQ2_A
4S1P_A
5LZ1_A
2GDQ_A
3NDZ_E
6T3X_A
3IG2_A
5A4A_A
1NKZ_A
4IL7_A
6D7Y_A
2CXY_A
6OP8_B
1HH8_A
5HJM_A
7BWU_A
5UH7_A
4PMO_A
3PVI_A
3CKC_A
6TGU_A
4Y68_A
5D9X_A
3O0Q_A
