process dataset...
Process Dataset | find 7240 pdb files as training data
Process Dataset | find 107 warning cases:
1I1W_A.pdb
1R9L_A.pdb
1RKT_A.pdb
1S3L_A.pdb
1S9R_A.pdb
1XG0_C.pdb
1XX7_A.pdb
1Y81_A.pdb
1YB3_A.pdb
1Z2U_A.pdb
1ZD0_A.pdb
1ZGH_A.pdb
2B25_A.pdb
2D1G_A.pdb
2GZQ_A.pdb
2HP0_A.pdb
2IF6_A.pdb
2IJA_A.pdb
2NXF_A.pdb
2PQ8_A.pdb
2PXX_A.pdb
2QT1_A.pdb
2X2U_A.pdb
2ZFN_A.pdb
3BPJ_A.pdb
3C5H_A.pdb
3FEG_A.pdb
3FZY_A.pdb
3IEZ_A.pdb
3IUG_A.pdb
3JQH_A.pdb
3KH0_A.pdb
3KUQ_A.pdb
3L46_A.pdb
3LGD_A.pdb
3LLU_A.pdb
3NIR_A.pdb
3PFY_A.pdb
3PP2_A.pdb
3QWE_A.pdb
3QWL_A.pdb
3R90_A.pdb
3S4Y_A.pdb
3S8I_A.pdb
3S8S_A.pdb
3S93_A.pdb
3U12_A.pdb
3U1U_A.pdb
3V0R_A.pdb
4CK4_A.pdb
4FLB_A.pdb
4FP4_A.pdb
4HE6_A.pdb
4I79_A.pdb
4IAJ_A.pdb
4JHC_A.pdb
4K7Z_A.pdb
4LD6_A.pdb
4LG8_A.pdb
4PWY_A.pdb
4Q1Z_A.pdb
4QN1_A.pdb
4QPN_A.pdb
4QQ6_A.pdb
4QT6_A.pdb
4RCJ_A.pdb
4RG1_A.pdb
4RXJ_A.pdb
4RXX_A.pdb
4YVD_A.pdb
5AIZ_A.pdb
5B8D_A.pdb
5C5C_A.pdb
5C6S_A.pdb
5C8G_A.pdb
5C8H_A.pdb
5CQ2_A.pdb
5EQ0_A.pdb
5FAI_A.pdb
5JJX_A.pdb
5KKP_A.pdb
5KO9_A.pdb
5T1I_A.pdb
5TEE_A.pdb
5UBA_A.pdb
5VBD_A.pdb
5WCJ_A.pdb
6CD9_A.pdb
6I9A_A.pdb
6MDW_A.pdb
6MIW_A.pdb
6MLC_A.pdb
6OAW_A.pdb
6OQM_A.pdb
6TTN_A.pdb
6VO5_A.pdb
6VYC_A.pdb
6WAJ_A.pdb
6YTB_B.pdb
7COH_C.pdb
7KLJ_A.pdb
7KQQ_A.pdb
7KYX_A.pdb
7M3X_A.pdb
7MWI_A.pdb
7MWM_A.pdb
7RUO_A.pdb
Process Dataset | find 7259 bad cases:
16VP_A.pdb
1A41_A.pdb
1A5T_A.pdb
1A7J_A.pdb
1A9X_A.pdb
1AB8_A.pdb
1AE9_A.pdb
1ALU_A.pdb
1AM7_A.pdb
1AOL_A.pdb
1AQZ_A.pdb
1AZO_A.pdb
1B0B_A.pdb
1B25_A.pdb
1B8K_A.pdb
1B9M_A.pdb
1BCO_A.pdb
1BDF_A.pdb
1BQU_A.pdb
1BS0_A.pdb
1BU8_A.pdb
1C3C_A.pdb
1CB8_A.pdb
1CEO_A.pdb
1CNT_1.pdb
1CR1_A.pdb
1CR5_A.pdb
1CRU_A.pdb
1CXQ_A.pdb
1CY5_A.pdb
1D2S_A.pdb
1D2T_A.pdb
1D3Y_A.pdb
1D5T_A.pdb
1D8H_A.pdb
1D8W_A.pdb
1DBH_A.pdb
1DC1_A.pdb
1DCF_A.pdb
1DCS_A.pdb
1DD9_A.pdb
1DEK_A.pdb
1DFM_A.pdb
1DG6_A.pdb
1DMG_A.pdb
1DOW_A.pdb
1DUS_A.pdb
1DWK_A.pdb
1DYO_A.pdb
1DYP_A.pdb
1E0C_A.pdb
1E2K_A.pdb
1E58_A.pdb
1E9R_A.pdb
1EAQ_A.pdb
1EHY_A.pdb
1EK9_A.pdb
1EKQ_A.pdb
1ELJ_A.pdb
1EPA_A.pdb
1EQ2_A.pdb
1EU1_A.pdb
1EV7_A.pdb
1EVS_A.pdb
1EVY_A.pdb
1F0C_A.pdb
1F0L_A.pdb
1F0X_A.pdb
1F1E_A.pdb
1F32_A.pdb
1F3U_B.pdb
1F9F_A.pdb
1F9V_A.pdb
1FCQ_A.pdb
1FG7_A.pdb
1FKM_A.pdb
1FM0_E.pdb
1FNN_A.pdb
1FO8_A.pdb
1FSG_A.pdb
1FVI_A.pdb
1FXK_B.pdb
1FYE_A.pdb
1G0S_A.pdb
1G3J_B.pdb
1G3P_A.pdb
1G4M_A.pdb
1G5H_A.pdb
1G60_A.pdb
1G8M_A.pdb
1G8P_A.pdb
1GA8_A.pdb
1GCI_A.pdb
1GHE_A.pdb
1GK8_I.pdb
1GKM_A.pdb
1GL2_C.pdb
1GMI_A.pdb
1GML_A.pdb
1GMX_A.pdb
1GO3_E.pdb
1GOI_A.pdb
1GP6_A.pdb
1GPJ_A.pdb
1GPP_A.pdb
1GQE_A.pdb
1GR0_A.pdb
1GU4_A.pdb
1GU9_A.pdb
1GV9_A.pdb
1GVN_A.pdb
1GVN_B.pdb
1GXR_A.pdb
1H12_A.pdb
1H30_A.pdb
1H32_A.pdb
1H3F_A.pdb
1H3O_B.pdb
1H4U_A.pdb
1H4X_A.pdb
1H54_A.pdb
1H5W_A.pdb
1H6G_A.pdb
1H6K_A.pdb
1H6K_X.pdb
1H7S_A.pdb
1H80_A.pdb
1H99_A.pdb
1HDF_A.pdb
1HDH_A.pdb
1HF2_A.pdb
1HKU_A.pdb
1HP1_A.pdb
1HQ1_A.pdb
1HQS_A.pdb
1HXI_A.pdb
1HXN_A.pdb
1HXR_A.pdb
1HY5_A.pdb
1I1Q_B.pdb
1I24_A.pdb
1I31_A.pdb
1I4D_A.pdb
1I4J_A.pdb
1I60_A.pdb
1I7W_B.pdb
1IA9_A.pdb
1IAR_B.pdb
1IGN_A.pdb
1II5_A.pdb
1IN4_A.pdb
1INL_A.pdb
1IQV_A.pdb
1IUQ_A.pdb
1IZM_A.pdb
1J1I_A.pdb
1J1V_A.pdb
1J3A_A.pdb
1J5U_A.pdb
1J6U_A.pdb
1J77_A.pdb
1J7X_A.pdb
1J83_A.pdb
1J8B_A.pdb
1J98_A.pdb
1JBE_A.pdb
1JBW_A.pdb
1JE5_A.pdb
1JEY_A.pdb
1JI7_A.pdb
1JL0_A.pdb
1JMX_B.pdb
1JND_A.pdb
1JNI_A.pdb
1JOF_A.pdb
1JOG_A.pdb
1JP4_A.pdb
1JR7_A.pdb
1JS8_A.pdb
1JTV_A.pdb
1JUH_A.pdb
1JW9_B.pdb
1JY5_A.pdb
1JYA_A.pdb
1JYK_A.pdb
1JZT_A.pdb
1K1X_A.pdb
1K3X_A.pdb
1K4N_A.pdb
1K77_A.pdb
1K7J_A.pdb
1K7K_A.pdb
1K8K_C.pdb
1K8K_D.pdb
1K8K_E.pdb
1K8K_F.pdb
1K8K_G.pdb
1K8W_A.pdb
1KAE_A.pdb
1KCF_A.pdb
1KGD_A.pdb
1KGS_A.pdb
1KHV_A.pdb
1KJQ_A.pdb
1KKO_A.pdb
1KL9_A.pdb
1KMV_A.pdb
1KO7_A.pdb
1KQ6_A.pdb
1KR4_A.pdb
1KSI_A.pdb
1KXO_A.pdb
1KXP_D.pdb
1KYQ_A.pdb
1KZF_A.pdb
1KZY_C.pdb
1L0S_A.pdb
1L1L_A.pdb
1L3K_A.pdb
1L3L_A.pdb
1L4D_B.pdb
1L8R_A.pdb
1L8W_A.pdb
1L9M_A.pdb
1LBA_A.pdb
1LF7_A.pdb
1LFP_A.pdb
1LJ8_A.pdb
1LQT_A.pdb
1LR0_A.pdb
1LRZ_A.pdb
1LS1_A.pdb
1LSH_A.pdb
1LUR_A.pdb
1LV7_A.pdb
1LXJ_A.pdb
1M0W_A.pdb
1M1E_B.pdb
1M1Z_A.pdb
1M22_A.pdb
1M4U_A.pdb
1M65_A.pdb
1M6S_A.pdb
1M6Y_A.pdb
1MB3_A.pdb
1MC2_A.pdb
1MDC_A.pdb
1MG7_A.pdb
1MIJ_A.pdb
1MJ5_A.pdb
1MNN_A.pdb
1MPX_A.pdb
1MS9_A.pdb
1MSW_D.pdb
1MUS_A.pdb
1MVL_A.pdb
1MW5_A.pdb
1MW9_X.pdb
1N12_A.pdb
1N1C_A.pdb
1N3L_A.pdb
1N40_A.pdb
1N4K_A.pdb
1N57_A.pdb
1N7O_A.pdb
1N7V_A.pdb
1N7Z_A.pdb
1N93_X.pdb
1N9P_A.pdb
1NC7_A.pdb
1NH2_C.pdb
1NIG_A.pdb
1NJH_A.pdb
1NJK_A.pdb
1NJR_A.pdb
1NKZ_A.pdb
1NLF_A.pdb
1NM2_A.pdb
1NMO_A.pdb
1NNF_A.pdb
1NNL_A.pdb
1NNX_A.pdb
1NO1_A.pdb
1NQZ_A.pdb
1NRJ_A.pdb
1NRJ_B.pdb
1NU0_A.pdb
1NUU_A.pdb
1NUY_A.pdb
1NXU_A.pdb
1NZ0_A.pdb
1NZJ_A.pdb
1NZN_A.pdb
1O1Y_A.pdb
1O20_A.pdb
1O22_A.pdb
1O2D_A.pdb
1O4W_A.pdb
1O57_A.pdb
1O59_A.pdb
1O66_A.pdb
1O6A_A.pdb
1O75_A.pdb
1O7A_A.pdb
1O88_A.pdb
1O8X_A.pdb
1O97_C.pdb
1O97_D.pdb
1O9G_A.pdb
1OD3_A.pdb
1ODF_A.pdb
1OEW_A.pdb
1OEY_A.pdb
1OF8_A.pdb
1OFD_A.pdb
1OFH_A.pdb
1OFU_X.pdb
1OHU_A.pdb
1OI0_A.pdb
1OI1_A.pdb
1OI2_A.pdb
1OI7_A.pdb
1OJ5_A.pdb
1OJH_A.pdb
1OJX_A.pdb
1OKG_A.pdb
1OKS_A.pdb
1OL5_B.pdb
1OMZ_A.pdb
1ONW_A.pdb
1OQ1_A.pdb
1ORU_A.pdb
1OUW_A.pdb
1OW1_A.pdb
1OYZ_A.pdb
1P32_A.pdb
1P5Z_B.pdb
1P9G_A.pdb
1PAQ_A.pdb
1PBY_C.pdb
1PG6_A.pdb
1PKO_A.pdb
1PMH_X.pdb
1PN0_A.pdb
1PN2_A.pdb
1POI_A.pdb
1PP0_A.pdb
1PPJ_A.pdb
1PPJ_B.pdb
1PPJ_G.pdb
1PPJ_I.pdb
1PQ4_A.pdb
1PSW_A.pdb
1PV5_A.pdb
1PVG_A.pdb
1PYT_A.pdb
1PZ7_A.pdb
1PZX_A.pdb
1Q0P_A.pdb
1Q15_A.pdb
1Q40_B.pdb
1Q42_A.pdb
1Q67_A.pdb
1Q74_A.pdb
1Q7E_A.pdb
1Q87_A.pdb
1Q8B_A.pdb
1Q8D_A.pdb
1Q8Y_A.pdb
1Q9U_A.pdb
1QCS_A.pdb
1QD1_A.pdb
1QF8_A.pdb
1QFJ_A.pdb
1QG8_A.pdb
1QHL_A.pdb
1QJP_A.pdb
1QKR_A.pdb
1QO2_A.pdb
1QQF_A.pdb
1QQG_A.pdb
1QQP_1.pdb
1QQP_2.pdb
1QQP_4.pdb
1QUS_A.pdb
1QV1_A.pdb
1QV9_A.pdb
1QW2_A.pdb
1QWO_A.pdb
1QWR_A.pdb
1R0D_A.pdb
1R0M_A.pdb
1R0U_A.pdb
1R2J_A.pdb
1R4V_A.pdb
1R4X_A.pdb
1R5L_A.pdb
1R5M_A.pdb
1R62_A.pdb
1R6W_A.pdb
1R75_A.pdb
1R8G_A.pdb
1R9W_A.pdb
1RCQ_A.pdb
1RCW_A.pdb
1RH6_A.pdb
1RJ8_A.pdb
1RLI_A.pdb
1RO7_A.pdb
1RP3_B.pdb
1RQ5_A.pdb
1RSG_A.pdb
1RT8_A.pdb
1RTW_A.pdb
1RUT_X.pdb
1RW1_A.pdb
1RXQ_A.pdb
1RYL_A.pdb
1RZ4_A.pdb
1S1F_A.pdb
1S21_A.pdb
1S2W_A.pdb
1S2X_A.pdb
1S4C_A.pdb
1S5D_A.pdb
1S6Y_A.pdb
1S7Z_A.pdb
1S99_A.pdb
1S9U_A.pdb
1SAZ_A.pdb
1SBX_A.pdb
1SCF_A.pdb
1SD4_A.pdb
1SDO_A.pdb
1SE8_A.pdb
1SEN_A.pdb
1SFX_A.pdb
1SG6_A.pdb
1SJY_A.pdb
1SLU_A.pdb
1SNY_A.pdb
1SO7_A.pdb
1SP3_A.pdb
1SQ9_A.pdb
1SQH_A.pdb
1SQS_A.pdb
1SUM_B.pdb
1SUU_A.pdb
1SVV_A.pdb
1T07_A.pdb
1T1E_A.pdb
1T3G_A.pdb
1T3U_A.pdb
1T6A_A.pdb
1T6L_A.pdb
1T6T_1.pdb
1T82_A.pdb
1T9H_A.pdb
1TAF_A.pdb
1TBF_A.pdb
1TC1_A.pdb
1TE2_A.pdb
1TED_A.pdb
1TH1_C.pdb
1TH8_A.pdb
1THT_A.pdb
1TMX_A.pdb
1TQ5_A.pdb
1TS9_A.pdb
1TUE_A.pdb
1TUO_A.pdb
1TVG_A.pdb
1TWD_A.pdb
1TWY_A.pdb
1TXK_A.pdb
1TY4_C.pdb
1TZ0_A.pdb
1TZF_A.pdb
1TZP_A.pdb
1U02_A.pdb
1U0J_A.pdb
1U0T_A.pdb
1U14_A.pdb
1U2K_A.pdb
1U2M_A.pdb
1U2Z_A.pdb
1U58_A.pdb
1U7B_A.pdb
1U7G_A.pdb
1U7I_A.pdb
1U7K_A.pdb
1U7L_A.pdb
1U7N_A.pdb
1U8S_A.pdb
1U8X_X.pdb
1U9C_A.pdb
1UCS_A.pdb
1UD9_A.pdb
1UFO_A.pdb
1UG3_A.pdb
1UHG_A.pdb
1UIX_A.pdb
1UJP_A.pdb
1UKK_A.pdb
1UNQ_A.pdb
1UPK_A.pdb
1UPS_A.pdb
1UPT_B.pdb
1URQ_A.pdb
1URS_A.pdb
1US0_A.pdb
1US5_A.pdb
1USM_A.pdb
1USU_B.pdb
1UT7_A.pdb
1UV7_A.pdb
1UW4_B.pdb
1UX6_A.pdb
1UXO_A.pdb
1UZK_A.pdb
1V0W_A.pdb
1V4A_A.pdb
1V6T_A.pdb
1V7W_A.pdb
1V84_A.pdb
1V8D_A.pdb
1V96_A.pdb
1V9M_A.pdb
1V9Y_A.pdb
1VAJ_A.pdb
1VCH_A.pdb
1VDW_A.pdb
1VE4_A.pdb
1VG0_A.pdb
1VGJ_A.pdb
1VH4_A.pdb
1VHN_A.pdb
1VHQ_A.pdb
1VHU_A.pdb
1VI3_A.pdb
1VJF_A.pdb
1VJG_A.pdb
1VJL_A.pdb
1VJN_A.pdb
1VJQ_A.pdb
1VJR_A.pdb
1VJU_A.pdb
1VJV_A.pdb
1VJX_A.pdb
1VK1_A.pdb
1VK3_A.pdb
1VK8_A.pdb
1VKE_A.pdb
1VKF_A.pdb
1VKH_A.pdb
1VKY_A.pdb
1VL4_A.pdb
1VL5_A.pdb
1VLM_A.pdb
1VLY_A.pdb
1VMG_A.pdb
1VMH_A.pdb
1VPB_A.pdb
1VPK_A.pdb
1VPM_A.pdb
1VPR_A.pdb
1VPT_A.pdb
1VQO_H.pdb
1VQO_L.pdb
1VQR_A.pdb
1VQS_A.pdb
1VQT_A.pdb
1VR0_A.pdb
1VR7_A.pdb
1VR8_A.pdb
1VRA_B.pdb
1VYK_A.pdb
1VZJ_A.pdb
1VZM_A.pdb
1W07_A.pdb
1W2F_A.pdb
1W2W_A.pdb
1W2W_B.pdb
1W5Q_A.pdb
1W5T_A.pdb
1W6K_A.pdb
1W6S_A.pdb
1W6S_B.pdb
1W6U_A.pdb
1W79_A.pdb
1W8I_A.pdb
1WA5_C.pdb
1WB9_A.pdb
1WC3_A.pdb
1WCV_1.pdb
1WD5_A.pdb
1WDD_A.pdb
1WDE_A.pdb
1WEH_A.pdb
1WHZ_A.pdb
1WIW_A.pdb
1WJX_A.pdb
1WKC_A.pdb
1WKQ_A.pdb
1WL8_A.pdb
1WLF_A.pdb
1WLJ_A.pdb
1WLY_A.pdb
1WNA_A.pdb
1WP5_A.pdb
1WQ6_A.pdb
1WS6_A.pdb
1WV3_A.pdb
1WVG_A.pdb
1WVH_A.pdb
1WVQ_A.pdb
1WWI_A.pdb
1WWP_A.pdb
1WY6_A.pdb
1WYZ_A.pdb
1X0G_A.pdb
1X6O_A.pdb
1X6Z_A.pdb
1X79_A.pdb
1X7D_A.pdb
1X7F_A.pdb
1X7O_A.pdb
1X8B_A.pdb
1X9D_A.pdb
1X9M_A.pdb
1X9Z_A.pdb
1XBI_A.pdb
1XCG_A.pdb
1XDN_A.pdb
1XDY_A.pdb
1XE7_A.pdb
1XFS_A.pdb
1XG0_A.pdb
1XG5_A.pdb
1XGK_A.pdb
1XHN_A.pdb
1XIP_A.pdb
1XIW_B.pdb
1XJU_A.pdb
1XJV_A.pdb
1XK7_A.pdb
1XKI_A.pdb
1XKP_A.pdb
1XKP_B.pdb
1XKP_C.pdb
1XKS_A.pdb
1XL3_C.pdb
1XL7_A.pdb
1XLY_A.pdb
1XM7_A.pdb
1XMX_A.pdb
1XNF_A.pdb
1XQR_A.pdb
1XR4_A.pdb
1XRU_A.pdb
1XSV_A.pdb
1XUV_A.pdb
1XV2_A.pdb
1XV5_A.pdb
1XZZ_A.pdb
1Y02_A.pdb
1Y08_A.pdb
1Y0K_A.pdb
1Y0N_A.pdb
1Y0U_A.pdb
1Y14_A.pdb
1Y14_B.pdb
1Y2M_A.pdb
1Y44_A.pdb
1Y5H_A.pdb
1Y6X_A.pdb
1Y6Z_A.pdb
1Y71_A.pdb
1Y7P_A.pdb
1Y7R_A.pdb
1Y89_A.pdb
1Y8X_B.pdb
1Y9I_A.pdb
1YAD_A.pdb
1YAR_O.pdb
1YB2_A.pdb
1YC9_A.pdb
1YDL_A.pdb
1YDW_A.pdb
1YDX_A.pdb
1YE8_A.pdb
1YG2_A.pdb
1YG9_A.pdb
1YHF_A.pdb
1YI9_A.pdb
1YJ7_A.pdb
1YKW_A.pdb
1YLF_A.pdb
1YLL_A.pdb
1YLM_A.pdb
1YLO_A.pdb
1YLX_A.pdb
1YM3_A.pdb
1YMT_A.pdb
1YNF_A.pdb
1YNP_A.pdb
1YOX_A.pdb
1YOZ_A.pdb
1YPF_A.pdb
1YQT_A.pdb
1YRB_A.pdb
1YRT_A.pdb
1YSQ_A.pdb
1YT8_A.pdb
1YW4_A.pdb
1YX1_A.pdb
1Z0P_A.pdb
1Z0S_A.pdb
1Z0W_A.pdb
1Z5Z_A.pdb
1Z67_A.pdb
1Z6M_A.pdb
1Z72_A.pdb
1Z84_A.pdb
1Z85_A.pdb
1Z9L_A.pdb
1ZA0_A.pdb
1ZAR_A.pdb
1ZBP_A.pdb
1ZBS_A.pdb
1ZBX_B.pdb
1ZC6_A.pdb
1ZCE_A.pdb
1ZEE_A.pdb
1ZEL_A.pdb
1ZH5_A.pdb
1ZH8_A.pdb
1ZK5_A.pdb
1ZK8_A.pdb
1ZLD_A.pdb
1ZN6_A.pdb
1ZNP_A.pdb
1ZR6_A.pdb
1ZS9_A.pdb
1ZSO_A.pdb
1ZTC_A.pdb
1ZTH_A.pdb
1ZUP_A.pdb
1ZVP_A.pdb
1ZVT_A.pdb
1ZX3_A.pdb
1ZX5_A.pdb
1ZX8_A.pdb
1ZY7_A.pdb
1ZYB_A.pdb
2A2C_A.pdb
2A2F_X.pdb
2A2J_A.pdb
2A2M_A.pdb
2A35_A.pdb
2A3N_A.pdb
2A5H_A.pdb
2A5L_A.pdb
2A5Z_A.pdb
2A65_A.pdb
2A67_A.pdb
2A6H_D.pdb
2A7K_A.pdb
2A8E_A.pdb
2A8Y_A.pdb
2A90_A.pdb
2A9G_A.pdb
2A9U_A.pdb
2AAM_A.pdb
2AB4_A.pdb
2AB5_A.pdb
2ABS_A.pdb
2ABW_A.pdb
2AE6_A.pdb
2AEG_A.pdb
2AGK_A.pdb
2AH5_A.pdb
2AHU_A.pdb
2AJ6_A.pdb
2AJR_A.pdb
2AKO_A.pdb
2AKZ_A.pdb
2AMH_A.pdb
2AML_A.pdb
2ANU_A.pdb
2AOT_A.pdb
2AP3_A.pdb
2APJ_A.pdb
2ASF_A.pdb
2AU5_A.pdb
2AUW_A.pdb
2AWI_A.pdb
2AXC_A.pdb
2AXO_A.pdb
2AZW_A.pdb
2B06_A.pdb
2B0V_A.pdb
2B1Y_A.pdb
2B2A_A.pdb
2B4A_A.pdb
2B4V_A.pdb
2B5G_A.pdb
2B67_A.pdb
2B78_A.pdb
2B7U_A.pdb
2B81_A.pdb
2B8M_A.pdb
2B9E_A.pdb
2BB3_A.pdb
2BBD_A.pdb
2BBH_A.pdb
2BBR_A.pdb
2BCM_A.pdb
2BDR_A.pdb
2BF6_A.pdb
2BFD_A.pdb
2BFD_B.pdb
2BHG_A.pdb
2BHU_A.pdb
2BI0_A.pdb
2BJI_A.pdb
2BJN_A.pdb
2BKA_A.pdb
2BKK_A.pdb
2BKR_A.pdb
2BL7_A.pdb
2BLN_A.pdb
2BNG_A.pdb
2BNL_A.pdb
2BO4_A.pdb
2BOG_X.pdb
2BOL_A.pdb
2BOU_A.pdb
2BRF_A.pdb
2BRY_A.pdb
2BS2_C.pdb
2BSY_A.pdb
2BW0_A.pdb
2BW3_A.pdb
2BYO_A.pdb
2BZ1_A.pdb
2BZV_A.pdb
2C0N_A.pdb
2C2I_A.pdb
2C3V_A.pdb
2C40_A.pdb
2C43_A.pdb
2C5A_A.pdb
2C5K_T.pdb
2C5L_C.pdb
2C5Q_A.pdb
2C5S_A.pdb
2C60_A.pdb
2C61_A.pdb
2C7N_A.pdb
2C8M_A.pdb
2C9O_A.pdb
2CA6_A.pdb
2CAY_A.pdb
2CDC_A.pdb
2CDU_A.pdb
2CF7_A.pdb
2CFA_A.pdb
2CH5_A.pdb
2CI1_A.pdb
2CIB_A.pdb
2CIO_B.pdb
2CIR_A.pdb
2CIW_A.pdb
2CJA_A.pdb
2CJT_A.pdb
2CKL_B.pdb
2CNQ_A.pdb
2CO3_A.pdb
2CSU_A.pdb
2CUL_A.pdb
2CW9_A.pdb
2CWQ_A.pdb
2CWY_A.pdb
2CX1_A.pdb
2CX7_A.pdb
2CXA_A.pdb
2CXH_A.pdb
2CXI_A.pdb
2CXK_A.pdb
2CXY_A.pdb
2CY5_A.pdb
2CYJ_A.pdb
2CZL_A.pdb
2D1L_A.pdb
2D1S_A.pdb
2D28_C.pdb
2D2E_A.pdb
2D4C_A.pdb
2D4G_A.pdb
2D4R_A.pdb
2D5M_A.pdb
2D68_A.pdb
2D7V_A.pdb
2DB7_A.pdb
2DBN_A.pdb
2DBY_A.pdb
2DCH_X.pdb
2DCL_A.pdb
2DDM_A.pdb
2DDR_A.pdb
2DEB_A.pdb
2DGB_A.pdb
2DLB_A.pdb
2DOK_A.pdb
2DPL_A.pdb
2DPM_A.pdb
2DQB_A.pdb
2DT8_A.pdb
2DTC_A.pdb
2DUL_A.pdb
2DVK_A.pdb
2DWK_A.pdb
2DXA_A.pdb
2DXQ_A.pdb
2DXU_A.pdb
2DYO_A.pdb
2E0N_A.pdb
2E1V_A.pdb
2E2E_A.pdb
2E3H_A.pdb
2E3N_A.pdb
2E5A_A.pdb
2E6M_A.pdb
2E6X_A.pdb
2E7J_A.pdb
2E7V_A.pdb
2E7Y_A.pdb
2E8V_A.pdb
2E9X_C.pdb
2EB1_A.pdb
2EFK_A.pdb
2EGZ_A.pdb
2EHP_A.pdb
2EHW_A.pdb
2EIY_A.pdb
2EJ8_A.pdb
2EKD_A.pdb
2ENG_A.pdb
2EPL_X.pdb
2ES4_D.pdb
2ESS_A.pdb
2ETD_A.pdb
2ETJ_A.pdb
2ETS_A.pdb
2ETV_A.pdb
2EW0_A.pdb
2EWC_A.pdb
2EWF_A.pdb
2EYU_A.pdb
2EZV_A.pdb
2F02_A.pdb
2F06_A.pdb
2F1K_A.pdb
2F1N_A.pdb
2F20_A.pdb
2F22_A.pdb
2F3L_A.pdb
2F41_A.pdb
2F46_A.pdb
2F4I_A.pdb
2F4N_A.pdb
2F4P_A.pdb
2F4W_A.pdb
2F5J_A.pdb
2F5U_A.pdb
2F5X_A.pdb
2F62_A.pdb
2F69_A.pdb
2F7V_A.pdb
2F8L_A.pdb
2F9H_A.pdb
2F9I_A.pdb
2F9W_A.pdb
2FA5_A.pdb
2FA8_A.pdb
2FB0_A.pdb
2FB6_A.pdb
2FCK_A.pdb
2FCL_A.pdb
2FCO_A.pdb
2FCT_A.pdb
2FD4_A.pdb
2FEA_A.pdb
2FEF_A.pdb
2FEX_A.pdb
2FFG_A.pdb
2FFS_A.pdb
2FG1_A.pdb
2FG9_A.pdb
2FGE_A.pdb
2FH5_A.pdb
2FH5_B.pdb
2FHP_A.pdb
2FHQ_A.pdb
2FIQ_A.pdb
2FIU_A.pdb
2FIW_A.pdb
2FIY_A.pdb
2FKK_A.pdb
2FLH_A.pdb
2FM9_A.pdb
2FNA_A.pdb
2FNO_A.pdb
2FOK_A.pdb
2FP3_A.pdb
2FPN_A.pdb
2FPR_A.pdb
2FRE_A.pdb
2FSJ_A.pdb
2FSQ_A.pdb
2FSR_A.pdb
2FTR_A.pdb
2FU2_A.pdb
2FUE_A.pdb
2FUL_A.pdb
2FUP_A.pdb
2FUR_A.pdb
2FWV_A.pdb
2FXA_A.pdb
2FY7_A.pdb
2FYF_A.pdb
2G0D_A.pdb
2G0W_A.pdb
2G1P_A.pdb
2G3V_A.pdb
2G3W_A.pdb
2G40_A.pdb
2G5G_X.pdb
2G5R_A.pdb
2G7G_A.pdb
2G7L_A.pdb
2G7S_A.pdb
2G7Z_A.pdb
2G8L_A.pdb
2G8Y_A.pdb
2G9W_A.pdb
2G9Z_A.pdb
2GA1_A.pdb
2GA8_A.pdb
2GAK_A.pdb
2GAN_A.pdb
2GAU_A.pdb
2GAX_A.pdb
2GB3_A.pdb
2GB7_A.pdb
2GCU_A.pdb
2GD9_A.pdb
2GEN_A.pdb
2GF4_A.pdb
2GF6_A.pdb
2GFF_A.pdb
2GFH_A.pdb
2GFN_A.pdb
2GFQ_A.pdb
2GHS_A.pdb
2GI3_A.pdb
2GIA_A.pdb
2GIG_A.pdb
2GK4_A.pdb
2GKP_A.pdb
2GLZ_A.pdb
2GM3_A.pdb
2GMQ_A.pdb
2GNO_A.pdb
2GNP_A.pdb
2GO8_A.pdb
2GP4_A.pdb
2GPI_A.pdb
2GRV_A.pdb
2GS5_A.pdb
2GS8_A.pdb
2GSC_A.pdb
2GSV_A.pdb
2GU9_A.pdb
2GUF_A.pdb
2GUH_A.pdb
2GUK_A.pdb
2GUM_A.pdb
2GV8_A.pdb
2GVI_A.pdb
2GWN_A.pdb
2GXQ_A.pdb
2GYQ_A.pdb
2GZS_A.pdb
2GZV_A.pdb
2H1T_A.pdb
2H21_A.pdb
2H30_A.pdb
2H5C_A.pdb
2H7O_A.pdb
2H8L_A.pdb
2HBO_A.pdb
2HBW_A.pdb
2HC1_A.pdb
2HCF_A.pdb
2HD0_A.pdb
2HDO_A.pdb
2HEU_A.pdb
2HF2_A.pdb
2HFS_A.pdb
2HHC_A.pdb
2HHG_A.pdb
2HHZ_A.pdb
2HIY_A.pdb
2HJE_A.pdb
2HJS_A.pdb
2HKV_A.pdb
2HLJ_A.pdb
2HLR_A.pdb
2HLY_A.pdb
2HMH_A.pdb
2HNG_A.pdb
2HO1_A.pdb
2HOE_A.pdb
2HPS_A.pdb
2HQ4_A.pdb
2HQ7_A.pdb
2HQ9_A.pdb
2HQT_A.pdb
2HQX_A.pdb
2HSB_A.pdb
2HSI_A.pdb
2HSJ_A.pdb
2HSZ_A.pdb
2HTD_A.pdb
2HTI_A.pdb
2HUH_A.pdb
2HUJ_A.pdb
2HV2_A.pdb
2HW4_A.pdb
2HX5_A.pdb
2HXI_A.pdb
2HXR_A.pdb
2HYT_A.pdb
2HZM_A.pdb
2HZM_B.pdb
2HZQ_A.pdb
2I02_A.pdb
2I0O_A.pdb
2I0Z_A.pdb
2I10_A.pdb
2I15_A.pdb
2I1S_A.pdb
2I2F_A.pdb
2I2O_A.pdb
2I3D_A.pdb
2I3O_A.pdb
2I44_A.pdb
2I51_A.pdb
2I52_A.pdb
2I5E_A.pdb
2I5F_A.pdb
2I5H_A.pdb
2I5I_A.pdb
2I5U_A.pdb
2I6D_A.pdb
2I6H_A.pdb
2I71_A.pdb
2I7G_A.pdb
2I7H_A.pdb
2I7X_A.pdb
2I8D_A.pdb
2I8E_A.pdb
2I9C_A.pdb
2I9D_A.pdb
2I9W_A.pdb
2I9X_A.pdb
2IA0_A.pdb
2IA1_A.pdb
2IA2_A.pdb
2IA7_A.pdb
2IAB_A.pdb
2IAF_A.pdb
2IAY_A.pdb
2IAZ_A.pdb
2IBD_A.pdb
2IBN_A.pdb
2IC2_A.pdb
2ICG_A.pdb
2ICH_A.pdb
2ICS_A.pdb
2ID0_A.pdb
2ID3_A.pdb
2IEW_A.pdb
2IG6_A.pdb
2IGS_A.pdb
2IGT_A.pdb
2IH3_C.pdb
2IHT_A.pdb
2II1_A.pdb
2IJ0_C.pdb
2IJ2_A.pdb
2IKB_A.pdb
2IKK_A.pdb
2IKS_A.pdb
2IL5_A.pdb
2ILR_A.pdb
2IM8_A.pdb
2IM9_A.pdb
2IMH_A.pdb
2IMJ_A.pdb
2IML_A.pdb
2IMR_A.pdb
2IN3_A.pdb
2IN5_A.pdb
2INW_A.pdb
2IOJ_A.pdb
2IP1_A.pdb
2IPQ_X.pdb
2IQC_A.pdb
2IQT_A.pdb
2IRP_A.pdb
2ISN_A.pdb
2IT2_A.pdb
2IT9_A.pdb
2ITM_A.pdb
2IU1_A.pdb
2IUC_B.pdb
2IUW_A.pdb
2IUY_A.pdb
2IVD_A.pdb
2IWN_A.pdb
2IWR_A.pdb
2IY9_A.pdb
2IYV_A.pdb
2IZR_A.pdb
2J0A_A.pdb
2J0S_T.pdb
2J1D_G.pdb
2J1V_A.pdb
2J3T_C.pdb
2J3W_B.pdb
2J43_A.pdb
2J4J_A.pdb
2J4O_A.pdb
2J58_A.pdb
2J5B_A.pdb
2J5G_A.pdb
2J66_A.pdb
2J7N_A.pdb
2J7Q_A.pdb
2JAE_A.pdb
2JAQ_A.pdb
2JBM_A.pdb
2JBW_A.pdb
2JC9_A.pdb
2JDI_G.pdb
2JDI_H.pdb
2JDJ_A.pdb
2JE6_A.pdb
2JE6_I.pdb
2JG0_A.pdb
2JH1_A.pdb
2JH3_A.pdb
2JHN_A.pdb
2JHP_A.pdb
2JIS_A.pdb
2JJ7_A.pdb
2JJS_C.pdb
2JJW_A.pdb
2JKS_A.pdb
2MPR_A.pdb
2NLY_A.pdb
2NN5_A.pdb
2NNN_A.pdb
2NPT_A.pdb
2NQ2_A.pdb
2NQ3_A.pdb
2NQW_A.pdb
2NR5_A.pdb
2NR7_A.pdb
2NRH_A.pdb
2NRJ_A.pdb
2NRK_A.pdb
2NRR_A.pdb
2NS0_A.pdb
2NS6_A.pdb
2NSA_A.pdb
2NTX_A.pdb
2NUJ_A.pdb
2NUT_A.pdb
2NUT_C.pdb
2NVN_A.pdb
2NVW_A.pdb
2NWH_A.pdb
2NWR_A.pdb
2NXP_A.pdb
2NXW_A.pdb
2NYI_A.pdb
2NYK_A.pdb
2NYU_A.pdb
2NYX_A.pdb
2NZC_A.pdb
2NZX_A.pdb
2O0A_A.pdb
2O0Y_A.pdb
2O14_A.pdb
2O1Q_A.pdb
2O2G_A.pdb
2O2X_A.pdb
2O30_A.pdb
2O34_A.pdb
2O3A_A.pdb
2O3F_A.pdb
2O3I_A.pdb
2O57_A.pdb
2O5F_A.pdb
2O5H_A.pdb
2O5N_A.pdb
2O62_A.pdb
2O6K_A.pdb
2O7A_A.pdb
2O7R_A.pdb
2O7T_A.pdb
2O8G_I.pdb
2O8P_A.pdb
2O8Q_A.pdb
2O8S_A.pdb
2O99_A.pdb
2O9U_X.pdb
2OA2_A.pdb
2OAF_A.pdb
2OAJ_A.pdb
2OB5_A.pdb
2OB9_A.pdb
2OBN_A.pdb
2OD0_A.pdb
2OD4_A.pdb
2OD5_A.pdb
2OD6_A.pdb
2ODA_A.pdb
2ODI_A.pdb
2ODK_A.pdb
2ODV_A.pdb
2OEE_A.pdb
2OEM_A.pdb
2OER_A.pdb
2OEZ_A.pdb
2OFZ_A.pdb
2OGG_A.pdb
2OGT_A.pdb
2OH1_A.pdb
2OH3_A.pdb
2OIK_A.pdb
2OIW_A.pdb
2OIX_A.pdb
2OIZ_D.pdb
2OJH_A.pdb
2OJW_A.pdb
2OKF_A.pdb
2OKG_A.pdb
2OKU_A.pdb
2OL5_A.pdb
2OLS_A.pdb
2OLT_A.pdb
2OM6_A.pdb
2OMK_A.pdb
2OML_A.pdb
2ONF_A.pdb
2OO9_A.pdb
2OOC_A.pdb
2OOJ_A.pdb
2OP5_A.pdb
2OPI_A.pdb
2OPJ_A.pdb
2OPK_A.pdb
2OPL_A.pdb
2OPT_A.pdb
2OPW_A.pdb
2OQC_A.pdb
2OQM_A.pdb
2OQZ_A.pdb
2ORW_A.pdb
2ORY_A.pdb
2OS0_A.pdb
2OSE_A.pdb
2OSO_A.pdb
2OTA_A.pdb
2OU3_A.pdb
2OU5_A.pdb
2OUC_A.pdb
2OUW_A.pdb
2OV9_A.pdb
2OWL_A.pdb
2OWN_A.pdb
2OX7_A.pdb
2OXL_A.pdb
2OY9_A.pdb
2OYO_A.pdb
2OZ8_A.pdb
2OZG_A.pdb
2OZH_A.pdb
2OZT_A.pdb
2OZV_A.pdb
2OZZ_A.pdb
2P0A_A.pdb
2P0L_A.pdb
2P0N_A.pdb
2P0O_A.pdb
2P0S_A.pdb
2P0T_A.pdb
2P10_A.pdb
2P11_A.pdb
2P12_A.pdb
2P13_A.pdb
2P18_A.pdb
2P1A_A.pdb
2P1R_A.pdb
2P2E_A.pdb
2P2S_A.pdb
2P35_A.pdb
2P3P_A.pdb
2P3Y_A.pdb
2P4F_A.pdb
2P4G_A.pdb
2P4H_X.pdb
2P4O_A.pdb
2P58_A.pdb
2P58_B.pdb
2P58_C.pdb
2P5V_A.pdb
2P64_A.pdb
2P6Y_A.pdb
2P7I_A.pdb
2P8I_A.pdb
2P8T_A.pdb
2P97_A.pdb
2P9W_A.pdb
2PAG_A.pdb
2PAQ_A.pdb
2PBD_V.pdb
2PBL_A.pdb
2PC1_A.pdb
2PD0_A.pdb
2PD1_A.pdb
2PEX_A.pdb
2PFI_A.pdb
2PFT_A.pdb
2PFV_A.pdb
2PGE_A.pdb
2PGF_A.pdb
2PGW_A.pdb
2PH0_A.pdb
2PH7_A.pdb
2PHP_A.pdb
2PIF_A.pdb
2PIM_A.pdb
2PJS_A.pdb
2PKE_A.pdb
2PKH_A.pdb
2PLI_A.pdb
2PLN_A.pdb
2PLR_A.pdb
2PM7_A.pdb
2PMA_A.pdb
2PN0_A.pdb
2PN1_A.pdb
2PN2_A.pdb
2PNL_A.pdb
2PNQ_A.pdb
2PNW_A.pdb
2POF_A.pdb
2PPQ_A.pdb
2PPV_A.pdb
2PPX_A.pdb
2PQ7_A.pdb
2PQG_A.pdb
2PQR_C.pdb
2PR7_A.pdb
2PRS_A.pdb
2PRV_A.pdb
2PRX_A.pdb
2PSB_A.pdb
2PU3_A.pdb
2PV4_A.pdb
2PV7_A.pdb
2PVB_A.pdb
2PW0_A.pdb
2PW6_A.pdb
2PW9_A.pdb
2PWW_A.pdb
2PY5_A.pdb
2PY6_A.pdb
2PYQ_A.pdb
2PYX_A.pdb
2PZE_A.pdb
2Q02_A.pdb
2Q03_A.pdb
2Q07_A.pdb
2Q0T_A.pdb
2Q12_A.pdb
2Q14_A.pdb
2Q18_X.pdb
2Q22_A.pdb
2Q2F_A.pdb
2Q37_A.pdb
2Q3L_A.pdb
2Q3Q_A.pdb
2Q3S_A.pdb
2Q3V_A.pdb
2Q3X_A.pdb
2Q45_A.pdb
2Q48_A.pdb
2Q4A_A.pdb
2Q4K_A.pdb
2Q4M_A.pdb
2Q4W_A.pdb
2Q4X_A.pdb
2Q4Z_A.pdb
2Q58_A.pdb
2Q66_A.pdb
2Q6M_A.pdb
2Q78_A.pdb
2Q7B_A.pdb
2Q7S_A.pdb
2Q82_A.pdb
2Q83_A.pdb
2Q8K_A.pdb
2Q8P_A.pdb
2Q9K_A.pdb
2Q9R_A.pdb
2QA1_A.pdb
2QCK_A.pdb
2QCV_A.pdb
2QDE_A.pdb
2QDJ_A.pdb
2QE8_A.pdb
2QE9_A.pdb
2QEA_A.pdb
2QEU_A.pdb
2QG7_A.pdb
2QGG_A.pdb
2QGM_A.pdb
2QGU_A.pdb
2QH9_A.pdb
2QHP_A.pdb
2QHQ_A.pdb
2QIB_A.pdb
2QIK_A.pdb
2QIP_A.pdb
2QIW_A.pdb
2QIY_A.pdb
2QJC_A.pdb
2QJV_A.pdb
2QJW_A.pdb
2QJZ_A.pdb
2QK1_A.pdb
2QKD_A.pdb
2QKO_A.pdb
2QL3_A.pdb
2QL8_A.pdb
2QLX_A.pdb
2QLZ_A.pdb
2QM4_A.pdb
2QMA_A.pdb
2QML_A.pdb
2QMQ_A.pdb
2QNG_A.pdb
2QNI_A.pdb
2QNL_A.pdb
2QNU_A.pdb
2QP2_A.pdb
2QPV_A.pdb
2QPX_A.pdb
2QQ5_A.pdb
2QQ9_A.pdb
2QR3_A.pdb
2QR4_A.pdb
2QR6_A.pdb
2QRU_A.pdb
2QRY_A.pdb
2QSB_A.pdb
2QSD_A.pdb
2QSF_A.pdb
2QSF_X.pdb
2QSI_A.pdb
2QSV_A.pdb
2QSW_A.pdb
2QSX_A.pdb
2QTC_A.pdb
2QTD_A.pdb
2QTF_A.pdb
2QTQ_A.pdb
2QUP_A.pdb
2QV3_A.pdb
2QVG_A.pdb
2QVK_A.pdb
2QVZ_X.pdb
2QW5_A.pdb
2QWU_A.pdb
2QWZ_A.pdb
2QX2_A.pdb
2QXF_A.pdb
2QXY_A.pdb
2QYB_A.pdb
2QYC_A.pdb
2QYF_B.pdb
2QYT_A.pdb
2QYV_A.pdb
2QZC_A.pdb
2QZI_A.pdb
2QZU_A.pdb
2R01_A.pdb
2R0X_A.pdb
2R16_A.pdb
2R19_A.pdb
2R1F_A.pdb
2R1I_A.pdb
2R2A_A.pdb
2R2C_A.pdb
2R2Z_A.pdb
2R39_A.pdb
2R3B_A.pdb
2R3S_A.pdb
2R47_A.pdb
2R4G_A.pdb
2R4I_A.pdb
2R5F_A.pdb
2R6V_A.pdb
2R6Z_A.pdb
2R78_A.pdb
2R7D_A.pdb
2R7G_A.pdb
2R85_A.pdb
2R8R_A.pdb
2R8W_A.pdb
2R9Q_A.pdb
2RA8_A.pdb
2RA9_A.pdb
2RAA_A.pdb
2RAF_A.pdb
2RAU_A.pdb
2RB7_A.pdb
2RBB_A.pdb
2RBC_A.pdb
2RBD_A.pdb
2RBG_A.pdb
2RCC_A.pdb
2RD7_A.pdb
2RD9_A.pdb
2RDC_A.pdb
2RDM_A.pdb
2RE3_A.pdb
2RE7_A.pdb
2REK_A.pdb
2RET_B.pdb
2REU_A.pdb
2RFF_A.pdb
2RFL_A.pdb
2RFQ_A.pdb
2RG8_A.pdb
2RGQ_A.pdb
2RGY_A.pdb
2RH0_A.pdb
2RH2_A.pdb
2RHF_A.pdb
2RHM_A.pdb
2RHQ_B.pdb
2RIL_A.pdb
2RJO_A.pdb
2RK0_A.pdb
2RK9_A.pdb
2RKH_A.pdb
2RKV_A.pdb
2RL8_A.pdb
2RLD_A.pdb
2TRC_P.pdb
2UUR_A.pdb
2UUZ_A.pdb
2UV4_A.pdb
2UVK_A.pdb
2UY1_A.pdb
2UY6_B.pdb
2V0H_A.pdb
2V0P_A.pdb
2V0X_A.pdb
2V14_A.pdb
2V1M_A.pdb
2V1Y_A.pdb
2V2F_F.pdb
2V3I_A.pdb
2V4X_A.pdb
2V62_A.pdb
2V6V_A.pdb
2V76_A.pdb
2V7F_A.pdb
2V7K_A.pdb
2V7S_A.pdb
2V8F_A.pdb
2V8Q_A.pdb
2V8Q_B.pdb
2V94_A.pdb
2V9K_A.pdb
2V9L_A.pdb
2VA8_A.pdb
2VAK_A.pdb
2VCH_A.pdb
2VCL_A.pdb
2VD8_A.pdb
2VDF_A.pdb
2VDU_B.pdb
2VEQ_A.pdb
2VFX_A.pdb
2VH3_A.pdb
2VHA_A.pdb
2VI7_A.pdb
2VJW_A.pdb
2VKP_A.pdb
2VKW_A.pdb
2VL7_A.pdb
2VLG_A.pdb
2VNU_D.pdb
2VOV_A.pdb
2VPA_A.pdb
2VPN_A.pdb
2VPZ_C.pdb
2VQ8_A.pdb
2VQC_A.pdb
2VQP_A.pdb
2VSM_A.pdb
2VUV_A.pdb
2VVM_A.pdb
2VW8_A.pdb
2VWA_A.pdb
2VXB_A.pdb
2VXG_A.pdb
2VXZ_A.pdb
2VY8_A.pdb
2VZY_A.pdb
2W07_B.pdb
2W0I_A.pdb
2W0M_A.pdb
2W18_A.pdb
2W1K_A.pdb
2W2G_A.pdb
2W2R_A.pdb
2W3Q_A.pdb
2W3X_A.pdb
2W3Y_A.pdb
2W3Z_A.pdb
2W4E_A.pdb
2W4L_A.pdb
2W4S_A.pdb
2W50_A.pdb
2W56_A.pdb
2W5A_A.pdb
2W5E_A.pdb
2W6A_A.pdb
2W6K_A.pdb
2W7A_A.pdb
2W7V_A.pdb
2W7Y_A.pdb
2W7Z_A.pdb
2W8M_A.pdb
2W8T_A.pdb
2W91_A.pdb
2W9X_A.pdb
2W9Y_A.pdb
2WAD_A.pdb
2WAS_A.pdb
2WAW_A.pdb
2WB0_X.pdb
2WBN_A.pdb
2WCR_A.pdb
2WE8_A.pdb
2WFI_A.pdb
2WFP_A.pdb
2WFW_A.pdb
2WJ9_A.pdb
2WJR_A.pdb
2WK1_A.pdb
2WKB_A.pdb
2WKD_A.pdb
2WKJ_A.pdb
2WLR_A.pdb
2WNF_A.pdb
2WNK_A.pdb
2WNW_A.pdb
2WOY_A.pdb
2WP7_A.pdb
2WQ4_A.pdb
2WQF_A.pdb
2WSH_A.pdb
2WUQ_A.pdb
2WVI_A.pdb
2WWE_A.pdb
2WXU_A.pdb
2WXY_C.pdb
2WY3_A.pdb
2WYH_A.pdb
2WZB_A.pdb
2WZK_A.pdb
2WZV_A.pdb
2X0D_A.pdb
2X1D_A.pdb
2X27_X.pdb
2X2S_A.pdb
2X36_A.pdb
2X3G_A.pdb
2X3L_A.pdb
2X46_A.pdb
2X4J_A.pdb
2X55_A.pdb
2X5N_A.pdb
2X5O_A.pdb
2X5Q_A.pdb
2X78_A.pdb
2X7I_A.pdb
2X7Q_A.pdb
2X9C_A.pdb
2X9G_A.pdb
2X9O_A.pdb
2X9Z_A.pdb
2XAP_A.pdb
2XC8_A.pdb
2XDG_A.pdb
2XDH_A.pdb
2XEP_A.pdb
2XES_A.pdb
2XG5_A.pdb
2XG5_B.pdb
2XGR_A.pdb
2XL4_A.pdb
2XLG_A.pdb
2XM5_A.pdb
2XME_A.pdb
2XMO_A.pdb
2XN6_A.pdb
2XOC_A.pdb
2XQX_A.pdb
2XQY_A.pdb
2XRY_A.pdb
2XSA_A.pdb
2XSD_C.pdb
2XSK_A.pdb
2XSW_A.pdb
2XTP_A.pdb
2XTS_B.pdb
2XTY_A.pdb
2XU0_A.pdb
2XUA_A.pdb
2XUV_A.pdb
2XVS_A.pdb
2XZO_A.pdb
2Y0O_A.pdb
2Y2M_A.pdb
2Y3M_A.pdb
2Y43_A.pdb
2Y44_A.pdb
2Y4Y_A.pdb
2Y53_A.pdb
2Y6U_A.pdb
2Y8D_A.pdb
2Y8G_A.pdb
2Y8Y_A.pdb
2YB1_A.pdb
2YC3_A.pdb
2YCH_A.pdb
2YDY_A.pdb
2YEV_C.pdb
2YG2_A.pdb
2YGN_A.pdb
2YH6_A.pdb
2YHA_A.pdb
2YHC_A.pdb
2YHW_A.pdb
2YI9_A.pdb
2YIM_A.pdb
2YJG_A.pdb
2YK4_A.pdb
2YKT_A.pdb
2YKZ_A.pdb
2YLE_A.pdb
2YMO_A.pdb
2YMV_A.pdb
2YN0_A.pdb
2YNM_D.pdb
2YOG_A.pdb
2YQY_A.pdb
2YQZ_A.pdb
2YVT_A.pdb
2YWI_A.pdb
2YWL_A.pdb
2YX6_A.pdb
2YXB_A.pdb
2YXT_A.pdb
2YXX_A.pdb
2YYK_A.pdb
2YYO_A.pdb
2YYS_A.pdb
2YZJ_A.pdb
2YZQ_A.pdb
2YZS_A.pdb
2YZT_A.pdb
2YZY_A.pdb
2Z08_A.pdb
2Z0B_A.pdb
2Z0D_A.pdb
2Z0Q_A.pdb
2Z0U_A.pdb
2Z10_A.pdb
2Z1D_A.pdb
2Z26_A.pdb
2Z2N_A.pdb
2Z3Q_A.pdb
2Z3T_A.pdb
2Z5B_A.pdb
2Z5B_B.pdb
2Z69_A.pdb
2Z7B_A.pdb
2Z86_A.pdb
2Z98_A.pdb
2ZAD_A.pdb
2ZBL_A.pdb
2ZC2_A.pdb
2ZCA_A.pdb
2ZCM_A.pdb
2ZCU_A.pdb
2ZDJ_A.pdb
2ZDS_A.pdb
2ZF9_A.pdb
2ZFD_B.pdb
2ZKM_X.pdb
2ZKZ_A.pdb
2ZOD_A.pdb
2ZOP_A.pdb
2ZOS_A.pdb
2ZOU_A.pdb
2ZPA_A.pdb
2ZQ0_A.pdb
2ZQ5_A.pdb
2ZSI_B.pdb
2ZU9_A.pdb
2ZUV_A.pdb
2ZUY_A.pdb
2ZWA_A.pdb
2ZWI_A.pdb
2ZWS_A.pdb
2ZXE_B.pdb
2ZXI_A.pdb
2ZY4_A.pdb
2ZZ8_A.pdb
3A0Y_A.pdb
3A1F_A.pdb
3A1S_A.pdb
3A27_A.pdb
3A4M_A.pdb
3A4R_A.pdb
3A5F_A.pdb
3A5Y_A.pdb
3A6S_A.pdb
3A8G_A.pdb
3A98_A.pdb
3A98_B.pdb
3A9I_A.pdb
3ABH_A.pdb
3ADR_A.pdb
3ADY_A.pdb
3AEH_A.pdb
3AFO_A.pdb
3AGK_A.pdb
3AIH_A.pdb
3AJ1_A.pdb
3AJD_A.pdb
3AJF_A.pdb
3AJW_A.pdb
3AKJ_A.pdb
3AKS_A.pdb
3AL9_A.pdb
3ANO_A.pdb
3ANP_A.pdb
3AON_A.pdb
3AQ2_A.pdb
3AQE_A.pdb
3AQT_A.pdb
3ATS_A.pdb
3AXB_A.pdb
3AXJ_A.pdb
3AXJ_B.pdb
3AY5_A.pdb
3AYF_A.pdb
3AYH_B.pdb
3AYJ_A.pdb
3AZO_A.pdb
3B0P_A.pdb
3B0T_A.pdb
3B1B_A.pdb
3B2Y_A.pdb
3B33_A.pdb
3B40_A.pdb
3B4Q_A.pdb
3B5O_A.pdb
3B6H_A.pdb
3B77_A.pdb
3B79_A.pdb
3B7C_A.pdb
3B7F_A.pdb
3B81_A.pdb
3B8B_A.pdb
3B8I_A.pdb
3B8L_A.pdb
3B8O_A.pdb
3B9T_A.pdb
3BA3_A.pdb
3BB0_A.pdb
3BB6_A.pdb
3BBD_A.pdb
3BBJ_A.pdb
3BBL_A.pdb
3BC8_A.pdb
3BCV_A.pdb
3BCW_A.pdb
3BCY_A.pdb
3BCZ_A.pdb
3BDE_A.pdb
3BDI_A.pdb
3BDV_A.pdb
3BDW_B.pdb
3BE3_A.pdb
3BE6_A.pdb
3BED_A.pdb
3BEI_A.pdb
3BEM_A.pdb
3BF4_A.pdb
3BF5_A.pdb
3BFM_A.pdb
3BGE_A.pdb
3BGH_A.pdb
3BGU_A.pdb
3BHD_A.pdb
3BHN_A.pdb
3BHQ_A.pdb
3BHW_A.pdb
3BIJ_A.pdb
3BIY_A.pdb
3BJA_A.pdb
3BJD_A.pdb
3BJN_A.pdb
3BJO_A.pdb
3BJQ_A.pdb
3BK5_A.pdb
3BKX_A.pdb
3BL4_A.pdb
3BL9_A.pdb
3BLE_A.pdb
3BLN_A.pdb
3BLZ_A.pdb
3BM3_A.pdb
3BM7_A.pdb
3BN0_A.pdb
3BN7_A.pdb
3BON_A.pdb
3BOS_A.pdb
3BOW_C.pdb
3BP3_A.pdb
3BPK_A.pdb
3BPQ_B.pdb
3BQ3_A.pdb
3BQ9_A.pdb
3BQK_A.pdb
3BQO_A.pdb
3BQX_A.pdb
3BQY_A.pdb
3BRC_A.pdb
3BRO_A.pdb
3BRQ_A.pdb
3BRS_A.pdb
3BRU_A.pdb
3BS4_A.pdb
3BS5_A.pdb
3BS5_B.pdb
3BS6_A.pdb
3BSO_A.pdb
3BT3_A.pdb
3BT5_A.pdb
3BUT_A.pdb
3BUU_A.pdb
3BV8_A.pdb
3BVF_A.pdb
3BWS_A.pdb
3BWV_A.pdb
3BWW_A.pdb
3BWX_A.pdb
3BY9_A.pdb
3BYQ_A.pdb
3BYV_A.pdb
3BYW_A.pdb
3BZ6_A.pdb
3BZK_A.pdb
3BZW_A.pdb
3C0F_B.pdb
3C0T_A.pdb
3C18_A.pdb
3C1A_A.pdb
3C1Q_A.pdb
3C24_A.pdb
3C26_A.pdb
3C2B_A.pdb
3C2G_A.pdb
3C2Q_A.pdb
3C3K_A.pdb
3C3P_A.pdb
3C48_A.pdb
3C4A_A.pdb
3C4N_A.pdb
3C4R_A.pdb
3C5N_A.pdb
3C5V_A.pdb
3C6A_A.pdb
3C6K_A.pdb
3C8C_A.pdb
3C8D_A.pdb
3C8G_A.pdb
3C8L_A.pdb
3C8M_A.pdb
3C8W_A.pdb
3C8Z_A.pdb
3C96_A.pdb
3C9A_A.pdb
3C9F_A.pdb
3C9P_A.pdb
3CAN_A.pdb
3CAW_A.pdb
3CBN_A.pdb
3CC1_A.pdb
3CC8_A.pdb
3CCF_A.pdb
3CCG_A.pdb
3CCY_A.pdb
3CDD_A.pdb
3CEB_A.pdb
3CEC_A.pdb
3CED_A.pdb
3CEG_A.pdb
3CER_A.pdb
3CET_A.pdb
3CEU_A.pdb
3CEW_A.pdb
3CEX_A.pdb
3CF6_E.pdb
3CG4_A.pdb
3CG6_A.pdb
3CGX_A.pdb
3CH0_A.pdb
3CH4_B.pdb
3CHH_A.pdb
3CI0_I.pdb
3CI0_K.pdb
3CI6_A.pdb
3CIH_A.pdb
3CIT_A.pdb
3CJ1_A.pdb
3CJD_A.pdb
3CJE_A.pdb
3CJL_A.pdb
3CJM_A.pdb
3CJS_A.pdb
3CJW_A.pdb
3CJY_A.pdb
3CK1_A.pdb
3CK2_A.pdb
3CK6_A.pdb
3CKC_A.pdb
3CKJ_A.pdb
3CKK_A.pdb
3CKM_A.pdb
3CLQ_A.pdb
3CMB_A.pdb
3CMN_A.pdb
3CNE_A.pdb
3CNH_A.pdb
3CNI_A.pdb
3CNV_A.pdb
3CNX_A.pdb
3CNY_A.pdb
3CO5_A.pdb
3CP0_A.pdb
3CP3_A.pdb
3CPK_A.pdb
3CPX_A.pdb
3CQ1_A.pdb
3CQN_A.pdb
3CR3_A.pdb
3CRA_A.pdb
3CRN_A.pdb
3CSV_A.pdb
3CSW_A.pdb
3CT8_A.pdb
3CT9_A.pdb
3CTV_A.pdb
3CU2_A.pdb
3CU3_A.pdb
3CVJ_A.pdb
3CWC_A.pdb
3CWR_A.pdb
3CWW_A.pdb
3CX2_A.pdb
3CXG_A.pdb
3CXN_A.pdb
3CYM_A.pdb
3CYP_B.pdb
3CZX_A.pdb
3D00_A.pdb
3D01_A.pdb
3D02_A.pdb
3D06_A.pdb
3D0J_A.pdb
3D0K_A.pdb
3D0W_A.pdb
3D1C_A.pdb
3D1L_A.pdb
3D1P_A.pdb
3D1R_A.pdb
3D2F_A.pdb
3D2M_A.pdb
3D33_A.pdb
3D37_A.pdb
3D3K_A.pdb
3D3M_A.pdb
3D3O_A.pdb
3D3Y_A.pdb
3D40_A.pdb
3D4E_A.pdb
3D4O_A.pdb
3D5P_A.pdb
3D6W_A.pdb
3D7I_A.pdb
3D7J_A.pdb
3D7L_A.pdb
3D7N_A.pdb
3D7R_A.pdb
3D89_A.pdb
3D8D_A.pdb
3D9R_A.pdb
3DAD_A.pdb
3DAL_A.pdb
3DAO_A.pdb
3DB2_A.pdb
3DB7_A.pdb
3DBO_B.pdb
3DC4_A.pdb
3DC7_A.pdb
3DCD_A.pdb
3DCY_A.pdb
3DCZ_A.pdb
3DD6_A.pdb
3DDC_B.pdb
3DDD_A.pdb
3DDE_A.pdb
3DDL_A.pdb
3DED_A.pdb
3DEE_A.pdb
3DEF_A.pdb
3DEW_A.pdb
3DF6_A.pdb
3DF7_A.pdb
3DF8_A.pdb
3DFU_A.pdb
3DFZ_A.pdb
3DHN_A.pdb
3DI4_A.pdb
3DI5_A.pdb
3DKA_A.pdb
3DKQ_A.pdb
3DKZ_A.pdb
3DLC_A.pdb
3DLQ_I.pdb
3DLQ_R.pdb
3DMB_A.pdb
3DMC_A.pdb
3DML_A.pdb
3DMN_A.pdb
3DMY_A.pdb
3DN7_A.pdb
3DNH_A.pdb
3DNP_A.pdb
3DNS_A.pdb
3DNX_A.pdb
3DO6_A.pdb
3DO8_A.pdb
3DOU_A.pdb
3DQP_A.pdb
3DQY_A.pdb
3DR2_A.pdb
3DRA_B.pdb
3DS4_A.pdb
3DS8_A.pdb
3DSB_A.pdb
3DSM_A.pdb
3DSS_A.pdb
3DT5_A.pdb
3DTD_A.pdb
3DTN_A.pdb
3DTZ_A.pdb
3DUP_A.pdb
3DUW_A.pdb
3DVO_A.pdb
3DX5_A.pdb
3DXI_A.pdb
3DXL_A.pdb
3DXP_A.pdb
3DYD_A.pdb
3DYJ_A.pdb
3DYT_A.pdb
3DZ1_A.pdb
3E03_A.pdb
3E05_A.pdb
3E0R_A.pdb
3E0X_A.pdb
3E0Z_A.pdb
3E11_A.pdb
3E15_A.pdb
3E1S_A.pdb
3E23_A.pdb
3E29_A.pdb
3E35_A.pdb
3E38_A.pdb
3E3M_A.pdb
3E3X_A.pdb
3E48_A.pdb
3E4B_A.pdb
3E4V_A.pdb
3E57_A.pdb
3E58_A.pdb
3E6Q_A.pdb
3E74_A.pdb
3E8O_A.pdb
3E8P_A.pdb
3E8S_A.pdb
3E98_A.pdb
3E99_A.pdb
3E9F_A.pdb
3E9K_A.pdb
3E9N_A.pdb
3E9V_A.pdb
3EA0_A.pdb
3EAF_A.pdb
3EAY_A.pdb
3EB8_A.pdb
3EBB_A.pdb
3EBE_A.pdb
3EBT_A.pdb
3EBY_A.pdb
3EC3_A.pdb
3EC6_A.pdb
3ECF_A.pdb
3ECH_A.pdb
3ED1_A.pdb
3ED5_A.pdb
3EDN_A.pdb
3EDO_A.pdb
3EDV_A.pdb
3EEA_A.pdb
3EEQ_A.pdb
3EF8_A.pdb
3EFA_A.pdb
3EFB_A.pdb
3EFZ_A.pdb
3EGA_A.pdb
3EGL_A.pdb
3EGW_C.pdb
3EH1_A.pdb
3EHC_A.pdb
3EHM_A.pdb
3EJK_A.pdb
3EJV_A.pdb
3EK3_A.pdb
3EKG_A.pdb
3ELE_A.pdb
3ELF_A.pdb
3ELK_A.pdb
3EMU_A.pdb
3EN8_A.pdb
3ENP_A.pdb
3EO4_A.pdb
3EO6_A.pdb
3EO7_A.pdb
3EO8_A.pdb
3EOF_A.pdb
3EOJ_A.pdb
3EP1_A.pdb
3EQX_A.pdb
3ER7_A.pdb
3ER9_B.pdb
3ERM_A.pdb
3ERP_A.pdb
3ES1_A.pdb
3ES4_A.pdb
3ESH_A.pdb
3ESL_A.pdb
3ESM_A.pdb
3ETO_A.pdb
3ETV_A.pdb
3EUA_A.pdb
3EVN_A.pdb
3EVZ_A.pdb
3EXA_A.pdb
3EXZ_A.pdb
3EY5_A.pdb
3EYA_A.pdb
3EYI_A.pdb
3EYX_A.pdb
3EZ0_A.pdb
3EZ2_A.pdb
3F08_A.pdb
3F0D_A.pdb
3F0H_A.pdb
3F14_A.pdb
3F1B_A.pdb
3F1T_A.pdb
3F1Z_A.pdb
3F2Z_A.pdb
3F3B_A.pdb
3F3K_A.pdb
3F40_A.pdb
3F42_A.pdb
3F43_A.pdb
3F44_A.pdb
3F4A_A.pdb
3F5B_A.pdb
3F5R_A.pdb
3F67_A.pdb
3F6C_A.pdb
3F6G_A.pdb
3F7C_A.pdb
3F7E_A.pdb
3F7S_A.pdb
3F7W_A.pdb
3F7X_A.pdb
3F8K_A.pdb
3F8T_A.pdb
3F8X_A.pdb
3F95_A.pdb
3F9S_A.pdb
3F9U_A.pdb
3FAU_A.pdb
3FAY_A.pdb
3FBK_A.pdb
3FCE_A.pdb
3FCN_A.pdb
3FD3_A.pdb
3FDB_A.pdb
3FDE_A.pdb
3FDH_A.pdb
3FDI_A.pdb
3FDX_A.pdb
3FED_A.pdb
3FEF_A.pdb
3FET_A.pdb
3FF1_A.pdb
3FF2_A.pdb
3FF9_A.pdb
3FFH_A.pdb
3FFL_A.pdb
3FFR_A.pdb
3FFY_A.pdb
3FG9_A.pdb
3FGC_A.pdb
3FGE_A.pdb
3FGR_A.pdb
3FGR_B.pdb
3FGV_A.pdb
3FGY_A.pdb
3FH1_A.pdb
3FH3_A.pdb
3FHD_A.pdb
3FHL_A.pdb
3FIA_A.pdb
3FIL_A.pdb
3FJV_A.pdb
3FK8_A.pdb
3FKA_A.pdb
3FKD_A.pdb
3FKQ_A.pdb
3FL2_A.pdb
3FLA_A.pdb
3FLE_A.pdb
3FLJ_A.pdb
3FLO_A.pdb
3FM0_A.pdb
3FMC_A.pdb
3FN2_A.pdb
3FNB_A.pdb
3FNC_A.pdb
3FND_A.pdb
3FNR_A.pdb
3FOK_A.pdb
3FOT_A.pdb
3FOV_A.pdb
3FPN_A.pdb
3FQD_A.pdb
3FQG_A.pdb
3FRH_A.pdb
3FRM_A.pdb
3FRN_A.pdb
3FSA_A.pdb
3FSG_A.pdb
3FSO_A.pdb
3FSS_A.pdb
3FVW_A.pdb
3FW2_A.pdb
3FWK_A.pdb
3FX3_A.pdb
3FXA_A.pdb
3FXH_A.pdb
3FYB_A.pdb
3FYN_A.pdb
3FYR_A.pdb
3FZ4_A.pdb
3FZ5_A.pdb
3FZE_A.pdb
3FZG_A.pdb
3FZX_A.pdb
3G0K_A.pdb
3G0O_A.pdb
3G0T_A.pdb
3G13_A.pdb
3G14_A.pdb
3G16_A.pdb
3G1W_A.pdb
3G23_A.pdb
3G27_A.pdb
3G2E_A.pdb
3G36_A.pdb
3G3L_A.pdb
3G3S_A.pdb
3G3T_A.pdb
3G3Z_A.pdb
3G40_A.pdb
3G4N_A.pdb
3G5B_A.pdb
3G5S_A.pdb
3G5T_A.pdb
3G68_A.pdb
3G6S_A.pdb
3G74_A.pdb
3G7N_A.pdb
3G7Q_A.pdb
3G7R_A.pdb
3G7S_A.pdb
3G7U_A.pdb
3G85_A.pdb
3G89_A.pdb
3G8R_A.pdb
3G8Y_A.pdb
3GA2_A.pdb
3GA7_A.pdb
3GAG_A.pdb
3GAX_A.pdb
3GB0_A.pdb
3GBV_A.pdb
3GBW_A.pdb
3GBY_A.pdb
3GD0_A.pdb
3GDW_A.pdb
3GED_A.pdb
3GEM_A.pdb
3GET_A.pdb
3GF3_A.pdb
3GF6_A.pdb
3GF8_A.pdb
3GFA_A.pdb
3GFF_A.pdb
3GG2_A.pdb
3GGD_A.pdb
3GGN_A.pdb
3GHY_A.pdb
3GI7_A.pdb
3GIU_A.pdb
3GIW_A.pdb
3GJY_A.pdb
3GK6_A.pdb
3GLC_A.pdb
3GMX_A.pdb
3GN6_A.pdb
3GNF_B.pdb
3GNI_B.pdb
3GNL_A.pdb
3GNZ_P.pdb
3GO5_A.pdb
3GO9_A.pdb
3GOH_A.pdb
3GOZ_A.pdb
3GP6_A.pdb
3GPI_A.pdb
3GPK_A.pdb
3GQQ_A.pdb
3GQV_A.pdb
3GR3_A.pdb
3GRC_A.pdb
3GRD_A.pdb
3GRE_A.pdb
3GRL_A.pdb
3GS2_A.pdb
3GS9_A.pdb
3GU3_A.pdb
3GUU_A.pdb
3GUV_A.pdb
3GUY_A.pdb
3GVE_A.pdb
3GW4_A.pdb
3GWB_A.pdb
3GWQ_A.pdb
3GWR_A.pdb
3GWY_A.pdb
3GXH_A.pdb
3GY9_A.pdb
3GYB_A.pdb
3GYC_A.pdb
3GYD_A.pdb
3GYG_A.pdb
3GYK_A.pdb
3GZ5_A.pdb
3GZA_A.pdb
3GZB_A.pdb
3GZR_A.pdb
3H05_A.pdb
3H09_A.pdb
3H0N_A.pdb
3H14_A.pdb
3H1N_A.pdb
3H1T_A.pdb
3H20_A.pdb
3H2B_A.pdb
3H2G_A.pdb
3H2Z_A.pdb
3H35_A.pdb
3H36_A.pdb
3H3H_A.pdb
3H3I_A.pdb
3H3L_A.pdb
3H3M_A.pdb
3H43_A.pdb
3H49_A.pdb
3H4C_A.pdb
3H4O_A.pdb
3H4Q_A.pdb
3H4T_A.pdb
3H6E_A.pdb
3H74_A.pdb
3H75_A.pdb
3H8U_A.pdb
3H8Z_A.pdb
3H95_A.pdb
3H9M_A.pdb
3H9P_A.pdb
3H9W_A.pdb
3HA2_A.pdb
3HB7_A.pdb
3HBC_A.pdb
3HBM_A.pdb
3HBZ_A.pdb
3HC1_A.pdb
3HCZ_A.pdb
3HDG_A.pdb
3HDJ_A.pdb
3HDO_A.pdb
3HDX_A.pdb
3HE0_A.pdb
3HEB_A.pdb
3HFT_A.pdb
3HGT_A.pdb
3HGU_A.pdb
3HHF_A.pdb
3HI0_A.pdb
3HI7_A.pdb
3HIE_A.pdb
3HIU_A.pdb
3HIX_A.pdb
3HJ4_A.pdb
3HK4_A.pdb
3HKM_A.pdb
3HKW_A.pdb
3HL1_A.pdb
3HL6_A.pdb
3HLK_A.pdb
3HLS_A.pdb
3HM4_A.pdb
3HMZ_A.pdb
3HN0_A.pdb
3HN5_A.pdb
3HN7_A.pdb
3HNA_A.pdb
3HNO_A.pdb
3HNW_A.pdb
3HO6_A.pdb
3HOI_A.pdb
3HP7_A.pdb
3HQ1_A.pdb
3HR6_A.pdb
3HRG_A.pdb
3HRL_A.pdb
3HRP_A.pdb
3HRQ_A.pdb
3HSA_A.pdb
3HSI_A.pdb
3HSY_A.pdb
3HTN_A.pdb
3HTR_A.pdb
3HTV_A.pdb
3HTY_A.pdb
3HUF_A.pdb
3HUT_A.pdb
3HUU_A.pdb
3HV8_A.pdb
3HVW_A.pdb
3HWJ_A.pdb
3HWR_A.pdb
3HWU_A.pdb
3HX3_A.pdb
3HX6_A.pdb
3HX8_A.pdb
3HXL_A.pdb
3HY3_A.pdb
3HYI_A.pdb
3HYN_A.pdb
3HZ6_A.pdb
3HZ7_A.pdb
3HZH_B.pdb
3HZP_A.pdb
3I09_A.pdb
3I0Z_A.pdb
3I10_A.pdb
3I26_A.pdb
3I2N_A.pdb
3I2V_A.pdb
3I38_A.pdb
3I3L_A.pdb
3I3V_A.pdb
3I3W_A.pdb
3I4F_A.pdb
3I4G_A.pdb
3I4Z_A.pdb
3I6E_A.pdb
3I7A_A.pdb
3I7J_A.pdb
3I7M_A.pdb
3I84_A.pdb
3I8B_A.pdb
3I9S_A.pdb
3I9Y_A.pdb
3IAC_A.pdb
3IAY_A.pdb
3IB5_A.pdb
3IBW_A.pdb
3IBZ_A.pdb
3IC9_A.pdb
3IDB_B.pdb
3IDU_A.pdb
3IE7_A.pdb
3IEE_A.pdb
3IFR_A.pdb
3IG2_A.pdb
3IG3_A.pdb
3IG5_A.pdb
3IGF_A.pdb
3IGR_A.pdb
3IH6_A.pdb
3IHJ_A.pdb
3IHV_A.pdb
3II6_X.pdb
3IIB_A.pdb
3III_A.pdb
3IJD_A.pdb
3IJM_A.pdb
3IJW_A.pdb
3IKB_A.pdb
3IKH_A.pdb
3IKW_A.pdb
3ILV_A.pdb
3ILX_A.pdb
3IM6_A.pdb
3IMK_A.pdb
3IN6_A.pdb
3IO1_A.pdb
3IO5_A.pdb
3IP1_A.pdb
3IP3_A.pdb
3IPI_A.pdb
3IPL_A.pdb
3IQ0_A.pdb
3IQ1_A.pdb
3IQ2_A.pdb
3IQT_A.pdb
3IQU_A.pdb
3IR4_A.pdb
3IRB_A.pdb
3IRU_A.pdb
3IS6_A.pdb
3ISX_A.pdb
3ITE_A.pdb
3ITF_A.pdb
3ITQ_A.pdb
3IU0_A.pdb
3IU6_A.pdb
3IUK_A.pdb
3IUO_A.pdb
3IUP_A.pdb
3IUS_A.pdb
3IUU_A.pdb
3IUW_A.pdb
3IUZ_A.pdb
3IV0_A.pdb
3IV1_A.pdb
3IV4_A.pdb
3IVE_A.pdb
3IWA_A.pdb
3IWF_A.pdb
3IWG_A.pdb
3IX7_A.pdb
3IXL_A.pdb
3JQ0_A.pdb
3JQ1_A.pdb
3JR1_A.pdb
3JRV_A.pdb
3JS6_A.pdb
3JSZ_A.pdb
3JTW_A.pdb
3JTX_A.pdb
3JU3_A.pdb
3JU7_A.pdb
3JUD_A.pdb
3JUI_A.pdb
3JVO_A.pdb
3JX9_A.pdb
3JXG_A.pdb
3JXO_A.pdb
3JY6_A.pdb
3JYB_A.pdb
3JYG_A.pdb
3JZL_A.pdb
3K0Y_A.pdb
3K0Z_A.pdb
3K11_A.pdb
3K13_A.pdb
3K17_A.pdb
3K1S_A.pdb
3K1T_A.pdb
3K1U_A.pdb
3K1Y_A.pdb
3K1Z_A.pdb
3K29_A.pdb
3K2N_A.pdb
3K2O_A.pdb
3K32_A.pdb
3K3F_A.pdb
3K3S_A.pdb
3K40_A.pdb
3K4I_A.pdb
3K59_A.pdb
3K5J_A.pdb
3K63_A.pdb
3K69_A.pdb
3K6G_D.pdb
3K6M_A.pdb
3K6O_A.pdb
3K6Q_A.pdb
3K6T_A.pdb
3K7C_A.pdb
3K7U_C.pdb
3K8G_A.pdb
3K93_A.pdb
3K94_A.pdb
3KA7_A.pdb
3KAE_A.pdb
3KB2_A.pdb
3KBB_A.pdb
3KBG_A.pdb
3KBQ_A.pdb
3KBY_A.pdb
3KC2_A.pdb
3KD3_A.pdb
3KD4_A.pdb
3KD6_A.pdb
3KDE_C.pdb
3KDF_A.pdb
3KDF_B.pdb
3KDW_A.pdb
3KE2_A.pdb
3KE3_A.pdb
3KE7_A.pdb
3KEA_A.pdb
3KEO_A.pdb
3KEV_A.pdb
3KEY_A.pdb
3KF6_A.pdb
3KF8_A.pdb
3KF8_B.pdb
3KFO_A.pdb
3KFW_X.pdb
3KG4_A.pdb
3KGK_A.pdb
3KGY_A.pdb
3KH1_A.pdb
3KHI_A.pdb
3KHN_A.pdb
3KHQ_A.pdb
3KHT_A.pdb
3KIZ_A.pdb
3KJJ_A.pdb
3KK7_A.pdb
3KKD_A.pdb
3KKF_A.pdb
3KKG_A.pdb
3KKL_A.pdb
3KKZ_A.pdb
3KL7_A.pdb
3KLU_A.pdb
3KM5_A.pdb
3KMH_A.pdb
3KMI_A.pdb
3KND_B.pdb
3KOG_A.pdb
3KOJ_A.pdb
3KOL_A.pdb
3KOP_A.pdb
3KOR_A.pdb
3KOS_A.pdb
3KP1_A.pdb
3KQ5_A.pdb
3KS6_A.pdb
3KSM_A.pdb
3KSN_A.pdb
3KT7_A.pdb
3KTA_A.pdb
3KTA_B.pdb
3KTC_A.pdb
3KTN_A.pdb
3KTO_A.pdb
3KUU_A.pdb
3KV1_A.pdb
3KVP_A.pdb
3KW0_A.pdb
3KW2_A.pdb
3KWK_A.pdb
3KWL_A.pdb
3KWO_A.pdb
3KWR_A.pdb
3KWS_A.pdb
3KXP_A.pdb
3KXR_A.pdb
3KXW_A.pdb
3KY8_A.pdb
3KYZ_A.pdb
3KZD_A.pdb
3KZH_A.pdb
3KZP_A.pdb
3KZT_A.pdb
3L00_A.pdb
3L0A_A.pdb
3L0Q_A.pdb
3L1N_A.pdb
3L1W_A.pdb
3L22_A.pdb
3L2H_A.pdb
3L4A_A.pdb
3L4C_A.pdb
3L4E_A.pdb
3L4N_A.pdb
3L51_A.pdb
3L51_B.pdb
3L5A_A.pdb
3L5I_A.pdb
3L5O_A.pdb
3L6I_A.pdb
3L6T_A.pdb
3L6U_A.pdb
3L81_A.pdb
3L82_B.pdb
3L8D_A.pdb
3L9A_X.pdb
3L9J_C.pdb
3L9W_A.pdb
3LAA_A.pdb
3LAE_A.pdb
3LAG_A.pdb
3LAX_A.pdb
3LB2_A.pdb
3LC0_A.pdb
3LCA_A.pdb
3LCR_A.pdb
3LD2_A.pdb
3LD7_A.pdb
3LDG_A.pdb
3LED_A.pdb
3LEQ_A.pdb
3LEW_A.pdb
3LFU_A.pdb
3LG3_A.pdb
3LHE_A.pdb
3LHI_A.pdb
3LHL_A.pdb
3LHN_A.pdb
3LHO_A.pdb
3LI9_A.pdb
3LIC_A.pdb
3LIU_A.pdb
3LJB_A.pdb
3LJU_X.pdb
3LJX_A.pdb
3LK7_A.pdb
3LKD_A.pdb
3LKM_A.pdb
3LL3_A.pdb
3LL5_A.pdb
3LL7_A.pdb
3LLK_A.pdb
3LLO_A.pdb
3LM2_A.pdb
3LM3_A.pdb
3LM4_A.pdb
3LMA_A.pdb
3LMF_A.pdb
3LMZ_A.pdb
3LNL_A.pdb
3LO8_A.pdb
3LOD_A.pdb
3LOF_A.pdb
3LOP_A.pdb
3LOR_A.pdb
3LOV_A.pdb
3LPM_A.pdb
3LPZ_A.pdb
3LQ9_A.pdb
3LQK_A.pdb
3LSJ_A.pdb
3LSN_A.pdb
3LSZ_A.pdb
3LT0_A.pdb
3LTI_A.pdb
3LTO_A.pdb
3LUA_A.pdb
3LUB_A.pdb
3LUF_A.pdb
3LUI_A.pdb
3LUL_A.pdb
3LUQ_A.pdb
3LUR_A.pdb
3LUU_A.pdb
3LUY_A.pdb
3LV0_A.pdb
3LV4_A.pdb
3LVY_A.pdb
3LWA_A.pdb
3LWC_A.pdb
3LWJ_A.pdb
3LWX_A.pdb
3LXQ_A.pdb
3LXZ_A.pdb
3LY1_A.pdb
3LYC_A.pdb
3LYD_A.pdb
3LYE_A.pdb
3LYG_A.pdb
3LYW_A.pdb
3LZK_A.pdb
3M0Z_A.pdb
3M1R_A.pdb
3M1T_A.pdb
3M1U_A.pdb
3M2T_A.pdb
3M31_A.pdb
3M33_A.pdb
3M3P_A.pdb
3M4A_A.pdb
3M4I_A.pdb
3M4R_A.pdb
3M4W_A.pdb
3M4W_E.pdb
3M6J_A.pdb
3M6N_A.pdb
3M73_A.pdb
3M7A_A.pdb
3M84_A.pdb
3M86_A.pdb
3M89_A.pdb
3M9L_A.pdb
3M9Q_A.pdb
3M9V_A.pdb
3MAD_A.pdb
3MAH_A.pdb
3MAO_A.pdb
3MAV_A.pdb
3MC3_A.pdb
3MCQ_A.pdb
3MCW_A.pdb
3MCX_A.pdb
3MCZ_A.pdb
3MDN_A.pdb
3MDQ_A.pdb
3MEA_A.pdb
3MEM_A.pdb
3MFB_A.pdb
3MFN_A.pdb
3MFX_A.pdb
3MG9_A.pdb
3MGD_A.pdb
3MHS_A.pdb
3MI0_1.pdb
3MIZ_A.pdb
3MJE_A.pdb
3MJF_A.pdb
3MK1_A.pdb
3MKC_A.pdb
3MKL_A.pdb
3MKO_A.pdb
3MMP_F.pdb
3MMY_A.pdb
3MMY_B.pdb
3MN2_A.pdb
3MNM_A.pdb
3MOI_A.pdb
3MQ0_A.pdb
3MQQ_A.pdb
3MQZ_A.pdb
3MR0_A.pdb
3MSE_B.pdb
3MSW_A.pdb
3MTI_A.pdb
3MTK_A.pdb
3MTQ_A.pdb
3MTU_E.pdb
3MTW_A.pdb
3MUQ_A.pdb
3MVC_A.pdb
3MVU_A.pdb
3MW6_A.pdb
3MW8_A.pdb
3MWB_A.pdb
3MWX_A.pdb
3MWZ_A.pdb
3MXO_A.pdb
3MXZ_A.pdb
3MY2_A.pdb
3MYX_A.pdb
3MZ1_A.pdb
3MZ2_A.pdb
3MZO_A.pdb
3MZZ_A.pdb
3N0A_A.pdb
3N0R_A.pdb
3N0X_A.pdb
3N1F_C.pdb
3N29_A.pdb
3N2W_A.pdb
3N4P_A.pdb
3N54_B.pdb
3N5M_A.pdb
3N6X_A.pdb
3N6Y_A.pdb
3N6Z_A.pdb
3N72_A.pdb
3N75_A.pdb
3N7C_A.pdb
3N7L_A.pdb
3N8B_A.pdb
3N91_A.pdb
3NA2_A.pdb
3NA5_A.pdb
3NA6_A.pdb
3NA8_A.pdb
3NBI_A.pdb
3NBM_A.pdb
3NCT_A.pdb
3NCV_A.pdb
3ND1_A.pdb
3NE7_A.pdb
3NEC_A.pdb
3NED_A.pdb
3NEK_A.pdb
3NFD_A.pdb
3NFI_A.pdb
3NFQ_A.pdb
3NFT_A.pdb
3NGW_A.pdb
3NHV_A.pdb
3NJA_A.pdb
3NJC_A.pdb
3NJD_A.pdb
3NJE_A.pdb
3NK4_A.pdb
3NK6_A.pdb
3NKE_A.pdb
3NKG_A.pdb
3NKS_A.pdb
3NKZ_A.pdb
3NL9_A.pdb
3NLC_A.pdb
3NNB_A.pdb
3NO0_A.pdb
3NO2_A.pdb
3NO3_A.pdb
3NO4_A.pdb
3NO6_A.pdb
3NPD_A.pdb
3NPP_A.pdb
3NQB_A.pdb
3NQI_A.pdb
3NQN_A.pdb
3NQZ_A.pdb
3NR5_A.pdb
3NRA_A.pdb
3NRE_A.pdb
3NRF_A.pdb
3NRH_A.pdb
3NRL_A.pdb
3NRS_A.pdb
3NRW_A.pdb
3NRX_A.pdb
3NUF_A.pdb
3NUQ_A.pdb
3NVO_A.pdb
3NVX_A.pdb
3NWJ_A.pdb
3NWR_A.pdb
3NX3_A.pdb
3NYI_A.pdb
3NYM_A.pdb
3NYQ_A.pdb
3NZ2_A.pdb
3NZE_A.pdb
3NZL_A.pdb
3NZT_A.pdb
3NZZ_A.pdb
3O0F_A.pdb
3O0L_A.pdb
3O0M_A.pdb
3O0Q_A.pdb
3O0Y_A.pdb
3O10_A.pdb
3O12_A.pdb
3O14_A.pdb
3O22_A.pdb
3O2T_A.pdb
3O59_X.pdb
3O5Y_A.pdb
3O6C_A.pdb
3O6P_A.pdb
3O6Q_A.pdb
3O6Z_A.pdb
3O7I_A.pdb
3OBE_A.pdb
3OBF_A.pdb
3OBQ_A.pdb
3OC7_A.pdb
3OCJ_A.pdb
3OCM_A.pdb
3OD1_A.pdb
3ODT_A.pdb
3OE3_A.pdb
3OEP_A.pdb
3OF4_A.pdb
3OFF_A.pdb
3OG6_A.pdb
3OH3_A.pdb
3OH8_A.pdb
3OHE_A.pdb
3OHG_A.pdb
3OHR_A.pdb
3OIO_A.pdb
3OIQ_A.pdb
3OIZ_A.pdb
3OKG_A.pdb
3OKX_A.pdb
3OLO_A.pdb
3OM0_A.pdb
3OMD_A.pdb
3ON1_A.pdb
3ON4_A.pdb
3ONK_A.pdb
3ONP_A.pdb
3OOS_A.pdb
3OOV_A.pdb
3OOX_A.pdb
3OP6_A.pdb
3OP7_A.pdb
3OP9_A.pdb
3OPC_A.pdb
3OQG_A.pdb
3OQP_A.pdb
3OQQ_A.pdb
3OQV_A.pdb
3OR5_A.pdb
3ORJ_A.pdb
3ORK_A.pdb
3ORQ_A.pdb
3ORU_A.pdb
3OS4_A.pdb
3OSV_A.pdb
3OT2_A.pdb
3OT9_A.pdb
3OTD_A.pdb
3OTN_A.pdb
3OTT_A.pdb
3OU2_A.pdb
3OUG_A.pdb
3OUL_A.pdb
3OV5_A.pdb
3OWC_A.pdb
3OXH_A.pdb
3OXP_A.pdb
3OYV_A.pdb
3OYZ_A.pdb
3OZ2_A.pdb
3OZQ_A.pdb
3P02_A.pdb
3P06_A.pdb
3P0B_A.pdb
3P1U_A.pdb
3P26_A.pdb
3P2H_A.pdb
3P2Y_A.pdb
3P3A_A.pdb
3P3D_A.pdb
3P42_A.pdb
3P4H_A.pdb
3P51_A.pdb
3P6L_A.pdb
3P8C_A.pdb
3P8C_B.pdb
3P8K_A.pdb
3P9V_A.pdb
3P9Z_A.pdb
3PA6_A.pdb
3PAS_A.pdb
3PC7_A.pdb
3PDW_A.pdb
3PE5_A.pdb
3PE7_A.pdb
3PE8_A.pdb
3PET_A.pdb
3PF0_A.pdb
3PFE_A.pdb
3PFO_A.pdb
3PGU_A.pdb
3PHH_A.pdb
3PI7_A.pdb
3PIU_A.pdb
3PJ0_A.pdb
3PJV_D.pdb
3PJX_A.pdb
3PKO_A.pdb
3PL0_A.pdb
3PL2_A.pdb
3PLN_A.pdb
3PLW_A.pdb
3PM8_A.pdb
3PMM_A.pdb
3PNN_A.pdb
3PNX_A.pdb
3PNZ_A.pdb
3POW_A.pdb
3PP9_A.pdb
3PPL_A.pdb
3PR6_A.pdb
3PRO_C.pdb
3PS0_A.pdb
3PT1_A.pdb
3PT5_A.pdb
3PTY_A.pdb
3PU5_A.pdb
3PU9_A.pdb
3PV7_A.pdb
3PVC_A.pdb
3PVE_A.pdb
3PVZ_A.pdb
3PW3_A.pdb
3PWX_A.pdb
3PXP_A.pdb
3PXV_A.pdb
3PY9_A.pdb
3PZD_A.pdb
3Q0I_A.pdb
3Q1C_A.pdb
3Q1N_A.pdb
3Q1X_A.pdb
3Q2I_A.pdb
3Q46_A.pdb
3Q63_A.pdb
3Q64_A.pdb
3Q6A_A.pdb
3Q7M_A.pdb
3Q85_A.pdb
3Q98_A.pdb
3Q9T_A.pdb
3QBM_A.pdb
3QC0_A.pdb
3QC1_A.pdb
3QCP_A.pdb
3QDK_A.pdb
3QDL_A.pdb
3QDP_A.pdb
3QEK_A.pdb
3QFE_A.pdb
3QFL_A.pdb
3QFT_A.pdb
3QFW_A.pdb
3QH6_A.pdb
3QI7_A.pdb
3QIO_A.pdb
3QIR_A.pdb
3QIS_A.pdb
3QIT_A.pdb
3QJ4_A.pdb
3QJA_A.pdb
3QLE_A.pdb
3QML_C.pdb
3QNM_A.pdb
3QOM_A.pdb
3QOO_A.pdb
3QOR_A.pdb
3QOU_A.pdb
3QPA_A.pdb
3QQM_A.pdb
3QQN_A.pdb
3QRA_A.pdb
3QSG_A.pdb
3QSL_A.pdb
3QSZ_A.pdb
3QTA_A.pdb
3QTH_A.pdb
3QTM_A.pdb
3QUF_A.pdb
3QV0_A.pdb
3QVE_A.pdb
3QVL_A.pdb
3QVQ_A.pdb
3QWM_A.pdb
3QWN_A.pdb
3QXB_A.pdb
3QXY_A.pdb
3QY9_A.pdb
3QYF_A.pdb
3QZ6_A.pdb
3QZB_A.pdb
3R1X_A.pdb
3R1Z_A.pdb
3R2Q_A.pdb
3R44_A.pdb
3R4I_A.pdb
3R4R_A.pdb
3R4V_A.pdb
3R4Z_A.pdb
3R6D_A.pdb
3R6O_A.pdb
3R75_A.pdb
3R7A_A.pdb
3R89_A.pdb
3R8E_A.pdb
3R9M_A.pdb
3RAC_A.pdb
3RAO_A.pdb
3RAZ_A.pdb
3RBN_A.pdb
3RC3_A.pdb
3RD5_A.pdb
3REN_A.pdb
3RF0_A.pdb
3RF1_A.pdb
3RFI_A.pdb
3RGC_A.pdb
3RHG_A.pdb
3RHT_A.pdb
3RIP_A.pdb
3RJT_A.pdb
3RJU_A.pdb
3RJV_A.pdb
3RK1_A.pdb
3RKL_A.pdb
3RL5_A.pdb
3RLE_A.pdb
3RLF_F.pdb
3RLG_A.pdb
3RM3_A.pdb
3RMH_A.pdb
3RMJ_A.pdb
3RMR_A.pdb
3RMU_A.pdb
3RNL_A.pdb
3ROB_A.pdb
3ROT_A.pdb
3RP8_A.pdb
3RPC_A.pdb
3RPD_A.pdb
3RPE_A.pdb
3RPF_A.pdb
3RPJ_A.pdb
3RPW_A.pdb
3RQ1_A.pdb
3RQA_A.pdb
3RQT_A.pdb
3RRI_A.pdb
3RRW_A.pdb
3RSN_A.pdb
3RUI_A.pdb
3RV1_A.pdb
3RVA_A.pdb
3RWX_A.pdb
3RXY_A.pdb
3RXZ_A.pdb
3RY3_A.pdb
3S1S_A.pdb
3S25_A.pdb
3S2W_A.pdb
3S3T_A.pdb
3S4E_A.pdb
3S4L_A.pdb
3S5B_A.pdb
3S5O_A.pdb
3S5Q_A.pdb
3S5T_A.pdb
3S5W_A.pdb
3S6D_A.pdb
3S6E_A.pdb
3S6F_A.pdb
3S6J_A.pdb
3S6S_A.pdb
3S83_A.pdb
3S8M_A.pdb
3S98_A.pdb
3S9D_A.pdb
3S9J_A.pdb
3S9X_A.pdb
3SAO_A.pdb
3SB1_A.pdb
3SC2_B.pdb
3SCY_A.pdb
3SD2_A.pdb
3SDB_A.pdb
3SEE_A.pdb
3SEO_A.pdb
3SG0_A.pdb
3SGG_A.pdb
3SHO_A.pdb
3SHP_A.pdb
3SHQ_A.pdb
3SIB_A.pdb
3SIG_A.pdb
3SK7_A.pdb
3SK9_A.pdb
3SKV_A.pdb
3SL2_A.pdb
3SLG_A.pdb
3SMV_A.pdb
3SNF_A.pdb
3SNK_A.pdb
3SNO_A.pdb
3SON_A.pdb
3SPA_A.pdb
3SQ7_A.pdb
3SQN_A.pdb
3SQZ_A.pdb
3SRE_A.pdb
3STO_A.pdb
3SWX_A.pdb
3SXM_A.pdb
3SY6_A.pdb
3SYY_A.pdb
3SZV_A.pdb
3T0O_A.pdb
3T0Y_B.pdb
3T2L_A.pdb
3T38_A.pdb
3T4L_A.pdb
3T4N_A.pdb
3T5N_A.pdb
3T64_A.pdb
3T6O_A.pdb
3T6S_A.pdb
3T7B_A.pdb
3T7D_A.pdb
3T7H_A.pdb
3T7K_A.pdb
3T8K_A.pdb
3T8R_A.pdb
3T92_A.pdb
3T9O_A.pdb
3T9Y_A.pdb
3TAC_B.pdb
3TC1_A.pdb
3TC8_A.pdb
3TDQ_A.pdb
3TEE_A.pdb
3TEW_A.pdb
3TG7_A.pdb
3TG9_A.pdb
3TGH_A.pdb
3THA_A.pdb
3THD_A.pdb
3THR_A.pdb
3TJ4_A.pdb
3TJ7_A.pdb
3TJM_A.pdb
3TJR_A.pdb
3TJY_A.pdb
3TL4_X.pdb
3TM4_A.pdb
3TN4_A.pdb
3TO3_A.pdb
3TOS_A.pdb
3TPD_A.pdb
3TPM_B.pdb
3TQL_A.pdb
3TQM_A.pdb
3TQR_A.pdb
3TQT_A.pdb
3TR5_A.pdb
3TS3_A.pdb
3TS9_A.pdb
3TSA_A.pdb
3TTG_A.pdb
3TU3_B.pdb
3TV0_A.pdb
3TVA_A.pdb
3TWL_A.pdb
3TX3_A.pdb
3TY1_A.pdb
3TYS_A.pdb
3TZT_A.pdb
3U02_A.pdb
3U07_A.pdb
3U0H_A.pdb
3U0R_A.pdb
3U1L_A.pdb
3U21_A.pdb
3U24_A.pdb
3U28_A.pdb
3U2A_A.pdb
3U2G_A.pdb
3U3L_C.pdb
3U4T_A.pdb
3U4V_A.pdb
3U50_C.pdb
3U5S_A.pdb
3U5W_A.pdb
3U65_A.pdb
3U6G_A.pdb
3U8V_A.pdb
3U97_A.pdb
3U9G_A.pdb
3U9J_A.pdb
3U9L_A.pdb
3U9R_B.pdb
3UB1_A.pdb
3UB2_A.pdb
3UBF_A.pdb
3UBY_A.pdb
3UC2_A.pdb
3UC9_A.pdb
3UCG_A.pdb
3UD1_A.pdb
3UDF_A.pdb
3UES_A.pdb
3UF6_A.pdb
3UFI_A.pdb
3UGF_A.pdb
3UH8_A.pdb
3UI4_A.pdb
3UIP_D.pdb
3UMC_A.pdb
3UN6_A.pdb
3UN7_A.pdb
3UOA_B.pdb
3UPS_A.pdb
3URG_A.pdb
3URZ_A.pdb
3USH_A.pdb
3UTM_C.pdb
3UV1_A.pdb
3UX2_A.pdb
3UXF_A.pdb
3UXJ_A.pdb
3V0D_A.pdb
3V0S_A.pdb
3V10_A.pdb
3V1V_A.pdb
3V3L_A.pdb
3V3T_A.pdb
3V42_A.pdb
3V48_A.pdb
3V4C_A.pdb
3V4D_A.pdb
3V4G_A.pdb
3V6I_A.pdb
3V6O_A.pdb
3V75_A.pdb
3V7B_A.pdb
3V7D_A.pdb
3V7D_B.pdb
3V7N_A.pdb
3V93_A.pdb
3V96_A.pdb
3V9O_A.pdb
3V9R_A.pdb
3VAT_A.pdb
3VBC_A.pdb
3VCA_A.pdb
3VCX_A.pdb
3VGP_A.pdb
3VGZ_A.pdb
3VHL_A.pdb
3VJF_A.pdb
3VLA_A.pdb
3VLD_A.pdb
3VOQ_A.pdb
3VOT_A.pdb
3VQJ_A.pdb
3VRD_B.pdb
3VRH_A.pdb
3VU9_A.pdb
3VU9_B.pdb
3VUS_A.pdb
3VVV_A.pdb
3VWA_A.pdb
3VWN_X.pdb
3VXG_A.pdb
3VYW_A.pdb
3VZH_A.pdb
3W0F_A.pdb
3W15_A.pdb
3W15_B.pdb
3W1E_A.pdb
3W20_A.pdb
3W3W_A.pdb
3W4T_A.pdb
3W56_A.pdb
3W5F_A.pdb
3WA2_X.pdb
3WCO_A.pdb
3WDQ_A.pdb
3WE0_A.pdb
3WEO_A.pdb
3WEU_A.pdb
3WH1_A.pdb
3WHJ_A.pdb
3WI3_A.pdb
3WIW_A.pdb
3WJ2_A.pdb
3WJP_A.pdb
3WKY_A.pdb
3WMT_A.pdb
3WO6_A.pdb
3WOE_B.pdb
3WOZ_A.pdb
3WQB_B.pdb
3WQM_A.pdb
3WRY_A.pdb
3WS7_A.pdb
3WTD_A.pdb
3WTT_B.pdb
3WV4_A.pdb
3WVA_A.pdb
3WVQ_A.pdb
3WVZ_A.pdb
3WXF_A.pdb
3WYD_A.pdb
3WZ3_A.pdb
3WZ4_A.pdb
3WZS_A.pdb
3X0I_A.pdb
3X1L_A.pdb
3X1L_B.pdb
3X1L_C.pdb
3X1L_H.pdb
3X27_A.pdb
3X37_A.pdb
3X37_B.pdb
3ZBG_A.pdb
3ZDB_A.pdb
3ZEU_A.pdb
3ZF8_A.pdb
3ZGJ_A.pdb
3ZI1_A.pdb
3ZID_A.pdb
3ZIE_A.pdb
3ZIG_A.pdb
3ZIU_A.pdb
3ZJB_A.pdb
3ZJE_A.pdb
3ZJX_A.pdb
3ZLC_A.pdb
3ZN3_A.pdb
3ZN6_A.pdb
3ZOJ_A.pdb
3ZRI_A.pdb
3ZTH_A.pdb
3ZTV_A.pdb
3ZUZ_A.pdb
3ZVL_A.pdb
3ZXC_A.pdb
3ZXK_A.pdb
3ZXN_A.pdb
3ZXY_A.pdb
3ZY7_A.pdb
3ZYP_A.pdb
4A15_A.pdb
4A27_A.pdb
4A2V_A.pdb
4A3Z_A.pdb
4A42_A.pdb
4A5Z_A.pdb
4A6D_A.pdb
4A6H_A.pdb
4A6Q_A.pdb
4A6R_A.pdb
4A7K_A.pdb
4A7W_A.pdb
4A8J_A.pdb
4A8J_B.pdb
4A8J_C.pdb
4ABX_A.pdb
4ACK_A.pdb
4ACO_A.pdb
4ACV_A.pdb
4ADI_A.pdb
4AE2_A.pdb
4AE4_A.pdb
4AE5_A.pdb
4AE7_A.pdb
4AEE_A.pdb
4AEF_A.pdb
4AF8_A.pdb
4AFF_A.pdb
4AFL_A.pdb
4AFM_A.pdb
4AGR_A.pdb
4AJT_A.pdb
4AK2_A.pdb
4AKK_A.pdb
4AMQ_A.pdb
4AMW_A.pdb
4AN8_A.pdb
4ANO_A.pdb
4AO6_A.pdb
4AQN_A.pdb
4ART_A.pdb
4ARU_A.pdb
4ASC_A.pdb
4AT7_A.pdb
4AT7_B.pdb
4ATE_A.pdb
4ATH_A.pdb
4AUK_A.pdb
4AVR_A.pdb
4AW7_A.pdb
4AX2_A.pdb
4AY0_A.pdb
4AY7_A.pdb
4AZ1_A.pdb
4AZW_A.pdb
4B0M_A.pdb
4B0T_A.pdb
4B21_A.pdb
4B3F_X.pdb
4B46_A.pdb
4B4C_A.pdb
4B4S_A.pdb
4B5O_A.pdb
4B60_A.pdb
4B6W_A.pdb
4B8X_A.pdb
4BA0_A.pdb
4BB9_A.pdb
4BBK_A.pdb
4BBY_A.pdb
4BC3_A.pdb
4BEM_J.pdb
4BG2_A.pdb
4BG7_A.pdb
4BGC_A.pdb
4BGP_A.pdb
4BHR_A.pdb
4BJ0_A.pdb
4BJA_A.pdb
4BJI_A.pdb
4BJJ_B.pdb
4BLP_A.pdb
4BPF_A.pdb
4BPS_A.pdb
4BPY_A.pdb
4BQ6_D.pdb
4BQN_A.pdb
4BQQ_A.pdb
4BSX_A.pdb
4BVN_A.pdb
4BWR_A.pdb
4BX0_A.pdb
4BX8_A.pdb
4BXF_A.pdb
4BXI_A.pdb
4BXO_A.pdb
4BZ4_A.pdb
4C00_A.pdb
4C08_A.pdb
4C12_A.pdb
4C4A_A.pdb
4C4O_A.pdb
4C5K_A.pdb
4C89_A.pdb
4C97_A.pdb
4C9B_B.pdb
4C9S_A.pdb
4C9Y_A.pdb
4CA1_A.pdb
4CAD_C.pdb
4CBP_A.pdb
4CCD_A.pdb
4CDP_A.pdb
4CEK_A.pdb
4CGS_A.pdb
4CGU_B.pdb
4CHJ_A.pdb
4CI7_A.pdb
4CI9_A.pdb
4CIT_A.pdb
4CJ0_B.pdb
4CJD_A.pdb
4CKM_A.pdb
4CL2_A.pdb
4CLL_A.pdb
4CLQ_A.pdb
4CLQ_B.pdb
4CMR_A.pdb
4CN9_A.pdb
4CND_A.pdb
4CNN_A.pdb
4CQ1_A.pdb
4CRH_A.pdb
4CRU_A.pdb
4CT0_B.pdb
4CT3_A.pdb
4CUA_A.pdb
4CVU_A.pdb
4CYD_A.pdb
4CZG_A.pdb
4CZX_B.pdb
4D05_A.pdb
4D6K_A.pdb
4D79_A.pdb
4D7E_A.pdb
4D81_A.pdb
4D8M_A.pdb
4D9I_A.pdb
4DAD_A.pdb
4DAP_A.pdb
4DBB_A.pdb
4DCM_A.pdb
4DD5_A.pdb
4DG8_A.pdb
4DGF_A.pdb
4DGK_A.pdb
4DGU_A.pdb
4DJA_A.pdb
4DJB_A.pdb
4DK2_A.pdb
4DKK_A.pdb
4DLO_A.pdb
4DMI_A.pdb
4DMO_A.pdb
4DN7_A.pdb
4DN9_A.pdb
4DND_A.pdb
4DNH_A.pdb
4DOM_A.pdb
4DOV_A.pdb
4DQ9_A.pdb
4DQA_A.pdb
4DQZ_A.pdb
4DVE_A.pdb
4DVJ_A.pdb
4DWD_A.pdb
4DWE_A.pdb
4DXK_A.pdb
4DYL_A.pdb
4DZ1_A.pdb
4DZI_A.pdb
4DZO_A.pdb
4E0A_A.pdb
4E15_A.pdb
4E1B_A.pdb
4E29_A.pdb
4E2G_A.pdb
4E2U_A.pdb
4E3E_A.pdb
4E45_E.pdb
4E4R_A.pdb
4E4W_B.pdb
4E4Y_A.pdb
4E5V_A.pdb
4E5Y_A.pdb
4E6F_A.pdb
4E6N_A.pdb
4E6W_A.pdb
4E6Z_A.pdb
4E72_A.pdb
4E9K_A.pdb
4E9S_A.pdb
4EA9_A.pdb
4EAE_A.pdb
4EBB_A.pdb
4EBG_A.pdb
4EBJ_A.pdb
4EC6_A.pdb
4ECF_A.pdb
4EE6_A.pdb
4EFI_A.pdb
4EFP_A.pdb
4EGC_B.pdb
4EGD_A.pdb
4EHC_A.pdb
4EHS_A.pdb
4EI0_A.pdb
4EIU_A.pdb
4EIV_A.pdb
4EJO_A.pdb
4EKF_A.pdb
4EKX_A.pdb
4EMO_A.pdb
4EOG_A.pdb
4EOZ_B.pdb
4EPS_A.pdb
4EPZ_A.pdb
4EQ3_A.pdb
4EQP_A.pdb
4ES1_A.pdb
4ESN_A.pdb
4EU0_A.pdb
4EUU_A.pdb
4EVQ_A.pdb
4EVU_A.pdb
4EVW_A.pdb
4EVX_A.pdb
4EW5_A.pdb
4EW7_A.pdb
4EWF_A.pdb
4EXJ_A.pdb
4EXO_A.pdb
4EXR_A.pdb
4EYC_A.pdb
4EYS_A.pdb
4EYT_A.pdb
4EYY_Q.pdb
4EYZ_A.pdb
4EZG_A.pdb
4EZI_A.pdb
4F03_A.pdb
4F06_A.pdb
4F07_A.pdb
4F0R_A.pdb
4F27_A.pdb
4F2L_A.pdb
4F3N_A.pdb
4F54_A.pdb
4F67_A.pdb
4F7U_B.pdb
4F7U_P.pdb
4F98_A.pdb
4FA8_A.pdb
4FB2_A.pdb
4FBS_A.pdb
4FBW_C.pdb
4FC9_A.pdb
4FCA_A.pdb
4FCG_A.pdb
4FCJ_A.pdb
4FD0_A.pdb
4FDA_A.pdb
4FDB_A.pdb
4FFL_A.pdb
4FFU_A.pdb
4FGC_A.pdb
4FGM_A.pdb
4FGQ_A.pdb
4FH0_A.pdb
4FHR_B.pdb
4FIB_A.pdb
4FIN_A.pdb
4FLE_A.pdb
4FM3_A.pdb
4FMR_A.pdb
4FO5_A.pdb
4FOJ_A.pdb
4FPW_A.pdb
4FQD_A.pdb
4FQE_A.pdb
4FR4_A.pdb
4FR9_A.pdb
4FS7_A.pdb
4FTD_A.pdb
4FWG_A.pdb
4FWW_A.pdb
4FX5_A.pdb
4FXI_A.pdb
4FXX_A.pdb
4FYE_A.pdb
4FZV_A.pdb
4FZX_C.pdb
4G0X_A.pdb
4G1I_A.pdb
4G1O_A.pdb
4G1Q_B.pdb
4G22_A.pdb
4G29_A.pdb
4G2A_A.pdb
4G2E_A.pdb
4G2U_A.pdb
4G3F_A.pdb
4G3H_A.pdb
4G3N_A.pdb
4G4S_O.pdb
4G4S_P.pdb
4G54_A.pdb
4G5A_A.pdb
4G65_A.pdb
4G68_A.pdb
4G6U_A.pdb
4G6X_A.pdb
4G78_A.pdb
4G79_A.pdb
4G9Q_A.pdb
4GAF_B.pdb
4GAK_A.pdb
4GB5_A.pdb
4GB7_A.pdb
4GBF_A.pdb
4GBJ_A.pdb
4GC5_A.pdb
4GDI_A.pdb
4GDZ_A.pdb
4GEH_B.pdb
4GF2_A.pdb
4GF3_A.pdb
4GGJ_A.pdb
4GGT_A.pdb
4GHB_A.pdb
4GHN_A.pdb
4GIW_A.pdb
4GJR_A.pdb
4GJZ_A.pdb
4GKH_A.pdb
4GMO_A.pdb
4GMU_A.pdb
4GNI_A.pdb
4GNR_A.pdb
4GOQ_A.pdb
4GOU_A.pdb
4GPS_A.pdb
4GPV_A.pdb
4GQ1_A.pdb
4GQ2_M.pdb
4GQO_A.pdb
4GQZ_A.pdb
4GR6_A.pdb
4GS3_A.pdb
4GS5_A.pdb
4GT9_A.pdb
4GUC_A.pdb
4GWB_A.pdb
4GWG_A.pdb
4GX8_A.pdb
4GXB_A.pdb
4GXT_A.pdb
4GYM_A.pdb
4GYO_A.pdb
4H08_A.pdb
4H09_A.pdb
4H0A_A.pdb
4H0C_A.pdb
4H18_A.pdb
4H27_A.pdb
4H2V_C.pdb
4H3T_A.pdb
4H3U_A.pdb
4H3W_A.pdb
4H41_A.pdb
4H59_A.pdb
4H5I_A.pdb
4H79_A.pdb
4H7L_A.pdb
4H83_A.pdb
4H87_A.pdb
4H89_A.pdb
4HA6_A.pdb
4HA7_A.pdb
4HAC_A.pdb
4HAD_A.pdb
4HAM_A.pdb
4HAT_C.pdb
4HB9_A.pdb
4HBQ_A.pdb
4HBZ_A.pdb
4HCJ_A.pdb
4HD1_A.pdb
4HDD_A.pdb
4HDE_A.pdb
4HDO_A.pdb
4HDT_A.pdb
4HE7_A.pdb
4HEO_A.pdb
4HES_A.pdb
4HFS_A.pdb
4HFV_A.pdb
4HG2_A.pdb
4HHX_A.pdb
4HI8_A.pdb
4HKH_A.pdb
4HKT_A.pdb
4HL4_A.pdb
4HLB_A.pdb
4HN9_A.pdb
4HOJ_A.pdb
4HPP_A.pdb
4HRV_A.pdb
4HSP_A.pdb
4HSQ_A.pdb
4HT1_T.pdb
4HTF_A.pdb
4HTL_A.pdb
4HTP_A.pdb
4HVK_A.pdb
4HVY_A.pdb
4HW0_A.pdb
4HW6_A.pdb
4HWM_A.pdb
4HXF_B.pdb
4HYJ_A.pdb
4HYL_A.pdb
4HYZ_A.pdb
4HZI_A.pdb
4I0N_A.pdb
4I0O_A.pdb
4I0W_A.pdb
4I17_A.pdb
4I4K_A.pdb
4I5T_A.pdb
4I66_A.pdb
4I6N_A.pdb
4I6V_A.pdb
4I71_A.pdb
4I84_A.pdb
4I8H_A.pdb
4I8I_A.pdb
4I93_A.pdb
4I9X_A.pdb
4IA6_A.pdb
4IAB_A.pdb
4IAU_A.pdb
4IC1_A.pdb
4ICI_A.pdb
4ID2_A.pdb
4IE5_A.pdb
4IEF_A.pdb
4IFA_A.pdb
4IGB_C.pdb
4IGK_A.pdb
4IHE_A.pdb
4IHU_A.pdb
4IIK_A.pdb
4IJA_A.pdb
4IKD_A.pdb
4IKN_A.pdb
4ILL_A.pdb
4IM6_A.pdb
4IMM_A.pdb
4INA_A.pdb
4IND_A.pdb
4IO2_A.pdb
4IPU_A.pdb
4IQN_A.pdb
4IQZ_A.pdb
4IRP_A.pdb
4IRV_A.pdb
4IRV_E.pdb
4IRX_A.pdb
4ISB_A.pdb
4IT4_A.pdb
4ITJ_A.pdb
4IUL_A.pdb
4IUS_A.pdb
4IWK_A.pdb
4IX7_A.pdb
4IX9_A.pdb
4IYJ_A.pdb
4IYK_A.pdb
4IYM_A.pdb
4IZE_A.pdb
4J0W_A.pdb
4J1V_A.pdb
4J25_A.pdb
4J2G_A.pdb
4J32_A.pdb
4J32_B.pdb
4J37_A.pdb
4J39_A.pdb
4J5T_A.pdb
4J7H_A.pdb
4J7Q_A.pdb
4J8L_A.pdb
4J9Y_B.pdb
4JB7_A.pdb
4JBE_A.pdb
4JBU_A.pdb
4JCS_A.pdb
4JDE_B.pdb
4JDU_A.pdb
4JE0_A.pdb
4JG2_A.pdb
4JG5_A.pdb
4JG9_A.pdb
4JGI_A.pdb
4JGL_A.pdb
4JGP_A.pdb
4JHY_A.pdb
4JIF_A.pdb
4JIS_A.pdb
4JJA_A.pdb
4JM1_A.pdb
4JMP_A.pdb
4JND_A.pdb
4JNH_A.pdb
4JO0_A.pdb
4JOB_A.pdb
4JOI_A.pdb
4JOQ_A.pdb
4JP6_A.pdb
4JQR_A.pdb
4JRF_A.pdb
4JS8_A.pdb
4JWO_A.pdb
4JXR_A.pdb
4JXY_A.pdb
4JZP_A.pdb
4K0D_A.pdb
4K1C_A.pdb
4K1P_A.pdb
4K22_A.pdb
4K29_A.pdb
4K35_A.pdb
4K36_A.pdb
4K3L_A.pdb
4K3X_A.pdb
4K4K_A.pdb
4K7C_A.pdb
4K7R_A.pdb
4K8G_A.pdb
4K90_B.pdb
4K94_C.pdb
4KAL_A.pdb
4KBX_A.pdb
4KEF_A.pdb
4KGM_A.pdb
4KH8_A.pdb
4KH9_A.pdb
4KHB_A.pdb
4KIA_A.pdb
4KJM_A.pdb
4KKR_A.pdb
4KKU_A.pdb
4KL0_A.pdb
4KMD_A.pdb
4KMR_A.pdb
4KNC_A.pdb
4KOP_A.pdb
4KP1_A.pdb
4KQ7_A.pdb
4KQ9_A.pdb
4KQC_A.pdb
4KRD_B.pdb
4KRG_A.pdb
4KRR_A.pdb
4KRU_A.pdb
4KS7_A.pdb
4KS9_A.pdb
4KSN_A.pdb
4KT3_A.pdb
4KT3_B.pdb
4KTB_A.pdb
4KUI_A.pdb
4KV7_A.pdb
4KVG_B.pdb
4KWY_A.pdb
4KY9_A.pdb
4L0C_A.pdb
4L0J_A.pdb
4L0K_A.pdb
4L0N_A.pdb
4L1J_A.pdb
4L3R_A.pdb
4L3T_A.pdb
4L3U_A.pdb
4L51_A.pdb
4L5G_A.pdb
4L63_A.pdb
4L6H_A.pdb
4L6U_A.pdb
4L7A_A.pdb
4L7M_A.pdb
4L8J_A.pdb
4L8K_A.pdb
4L8P_A.pdb
4L9B_A.pdb
4L9H_A.pdb
4L9O_A.pdb
4L9P_A.pdb
4LB0_A.pdb
4LB8_A.pdb
4LBA_A.pdb
4LCL_A.pdb
4LDA_A.pdb
4LDG_A.pdb
4LDP_A.pdb
4LDV_A.pdb
4LER_A.pdb
4LES_A.pdb
4LFH_G.pdb
4LG3_A.pdb
4LGC_A.pdb
4LGY_A.pdb
4LHD_A.pdb
4LHS_A.pdb
4LIR_A.pdb
4LIX_A.pdb
4LIZ_A.pdb
4LJS_A.pdb
4LKS_A.pdb
4LL6_A.pdb
4LLE_A.pdb
4LMG_A.pdb
4LMI_A.pdb
4LOW_A.pdb
4LPQ_A.pdb
4LQB_A.pdb
4LQC_A.pdb
4LQE_A.pdb
4LQK_A.pdb
4LQX_A.pdb
4LQZ_A.pdb
4LR4_A.pdb
4LRJ_A.pdb
4LRV_A.pdb
4LS9_A.pdb
4LSD_A.pdb
4LUA_A.pdb
4LUN_U.pdb
4LV5_A.pdb
4LVI_A.pdb
4LVP_A.pdb
4LVU_A.pdb
4LW8_A.pdb
4LWS_A.pdb
4LWS_B.pdb
4LX2_A.pdb
4LXR_A.pdb
4LXR_J.pdb
4LYA_A.pdb
4LZH_A.pdb
4LZK_A.pdb
4M0K_A.pdb
4M0M_A.pdb
4M1A_A.pdb
4M1U_A.pdb
4M23_A.pdb
4M37_A.pdb
4M3L_A.pdb
4M3O_A.pdb
4M3P_A.pdb
4M5D_A.pdb
4M5D_B.pdb
4M68_A.pdb
4M6B_C.pdb
4M6T_A.pdb
4M7O_A.pdb
4M7T_A.pdb
4M83_A.pdb
4M88_A.pdb
4M8K_A.pdb
4M8O_A.pdb
4M8R_A.pdb
4M9K_A.pdb
4M9V_C.pdb
4MAA_A.pdb
4MAI_A.pdb
4MAM_A.pdb
4MAQ_A.pdb
4MBO_A.pdb
4MC3_A.pdb
4MCJ_A.pdb
4MDA_A.pdb
4MDY_A.pdb
4ME3_A.pdb
4MEW_A.pdb
4MHC_A.pdb
4MHR_A.pdb
4MHX_A.pdb
4MIX_A.pdb
4MJF_A.pdb
4MJK_A.pdb
4MK6_A.pdb
4MKX_A.pdb
4ML9_A.pdb
4MLM_A.pdb
4MLO_A.pdb
4MLZ_A.pdb
4MN4_C.pdb
4MN5_A.pdb
4MNR_A.pdb
4MO7_A.pdb
4MO9_A.pdb
4MPT_A.pdb
4MQD_A.pdb
4MR0_A.pdb
4MS4_B.pdb
4MSX_A.pdb
4MU6_A.pdb
4MUD_A.pdb
4MUO_A.pdb
4MV4_A.pdb
4MVE_A.pdb
4MXN_A.pdb
4MXT_A.pdb
4MY0_A.pdb
4MYK_A.pdb
4MYV_A.pdb
4MYZ_A.pdb
4MZC_A.pdb
4MZD_A.pdb
4MZV_A.pdb
4N01_A.pdb
4N03_A.pdb
4N04_A.pdb
4N06_A.pdb
4N0H_B.pdb
4N0H_F.pdb
4N0K_A.pdb
4N0P_A.pdb
4N0R_A.pdb
4N13_A.pdb
4N2K_A.pdb
4N2P_A.pdb
4N49_A.pdb
4N77_A.pdb
4N78_D.pdb
4N82_A.pdb
4N8G_A.pdb
4N8P_A.pdb
4N9W_A.pdb
4NAO_A.pdb
4NAR_A.pdb
4NCB_A.pdb
4NCD_A.pdb
4NEL_A.pdb
4NEO_A.pdb
4NES_A.pdb
4NFU_B.pdb
4NGD_A.pdb
4NHB_A.pdb
4NHX_A.pdb
4NI6_A.pdb
4NJC_A.pdb
4NK6_A.pdb
4NKB_A.pdb
4NLM_A.pdb
4NMW_A.pdb
4NMY_A.pdb
4NN5_A.pdb
4NN5_C.pdb
4NNB_A.pdb
4NOA_A.pdb
4NOB_A.pdb
4NOC_A.pdb
4NOH_A.pdb
4NOO_A.pdb
4NOO_B.pdb
4NPL_A.pdb
4NQ0_A.pdb
4NQI_A.pdb
4NQW_A.pdb
4NS5_A.pdb
4NSX_A.pdb
4NT1_A.pdb
4NTQ_A.pdb
4NTQ_B.pdb
4NUU_A.pdb
4NUX_A.pdb
4NWB_A.pdb
4NX1_A.pdb
4NZK_A.pdb
4O06_A.pdb
4O0C_A.pdb
4O0K_A.pdb
4O2H_A.pdb
4O2T_A.pdb
4O3V_A.pdb
4O4F_A.pdb
4O5J_A.pdb
4O5P_A.pdb
4O65_A.pdb
4O6K_A.pdb
4O87_A.pdb
4O8S_A.pdb
4O8V_A.pdb
4O9D_A.pdb
4O9K_A.pdb
4O9X_A.pdb
4OBM_A.pdb
4ODK_A.pdb
4OE9_A.pdb
4OGE_A.pdb
4OH1_A.pdb
4OI3_A.pdb
4OIE_A.pdb
4OJ8_A.pdb
4OJD_H.pdb
4OJU_A.pdb
4OJX_A.pdb
4OKO_A.pdb
4OLO_A.pdb
4OM9_A.pdb
4ONR_A.pdb
4OO3_A.pdb
4OOB_A.pdb
4OPM_A.pdb
4OPW_A.pdb
4OQ2_A.pdb
4OQV_A.pdb
4OSE_A.pdb
4OSN_A.pdb
4OTM_A.pdb
4OU0_A.pdb
4OUH_A.pdb
4OUN_A.pdb
4OV8_A.pdb
4OVD_A.pdb
4OVJ_A.pdb
4OVK_A.pdb
4OVX_A.pdb
4OVY_A.pdb
4OWT_A.pdb
4OXI_A.pdb
4OXP_A.pdb
4OZW_A.pdb
4P04_A.pdb
4P0D_A.pdb
4P0T_A.pdb
4P17_A.pdb
4P1E_A.pdb
4P1N_A.pdb
4P1N_C.pdb
4P2I_A.pdb
4P37_A.pdb
4P3F_A.pdb
4P3V_A.pdb
4P40_A.pdb
4P53_A.pdb
4P56_A.pdb
4P5E_A.pdb
4P5I_A.pdb
4P5X_A.pdb
4P79_A.pdb
4P7C_A.pdb
4P7O_A.pdb
4P8B_A.pdb
4P8I_A.pdb
4P8N_A.pdb
4P98_A.pdb
4P9I_A.pdb
4PAG_A.pdb
4PBD_A.pdb
4PBH_A.pdb
4PBV_A.pdb
4PC9_A.pdb
4PD6_A.pdb
4PDN_A.pdb
4PDX_A.pdb
4PDY_A.pdb
4PE3_A.pdb
4PE6_A.pdb
4PED_A.pdb
4PEO_A.pdb
4PF6_A.pdb
4PFO_A.pdb
4PH1_A.pdb
4PI8_A.pdb
4PIB_A.pdb
4PIO_A.pdb
4PJ2_A.pdb
4PJ3_A.pdb
4PL9_A.pdb
4PLZ_A.pdb
4PMK_A.pdb
4PNE_A.pdb
4PNO_A.pdb
4PO6_A.pdb
4PP8_C.pdb
4PPR_A.pdb
4PQX_A.pdb
4PS6_A.pdb
4PSN_A.pdb
4PSS_A.pdb
4PSU_A.pdb
4PUI_A.pdb
4PUX_A.pdb
4PW0_A.pdb
4PW2_A.pdb
4PWU_A.pdb
4PXY_A.pdb
4PY9_A.pdb
4PYR_A.pdb
4PYS_A.pdb
4PZ0_A.pdb
4PZ7_A.pdb
4Q0Y_A.pdb
4Q1Q_A.pdb
4Q27_A.pdb
4Q29_A.pdb
4Q35_A.pdb
4Q4W_4.pdb
4Q51_A.pdb
4Q53_A.pdb
4Q62_A.pdb
4Q63_A.pdb
4Q68_A.pdb
4Q69_A.pdb
4Q6B_A.pdb
4Q6J_A.pdb
4Q6U_A.pdb
4Q6V_A.pdb
4Q7A_A.pdb
4Q7F_A.pdb
4Q7Q_A.pdb
4Q82_A.pdb
4Q8G_A.pdb
4Q98_A.pdb
4QAM_B.pdb
4QAN_A.pdb
4QB5_A.pdb
4QBL_A.pdb
4QBU_A.pdb
4QCL_A.pdb
4QDJ_A.pdb
4QDN_A.pdb
4QE0_A.pdb
4QEK_A.pdb
4QFU_A.pdb
4QGO_A.pdb
4QGP_A.pdb
4QGS_A.pdb
4QHW_A.pdb
4QI3_A.pdb
4QKD_A.pdb
4QL0_A.pdb
4QMA_A.pdb
4QN8_A.pdb
4QOS_A.pdb
4QOZ_C.pdb
4QPV_A.pdb
4QRK_A.pdb
4QTJ_A.pdb
4QTO_A.pdb
4QVR_A.pdb
4QVS_A.pdb
4QWO_A.pdb
4QXA_B.pdb
4QY7_A.pdb
4QYB_A.pdb
4QYS_A.pdb
4QYT_A.pdb
4QYW_A.pdb
4R03_A.pdb
4R10_B.pdb
4R16_A.pdb
4R29_A.pdb
4R2X_A.pdb
4R42_A.pdb
4R4K_A.pdb
4R4X_A.pdb
4R7F_A.pdb
4R7R_A.pdb
4R7S_A.pdb
4R81_A.pdb
4R8O_A.pdb
4R9F_A.pdb
4R9N_A.pdb
4R9X_A.pdb
4RAX_A.pdb
4RAY_A.pdb
4RCT_A.pdb
4RD4_A.pdb
4RD8_A.pdb
4RDB_A.pdb
4RDR_A.pdb
4RDZ_A.pdb
4REG_A.pdb
4REI_A.pdb
4REK_A.pdb
4RFA_A.pdb
4RFL_A.pdb
4RGI_A.pdb
4RGP_A.pdb
4RGW_A.pdb
4RGY_A.pdb
4RH8_A.pdb
4RHJ_A.pdb
4RHO_A.pdb
4RI2_A.pdb
4RIF_A.pdb
4RIT_A.pdb
4RJZ_A.pdb
4RK4_A.pdb
4RK6_A.pdb
4RKK_A.pdb
4RL1_A.pdb
4RLC_A.pdb
4RMM_A.pdb
4RMO_A.pdb
4RN3_A.pdb
4RO3_A.pdb
4ROC_A.pdb
4RPC_A.pdb
4RPM_A.pdb
4RS7_A.pdb
4RSC_A.pdb
4RSH_A.pdb
4RT5_A.pdb
4RTH_A.pdb
4RU0_A.pdb
4RUW_A.pdb
4RV5_A.pdb
4RVQ_A.pdb
4RW0_A.pdb
4RWH_A.pdb
4RXI_A.pdb
4S1A_A.pdb
4S1B_A.pdb
4S1P_A.pdb
4S39_A.pdb
4S3K_A.pdb
4S3R_A.pdb
4TKD_A.pdb
4TL6_A.pdb
4TLV_A.pdb
4TM5_A.pdb
4TMD_A.pdb
4TPN_A.pdb
4TQ1_A.pdb
4TQ2_A.pdb
4TQ3_A.pdb
4TQR_A.pdb
4TQX_A.pdb
4TR3_A.pdb
4TRK_A.pdb
4TSE_A.pdb
4TTW_A.pdb
4TV4_A.pdb
4TV5_A.pdb
4TVI_A.pdb
4TVV_A.pdb
4TXD_A.pdb
4TXG_A.pdb
4TXR_A.pdb
4TZM_A.pdb
4U0O_B.pdb
4U12_A.pdb
4U13_A.pdb
4U1E_I.pdb
4U1F_A.pdb
4U3E_A.pdb
4U3Q_A.pdb
4U3V_A.pdb
4U4H_A.pdb
4U5W_A.pdb
4U7A_A.pdb
4U9C_A.pdb
4U9O_A.pdb
4U9P_A.pdb
4UA6_A.pdb
4UAB_A.pdb
4UCI_A.pdb
4UD4_A.pdb
4UDS_A.pdb
4UE8_A.pdb
4UF7_C.pdb
4UFQ_A.pdb
4UHV_A.pdb
4UM2_A.pdb
4UMG_A.pdb
4UP0_A.pdb
4UPI_A.pdb
4UQW_A.pdb
4US5_A.pdb
4UT1_A.pdb
4UUY_A.pdb
4UVJ_A.pdb
4UVQ_A.pdb
4UW9_A.pdb
4UWM_A.pdb
4UWW_A.pdb
4UWX_A.pdb
4UYB_A.pdb
4UYR_A.pdb
4UZG_A.pdb
4UZY_A.pdb
4V03_A.pdb
4V08_A.pdb
4V0H_A.pdb
4V1J_A.pdb
4V1K_A.pdb
4V24_A.pdb
4V33_A.pdb
4V3I_A.pdb
4W66_A.pdb
4W79_A.pdb
4W7G_A.pdb
4W82_A.pdb
4W8K_A.pdb
4WA0_A.pdb
4WAT_A.pdb
4WBT_A.pdb
4WBY_A.pdb
4WCJ_A.pdb
4WCX_A.pdb
4WD1_A.pdb
4WE2_A.pdb
4WED_A.pdb
4WER_A.pdb
4WFC_A.pdb
4WFO_A.pdb
4WGH_A.pdb
4WH5_A.pdb
4WHE_A.pdb
4WI1_A.pdb
4WID_A.pdb
4WIQ_A.pdb
4WJ1_A.pdb
4WJI_A.pdb
4WJM_A.pdb
4WK0_A.pdb
4WK7_A.pdb
4WLH_A.pdb
4WN5_A.pdb
4WP2_A.pdb
4WP9_A.pdb
4WQD_A.pdb
4WRI_A.pdb
4WUV_A.pdb
4WVA_A.pdb
4WW7_A.pdb
4WW7_B.pdb
4WWH_A.pdb
4WXA_D.pdb
4WY2_A.pdb
4WY4_D.pdb
4WY9_A.pdb
4WZ0_A.pdb
4WZ8_B.pdb
4WZR_A.pdb
4WZZ_A.pdb
4X28_A.pdb
4X28_C.pdb
4X2C_A.pdb
4X2H_B.pdb
4X2R_A.pdb
4X33_B.pdb
4X4W_A.pdb
4X54_A.pdb
4X7G_A.pdb
4X7K_A.pdb
4X9T_A.pdb
4X9X_A.pdb
4XAB_A.pdb
4XAX_A.pdb
4XB6_B.pdb
4XBZ_A.pdb
4XCP_A.pdb
4XDN_A.pdb
4XDN_B.pdb
4XDU_A.pdb
4XEA_A.pdb
4XFJ_A.pdb
4XFM_A.pdb
4XGL_A.pdb
4XGU_A.pdb
4XHF_A.pdb
4XJ5_A.pdb
4XJX_A.pdb
4XJY_A.pdb
4XLT_A.pdb
4XLY_A.pdb
4XLZ_A.pdb
4XMR_A.pdb
4XNH_A.pdb
4XNH_C.pdb
4XO1_A.pdb
4XOI_B.pdb
4XOM_A.pdb
4XP7_A.pdb
4XP8_A.pdb
4XPL_A.pdb
4XPQ_A.pdb
4XPZ_A.pdb
4XQ7_A.pdb
4XRW_A.pdb
4XSO_A.pdb
4XT6_A.pdb
4XTR_A.pdb
4XVX_A.pdb
4XWH_A.pdb
4XWX_A.pdb
4XXB_A.pdb
4XXF_A.pdb
4XXI_A.pdb
4XXT_A.pdb
4XXX_A.pdb
4XYW_A.pdb
4XZ7_A.pdb
4XZA_A.pdb
4Y0C_A.pdb
4Y0E_A.pdb
4Y0M_A.pdb
4Y1W_A.pdb
4Y2F_A.pdb
4Y6X_A.pdb
4Y7D_A.pdb
4Y7L_A.pdb
4Y99_C.pdb
4Y9I_A.pdb
4Y9T_A.pdb
4Y9W_A.pdb
4YAM_A.pdb
4YBG_A.pdb
4YBR_A.pdb
4YC7_B.pdb
4YCA_A.pdb
4YCS_A.pdb
4YD8_A.pdb
4YE7_A.pdb
4YF1_A.pdb
4YFU_A.pdb
4YGT_A.pdb
4YGU_A.pdb
4YHC_A.pdb
4YHS_A.pdb
4YJ1_A.pdb
4YJ6_A.pdb
4YL8_B.pdb
4YLE_A.pdb
4YLM_X.pdb
4YN1_A.pdb
4YNH_A.pdb
4YOD_A.pdb
4YOM_A.pdb
4YRD_A.pdb
4YS0_A.pdb
4YS4_A.pdb
4YSI_A.pdb
4YSL_A.pdb
4YTD_A.pdb
4YTK_A.pdb
4YU8_A.pdb
4YUD_A.pdb
4YVQ_A.pdb
4YWF_A.pdb
4YWK_A.pdb
4YWR_A.pdb
4YWZ_A.pdb
4YX1_A.pdb
4YX6_A.pdb
4YXP_A.pdb
4YYC_A.pdb
4YYF_A.pdb
4YZ6_A.pdb
4YZO_A.pdb
4Z0G_A.pdb
4Z48_A.pdb
4Z4D_A.pdb
4Z8T_A.pdb
4Z8T_B.pdb
4Z9P_A.pdb
4ZBG_A.pdb
4ZBL_A.pdb
4ZCD_A.pdb
4ZCR_A.pdb
4ZDF_A.pdb
4ZDJ_A.pdb
4ZF7_A.pdb
4ZGF_A.pdb
4ZGP_A.pdb
4ZH0_A.pdb
4ZHB_A.pdb
4ZIE_A.pdb
4ZIL_A.pdb
4ZJG_A.pdb
4ZKD_A.pdb
4ZKJ_A.pdb
4ZMH_A.pdb
4ZNM_A.pdb
4ZOY_A.pdb
4ZPJ_A.pdb
4ZPX_A.pdb
4ZQX_A.pdb
4ZR7_A.pdb
4ZR8_A.pdb
4ZRJ_B.pdb
4ZRL_A.pdb
4ZRL_B.pdb
4ZS9_A.pdb
4ZTK_A.pdb
4ZV0_A.pdb
4ZV0_B.pdb
4ZWV_A.pdb
4ZXG_A.pdb
4ZY8_A.pdb
4ZY9_A.pdb
5A1N_A.pdb
5A1N_B.pdb
5A2V_A.pdb
5A3A_A.pdb
5A52_A.pdb
5A57_A.pdb
5A67_A.pdb
5A6S_B.pdb
5A7Z_A.pdb
5A98_A.pdb
5A9C_A.pdb
5A9H_A.pdb
5AB4_A.pdb
5ABS_A.pdb
5ACS_A.pdb
5AF0_A.pdb
5AF3_A.pdb
5AFO_A.pdb
5AGD_A.pdb
5AGR_A.pdb
5AH1_A.pdb
5AH2_A.pdb
5AHK_A.pdb
5AHW_A.pdb
5AJ8_A.pdb
5AJG_A.pdb
5AKO_C.pdb
5AL6_A.pdb
5ANP_A.pdb
5AOX_B.pdb
5AOZ_A.pdb
5APG_A.pdb
5AQM_B.pdb
5AUN_B.pdb
5AX6_A.pdb
5AX7_A.pdb
5AXM_A.pdb
5AYN_A.pdb
5B0N_A.pdb
5B1R_A.pdb
5B2P_A.pdb
5B3D_A.pdb
5B3G_B.pdb
5B6D_A.pdb
5B6K_A.pdb
5B71_E.pdb
5B7H_A.pdb
5B89_A.pdb
5BMN_A.pdb
5BMQ_A.pdb
5BMT_A.pdb
5BN3_A.pdb
5BO7_A.pdb
5BOB_A.pdb
5BOP_B.pdb
5BOV_A.pdb
5BP3_A.pdb
5BP8_A.pdb
5BP9_A.pdb
5BPJ_A.pdb
5BPZ_A.pdb
5BQ8_A.pdb
5BQP_A.pdb
5BS1_A.pdb
5BTO_A.pdb
5BTY_A.pdb
5BUK_A.pdb
5BUP_A.pdb
5BVA_A.pdb
5BW0_B.pdb
5BWD_A.pdb
5BWJ_A.pdb
5BXG_A.pdb
5BYK_A.pdb
5BYL_A.pdb
5BZ0_A.pdb
5BZA_A.pdb
5C0P_A.pdb
5C0Y_A.pdb
5C12_A.pdb
5C1M_A.pdb
5C23_A.pdb
5C30_A.pdb
5C33_A.pdb
5C40_A.pdb
5C50_B.pdb
5C5G_A.pdb
5C5Z_A.pdb
5C68_A.pdb
5C6D_A.pdb
5C98_A.pdb
5CA8_A.pdb
5CAJ_A.pdb
5CCB_A.pdb
5CCB_B.pdb
5CD6_A.pdb
5CE6_A.pdb
5CE7_A.pdb
5CEM_A.pdb
5CFD_A.pdb
5CFJ_A.pdb
5CHS_A.pdb
5CI5_A.pdb
5CIO_A.pdb
5CIV_A.pdb
5CKW_A.pdb
5CM2_Z.pdb
5CO8_A.pdb
5COF_A.pdb
5COW_A.pdb
5COZ_A.pdb
5CPC_A.pdb
5CPH_A.pdb
5CR6_D.pdb
5CR9_A.pdb
5CS0_A.pdb
5CS2_A.pdb
5CSI_C.pdb
5CTM_A.pdb
5CTT_B.pdb
5CU7_A.pdb
5CV0_A.pdb
5CWW_B.pdb
5CXB_A.pdb
5CXW_A.pdb
5CYA_A.pdb
5CYV_A.pdb
5CYZ_C.pdb
5CZW_A.pdb
5D08_A.pdb
5D1I_A.pdb
5D1M_B.pdb
5D23_A.pdb
5D2E_A.pdb
5D3K_A.pdb
5D3Q_A.pdb
5D3X_A.pdb
5D50_A.pdb
5D5K_B.pdb
5D66_A.pdb
5D74_A.pdb
5D78_A.pdb
5D8M_A.pdb
5D9G_A.pdb
5DCQ_D.pdb
5DCU_A.pdb
5DEC_A.pdb
5DEQ_A.pdb
5DEU_A.pdb
5DFK_A.pdb
5DGG_A.pdb
5DGJ_A.pdb
5DGO_A.pdb
5DH0_A.pdb
5DII_A.pdb
5DIL_A.pdb
5DIY_A.pdb
5DJE_A.pdb
5DJH_A.pdb
5DKX_A.pdb
5DLB_A.pdb
5DLK_A.pdb
5DLO_A.pdb
5DM2_A.pdb
5DMD_A.pdb
5DMH_A.pdb
5DMM_A.pdb
5DN7_A.pdb
5DOC_A.pdb
5DOF_A.pdb
5DOI_E.pdb
5DOK_A.pdb
5DU3_A.pdb
5DV4_A.pdb
5DVI_A.pdb
5DX6_A.pdb
5DXL_A.pdb
5DYQ_A.pdb
5DZ2_A.pdb
5DZ8_A.pdb
5DZE_A.pdb
5DZT_A.pdb
5E09_A.pdb
5E1L_A.pdb
5E1N_A.pdb
5E1V_A.pdb
5E1W_A.pdb
5E1Y_A.pdb
5E2C_A.pdb
5E3E_B.pdb
5E3I_A.pdb
5E3Q_A.pdb
5E53_A.pdb
5E5Y_A.pdb
5E6X_A.pdb
5E71_A.pdb
5E75_A.pdb
5EC0_A.pdb
5EC6_A.pdb
5EDF_A.pdb
5EE5_A.pdb
5EFR_A.pdb
5EFV_A.pdb
5EH1_A.pdb
5EJ0_A.pdb
5EJR_A.pdb
5EJY_A.pdb
5EL3_A.pdb
5ENQ_A.pdb
5EOU_A.pdb
5EPE_A.pdb
5EQ7_A.pdb
5EQJ_A.pdb
5EQN_A.pdb
5EQW_A.pdb
5ERE_A.pdb
5ERX_A.pdb
5EUR_A.pdb
5EVF_A.pdb
5EVH_A.pdb
5EWO_A.pdb
5EWP_A.pdb
5EZ7_A.pdb
5F1B_B.pdb
5F29_A.pdb
5F3M_A.pdb
5F3P_A.pdb
5F6L_B.pdb
5F7R_A.pdb
5F7V_A.pdb
5F9P_A.pdb
5F9Q_A.pdb
5FA1_A.pdb
5FA8_A.pdb
5FB4_A.pdb
5FC2_B.pdb
5FCD_A.pdb
5FCE_A.pdb
5FD3_A.pdb
5FDN_A.pdb
5FEB_A.pdb
5FFD_A.pdb
5FFP_A.pdb
5FGP_A.pdb
5FGW_A.pdb
5FHK_A.pdb
5FIA_A.pdb
5FID_A.pdb
5FIF_A.pdb
5FIS_A.pdb
5FLG_A.pdb
5FMR_A.pdb
5FN8_A.pdb
5FOC_A.pdb
5FOH_A.pdb
5FOK_A.pdb
5FOR_A.pdb
5FQ4_A.pdb
5FS4_A.pdb
5FS8_A.pdb
5FSH_A.pdb
5FSV_A.pdb
5FT0_A.pdb
5FVD_A.pdb
5FYA_A.pdb
5FYP_A.pdb
5G23_A.pdb
5G2U_A.pdb
5G3T_A.pdb
5G3X_A.pdb
5G5C_A.pdb
5G5G_C.pdb
5G5O_A.pdb
5G5S_A.pdb
5GGB_A.pdb
5GJ7_A.pdb
5GKV_A.pdb
5GL5_A.pdb
5GMU_A.pdb
5GN1_A.pdb
5GO5_A.pdb
5GOF_A.pdb
5GPO_A.pdb
5GQI_A.pdb
5GQO_A.pdb
5GS7_A.pdb
5GU6_A.pdb
5GVC_A.pdb
5GVI_A.pdb
5GVV_A.pdb
5GWN_A.pdb
5H1X_A.pdb
5H2D_A.pdb
5H2W_B.pdb
5H3Z_A.pdb
5H62_A.pdb
5H7K_A.pdb
5H8I_A.pdb
5H9C_A.pdb
5H9F_A.pdb
5H9F_B.pdb
5H9F_D.pdb
5HAB_A.pdb
5HAX_A.pdb
5HAZ_A.pdb
5HB7_A.pdb
5HBP_A.pdb
5HD9_A.pdb
5HDI_A.pdb
5HDW_A.pdb
5HFI_A.pdb
5HIU_A.pdb
5HJQ_A.pdb
5HKL_A.pdb
5HKQ_A.pdb
5HKQ_I.pdb
5HL8_A.pdb
5HM3_A.pdb
5HMQ_A.pdb
5HNO_A.pdb
5HNV_A.pdb
5HOE_A.pdb
5HOP_A.pdb
5HQJ_A.pdb
5HSG_A.pdb
5HSI_A.pdb
5HSM_A.pdb
5HST_A.pdb
5HT2_A.pdb
5HT6_A.pdb
5HTL_A.pdb
5HU3_B.pdb
5HU7_A.pdb
5HUS_A.pdb
5HWK_A.pdb
5HWV_A.pdb
5HX0_A.pdb
5HXG_A.pdb
5HXL_A.pdb
5HXY_A.pdb
5HYA_A.pdb
5HYZ_A.pdb
5HZD_A.pdb
5I0F_B.pdb
5I1U_A.pdb
5I20_A.pdb
5I2C_A.pdb
5I2H_A.pdb
5I39_A.pdb
5I3E_A.pdb
5I3S_A.pdb
5I45_A.pdb
5I47_A.pdb
5I4A_A.pdb
5I4Q_B.pdb
5I5D_A.pdb
5I62_A.pdb
5I6R_A.pdb
5IAA_A.pdb
5IAI_A.pdb
5IBV_A.pdb
5IBZ_A.pdb
5IC7_A.pdb
5IDH_A.pdb
5IDV_A.pdb
5IG8_A.pdb
5IGA_A.pdb
5IGI_A.pdb
5IHE_A.pdb
5IHF_A.pdb
5II6_A.pdb
5IIB_B.pdb
5IIP_A.pdb
5IJH_A.pdb
5IKJ_A.pdb
5IKJ_B.pdb
5IL2_B.pdb
5ILB_A.pdb
5IMA_A.pdb
5ING_A.pdb
5IPX_A.pdb
5IR2_A.pdb
5IR4_A.pdb
5IRC_A.pdb
5IRN_A.pdb
5ITQ_A.pdb
5IUF_A.pdb
5IW9_A.pdb
5IWZ_A.pdb
5IX8_A.pdb
5IXP_A.pdb
5IYZ_E.pdb
5IYZ_F.pdb
5IZ5_A.pdb
5IZT_A.pdb
5J03_A.pdb
5J09_A.pdb
5J1S_B.pdb
5J4L_A.pdb
5J71_A.pdb
5J7R_A.pdb
5J92_A.pdb
5JA9_C.pdb
5JBL_A.pdb
5JBR_A.pdb
5JD6_A.pdb
5JEN_A.pdb
5JEQ_A.pdb
5JGF_A.pdb
5JH8_A.pdb
5JIC_A.pdb
5JIG_A.pdb
5JIW_A.pdb
5JJA_A.pdb
5JK0_A.pdb
5JK2_A.pdb
5JKQ_A.pdb
5JLB_A.pdb
5JM8_A.pdb
5JNO_A.pdb
5JOV_A.pdb
5JP4_B.pdb
5JPH_A.pdb
5JQC_A.pdb
5JQN_A.pdb
5JRH_A.pdb
5JRJ_A.pdb
5JSC_A.pdb
5JW9_A.pdb
5JXM_A.pdb
5JXZ_A.pdb
5K04_A.pdb
5K08_A.pdb
5K4B_A.pdb
5K5D_A.pdb
5K5Z_A.pdb
5K62_A.pdb
5K7F_A.pdb
5K8J_A.pdb
5K8J_B.pdb
5K91_A.pdb
5KC8_A.pdb
5KD6_A.pdb
5KDO_B.pdb
5KEC_A.pdb
5KEW_B.pdb
5KHA_A.pdb
5KHT_A.pdb
5KI9_A.pdb
5KIA_A.pdb
5KKU_A.pdb
5KLP_A.pdb
5KNH_I.pdb
5KO3_A.pdb
5KOE_A.pdb
5KP7_A.pdb
5KTK_A.pdb
5KUC_A.pdb
5KUT_A.pdb
5KXH_A.pdb
5KZZ_A.pdb
5L09_A.pdb
5L0L_A.pdb
5L16_A.pdb
5L1A_A.pdb
5L7N_A.pdb
5L7Z_A.pdb
5L8E_A.pdb
5LAC_A.pdb
5LB7_A.pdb
5LBD_A.pdb
5LDD_B.pdb
5LDV_A.pdb
5LE5_E.pdb
5LE5_J.pdb
5LGD_B.pdb
5LGG_A.pdb
5LJM_A.pdb
5LKB_A.pdb
5LMG_A.pdb
5LNB_B.pdb
5LND_A.pdb
5LPA_A.pdb
5LQ6_A.pdb
5LS7_D.pdb
5LSV_A.pdb
5LTL_A.pdb
5LUN_A.pdb
5LVO_A.pdb
5LW6_A.pdb
5LWV_A.pdb
5LX8_A.pdb
5LX9_A.pdb
5LXE_A.pdb
5LXZ_B.pdb
5LY5_A.pdb
5LZ1_A.pdb
5LZN_A.pdb
5M1X_A.pdb
5M29_A.pdb
5M41_A.pdb
5M4B_A.pdb
5M5Z_A.pdb
5M86_A.pdb
5M8C_A.pdb
5MBX_A.pdb
5MC9_A.pdb
5MDI_A.pdb
5MDR_A.pdb
5MEB_A.pdb
5MEC_A.pdb
5MFA_A.pdb
5MI4_A.pdb
5MJ3_B.pdb
5MJ7_A.pdb
5MK2_A.pdb
5MLP_A.pdb
5MLT_A.pdb
5MPH_A.pdb
5MPR_A.pdb
5MQ6_A.pdb
5MQ8_A.pdb
5MQH_A.pdb
5MQI_A.pdb
5MQN_A.pdb
5MQR_A.pdb
5MSN_A.pdb
5MTW_A.pdb
5MU3_A.pdb
5MU5_A.pdb
5MUJ_A.pdb
5MUL_A.pdb
5MW8_A.pdb
5MWA_A.pdb
5MY7_A.pdb
5MZN_A.pdb
5N0O_A.pdb
5N1A_A.pdb
5N22_A.pdb
5N2U_A.pdb
5N4A_A.pdb
5N6F_A.pdb
5N6N_C.pdb
5N7E_B.pdb
5N7H_A.pdb
5N81_A.pdb
5N9B_A.pdb
5NA6_A.pdb
5NCB_A.pdb
5NF2_A.pdb
5NF4_A.pdb
5NFD_A.pdb
5NGD_A.pdb
5NGJ_A.pdb
5NGL_A.pdb
5NHU_I.pdb
5NJI_A.pdb
5NJL_A.pdb
5NKM_A.pdb
5NLG_A.pdb
5NM4_A.pdb
5NMO_A.pdb
5NOP_A.pdb
5NPT_A.pdb
5NPY_A.pdb
5NQO_A.pdb
5NR4_A.pdb
5NRM_A.pdb
5NT7_B.pdb
5NUS_A.pdb
5NV9_A.pdb
5NX7_A.pdb
5NX8_A.pdb
5NXF_A.pdb
5NXQ_A.pdb
5NYP_A.pdb
5O0S_A.pdb
5O2X_A.pdb
5O51_A.pdb
5O65_A.pdb
5O6C_A.pdb
5O6H_A.pdb
5O8W_B.pdb
5O9E_B.pdb
5O9M_A.pdb
5O9Q_A.pdb
5OC0_A.pdb
5OD4_A.pdb
5ODK_A.pdb
5OE3_A.pdb
5OEV_A.pdb
5OHY_A.pdb
5OJY_A.pdb
5OK8_A.pdb
5OL4_A.pdb
5OL4_C.pdb
5OLP_A.pdb
5ON8_A.pdb
5OND_A.pdb
5OPG_A.pdb
5OR3_A.pdb
5OUP_A.pdb
5OVU_A.pdb
5OW0_A.pdb
5OW0_B.pdb
5OWO_A.pdb
5OWU_A.pdb
5OWU_B.pdb
5OXZ_A.pdb
5Q22_A.pdb
5QHH_A.pdb
5R0D_B.pdb
5R68_A.pdb
5RKZ_A.pdb
5RL9_A.pdb
5SUI_A.pdb
5SUZ_A.pdb
5SV5_A.pdb
5SV6_A.pdb
5SVD_A.pdb
5SWK_C.pdb
5SYR_A.pdb
5SYT_A.pdb
5T09_A.pdb
5T11_A.pdb
5T12_A.pdb
5T1P_A.pdb
5T1Q_A.pdb
5T2P_A.pdb
5T2X_A.pdb
5T39_A.pdb
5T3B_A.pdb
5T5D_A.pdb
5T5I_A.pdb
5T86_I.pdb
5T87_A.pdb
5TDE_A.pdb
5TDY_B.pdb
5TF3_A.pdb
5TFP_A.pdb
5TFQ_A.pdb
5TGF_A.pdb
5TIH_A.pdb
5TJ3_A.pdb
5TK2_A.pdb
5TKW_A.pdb
5TL4_A.pdb
5TL8_A.pdb
5TLE_A.pdb
5TNY_A.pdb
5TOQ_A.pdb
5TQB_B.pdb
5TRO_A.pdb
5TSA_A.pdb
5TT5_A.pdb
5TTA_A.pdb
5TV2_A.pdb
5TVM_E.pdb
5TVO_A.pdb
5TWA_A.pdb
5TXK_A.pdb
5TZ5_A.pdb
5TZ6_A.pdb
5U2L_A.pdb
5U2P_A.pdb
5U35_A.pdb
5U3A_A.pdb
5U4S_A.pdb
5U4U_A.pdb
5U5O_A.pdb
5U78_A.pdb
5U7W_A.pdb
5U9N_A.pdb
5UAY_A.pdb
5UC0_A.pdb
5UCS_A.pdb
5UDF_A.pdb
5UE0_A.pdb
5UFK_A.pdb
5UIW_A.pdb
5UKV_A.pdb
5UL3_A.pdb
5ULB_A.pdb
5ULM_A.pdb
5UMR_A.pdb
5UMU_A.pdb
5UPT_A.pdb
5UQD_A.pdb
5UQJ_A.pdb
5UTS_A.pdb
5UUI_A.pdb
5UUJ_A.pdb
5UV4_A.pdb
5UVG_A.pdb
5UVR_A.pdb
5UWC_G.pdb
5V0A_Z.pdb
5V0M_A.pdb
5V13_A.pdb
5V2Q_A.pdb
5V3N_A.pdb
5V44_A.pdb
5V5H_A.pdb
5V5T_A.pdb
5V6J_A.pdb
5V87_A.pdb
5V8D_A.pdb
5VB9_A.pdb
5VBB_A.pdb
5VBI_A.pdb
5VBN_A.pdb
5VCC_A.pdb
5VCH_A.pdb
5VEB_X.pdb
5VFZ_A.pdb
5VGB_A.pdb
5VI6_A.pdb
5VIA_A.pdb
5VIP_A.pdb
5VIP_B.pdb
5VJI_A.pdb
5VJI_C.pdb
5VNY_A.pdb
5VOL_A.pdb
5VQE_A.pdb
5VRH_A.pdb
5VSZ_A.pdb
5VTG_A.pdb
5VTM_X.pdb
5VUG_A.pdb
5VVI_A.pdb
5VXE_A.pdb
5VXV_A.pdb
5VYK_A.pdb
5W0G_A.pdb
5W10_A.pdb
5W2I_A.pdb
5W2L_A.pdb
5W4A_A.pdb
5W56_A.pdb
5W5B_A.pdb
5W5P_A.pdb
5W5R_A.pdb
5W7B_C.pdb
5W83_A.pdb
5W8J_A.pdb
5W8O_A.pdb
5W8Q_A.pdb
5W8X_A.pdb
5W95_A.pdb
5W98_A.pdb
5WA2_A.pdb
5WAN_A.pdb
5WB4_A.pdb
5WBF_A.pdb
5WD6_A.pdb
5WDD_A.pdb
5WE0_A.pdb
5WFY_A.pdb
5WGG_A.pdb
5WGI_A.pdb
5WHM_A.pdb
5WKR_A.pdb
5WLH_A.pdb
5WQJ_A.pdb
5WQV_A.pdb
5WSF_A.pdb
5WSY_A.pdb
5WVO_C.pdb
5WWL_N.pdb
5WWO_A.pdb
5WX8_A.pdb
5WXM_A.pdb
5WXU_A.pdb
5WXX_A.pdb
5WY0_A.pdb
5WY4_A.pdb
5WZJ_A.pdb
5WZQ_A.pdb
5X04_A.pdb
5X14_A.pdb
5X1E_C.pdb
5X2H_A.pdb
5X2N_B.pdb
5X3G_A.pdb
5X3R_A.pdb
5X42_B.pdb
5X49_A.pdb
5X4B_A.pdb
5X4K_A.pdb
5X62_A.pdb
5X6V_F.pdb
5X6Z_A.pdb
5X7F_A.pdb
5X7L_A.pdb
5X89_A.pdb
5X93_A.pdb
5X9A_A.pdb
5XAU_A.pdb
5XAV_A.pdb
5XB7_A.pdb
5XBF_A.pdb
5XBF_B.pdb
5XBI_A.pdb
5XBN_A.pdb
5XCB_A.pdb
5XDH_A.pdb
5XDZ_B.pdb
5XE2_A.pdb
5XEA_A.pdb
5XEF_A.pdb
5XEV_A.pdb
5XEX_A.pdb
5XG2_A.pdb
5XGC_A.pdb
5XGS_A.pdb
5XGU_A.pdb
5XHB_A.pdb
5XHX_A.pdb
5XI8_A.pdb
5XJ5_A.pdb
5XJG_A.pdb
5XJL_2.pdb
5XKA_A.pdb
5XLY_A.pdb
5XNW_A.pdb
5XNY_A.pdb
5XQH_A.pdb
5XTA_A.pdb
5XTF_A.pdb
5XU6_A.pdb
5XVE_A.pdb
5XVJ_A.pdb
5XWI_A.pdb
5XYF_A.pdb
5XYF_B.pdb
5XZ7_A.pdb
5Y0M_A.pdb
5Y0T_A.pdb
5Y24_A.pdb
5Y27_A.pdb
5Y41_A.pdb
5Y59_B.pdb
5Y5A_A.pdb
5Y69_A.pdb
5Y72_A.pdb
5Y7Y_A.pdb
5Y90_A.pdb
5Y9E_A.pdb
5Y9G_A.pdb
5Y9X_A.pdb
5YAD_A.pdb
5YCK_A.pdb
5YF4_A.pdb
5YF6_A.pdb
5YFK_A.pdb
5YGB_A.pdb
5YH1_A.pdb
5YHH_A.pdb
5YHR_A.pdb
5YI7_A.pdb
5YJD_A.pdb
5YJE_A.pdb
5YJW_A.pdb
5YKJ_A.pdb
5YKR_A.pdb
5YKU_A.pdb
5YM0_A.pdb
5YM8_A.pdb
5YNM_A.pdb
5YOW_A.pdb
5YPS_A.pdb
5YQ0_A.pdb
5YRQ_A.pdb
5YSI_A.pdb
5YSQ_A.pdb
5YVQ_A.pdb
5YWT_A.pdb
5YXG_A.pdb
5YY3_A.pdb
5Z08_A.pdb
5Z08_C.pdb
5Z0D_B.pdb
5Z1G_B.pdb
5Z1V_A.pdb
5Z3K_A.pdb
5Z51_A.pdb
5Z5E_A.pdb
5Z73_A.pdb
5Z8O_A.pdb
5Z9Y_A.pdb
5ZB0_A.pdb
5ZE8_A.pdb
5ZFK_A.pdb
5ZGN_A.pdb
5ZIY_A.pdb
5ZJ0_A.pdb
5ZK4_C.pdb
5ZKE_A.pdb
5ZL5_A.pdb
5ZLR_A.pdb
5ZM0_A.pdb
5ZMU_A.pdb
5ZNJ_A.pdb
5ZNM_A.pdb
5ZOD_A.pdb
5ZRC_A.pdb
5ZUM_A.pdb
5ZX9_A.pdb
5ZXD_A.pdb
5ZYU_A.pdb
5ZZU_A.pdb
6A0N_A.pdb
6A15_A.pdb
6A1I_A.pdb
6A27_A.pdb
6A48_A.pdb
6A56_A.pdb
6A9S_A.pdb
6A9W_A.pdb
6AE1_A.pdb
6AE9_A.pdb
6AEX_U.pdb
6AFW_A.pdb
6AIK_A.pdb
6AIO_A.pdb
6AKD_A.pdb
6AKZ_A.pdb
6ANS_A.pdb
6AO1_A.pdb
6AO8_A.pdb
6AO9_A.pdb
6AOK_A.pdb
6APL_A.pdb
6AQS_A.pdb
6AR7_A.pdb
6AU8_A.pdb
6AX7_A.pdb
6AZH_A.pdb
6B0G_E.pdb
6B10_A.pdb
6B12_A.pdb
6B12_B.pdb
6B1Z_A.pdb
6B2M_A.pdb
6B2Y_A.pdb
6B3X_A.pdb
6B5K_A.pdb
6B6U_A.pdb
6B7L_A.pdb
6B7P_A.pdb
6B9M_D.pdb
6B9O_A.pdb
6BCB_A.pdb
6BD9_A.pdb
6BDJ_A.pdb
6BDX_A.pdb
6BHC_A.pdb
6BJU_A.pdb
6BK0_A.pdb
6BK4_A.pdb
6BK6_A.pdb
6BKA_A.pdb
6BLK_A.pdb
6BLQ_B.pdb
6BMM_A.pdb
6BR8_A.pdb
6BRP_B.pdb
6BS8_A.pdb
6BSQ_A.pdb
6BT1_A.pdb
6BTC_A.pdb
6BUM_A.pdb
6BXG_A.pdb
6BZG_A.pdb
6BZG_B.pdb
6C0B_A.pdb
6C0D_A.pdb
6C29_A.pdb
6C30_A.pdb
6C3M_A.pdb
6C4Q_A.pdb
6C90_A.pdb
6C98_A.pdb
6C9X_A.pdb
6CA8_A.pdb
6CB0_A.pdb
6CBR_A.pdb
6CC2_A.pdb
6CF8_A.pdb
6CGM_A.pdb
6CHJ_A.pdb
6CHU_A.pdb
6CJ7_A.pdb
6CKA_A.pdb
6CN7_A.pdb
6CN9_A.pdb
6COK_A.pdb
6CP8_A.pdb
6CP8_C.pdb
6CPU_A.pdb
6CPY_A.pdb
6CST_A.pdb
6CUL_A.pdb
6CVZ_A.pdb
6CWX_A.pdb
6CWX_B.pdb
6D0G_A.pdb
6D12_A.pdb
6D2C_A.pdb
6D2S_A.pdb
6D2Y_A.pdb
6D7Y_A.pdb
6D7Y_B.pdb
6DAO_A.pdb
6DB1_A.pdb
6DCD_A.pdb
6DCM_A.pdb
6DED_A.pdb
6DFD_A.pdb
6DFL_A.pdb
6DFP_A.pdb
6DG0_A.pdb
6DGG_A.pdb
6DHV_A.pdb
6DHX_A.pdb
6DJ8_A.pdb
6DJT_A.pdb
6DKQ_A.pdb
6DLH_A.pdb
6DNZ_B.pdb
6DO3_A.pdb
6DQH_A.pdb
6DQP_A.pdb
6DQX_A.pdb
6DRE_A.pdb
6DRE_B.pdb
6DRS_A.pdb
6DT7_A.pdb
6DTD_A.pdb
6DTV_A.pdb
6DU4_A.pdb
6DVS_A.pdb
6DXO_D.pdb
6DXU_A.pdb
6DYF_A.pdb
6DZG_A.pdb
6E09_A.pdb
6E0O_A.pdb
6E12_A.pdb
6E29_A.pdb
6E43_A.pdb
6E5Y_A.pdb
6E68_A.pdb
6E6U_A.pdb
6E8O_A.pdb
6E8Y_A.pdb
6EA6_A.pdb
6EB3_A.pdb
6ECB_A.pdb
6ECM_A.pdb
6ECT_A.pdb
6EDM_A.pdb
6EER_A.pdb
6EF6_A.pdb
6EFN_A.pdb
6EFW_A.pdb
6EGE_A.pdb
6EHB_A.pdb
6EHD_A.pdb
6EI1_A.pdb
6EI3_A.pdb
6EIO_A.pdb
6EJI_A.pdb
6EKK_A.pdb
6EKO_A.pdb
6EKT_A.pdb
6EKV_A.pdb
6EL8_A.pdb
6ELC_A.pdb
6ELU_A.pdb
6EMG_A.pdb
6EMY_A.pdb
6EOP_A.pdb
6EPG_B.pdb
6ERO_A.pdb
6ET0_A.pdb
6ET0_B.pdb
6EU4_A.pdb
6EUS_A.pdb
6EUW_A.pdb
6EWL_A.pdb
6EXA_A.pdb
6EXF_A.pdb
6EY1_A.pdb
6EY4_A.pdb
6EYS_A.pdb
6F03_A.pdb
6F04_A.pdb
6F1E_A.pdb
6F1S_A.pdb
6F2M_A.pdb
6F6M_A.pdb
6F7L_A.pdb
6F8P_A.pdb
6F8S_B.pdb
6F91_A.pdb
6F9N_A.pdb
6FAN_A.pdb
6FAS_A.pdb
6FB3_A.pdb
6FDM_A.pdb
6FF0_A.pdb
6FFV_A.pdb
6FHN_A.pdb
6FI2_A.pdb
6FIE_B.pdb
6FIH_A.pdb
6FJK_A.pdb
6FJV_A.pdb
6FJY_A.pdb
6FJY_B.pdb
6FLF_A.pdb
6FM5_A.pdb
6FM7_A.pdb
6FMB_A.pdb
6FNU_A.pdb
6FOA_A.pdb
6FOK_A.pdb
6FP5_A.pdb
6FPD_A.pdb
6FPZ_A.pdb
6FRE_A.pdb
6FSF_A.pdb
6FTQ_A.pdb
6FTT_A.pdb
6FUC_A.pdb
6FUL_A.pdb
6FUU_A.pdb
6FVI_A.pdb
6FWR_A.pdb
6FX6_A.pdb
6FYJ_A.pdb
6FYW_A.pdb
6FZ6_A.pdb
6G1H_A.pdb
6G1I_A.pdb
6G44_A.pdb
6G5O_A.pdb
6G60_A.pdb
6G71_A.pdb
6G7W_A.pdb
6G85_A.pdb
6G94_A.pdb
6G96_A.pdb
6G9S_A.pdb
6GAJ_A.pdb
6GD3_A.pdb
6GG1_A.pdb
6GGR_B.pdb
6GH3_A.pdb
6GHT_A.pdb
6GIE_A.pdb
6GKW_A.pdb
6GKX_A.pdb
6GME_A.pdb
6GN5_A.pdb
6GN8_C.pdb
6GNA_A.pdb
6GOC_A.pdb
6GP3_A.pdb
6GPZ_A.pdb
6GQ3_A.pdb
6GQD_A.pdb
6GRF_A.pdb
6GS2_B.pdb
6GSZ_A.pdb
6GUG_A.pdb
6GUP_A.pdb
6GUT_A.pdb
6GV8_A.pdb
6GWJ_D.pdb
6GY8_A.pdb
6GYE_A.pdb
6GYW_A.pdb
6GZ0_A.pdb
6GZU_A.pdb
6GZW_A.pdb
6H1Q_A.pdb
6H1W_A.pdb
6H21_A.pdb
6H2U_A.pdb
6H48_A.pdb
6H5W_A.pdb
6H96_A.pdb
6H9L_A.pdb
6HAT_A.pdb
6HAV_A.pdb
6HCD_A.pdb
6HCE_A.pdb
6HDX_A.pdb
6HEI_A.pdb
6HER_A.pdb
6HFG_B.pdb
6HFO_A.pdb
6HFQ_A.pdb
6HFZ_A.pdb
6HHK_A.pdb
6HJX_C.pdb
6HK5_A.pdb
6HL1_A.pdb
6HM5_A.pdb
6HOX_A.pdb
6HPB_A.pdb
6HPD_A.pdb
6HPV_A.pdb
6HQ6_A.pdb
6HRR_A.pdb
6HS4_A.pdb
6HS5_A.pdb
6HSJ_A.pdb
6HTO_A.pdb
6HVI_A.pdb
6HWJ_A.pdb
6HXS_A.pdb
6HXV_A.pdb
6HZG_A.pdb
6HZN_A.pdb
6HZR_A.pdb
6I1D_B.pdb
6I1H_A.pdb
6I3H_A.pdb
6I4E_A.pdb
6I50_A.pdb
6I5S_A.pdb
6I6M_A.pdb
6I6R_A.pdb
6I7S_G.pdb
6I8Y_A.pdb
6I9K_A.pdb
6IA7_A.pdb
6IA8_A.pdb
6IAB_A.pdb
6IDX_A.pdb
6IE3_A.pdb
6IEW_A.pdb
6IFF_A.pdb
6IG4_A.pdb
6II6_A.pdb
6IIY_A.pdb
6IJB_A.pdb
6IJN_A.pdb
6IL9_A.pdb
6IMF_B.pdb
6IML_A.pdb
6IN9_A.pdb
6IN9_C.pdb
6INF_A.pdb
6IQT_A.pdb
6IS0_A.pdb
6ITW_A.pdb
6IUQ_A.pdb
6IVH_A.pdb
6IW6_A.pdb
6IX2_A.pdb
6IXO_A.pdb
6IY9_A.pdb
6IZ2_A.pdb
6IZW_B.pdb
6J0D_A.pdb
6J0Y_A.pdb
6J33_A.pdb
6J3A_A.pdb
6J44_A.pdb
6J56_A.pdb
6J6P_A.pdb
6J6V_A.pdb
6J72_A.pdb
6J8Y_A.pdb
6J8Y_B.pdb
6J8Y_C.pdb
6J98_A.pdb
6J9R_A.pdb
6JBD_A.pdb
6JCA_A.pdb
6JCH_A.pdb
6JCN_A.pdb
6JD5_A.pdb
6JDC_A.pdb
6JH7_A.pdb
6JHO_C.pdb
6JHU_A.pdb
6JIL_A.pdb
6JIM_A.pdb
6JIW_A.pdb
6JKZ_A.pdb
6JL7_A.pdb
6JNY_A.pdb
6JPL_A.pdb
6JQB_A.pdb
6JQF_A.pdb
6JTG_A.pdb
6JU8_A.pdb
6JUF_A.pdb
6JV7_A.pdb
6JW7_A.pdb
6JWJ_A.pdb
6JWS_A.pdb
6JY1_A.pdb
6JY5_A.pdb
6JYI_A.pdb
6JYX_A.pdb
6JZ2_A.pdb
6K00_A.pdb
6K0P_A.pdb
6K17_A.pdb
6K1T_A.pdb
6K2L_A.pdb
6K4E_A.pdb
6K4F_U.pdb
6K5S_A.pdb
6K6L_A.pdb
6K8C_A.pdb
6K8K_C.pdb
6KC0_A.pdb
6KC5_B.pdb
6KHU_A.pdb
6KI2_A.pdb
6KJU_A.pdb
6KKO_A.pdb
6KLZ_A.pdb
6KM7_C.pdb
6KMO_A.pdb
6KNH_A.pdb
6KNY_A.pdb
6KOG_A.pdb
6KP5_A.pdb
6KQS_A.pdb
6KRI_A.pdb
6KSU_A.pdb
6KTY_A.pdb
6KUB_A.pdb
6KUN_A.pdb
6KV2_A.pdb
6KV9_A.pdb
6KVR_A.pdb
6KZ9_A.pdb
6KZJ_A.pdb
6KZW_A.pdb
6L0A_A.pdb
6L0T_A.pdb
6L1M_A.pdb
6L27_A.pdb
6L2A_A.pdb
6L2M_A.pdb
6L33_A.pdb
6L3R_A.pdb
6L4V_A.pdb
6L5H_A.pdb
6L5T_A.pdb
6L6G_A.pdb
6L77_A.pdb
6L7H_A.pdb
6L7R_A.pdb
6L7V_A.pdb
6L8A_A.pdb
6L8I_A.pdb
6LBR_A.pdb
6LBU_A.pdb
6LBU_B.pdb
6LCE_A.pdb
6LD1_A.pdb
6LDQ_A.pdb
6LE1_A.pdb
6LF0_A.pdb
6LFT_A.pdb
6LG2_A.pdb
6LH8_A.pdb
6LHY_A.pdb
6LIY_A.pdb
6LJ9_A.pdb
6LK1_A.pdb
6LLN_A.pdb
6LNA_A.pdb
6LNH_A.pdb
6LOS_A.pdb
6LPW_A.pdb
6LQN_A.pdb
6LRD_A.pdb
6LU2_A.pdb
6LUI_A.pdb
6LUT_A.pdb
6LV0_A.pdb
6LXA_A.pdb
6LXU_A.pdb
6LZI_A.pdb
6M01_A.pdb
6M0E_A.pdb
6M12_a.pdb
6M2I_A.pdb
6M2I_B.pdb
6M3G_A.pdb
6M5A_A.pdb
6M7Z_A.pdb
6MAB_A.pdb
6MBA_A.pdb
6MBF_A.pdb
6MCA_A.pdb
6MD3_A.pdb
6MD5_A.pdb
6MF4_A.pdb
6MFL_A.pdb
6MGC_A.pdb
6MGP_A.pdb
6MHL_A.pdb
6MIH_A.pdb
6MT7_A.pdb
6MTZ_A.pdb
6MU0_A.pdb
6MUQ_A.pdb
6MW4_A.pdb
6MW7_A.pdb
6MX3_A.pdb
6MZP_A.pdb
6N04_A.pdb
6N0A_A.pdb
6N0B_A.pdb
6N0D_A.pdb
6N0S_A.pdb
6N0X_A.pdb
6N1F_A.pdb
6N2H_A.pdb
6N59_A.pdb
6N67_A.pdb
6N7M_A.pdb
6N87_A.pdb
6N8R_A.pdb
6N9M_A.pdb
6NB0_A.pdb
6NBG_A.pdb
6NBO_A.pdb
6NCW_A.pdb
6NDT_B.pdb
6NEP_A.pdb
6NES_A.pdb
6NEW_A.pdb
6NFE_A.pdb
6NGG_A.pdb
6NHI_A.pdb
6NHX_A.pdb
6NIB_A.pdb
6NIO_A.pdb
6NJ0_A.pdb
6NJC_A.pdb
6NJD_B.pdb
6NJW_A.pdb
6NJY_A.pdb
6NKG_A.pdb
6NLP_A.pdb
6NLR_A.pdb
6NMG_A.pdb
6NNA_A.pdb
6NNR_A.pdb
6NQ4_A.pdb
6NRH_A.pdb
6NS4_A.pdb
6NSI_A.pdb
6NTR_A.pdb
6NTV_A.pdb
6NU9_A.pdb
6NUC_C.pdb
6NVP_A.pdb
6NXC_A.pdb
6NXI_A.pdb
6NYQ_C.pdb
6NYT_A.pdb
6O15_A.pdb
6O19_A.pdb
6O1W_A.pdb
6O3P_A.pdb
6O5I_A.pdb
6O5W_A.pdb
6O6J_A.pdb
6O7B_B.pdb
6O9U_A.pdb
6OAU_A.pdb
6OB7_A.pdb
6OD2_A.pdb
6OE6_A.pdb
6OH9_A.pdb
6OHZ_A.pdb
6OJJ_A.pdb
6OJM_A.pdb
6OK1_A.pdb
6OKD_A.pdb
6OKM_R.pdb
6OM4_A.pdb
6ONF_A.pdb
6ONP_A.pdb
6ORI_A.pdb
6ORJ_A.pdb
6OSX_A.pdb
6OUV_A.pdb
6OV6_A.pdb
6OVM_R.pdb
6OXC_B.pdb
6OYC_A.pdb
6OYC_C.pdb
6OZD_A.pdb
6P0F_A.pdb
6P3N_A.pdb
6P78_A.pdb
6P7Z_A.pdb
6P8O_A.pdb
6PAL_A.pdb
6PB3_A.pdb
6PC0_A.pdb
6PCZ_A.pdb
6PE6_A.pdb
6PFX_A.pdb
6PGV_A.pdb
6PIR_A.pdb
6PNL_A.pdb
6PNP_A.pdb
6PNP_B.pdb
6PR1_A.pdb
6PT4_A.pdb
6PTM_A.pdb
6PV4_A.pdb
6PW7_A.pdb
6PWY_A.pdb
6PXZ_A.pdb
6PY3_A.pdb
6PYR_B.pdb
6PZD_A.pdb
6PZL_A.pdb
6Q00_B.pdb
6Q32_A.pdb
6Q3P_B.pdb
6Q3P_C.pdb
6Q43_A.pdb
6Q43_B.pdb
6Q43_C.pdb
6Q4R_A.pdb
6Q4S_A.pdb
6Q4Z_A.pdb
6Q62_A.pdb
6Q64_A.pdb
6Q7D_A.pdb
6Q7I_A.pdb
6QB5_A.pdb
6QB7_A.pdb
6QBR_A.pdb
6QDI_A.pdb
6QE0_A.pdb
6QEQ_A.pdb
6QGW_A.pdb
6QHG_A.pdb
6QLY_A.pdb
6QP0_A.pdb
6QP1_A.pdb
6QP7_A.pdb
6QPJ_A.pdb
6QPK_A.pdb
6QSP_A.pdb
6QSR_A.pdb
6QSS_A.pdb
6QTA_A.pdb
6QTS_A.pdb
6QU3_A.pdb
6QV5_A.pdb
6QVP_A.pdb
6QVS_A.pdb
6QW0_A.pdb
6QX6_A.pdb
6QY6_A.pdb
6QYI_A.pdb
6QZ3_A.pdb
6R1J_D.pdb
6R2H_A.pdb
6R2M_A.pdb
6R2W_L.pdb
6R33_A.pdb
6R3M_A.pdb
6R3Z_A.pdb
6R7O_A.pdb
6R80_A.pdb
6RB4_A.pdb
6RCC_X.pdb
6RFX_A.pdb
6RG2_A.pdb
6RI6_A.pdb
6RIM_A.pdb
6RIV_A.pdb
6RIW_A.pdb
6RJI_A.pdb
6RN5_A.pdb
6RNK_A.pdb
6RNQ_A.pdb
6RNV_A.pdb
6RO0_A.pdb
6RPX_A.pdb
6RS4_A.pdb
6RSN_A.pdb
6RTE_A.pdb
6RTG_A.pdb
6RUP_A.pdb
6RW0_A.pdb
6RYG_A.pdb
6RYZ_A.pdb
6S00_A.pdb
6S0P_A.pdb
6S1H_A.pdb
6S29_B.pdb
6S2M_A.pdb
6S3A_A.pdb
6S3Y_A.pdb
6S4C_A.pdb
6S6C_A.pdb
6S8K_B.pdb
6S8T_A.pdb
6S9T_A.pdb
6SA9_A.pdb
6SB1_A.pdb
6SBA_A.pdb
6SBF_A.pdb
6SCE_A.pdb
6SDK_A.pdb
6SE7_A.pdb
6SG8_A.pdb
6SP9_A.pdb
6SQX_A.pdb
6SRH_A.pdb
6SSH_A.pdb
6SU9_A.pdb
6SVL_C.pdb
6SW2_A.pdb
6SWK_A.pdb
6SY9_A.pdb
6SYI_A.pdb
6SYY_A.pdb
6T02_A.pdb
6T0K_A.pdb
6T2B_A.pdb
6T3O_A.pdb
6T3X_A.pdb
6T3Z_A.pdb
6T5A_A.pdb
6T5A_E.pdb
6T5M_A.pdb
6T5T_A.pdb
6T6K_A.pdb
6T85_A.pdb
6TBD_A.pdb
6TCV_B.pdb
6TD9_A.pdb
6TE6_A.pdb
6TH2_A.pdb
6THO_A.pdb
6TJ0_A.pdb
6TKL_I.pdb
6TKU_A.pdb
6TL1_A.pdb
6TNE_A.pdb
6TOD_A.pdb
6TSZ_U.pdb
6TT2_A.pdb
6TUN_A.pdb
6TV1_A.pdb
6TVP_A.pdb
6TWJ_A.pdb
6TWT_A.pdb
6TYU_A.pdb
6TYY_A.pdb
6U08_A.pdb
6U08_B.pdb
6U1Y_A.pdb
6U2S_A.pdb
6U3W_B.pdb
6U4B_A.pdb
6U7G_C.pdb
6U8Z_A.pdb
6U9I_A.pdb
6UB7_A.pdb
6UCZ_A.pdb
6UD7_A.pdb
6UD7_B.pdb
6UF3_A.pdb
6UH2_A.pdb
6ULY_A.pdb
6UMR_A.pdb
6UMU_A.pdb
6UNC_A.pdb
6UOF_A.pdb
6UPS_A.pdb
6UQ8_A.pdb
6UW5_A.pdb
6UX9_A.pdb
6UXC_A.pdb
6UXD_A.pdb
6UYD_E.pdb
6UYR_A.pdb
6V04_A.pdb
6V0P_A.pdb
6V0P_B.pdb
6V1C_A.pdb
6V42_A.pdb
6V4V_A.pdb
6V5A_A.pdb
6V6N_A.pdb
6V7G_A.pdb
6V82_A.pdb
6V98_A.pdb
6V9M_B.pdb
6VBH_A.pdb
6VBK_A.pdb
6VC5_A.pdb
6VCI_A.pdb
6VHF_A.pdb
6VHI_A.pdb
6VHU_A.pdb
6VIK_B.pdb
6VJ5_C.pdb
6VLX_A.pdb
6VM6_A.pdb
6VO6_A.pdb
6VPQ_A.pdb
6VR7_A.pdb
6VSS_A.pdb
6VSV_A.pdb
6VTJ_A.pdb
6VVE_A.pdb
6VVG_A.pdb
6VW9_A.pdb
6VWO_A.pdb
6VZY_A.pdb
6W1G_A.pdb
6W1I_A.pdb
6W39_A.pdb
6W3D_A.pdb
6W4L_A.pdb
6W8B_B.pdb
6W9G_A.pdb
6W9O_A.pdb
6W9T_A.pdb
6WBP_A.pdb
6WDP_A.pdb
6WHB_A.pdb
6WHP_A.pdb
6WIL_A.pdb
6WIN_A.pdb
6WIS_A.pdb
6WMM_A.pdb
6WN5_A.pdb
6WPG_A.pdb
6WPN_A.pdb
6WPX_A.pdb
6WQB_A.pdb
6WR1_A.pdb
6WT8_A.pdb
6X05_A.pdb
6X07_A.pdb
6X1L_A.pdb
6X38_A.pdb
6X94_A.pdb
6X9A_A.pdb
6X9J_A.pdb
6XAL_A.pdb
6XBO_A.pdb
6XD4_A.pdb
6XF9_A.pdb
6XFI_A.pdb
6XG7_A.pdb
6XIG_A.pdb
6XJL_A.pdb
6XKG_A.pdb
6XLR_A.pdb
6XOG_A.pdb
6XPJ_A.pdb
6XTE_A.pdb
6XTZ_A.pdb
6XVM_A.pdb
6XXJ_A.pdb
6XYB_A.pdb
6XZ5_A.pdb
6XZL_A.pdb
6Y20_C.pdb
6Y3P_A.pdb
6Y4L_B.pdb
6Y5U_A.pdb
6Y6E_A.pdb
6Y8S_A.pdb
6Y9J_A.pdb
6YA6_A.pdb
6YA6_B.pdb
6YB7_A.pdb
6YFI_A.pdb
6YGA_A.pdb
6YGA_B.pdb
6YGA_C.pdb
6YHH_A.pdb
6YHM_A.pdb
6YIO_B.pdb
6YN1_E.pdb
6YQQ_A.pdb
6YR7_C.pdb
6YSB_A.pdb
6YSK_A.pdb
6YU8_A.pdb
6YUB_C.pdb
6YXP_A.pdb
6YZG_A.pdb
6Z01_A.pdb
6Z0P_A.pdb
6Z1N_B.pdb
6Z2F_A.pdb
6Z2L_A.pdb
6Z34_A.pdb
6Z49_A.pdb
6Z4U_A.pdb
6Z6D_A.pdb
6Z7A_A.pdb
6Z8H_A.pdb
6ZB8_A.pdb
6ZD1_A.pdb
6ZDT_B.pdb
6ZEA_A.pdb
6ZEG_A.pdb
6ZGN_A.pdb
6ZGS_A.pdb
6ZIE_A.pdb
6ZPK_A.pdb
6ZPP_A.pdb
6ZQH_A.pdb
6ZT7_A.pdb
6ZTI_A.pdb
6ZVO_A.pdb
6ZYL_A.pdb
6ZZB_A.pdb
6ZZN_A.pdb
6ZZO_A.pdb
7A0M_A.pdb
7A56_A.pdb
7A9J_A.pdb
7A9X_A.pdb
7AB3_C.pdb
7ABB_A.pdb
7ACG_A.pdb
7ADT_A.pdb
7AE5_A.pdb
7AHR_A.pdb
7AJO_A.pdb
7AKC_A.pdb
7AKY_A.pdb
7ALC_A.pdb
7ALZ_A.pdb
7AM1_A.pdb
7ANI_A.pdb
7ANQ_A.pdb
7AQF_A.pdb
7AQU_A.pdb
7AQZ_A.pdb
7ARW_A.pdb
7ASQ_A.pdb
7ASV_A.pdb
7AUC_A.pdb
7B0D_A.pdb
7B0E_A.pdb
7B0X_D.pdb
7B1S_A.pdb
7B29_A.pdb
7B2I_A.pdb
7B61_A.pdb
7B6B_A.pdb
7B73_A.pdb
7B9C_A.pdb
7BAF_A.pdb
7BAG_A.pdb
7BC1_A.pdb
7BDV_A.pdb
7BFR_A.pdb
7BGG_A.pdb
7BIP_A.pdb
7BJ9_A.pdb
7BOB_A.pdb
7BQP_A.pdb
7BRD_A.pdb
7BTU_A.pdb
7BV7_A.pdb
7BVD_A.pdb
7BX0_A.pdb
7BY1_A.pdb
7BYF_C.pdb
7BZI_A.pdb
7C0D_A.pdb
7C1Y_A.pdb
7C2X_A.pdb
7C3H_A.pdb
7C45_A.pdb
7C4H_A.pdb
7C4N_A.pdb
7C4X_A.pdb
7C7M_A.pdb
7C86_A.pdb
7CBE_A.pdb
7CBS_A.pdb
7CC7_A.pdb
7CF7_A.pdb
7CFA_A.pdb
7CFB_A.pdb
7CFU_A.pdb
7CI1_A.pdb
7CIG_A.pdb
7CJK_A.pdb
7CK2_A.pdb
7CKA_A.pdb
7CLE_A.pdb
7COE_A.pdb
7COH_A.pdb
7CQV_B.pdb
7CT1_A.pdb
7CT3_A.pdb
7CT6_A.pdb
7CTM_A.pdb
7CTP_A.pdb
7CV7_A.pdb
7CWW_A.pdb
7CXS_A.pdb
7CZ2_A.pdb
7D0E_A.pdb
7D1B_A.pdb
7D2G_A.pdb
7D2W_A.pdb
7D39_A.pdb
7D54_A.pdb
7D62_A.pdb
7D88_A.pdb
7D9I_A.pdb
7DB5_A.pdb
7DCN_A.pdb
7DE9_A.pdb
7DG2_D.pdb
7DH8_A.pdb
7DIA_A.pdb
7DIF_A.pdb
7DL8_A.pdb
7DMS_A.pdb
7DON_B.pdb
7DQT_A.pdb
7DRG_A.pdb
7DRJ_A.pdb
7DRQ_A.pdb
7DS6_B.pdb
7DTR_A.pdb
7DUN_H.pdb
7DVE_A.pdb
7DXP_A.pdb
7E28_A.pdb
7E3Z_A.pdb
7E4M_A.pdb
7E5V_A.pdb
7E9Y_A.pdb
7EA2_A.pdb
7EC0_A.pdb
7EEH_A.pdb
7EHF_A.pdb
7EIQ_A.pdb
7EKZ_A.pdb
7EPN_A.pdb
7EPV_A.pdb
7EQ4_A.pdb
7ES0_A.pdb
7ESS_A.pdb
7ESX_A.pdb
7ESY_B.pdb
7ET0_A.pdb
7EU9_A.pdb
7EZG_A.pdb
7F8A_A.pdb
7F9K_A.pdb
7F9X_A.pdb
7FDS_A.pdb
7FHR_A.pdb
7JGW_A.pdb
7JI4_A.pdb
7JIU_A.pdb
7JJ8_A.pdb
7JLG_A.pdb
7JMA_A.pdb
7JNB_A.pdb
7JP2_A.pdb
7JQE_A.pdb
7JTJ_A.pdb
7JTO_K.pdb
7JV7_A.pdb
7JV7_C.pdb
7JWF_A.pdb
7K1U_A.pdb
7K34_A.pdb
7K3T_A.pdb
7K67_A.pdb
7K7W_A.pdb
7KDX_A.pdb
7KFF_A.pdb
7KFL_A.pdb
7KFO_A.pdb
7KG8_A.pdb
7KH2_A.pdb
7KJH_C.pdb
7KJO_A.pdb
7KL7_A.pdb
7KMM_A.pdb
7KOM_A.pdb
7KPO_A.pdb
7KPU_A.pdb
7KQU_A.pdb
7KTN_A.pdb
7KUG_B.pdb
7KW0_A.pdb
7KYS_A.pdb
7KZW_A.pdb
7L05_E.pdb
7L21_A.pdb
7L23_A.pdb
7L27_A.pdb
7L6G_A.pdb
7L6L_A.pdb
7L71_A.pdb
7L7R_G.pdb
7L9U_A.pdb
7LBV_A.pdb
7LDQ_A.pdb
7LGA_A.pdb
7LGR_A.pdb
7LJ5_A.pdb
7LJL_A.pdb
7LJN_A.pdb
7LKN_A.pdb
7LKN_C.pdb
7LPO_A.pdb
7LQ2_A.pdb
7LQX_A.pdb
7LT1_A.pdb
7LT2_A.pdb
7LW7_A.pdb
7LY5_B.pdb
7M3P_A.pdb
7M4O_A.pdb
7M5F_C.pdb
7M6B_A.pdb
7M7N_A.pdb
7MIE_A.pdb
7MJW_A.pdb
7MQ5_A.pdb
7MTO_A.pdb
7MU2_A.pdb
7N0Z_A.pdb
7N34_A.pdb
7NA9_A.pdb
7NDV_A.pdb
7NDY_A.pdb
7NFB_A.pdb
7NNA_A.pdb
7NTH_A.pdb
7NX1_A.pdb
7NXP_A.pdb
7O06_C.pdb
7O21_A.pdb
7O4P_A.pdb
7O62_A.pdb
7O6L_A.pdb
7O79_A.pdb
7OC5_A.pdb
7ODC_A.pdb
7ODY_A.pdb
7OEC_A.pdb
7OH2_A.pdb
7OM2_A.pdb
7ORB_A.pdb
7OS0_A.pdb
7OSU_A.pdb
7OW9_A.pdb
7P3B_A.pdb
7P7D_A.pdb
7P8M_A.pdb
7P9K_A.pdb
7PAB_A.pdb
7PGN_A.pdb
7PHY_A.pdb
7PLQ_A.pdb
7Q3Z_A.pdb
7QHG_A.pdb
7R65_A.pdb
7R66_A.pdb
7RAG_A.pdb
7RDT_A.pdb
7RFD_A.pdb
7RFK_A.pdb
7RG7_A.pdb
7RHE_A.pdb
7RLM_A.pdb
7RSP_A.pdb
7RT0_A.pdb
7RTS_A.pdb
7RVA_C.pdb
7RWS_A.pdb
7RY7_A.pdb
7S0R_A.pdb
7S16_A.pdb
7S45_A.pdb
7S5H_B.pdb
7S7W_A.pdb
7S86_A.pdb
7SSE_A.pdb
7SUL_A.pdb
7SZE_A.pdb
7SZS_A.pdb
7SZV_A.pdb
7T24_A.pdb
7T71_A.pdb
7T85_A.pdb
7TEM_A.pdb
7TGQ_A.pdb
7THW_A.pdb
7TJ1_A.pdb
7TM8_A.pdb
7TRW_A.pdb
7V8P_A.pdb
7VB3_A.pdb
7VB4_A.pdb
7VEX_A.pdb
7VFK_A.pdb
7VJV_A.pdb
7VLM_A.pdb
7VO4_A.pdb
save processed dataset done!
