load dataset...
load full dataset done! dataset size: 14082
save training set at D:\文件\北大\MDL\ProteinBackboneDesign\ProteinBackbone\pdb_dataset done! size: 13377
save validation set at D:\文件\北大\MDL\ProteinBackboneDesign\ProteinBackbone\pdb_dataset done! size: 564
save test set at D:\文件\北大\MDL\ProteinBackboneDesign\ProteinBackbone\pdb_dataset done! size: 141
test set:
2FE1_A
3M0M_A
3KFF_A
5YRZ_A
4EFO_A
2VVW_A
6B3P_A
3BS5_A
5O99_A
6JL9_A
7KJO_A
6NLR_A
4YAM_A
6YSP_A
1ZYB_A
6B0K_A
2EX2_A
4QTJ_A
3OHE_A
7CF7_A
5YSN_B
4FC9_A
2C78_A
3IA1_A
3KZD_A
7JKA_A
6X05_A
5CHL_A
6NXC_A
6ULO_A
3EGL_A
4N49_A
1AL3_A
6AMG_A
2WW5_A
4U13_A
6EH4_D
7COH_I
4NYH_A
6W0V_A
4ZPX_A
6R3R_A
6ZMP_A
1YG9_A
4FFH_A
3IRB_A
7E72_E
6COJ_A
3PVC_A
6O2V_A
2OP5_A
4N0N_A
6BRP_B
6BMM_A
3LHE_A
7PSY_A
7CFA_A
6YK4_A
3HTV_A
3KBY_A
5F29_A
3H1N_A
1G8A_A
4X86_B
1H6H_A
2GUI_A
3E03_A
5NGW_A
5J6Q_A
5IZS_A
5LXV_A
1JMV_A
5LE5_H
3Q3E_A
4NB5_A
1GS9_A
1SQW_A
4W7L_A
5HDW_A
5H62_A
7DKZ_H
3S5B_A
5KLA_A
4WQM_A
6II6_A
5ZYF_A
6C0B_A
2QTC_A
4N1I_A
3BIY_A
5A0N_A
6Y2C_A
4UHV_A
2HCM_A
5WTQ_A
6TBD_A
3NJD_A
4IEF_A
7NE5_A
3LOR_A
4YE7_A
3UP3_A
2V84_A
4A15_A
2EBJ_A
3MDU_A
6LZI_A
4IUS_A
2NYK_A
2FNU_A
2QFA_C
7KS4_B
6HPB_A
5YVQ_A
3R6D_A
4B4C_A
2OSO_A
3L48_A
4BX8_A
3VG7_A
3GXV_A
5MQQ_A
3A98_A
4KY9_A
1QDD_A
7DGX_A
3WI3_A
5UFY_A
4N3T_A
2JEN_A
3F5O_A
4O6K_A
1PSW_A
3GKJ_A
6QXU_A
2ZYZ_A
1VGJ_A
3TL4_X
4DMG_A
3S4E_A
1JTD_B
